
===========================================================================
 report_power
============================================================================
======================= Fastest Corner ===================================

Group                  Internal  Switching    Leakage      Total
                          Power      Power      Power      Power (Watts)
----------------------------------------------------------------
Sequential             6.54e-03   1.14e-03   1.64e-08   7.69e-03  39.4%
Combinational          4.10e-03   3.31e-03   5.60e-08   7.40e-03  37.9%
Clock                  1.89e-03   2.54e-03   1.72e-08   4.43e-03  22.7%
Macro                  0.00e+00   0.00e+00   0.00e+00   0.00e+00   0.0%
Pad                    0.00e+00   0.00e+00   0.00e+00   0.00e+00   0.0%
----------------------------------------------------------------
Total                  1.25e-02   6.99e-03   8.96e-08   1.95e-02 100.0%
                          64.2%      35.8%       0.0%

======================= Slowest Corner ===================================

Group                  Internal  Switching    Leakage      Total
                          Power      Power      Power      Power (Watts)
----------------------------------------------------------------
Sequential             4.44e-03   7.40e-04   1.63e-05   5.19e-03  39.0%
Combinational          2.89e-03   2.19e-03   3.94e-05   5.13e-03  38.5%
Clock                  1.35e-03   1.65e-03   2.29e-06   3.00e-03  22.6%
Macro                  0.00e+00   0.00e+00   0.00e+00   0.00e+00   0.0%
Pad                    0.00e+00   0.00e+00   0.00e+00   0.00e+00   0.0%
----------------------------------------------------------------
Total                  8.68e-03   4.58e-03   5.80e-05   1.33e-02 100.0%
                          65.2%      34.4%       0.4%

======================= Typical Corner ===================================

Group                  Internal  Switching    Leakage      Total
                          Power      Power      Power      Power (Watts)
----------------------------------------------------------------
Sequential             5.67e-03   9.54e-04   9.39e-09   6.62e-03  39.3%
Combinational          3.62e-03   2.79e-03   2.81e-08   6.42e-03  38.1%
Clock                  1.65e-03   2.14e-03   1.19e-08   3.79e-03  22.5%
Macro                  0.00e+00   0.00e+00   0.00e+00   0.00e+00   0.0%
Pad                    0.00e+00   0.00e+00   0.00e+00   0.00e+00   0.0%
----------------------------------------------------------------
Total                  1.09e-02   5.89e-03   4.93e-08   1.68e-02 100.0%
                          65.0%      35.0%       0.0%

