OpenROAD b16bda7e82721d10566ff7e2b68f1ff0be9f9e38 
Features included (+) or not (-): +Charts +GPU +GUI +Python
This program is licensed under the BSD-3 license. See the LICENSE file for details.
Components of this program may be licensed under more restrictive licenses which must be honored.
define_corners Typical
read_liberty -corner Typical /Users/keremkuscu/.volare/sky130A/libs.ref/sky130_fd_sc_hd/lib/sky130_fd_sc_hd__tt_025C_1v80.lib
Using 1e-12 for capacitance...
Using 1e+03 for resistance...
Using 1e-09 for time...
Using 1e+00 for voltage...
Using 1e-03 for current...
Using 1e-09 for power...
Using 1e-06 for distance...
[INFO]: Reading ODB at '/openlane/designs/ZeroToFiveCounter/runs/RUN_2025.05.24_18.54.04/tmp/routing/25-fill.odb'…
Reading design constraints file at '/openlane/scripts/base.sdc'…
[INFO]: Setting output delay to: 2.0
[INFO]: Setting input delay to: 2.0
[INFO]: Setting load to: 0.033442
[INFO]: Setting clock uncertainty to: 0.25
[INFO]: Setting clock transition to: 0.15
[INFO]: Setting timing derate to: 5.0 %
[INFO ORD-0030] Using 2 thread(s).
[INFO DRT-0149] Reading tech and libs.
[WARNING DRT-0349] LEF58_ENCLOSURE with no CUTCLASS is not supported. Skipping for layer mcon
[WARNING DRT-0349] LEF58_ENCLOSURE with no CUTCLASS is not supported. Skipping for layer mcon
[WARNING DRT-0349] LEF58_ENCLOSURE with no CUTCLASS is not supported. Skipping for layer via
[WARNING DRT-0349] LEF58_ENCLOSURE with no CUTCLASS is not supported. Skipping for layer via
[WARNING DRT-0349] LEF58_ENCLOSURE with no CUTCLASS is not supported. Skipping for layer via2
[WARNING DRT-0349] LEF58_ENCLOSURE with no CUTCLASS is not supported. Skipping for layer via2
[WARNING DRT-0349] LEF58_ENCLOSURE with no CUTCLASS is not supported. Skipping for layer via3
[WARNING DRT-0349] LEF58_ENCLOSURE with no CUTCLASS is not supported. Skipping for layer via3
[WARNING DRT-0349] LEF58_ENCLOSURE with no CUTCLASS is not supported. Skipping for layer via4
[WARNING DRT-0349] LEF58_ENCLOSURE with no CUTCLASS is not supported. Skipping for layer via4

Units:                1000
Number of layers:     13
Number of macros:     441
Number of vias:       29
Number of viarulegen: 25

[INFO DRT-0150] Reading design.

Design:                   ZeroToFiveCounter
Die area:                 ( 0 0 ) ( 74060 84780 )
Number of track patterns: 12
Number of DEF vias:       0
Number of components:     549
Number of terminals:      11
Number of snets:          2
Number of nets:           225

[INFO DRT-0167] List of default vias:
  Layer via
    default via: M1M2_PR
  Layer via2
    default via: M2M3_PR
  Layer via3
    default via: M3M4_PR
  Layer via4
    default via: M4M5_PR
[INFO DRT-0162] Library cell analysis.
[INFO DRT-0163] Instance analysis.
[INFO DRT-0164] Number of unique instances = 105.
[INFO DRT-0168] Init region query.
[INFO DRT-0024]   Complete FR_MASTERSLICE.
[INFO DRT-0024]   Complete Fr_VIA.
[INFO DRT-0024]   Complete li1.
[INFO DRT-0024]   Complete mcon.
[INFO DRT-0024]   Complete met1.
[INFO DRT-0024]   Complete via.
[INFO DRT-0024]   Complete met2.
[INFO DRT-0024]   Complete via2.
[INFO DRT-0024]   Complete met3.
[INFO DRT-0024]   Complete via3.
[INFO DRT-0024]   Complete met4.
[INFO DRT-0024]   Complete via4.
[INFO DRT-0024]   Complete met5.
[INFO DRT-0033] FR_MASTERSLICE shape region query size = 0.
[INFO DRT-0033] FR_VIA shape region query size = 0.
[INFO DRT-0033] li1 shape region query size = 10031.
[INFO DRT-0033] mcon shape region query size = 1512.
[INFO DRT-0033] met1 shape region query size = 1652.
[INFO DRT-0033] via shape region query size = 480.
[INFO DRT-0033] met2 shape region query size = 288.
[INFO DRT-0033] via2 shape region query size = 384.
[INFO DRT-0033] met3 shape region query size = 297.
[INFO DRT-0033] via3 shape region query size = 384.
[INFO DRT-0033] met4 shape region query size = 144.
[INFO DRT-0033] via4 shape region query size = 32.
[INFO DRT-0033] met5 shape region query size = 48.
[INFO DRT-0165] Start pin access.
[INFO DRT-0078]   Complete 287 pins.
[INFO DRT-0081]   Complete 87 unique inst patterns.
[INFO DRT-0084]   Complete 119 groups.
#scanned instances     = 549
#unique  instances     = 105
#stdCellGenAp          = 2263
#stdCellValidPlanarAp  = 24
#stdCellValidViaAp     = 1703
#stdCellPinNoAp        = 0
#stdCellPinCnt         = 706
#instTermValidViaApCnt = 0
#macroGenAp            = 0
#macroValidPlanarAp    = 0
#macroValidViaAp       = 0
#macroNoAp             = 0
[INFO DRT-0166] Complete pin access.
[INFO DRT-0267] cpu time = 00:00:09, elapsed time = 00:00:03, memory = 114.43 (MB), peak = 114.43 (MB)

Number of guides:     1414

[INFO DRT-0169] Post process guides.
[INFO DRT-0176] GCELLGRID X 0 DO 10 STEP 6900 ;
[INFO DRT-0177] GCELLGRID Y 0 DO 12 STEP 6900 ;
[INFO DRT-0028]   Complete FR_MASTERSLICE.
[INFO DRT-0028]   Complete Fr_VIA.
[INFO DRT-0028]   Complete li1.
[INFO DRT-0028]   Complete mcon.
[INFO DRT-0028]   Complete met1.
[INFO DRT-0028]   Complete via.
[INFO DRT-0028]   Complete met2.
[INFO DRT-0028]   Complete via2.
[INFO DRT-0028]   Complete met3.
[INFO DRT-0028]   Complete via3.
[INFO DRT-0028]   Complete met4.
[INFO DRT-0028]   Complete via4.
[INFO DRT-0028]   Complete met5.
[INFO DRT-0178] Init guide query.
[INFO DRT-0035]   Complete FR_MASTERSLICE (guide).
[INFO DRT-0035]   Complete Fr_VIA (guide).
[INFO DRT-0035]   Complete li1 (guide).
[INFO DRT-0035]   Complete mcon (guide).
[INFO DRT-0035]   Complete met1 (guide).
[INFO DRT-0035]   Complete via (guide).
[INFO DRT-0035]   Complete met2 (guide).
[INFO DRT-0035]   Complete via2 (guide).
[INFO DRT-0035]   Complete met3 (guide).
[INFO DRT-0035]   Complete via3 (guide).
[INFO DRT-0035]   Complete met4 (guide).
[INFO DRT-0035]   Complete via4 (guide).
[INFO DRT-0035]   Complete met5 (guide).
[INFO DRT-0036] FR_MASTERSLICE guide region query size = 0.
[INFO DRT-0036] FR_VIA guide region query size = 0.
[INFO DRT-0036] li1 guide region query size = 506.
[INFO DRT-0036] mcon guide region query size = 0.
[INFO DRT-0036] met1 guide region query size = 368.
[INFO DRT-0036] via guide region query size = 0.
[INFO DRT-0036] met2 guide region query size = 185.
[INFO DRT-0036] via2 guide region query size = 0.
[INFO DRT-0036] met3 guide region query size = 15.
[INFO DRT-0036] via3 guide region query size = 0.
[INFO DRT-0036] met4 guide region query size = 4.
[INFO DRT-0036] via4 guide region query size = 0.
[INFO DRT-0036] met5 guide region query size = 0.
[INFO DRT-0179] Init gr pin query.
[INFO DRT-0245] skipped writing guide updates to database.
[INFO DRT-0185] Post process initialize RPin region query.
[INFO DRT-0181] Start track assignment.
[INFO DRT-0184] Done with 695 vertical wires in 1 frboxes and 383 horizontal wires in 1 frboxes.
[INFO DRT-0186] Done with 56 vertical wires in 1 frboxes and 103 horizontal wires in 1 frboxes.
[INFO DRT-0182] Complete track assignment.
[INFO DRT-0267] cpu time = 00:00:00, elapsed time = 00:00:00, memory = 117.62 (MB), peak = 117.62 (MB)
[INFO DRT-0187] Start routing data preparation.
[INFO DRT-0267] cpu time = 00:00:00, elapsed time = 00:00:00, memory = 117.62 (MB), peak = 117.62 (MB)
[INFO DRT-0194] Start detail routing.
[INFO DRT-0195] Start 0th optimization iteration.
    Completing 10% with 0 violations.
    elapsed time = 00:00:01, memory = 128.71 (MB).
    Completing 20% with 19 violations.
    elapsed time = 00:00:01, memory = 137.14 (MB).
    Completing 30% with 23 violations.
    elapsed time = 00:00:02, memory = 137.14 (MB).
    Completing 40% with 38 violations.
    elapsed time = 00:00:02, memory = 141.39 (MB).
[INFO DRT-0199]   Number of violations = 86.
Viol/Layer        met1    via   met2   met3
Metal Spacing        6      0      4      1
Recheck             24      0     20      2
Short               28      1      0      0
[INFO DRT-0267] cpu time = 00:00:03, elapsed time = 00:00:02, memory = 498.59 (MB), peak = 498.59 (MB)
Total wire length = 3198 um.
Total wire length on LAYER li1 = 0 um.
Total wire length on LAYER met1 = 1609 um.
Total wire length on LAYER met2 = 1432 um.
Total wire length on LAYER met3 = 107 um.
Total wire length on LAYER met4 = 49 um.
Total wire length on LAYER met5 = 0 um.
Total number of vias = 1329.
Up-via summary (total 1329):

-----------------------
 FR_MASTERSLICE       0
            li1     677
           met1     627
           met2      20
           met3       5
           met4       0
-----------------------
                   1329


[INFO DRT-0195] Start 1st optimization iteration.
    Completing 10% with 86 violations.
    elapsed time = 00:00:00, memory = 498.59 (MB).
    Completing 20% with 88 violations.
    elapsed time = 00:00:00, memory = 498.59 (MB).
    Completing 30% with 79 violations.
    elapsed time = 00:00:01, memory = 498.59 (MB).
    Completing 40% with 22 violations.
    elapsed time = 00:00:01, memory = 498.59 (MB).
[INFO DRT-0199]   Number of violations = 13.
Viol/Layer        met1   met2
Short               11      2
[INFO DRT-0267] cpu time = 00:00:02, elapsed time = 00:00:01, memory = 498.71 (MB), peak = 498.71 (MB)
Total wire length = 3137 um.
Total wire length on LAYER li1 = 0 um.
Total wire length on LAYER met1 = 1616 um.
Total wire length on LAYER met2 = 1377 um.
Total wire length on LAYER met3 = 100 um.
Total wire length on LAYER met4 = 43 um.
Total wire length on LAYER met5 = 0 um.
Total number of vias = 1322.
Up-via summary (total 1322):

-----------------------
 FR_MASTERSLICE       0
            li1     675
           met1     626
           met2      16
           met3       5
           met4       0
-----------------------
                   1322


[INFO DRT-0195] Start 2nd optimization iteration.
    Completing 10% with 13 violations.
    elapsed time = 00:00:00, memory = 498.71 (MB).
    Completing 20% with 13 violations.
    elapsed time = 00:00:00, memory = 498.71 (MB).
    Completing 30% with 13 violations.
    elapsed time = 00:00:00, memory = 498.71 (MB).
    Completing 40% with 13 violations.
    elapsed time = 00:00:00, memory = 498.71 (MB).
    Completing 50% with 13 violations.
    elapsed time = 00:00:00, memory = 498.71 (MB).
    Completing 60% with 13 violations.
    elapsed time = 00:00:00, memory = 498.71 (MB).
    Completing 70% with 13 violations.
    elapsed time = 00:00:00, memory = 498.71 (MB).
    Completing 80% with 13 violations.
    elapsed time = 00:00:00, memory = 498.71 (MB).
    Completing 90% with 11 violations.
    elapsed time = 00:00:01, memory = 498.71 (MB).
    Completing 100% with 9 violations.
    elapsed time = 00:00:01, memory = 498.71 (MB).
[INFO DRT-0199]   Number of violations = 9.
Viol/Layer        met1
Metal Spacing        3
Short                6
[INFO DRT-0267] cpu time = 00:00:02, elapsed time = 00:00:02, memory = 501.59 (MB), peak = 501.59 (MB)
Total wire length = 3128 um.
Total wire length on LAYER li1 = 0 um.
Total wire length on LAYER met1 = 1600 um.
Total wire length on LAYER met2 = 1368 um.
Total wire length on LAYER met3 = 114 um.
Total wire length on LAYER met4 = 46 um.
Total wire length on LAYER met5 = 0 um.
Total number of vias = 1310.
Up-via summary (total 1310):

-----------------------
 FR_MASTERSLICE       0
            li1     675
           met1     615
           met2      15
           met3       5
           met4       0
-----------------------
                   1310


[INFO DRT-0195] Start 3rd optimization iteration.
    Completing 10% with 9 violations.
    elapsed time = 00:00:00, memory = 501.70 (MB).
    Completing 20% with 3 violations.
    elapsed time = 00:00:00, memory = 501.70 (MB).
    Completing 30% with 2 violations.
    elapsed time = 00:00:00, memory = 501.70 (MB).
    Completing 40% with 1 violations.
    elapsed time = 00:00:00, memory = 501.70 (MB).
[INFO DRT-0199]   Number of violations = 0.
[INFO DRT-0267] cpu time = 00:00:01, elapsed time = 00:00:00, memory = 501.70 (MB), peak = 515.33 (MB)
Total wire length = 3126 um.
Total wire length on LAYER li1 = 0 um.
Total wire length on LAYER met1 = 1595 um.
Total wire length on LAYER met2 = 1370 um.
Total wire length on LAYER met3 = 114 um.
Total wire length on LAYER met4 = 46 um.
Total wire length on LAYER met5 = 0 um.
Total number of vias = 1313.
Up-via summary (total 1313):

-----------------------
 FR_MASTERSLICE       0
            li1     675
           met1     618
           met2      15
           met3       5
           met4       0
-----------------------
                   1313


[INFO DRT-0198] Complete detail routing.
Total wire length = 3126 um.
Total wire length on LAYER li1 = 0 um.
Total wire length on LAYER met1 = 1595 um.
Total wire length on LAYER met2 = 1370 um.
Total wire length on LAYER met3 = 114 um.
Total wire length on LAYER met4 = 46 um.
Total wire length on LAYER met5 = 0 um.
Total number of vias = 1313.
Up-via summary (total 1313):

-----------------------
 FR_MASTERSLICE       0
            li1     675
           met1     618
           met2      15
           met3       5
           met4       0
-----------------------
                   1313


[INFO DRT-0267] cpu time = 00:00:09, elapsed time = 00:00:06, memory = 501.70 (MB), peak = 515.33 (MB)

[INFO DRT-0180] Post processing.
Setting global connections for newly added cells…
Writing OpenROAD database to '/openlane/designs/ZeroToFiveCounter/runs/RUN_2025.05.24_18.54.04/results/routing/ZeroToFiveCounter.odb'…
Writing netlist to '/openlane/designs/ZeroToFiveCounter/runs/RUN_2025.05.24_18.54.04/results/routing/ZeroToFiveCounter.nl.v'…
Writing powered netlist to '/openlane/designs/ZeroToFiveCounter/runs/RUN_2025.05.24_18.54.04/results/routing/ZeroToFiveCounter.pnl.v'…
Writing layout to '/openlane/designs/ZeroToFiveCounter/runs/RUN_2025.05.24_18.54.04/results/routing/ZeroToFiveCounter.def'…
