
===========================================================================
 report_power
============================================================================
======================= Fastest Corner ===================================

Group                  Internal  Switching    Leakage      Total
                          Power      Power      Power      Power (Watts)
----------------------------------------------------------------
Sequential             0.00e+00   0.00e+00   0.00e+00   0.00e+00   0.0%
Combinational          4.69e-06   9.45e-06   1.43e-10   1.41e-05 100.0%
Clock                  0.00e+00   0.00e+00   1.21e-10   1.21e-10   0.0%
Macro                  0.00e+00   0.00e+00   0.00e+00   0.00e+00   0.0%
Pad                    0.00e+00   0.00e+00   0.00e+00   0.00e+00   0.0%
----------------------------------------------------------------
Total                  4.69e-06   9.45e-06   2.65e-10   1.41e-05 100.0%
                          33.2%      66.8%       0.0%

======================= Slowest Corner ===================================

Group                  Internal  Switching    Leakage      Total
                          Power      Power      Power      Power (Watts)
----------------------------------------------------------------
Sequential             0.00e+00   0.00e+00   0.00e+00   0.00e+00   0.0%
Combinational          3.50e-06   6.30e-06   1.47e-07   9.95e-06 100.0%
Clock                  0.00e+00   0.00e+00   1.21e-10   1.21e-10   0.0%
Macro                  0.00e+00   0.00e+00   0.00e+00   0.00e+00   0.0%
Pad                    0.00e+00   0.00e+00   0.00e+00   0.00e+00   0.0%
----------------------------------------------------------------
Total                  3.50e-06   6.30e-06   1.47e-07   9.95e-06 100.0%
                          35.2%      63.3%       1.5%

======================= Typical Corner ===================================

Group                  Internal  Switching    Leakage      Total
                          Power      Power      Power      Power (Watts)
----------------------------------------------------------------
Sequential             0.00e+00   0.00e+00   0.00e+00   0.00e+00   0.0%
Combinational          4.23e-06   8.01e-06   7.95e-11   1.22e-05 100.0%
Clock                  0.00e+00   0.00e+00   1.21e-10   1.21e-10   0.0%
Macro                  0.00e+00   0.00e+00   0.00e+00   0.00e+00   0.0%
Pad                    0.00e+00   0.00e+00   0.00e+00   0.00e+00   0.0%
----------------------------------------------------------------
Total                  4.23e-06   8.01e-06   2.01e-10   1.22e-05 100.0%
                          34.6%      65.4%       0.0%

