
===========================================================================
report_checks -unconstrained
===========================================================================
======================= Typical Corner ===================================

Startpoint: inputB[9] (input port clocked by clk)
Endpoint: _10606_ (rising edge-triggered flip-flop clocked by clk)
Path Group: clk
Path Type: max

Fanout     Cap    Slew   Delay    Time   Description
-----------------------------------------------------------------------------
                  0.15    0.00    0.00   clock clk (rise edge)
                          0.00    0.00   clock network delay (ideal)
                          2.00    2.00 v input external delay
     4    0.01    0.03    0.02    2.02 v inputB[9] (in)
                                         inputB[9] (net)
                  0.03    0.00    2.02 v _05116_/A (sky130_fd_sc_hd__or4_2)
     4    0.01    0.13    0.74    2.76 v _05116_/X (sky130_fd_sc_hd__or4_2)
                                         _01137_ (net)
                  0.13    0.00    2.76 v _05526_/B (sky130_fd_sc_hd__or4_2)
     1    0.00    0.09    0.68    3.44 v _05526_/X (sky130_fd_sc_hd__or4_2)
                                         _01532_ (net)
                  0.09    0.00    3.44 v _05527_/A (sky130_fd_sc_hd__buf_1)
     8    0.02    0.12    0.20    3.64 v _05527_/X (sky130_fd_sc_hd__buf_1)
                                         _01533_ (net)
                  0.12    0.00    3.64 v _05580_/A4 (sky130_fd_sc_hd__o41a_2)
     1    0.01    0.08    0.44    4.07 v _05580_/X (sky130_fd_sc_hd__o41a_2)
                                         _01583_ (net)
                  0.08    0.00    4.07 v _05581_/B (sky130_fd_sc_hd__xor2_2)
     2    0.01    0.05    0.16    4.24 v _05581_/X (sky130_fd_sc_hd__xor2_2)
                                         _01584_ (net)
                  0.05    0.00    4.24 v _05583_/B (sky130_fd_sc_hd__and2_2)
     1    0.00    0.03    0.19    4.42 v _05583_/X (sky130_fd_sc_hd__and2_2)
                                         _01586_ (net)
                  0.03    0.00    4.42 v _05584_/B (sky130_fd_sc_hd__or2_2)
     4    0.02    0.09    0.33    4.76 v _05584_/X (sky130_fd_sc_hd__or2_2)
                                         _01587_ (net)
                  0.09    0.00    4.76 v _05609_/C (sky130_fd_sc_hd__or4_2)
     2    0.01    0.12    0.69    5.44 v _05609_/X (sky130_fd_sc_hd__or4_2)
                                         _01610_ (net)
                  0.12    0.00    5.44 v _05674_/A (sky130_fd_sc_hd__nor2_2)
     1    0.00    0.06    0.12    5.56 ^ _05674_/Y (sky130_fd_sc_hd__nor2_2)
                                         _01671_ (net)
                  0.06    0.00    5.56 ^ _05675_/A2_N (sky130_fd_sc_hd__o2bb2a_2)
     3    0.01    0.06    0.23    5.80 v _05675_/X (sky130_fd_sc_hd__o2bb2a_2)
                                         _01672_ (net)
                  0.06    0.00    5.80 v _05742_/A1 (sky130_fd_sc_hd__a2111o_2)
     1    0.00    0.06    0.43    6.23 v _05742_/X (sky130_fd_sc_hd__a2111o_2)
                                         _01735_ (net)
                  0.06    0.00    6.23 v _05745_/B1 (sky130_fd_sc_hd__o211a_2)
     4    0.01    0.06    0.17    6.39 v _05745_/X (sky130_fd_sc_hd__o211a_2)
                                         _01738_ (net)
                  0.06    0.00    6.39 v _05776_/A2 (sky130_fd_sc_hd__o311a_2)
     2    0.01    0.08    0.43    6.82 v _05776_/X (sky130_fd_sc_hd__o311a_2)
                                         _01767_ (net)
                  0.08    0.00    6.82 v _05784_/A2 (sky130_fd_sc_hd__o21ai_2)
     1    0.01    0.15    0.17    6.99 ^ _05784_/Y (sky130_fd_sc_hd__o21ai_2)
                                         _01774_ (net)
                  0.15    0.00    6.99 ^ _05788_/A (sky130_fd_sc_hd__xnor2_2)
     1    0.00    0.12    0.14    7.13 ^ _05788_/Y (sky130_fd_sc_hd__xnor2_2)
                                         _01778_ (net)
                  0.12    0.00    7.13 ^ _05794_/A2 (sky130_fd_sc_hd__o21ai_2)
     1    0.00    0.06    0.06    7.19 v _05794_/Y (sky130_fd_sc_hd__o21ai_2)
                                         _01112_ (net)
                  0.06    0.00    7.19 v _10606_/D (sky130_fd_sc_hd__dfxtp_2)
                                  7.19   data arrival time

                  0.15   10.00   10.00   clock clk (rise edge)
                          0.00   10.00   clock network delay (ideal)
                         -0.25    9.75   clock uncertainty
                          0.00    9.75   clock reconvergence pessimism
                                  9.75 ^ _10606_/CLK (sky130_fd_sc_hd__dfxtp_2)
                         -0.09    9.66   library setup time
                                  9.66   data required time
-----------------------------------------------------------------------------
                                  9.66   data required time
                                 -7.19   data arrival time
-----------------------------------------------------------------------------
                                  2.47   slack (MET)




===========================================================================
report_checks --slack_max -0.01
============================================================================
======================= Typical Corner ===================================

No paths found.


===========================================================================
 report_check_types -max_slew -max_cap -max_fanout -violators
============================================================================
======================= Typical Corner ===================================


max slew violations count Typical: 0
max fanout violations count Typical: 0
max cap violations count Typical: 0

===========================================================================
report_parasitic_annotation -report_unannotated
============================================================================
Found 6334 unannotated drivers.
 A1[0]
 A1[1]
 A1[2]
 A1[3]
 A1[4]
 A2[0]
 A2[1]
 A2[2]
 A2[3]
 A2[4]
 A3[0]
 A3[1]
 A3[2]
 A3[3]
 A3[4]
 WD3[0]
 WD3[10]
 WD3[11]
 WD3[12]
 WD3[13]
 WD3[14]
 WD3[15]
 WD3[16]
 WD3[17]
 WD3[18]
 WD3[19]
 WD3[1]
 WD3[20]
 WD3[21]
 WD3[22]
 WD3[23]
 WD3[24]
 WD3[25]
 WD3[26]
 WD3[27]
 WD3[28]
 WD3[29]
 WD3[2]
 WD3[30]
 WD3[31]
 WD3[3]
 WD3[4]
 WD3[5]
 WD3[6]
 WD3[7]
 WD3[8]
 WD3[9]
 WE3
 clk
 inputA[0]
 inputA[10]
 inputA[11]
 inputA[12]
 inputA[13]
 inputA[14]
 inputA[15]
 inputA[16]
 inputA[17]
 inputA[18]
 inputA[19]
 inputA[1]
 inputA[20]
 inputA[21]
 inputA[22]
 inputA[23]
 inputA[24]
 inputA[25]
 inputA[26]
 inputA[27]
 inputA[28]
 inputA[29]
 inputA[2]
 inputA[30]
 inputA[31]
 inputA[3]
 inputA[4]
 inputA[5]
 inputA[6]
 inputA[7]
 inputA[8]
 inputA[9]
 inputB[0]
 inputB[10]
 inputB[11]
 inputB[12]
 inputB[13]
 inputB[14]
 inputB[15]
 inputB[16]
 inputB[17]
 inputB[18]
 inputB[19]
 inputB[1]
 inputB[20]
 inputB[21]
 inputB[22]
 inputB[23]
 inputB[24]
 inputB[25]
 inputB[26]
 inputB[27]
 inputB[28]
 inputB[29]
 inputB[2]
 inputB[30]
 inputB[31]
 inputB[3]
 inputB[4]
 inputB[5]
 inputB[6]
 inputB[7]
 inputB[8]
 inputB[9]
 opcode[0]
 opcode[1]
 _05099_/X
 _05100_/X
 _05101_/Y
 _05102_/X
 _05103_/X
 _05104_/X
 _05105_/X
 _05106_/Y
 _05107_/X
 _05108_/X
 _05109_/X
 _05110_/X
 _05111_/X
 _05112_/X
 _05113_/X
 _05114_/X
 _05115_/X
 _05116_/X
 _05117_/X
 _05118_/X
 _05119_/X
 _05120_/X
 _05121_/X
 _05122_/Y
 _05123_/X
 _05124_/Y
 _05125_/X
 _05126_/Y
 _05127_/X
 _05128_/X
 _05129_/X
 _05130_/Y
 _05131_/Y
 _05132_/X
 _05133_/Y
 _05134_/X
 _05135_/X
 _05136_/X
 _05137_/Y
 _05138_/Y
 _05139_/X
 _05140_/Y
 _05141_/Y
 _05142_/X
 _05143_/X
 _05144_/X
 _05145_/X
 _05146_/Y
 _05147_/X
 _05148_/X
 _05149_/X
 _05150_/Y
 _05151_/Y
 _05152_/X
 _05153_/Y
 _05154_/Y
 _05155_/X
 _05156_/X
 _05157_/Y
 _05158_/X
 _05159_/X
 _05160_/Y
 _05161_/X
 _05162_/X
 _05163_/Y
 _05164_/Y
 _05165_/X
 _05166_/X
 _05167_/X
 _05168_/X
 _05169_/X
 _05170_/Y
 _05171_/X
 _05172_/Y
 _05173_/X
 _05174_/X
 _05175_/X
 _05176_/Y
 _05177_/Y
 _05178_/Y
 _05179_/Y
 _05180_/X
 _05181_/X
 _05182_/X
 _05183_/X
 _05184_/Y
 _05185_/Y
 _05186_/Y
 _05187_/Y
 _05188_/X
 _05189_/X
 _05190_/X
 _05191_/Y
 _05192_/X
 _05193_/Y
 _05194_/Y
 _05195_/Y
 _05196_/Y
 _05197_/X
 _05198_/Y
 _05199_/X
 _05200_/X
 _05201_/Y
 _05202_/Y
 _05203_/Y
 _05204_/Y
 _05205_/X
 _05206_/Y
 _05207_/Y
 _05208_/X
 _05209_/Y
 _05210_/X
 _05211_/Y
 _05212_/X
 _05213_/X
 _05214_/Y
 _05215_/X
 _05216_/Y
 _05217_/X
 _05218_/Y
 _05219_/X
 _05220_/X
 _05221_/Y
 _05222_/X
 _05223_/Y
 _05224_/Y
 _05225_/X
 _05226_/X
 _05227_/X
 _05228_/X
 _05229_/X
 _05230_/X
 _05231_/Y
 _05232_/Y
 _05233_/X
 _05234_/Y
 _05235_/Y
 _05236_/X
 _05237_/X
 _05238_/X
 _05239_/X
 _05240_/X
 _05241_/X
 _05242_/X
 _05243_/X
 _05244_/X
 _05245_/X
 _05246_/X
 _05247_/X
 _05248_/X
 _05249_/X
 _05250_/X
 _05251_/X
 _05252_/X
 _05253_/X
 _05254_/X
 _05255_/Y
 _05256_/X
 _05257_/X
 _05258_/X
 _05259_/X
 _05260_/X
 _05261_/X
 _05262_/X
 _05263_/X
 _05264_/Y
 _05265_/X
 _05266_/X
 _05267_/X
 _05268_/X
 _05269_/X
 _05270_/X
 _05271_/X
 _05272_/X
 _05273_/X
 _05274_/X
 _05275_/X
 _05276_/X
 _05277_/X
 _05278_/X
 _05279_/X
 _05280_/X
 _05281_/X
 _05282_/X
 _05283_/X
 _05284_/X
 _05285_/X
 _05286_/X
 _05287_/Y
 _05288_/Y
 _05289_/Y
 _05290_/X
 _05291_/X
 _05292_/X
 _05293_/X
 _05294_/X
 _05295_/Y
 _05296_/X
 _05297_/X
 _05298_/X
 _05299_/X
 _05300_/X
 _05301_/X
 _05302_/X
 _05303_/X
 _05304_/X
 _05305_/X
 _05306_/X
 _05307_/X
 _05308_/X
 _05309_/X
 _05310_/X
 _05311_/X
 _05312_/X
 _05313_/X
 _05314_/X
 _05315_/X
 _05316_/X
 _05317_/Y
 _05318_/X
 _05319_/X
 _05320_/X
 _05321_/Y
 _05322_/X
 _05323_/Y
 _05324_/Y
 _05325_/Y
 _05326_/X
 _05327_/X
 _05328_/X
 _05329_/Y
 _05330_/X
 _05331_/X
 _05332_/Y
 _05333_/X
 _05334_/Y
 _05335_/X
 _05336_/X
 _05337_/Y
 _05338_/X
 _05339_/X
 _05340_/X
 _05341_/X
 _05342_/X
 _05343_/Y
 _05344_/Y
 _05345_/Y
 _05346_/Y
 _05347_/X
 _05348_/X
 _05349_/Y
 _05350_/Y
 _05351_/X
 _05352_/X
 _05353_/X
 _05354_/X
 _05355_/X
 _05356_/X
 _05357_/X
 _05358_/X
 _05359_/X
 _05360_/Y
 _05361_/X
 _05362_/Y
 _05363_/Y
 _05364_/X
 _05365_/X
 _05366_/X
 _05367_/X
 _05368_/X
 _05369_/X
 _05370_/X
 _05371_/Y
 _05372_/X
 _05373_/X
 _05374_/X
 _05375_/X
 _05376_/X
 _05377_/X
 _05378_/X
 _05379_/X
 _05380_/Y
 _05381_/X
 _05382_/X
 _05383_/X
 _05384_/X
 _05385_/X
 _05386_/X
 _05387_/X
 _05388_/X
 _05389_/X
 _05390_/Y
 _05391_/Y
 _05392_/Y
 _05393_/X
 _05394_/X
 _05395_/X
 _05396_/X
 _05397_/Y
 _05398_/Y
 _05399_/X
 _05400_/Y
 _05401_/X
 _05402_/Y
 _05403_/Y
 _05404_/Y
 _05405_/Y
 _05406_/X
 _05407_/X
 _05408_/X
 _05409_/X
 _05410_/X
 _05411_/X
 _05412_/X
 _05413_/X
 _05414_/Y
 _05415_/Y
 _05416_/X
 _05417_/X
 _05418_/Y
 _05419_/Y
 _05420_/X
 _05421_/X
 _05422_/Y
 _05423_/Y
 _05424_/X
 _05425_/X
 _05426_/X
 _05427_/Y
 _05428_/X
 _05429_/X
 _05430_/X
 _05431_/X
 _05432_/X
 _05433_/Y
 _05434_/X
 _05435_/X
 _05436_/X
 _05437_/X
 _05438_/X
 _05439_/Y
 _05440_/X
 _05441_/X
 _05442_/X
 _05443_/X
 _05444_/X
 _05445_/X
 _05446_/X
 _05447_/X
 _05448_/Y
 _05449_/Y
 _05450_/X
 _05451_/Y
 _05452_/Y
 _05453_/X
 _05454_/Y
 _05455_/Y
 _05456_/X
 _05457_/X
 _05458_/X
 _05459_/Y
 _05460_/Y
 _05461_/X
 _05462_/Y
 _05463_/Y
 _05464_/Y
 _05465_/X
 _05466_/X
 _05467_/X
 _05468_/X
 _05469_/X
 _05470_/X
 _05471_/X
 _05472_/X
 _05473_/Y
 _05474_/X
 _05475_/X
 _05476_/X
 _05477_/X
 _05478_/X
 _05479_/X
 _05480_/X
 _05481_/X
 _05482_/Y
 _05483_/X
 _05484_/X
 _05485_/X
 _05486_/X
 _05487_/X
 _05488_/Y
 _05489_/X
 _05490_/X
 _05491_/Y
 _05492_/Y
 _05493_/X
 _05494_/X
 _05495_/X
 _05496_/X
 _05497_/Y
 _05498_/X
 _05499_/Y
 _05500_/Y
 _05501_/X
 _05502_/X
 _05503_/X
 _05504_/X
 _05505_/X
 _05506_/X
 _05507_/Y
 _05508_/X
 _05509_/X
 _05510_/X
 _05511_/Y
 _05512_/Y
 _05513_/Y
 _05514_/Y
 _05515_/X
 _05516_/X
 _05517_/X
 _05518_/Y
 _05519_/X
 _05520_/X
 _05521_/X
 _05522_/X
 _05523_/X
 _05524_/X
 _05525_/Y
 _05526_/X
 _05527_/X
 _05528_/Y
 _05529_/X
 _05530_/Y
 _05531_/Y
 _05532_/X
 _05533_/Y
 _05534_/X
 _05535_/X
 _05536_/X
 _05537_/X
 _05538_/X
 _05539_/X
 _05540_/Y
 _05541_/X
 _05542_/Y
 _05543_/Y
 _05544_/X
 _05545_/Y
 _05546_/Y
 _05547_/X
 _05548_/X
 _05549_/Y
 _05550_/X
 _05551_/Y
 _05552_/X
 _05553_/Y
 _05554_/X
 _05555_/X
 _05556_/X
 _05557_/X
 _05558_/X
 _05559_/X
 _05560_/Y
 _05561_/X
 _05562_/Y
 _05563_/X
 _05564_/X
 _05565_/Y
 _05566_/X
 _05567_/X
 _05568_/Y
 _05569_/X
 _05570_/Y
 _05571_/X
 _05572_/X
 _05573_/X
 _05574_/X
 _05575_/X
 _05576_/X
 _05577_/X
 _05578_/Y
 _05579_/Y
 _05580_/X
 _05581_/X
 _05582_/Y
 _05583_/X
 _05584_/X
 _05585_/X
 _05586_/X
 _05587_/X
 _05588_/Y
 _05589_/X
 _05590_/X
 _05591_/X
 _05592_/X
 _05593_/X
 _05594_/Y
 _05595_/Y
 _05596_/X
 _05597_/Y
 _05598_/Y
 _05599_/X
 _05600_/Y
 _05601_/X
 _05602_/X
 _05603_/X
 _05604_/X
 _05605_/X
 _05606_/X
 _05607_/X
 _05608_/Y
 _05609_/X
 _05610_/Y
 _05611_/Y
 _05612_/Y
 _05613_/X
 _05614_/Y
 _05615_/X
 _05616_/Y
 _05617_/X
 _05618_/Y
 _05619_/X
 _05620_/X
 _05621_/X
 _05622_/X
 _05623_/X
 _05624_/X
 _05625_/X
 _05626_/X
 _05627_/Y
 _05628_/Y
 _05629_/X
 _05630_/X
 _05631_/Y
 _05632_/Y
 _05633_/X
 _05634_/X
 _05635_/X
 _05636_/X
 _05637_/X
 _05638_/X
 _05639_/X
 _05640_/Y
 _05641_/X
 _05642_/X
 _05643_/X
 _05644_/X
 _05645_/X
 _05646_/X
 _05647_/X
 _05648_/Y
 _05649_/Y
 _05650_/Y
 _05651_/X
 _05652_/X
 _05653_/Y
 _05654_/Y
 _05655_/Y
 _05656_/Y
 _05657_/X
 _05658_/X
 _05659_/Y
 _05660_/Y
 _05661_/Y
 _05662_/Y
 _05663_/X
 _05664_/X
 _05665_/X
 _05666_/X
 _05667_/X
 _05668_/X
 _05669_/Y
 _05670_/X
 _05671_/X
 _05672_/X
 _05673_/X
 _05674_/Y
 _05675_/X
 _05676_/X
 _05677_/X
 _05678_/X
 _05679_/X
 _05680_/Y
 _05681_/X
 _05682_/Y
 _05683_/X
 _05684_/Y
 _05685_/X
 _05686_/Y
 _05687_/X
 _05688_/X
 _05689_/X
 _05690_/X
 _05691_/X
 _05692_/X
 _05693_/X
 _05694_/Y
 _05695_/Y
 _05696_/Y
 _05697_/X
 _05698_/X
 _05699_/Y
 _05700_/X
 _05701_/X
 _05702_/Y
 _05703_/Y
 _05704_/X
 _05705_/X
 _05706_/X
 _05707_/Y
 _05708_/X
 _05709_/X
 _05710_/Y
 _05711_/X
 _05712_/Y
 _05713_/Y
 _05714_/X
 _05715_/X
 _05716_/Y
 _05717_/X
 _05718_/X
 _05719_/X
 _05720_/X
 _05721_/X
 _05722_/Y
 _05723_/X
 _05724_/X
 _05725_/Y
 _05726_/X
 _05727_/Y
 _05728_/X
 _05729_/X
 _05730_/X
 _05731_/X
 _05732_/X
 _05733_/Y
 _05734_/X
 _05735_/X
 _05736_/X
 _05737_/Y
 _05738_/Y
 _05739_/X
 _05740_/Y
 _05741_/Y
 _05742_/X
 _05743_/X
 _05744_/Y
 _05745_/X
 _05746_/Y
 _05747_/X
 _05748_/Y
 _05749_/X
 _05750_/X
 _05751_/X
 _05752_/X
 _05753_/X
 _05754_/Y
 _05755_/X
 _05756_/Y
 _05757_/X
 _05758_/Y
 _05759_/Y
 _05760_/X
 _05761_/X
 _05762_/Y
 _05763_/X
 _05764_/X
 _05765_/X
 _05766_/X
 _05767_/X
 _05768_/X
 _05769_/Y
 _05770_/X
 _05771_/Y
 _05772_/X
 _05773_/Y
 _05774_/Y
 _05775_/X
 _05776_/X
 _05777_/Y
 _05778_/X
 _05779_/X
 _05780_/X
 _05781_/X
 _05782_/X
 _05783_/Y
 _05784_/Y
 _05785_/X
 _05786_/X
 _05787_/Y
 _05788_/Y
 _05789_/X
 _05790_/X
 _05791_/X
 _05792_/X
 _05793_/X
 _05794_/Y
 _05795_/X
 _05796_/X
 _05797_/X
 _05798_/X
 _05799_/Y
 _05800_/X
 _05801_/X
 _05802_/X
 _05803_/X
 _05804_/X
 _05805_/X
 _05806_/X
 _05807_/X
 _05808_/X
 _05809_/X
 _05810_/X
 _05811_/X
 _05812_/X
 _05813_/X
 _05814_/X
 _05815_/X
 _05816_/X
 _05817_/X
 _05818_/X
 _05819_/X
 _05820_/X
 _05821_/X
 _05822_/X
 _05823_/X
 _05824_/X
 _05825_/X
 _05826_/X
 _05827_/X
 _05828_/X
 _05829_/X
 _05830_/X
 _05831_/X
 _05832_/X
 _05833_/X
 _05834_/X
 _05835_/X
 _05836_/X
 _05837_/X
 _05838_/X
 _05839_/X
 _05840_/X
 _05841_/X
 _05842_/X
 _05843_/X
 _05844_/X
 _05845_/X
 _05846_/X
 _05847_/X
 _05848_/X
 _05849_/X
 _05850_/X
 _05851_/X
 _05852_/X
 _05853_/X
 _05854_/X
 _05855_/X
 _05856_/X
 _05857_/X
 _05858_/X
 _05859_/X
 _05860_/X
 _05861_/X
 _05862_/X
 _05863_/X
 _05864_/X
 _05865_/X
 _05866_/X
 _05867_/X
 _05868_/X
 _05869_/X
 _05870_/X
 _05871_/X
 _05872_/X
 _05873_/X
 _05874_/X
 _05875_/X
 _05876_/X
 _05877_/X
 _05878_/X
 _05879_/Y
 _05880_/X
 _05881_/Y
 _05882_/X
 _05883_/X
 _05884_/X
 _05885_/X
 _05886_/X
 _05887_/X
 _05888_/X
 _05889_/X
 _05890_/X
 _05891_/X
 _05892_/X
 _05893_/X
 _05894_/X
 _05895_/X
 _05896_/X
 _05897_/X
 _05898_/X
 _05899_/X
 _05900_/X
 _05901_/X
 _05902_/X
 _05903_/X
 _05904_/X
 _05905_/X
 _05906_/X
 _05907_/X
 _05908_/X
 _05909_/X
 _05910_/X
 _05911_/X
 _05912_/X
 _05913_/X
 _05914_/X
 _05915_/X
 _05916_/X
 _05917_/X
 _05918_/X
 _05919_/X
 _05920_/X
 _05921_/X
 _05922_/X
 _05923_/X
 _05924_/X
 _05925_/X
 _05926_/X
 _05927_/X
 _05928_/X
 _05929_/X
 _05930_/X
 _05931_/X
 _05932_/X
 _05933_/X
 _05934_/X
 _05935_/X
 _05936_/X
 _05937_/X
 _05938_/X
 _05939_/X
 _05940_/X
 _05941_/X
 _05942_/X
 _05943_/X
 _05944_/X
 _05945_/X
 _05946_/X
 _05947_/X
 _05948_/X
 _05949_/X
 _05950_/X
 _05951_/X
 _05952_/X
 _05953_/X
 _05954_/X
 _05955_/X
 _05956_/X
 _05957_/X
 _05958_/Y
 _05959_/X
 _05960_/X
 _05961_/X
 _05962_/X
 _05963_/X
 _05964_/X
 _05965_/X
 _05966_/X
 _05967_/X
 _05968_/X
 _05969_/X
 _05970_/X
 _05971_/X
 _05972_/X
 _05973_/X
 _05974_/X
 _05975_/X
 _05976_/X
 _05977_/X
 _05978_/X
 _05979_/X
 _05980_/X
 _05981_/X
 _05982_/X
 _05983_/X
 _05984_/X
 _05985_/X
 _05986_/X
 _05987_/X
 _05988_/X
 _05989_/X
 _05990_/X
 _05991_/X
 _05992_/X
 _05993_/X
 _05994_/X
 _05995_/X
 _05996_/X
 _05997_/X
 _05998_/X
 _05999_/X
 _06000_/X
 _06001_/X
 _06002_/X
 _06003_/X
 _06004_/X
 _06005_/X
 _06006_/X
 _06007_/X
 _06008_/X
 _06009_/X
 _06010_/X
 _06011_/X
 _06012_/X
 _06013_/X
 _06014_/X
 _06015_/X
 _06016_/X
 _06017_/X
 _06018_/X
 _06019_/X
 _06020_/X
 _06021_/X
 _06022_/X
 _06023_/X
 _06024_/X
 _06025_/X
 _06026_/X
 _06027_/X
 _06028_/X
 _06029_/X
 _06030_/X
 _06031_/X
 _06032_/X
 _06033_/X
 _06034_/X
 _06035_/X
 _06036_/X
 _06037_/X
 _06038_/X
 _06039_/X
 _06040_/X
 _06041_/X
 _06042_/X
 _06043_/X
 _06044_/X
 _06045_/X
 _06046_/X
 _06047_/X
 _06048_/X
 _06049_/X
 _06050_/X
 _06051_/X
 _06052_/X
 _06053_/X
 _06054_/X
 _06055_/X
 _06056_/X
 _06057_/Y
 _06058_/Y
 _06059_/X
 _06060_/X
 _06061_/X
 _06062_/X
 _06063_/X
 _06064_/X
 _06065_/X
 _06066_/X
 _06067_/X
 _06068_/X
 _06069_/X
 _06070_/X
 _06071_/X
 _06072_/X
 _06073_/X
 _06074_/X
 _06075_/X
 _06076_/X
 _06077_/X
 _06078_/X
 _06079_/X
 _06080_/X
 _06081_/X
 _06082_/X
 _06083_/X
 _06084_/X
 _06085_/X
 _06086_/X
 _06087_/X
 _06088_/X
 _06089_/X
 _06090_/X
 _06091_/X
 _06092_/X
 _06093_/X
 _06094_/X
 _06095_/X
 _06096_/X
 _06097_/X
 _06098_/X
 _06099_/X
 _06100_/X
 _06101_/X
 _06102_/X
 _06103_/X
 _06104_/X
 _06105_/X
 _06106_/X
 _06107_/X
 _06108_/X
 _06109_/X
 _06110_/X
 _06111_/X
 _06112_/X
 _06113_/X
 _06114_/X
 _06115_/X
 _06116_/X
 _06117_/X
 _06118_/X
 _06119_/X
 _06120_/X
 _06121_/X
 _06122_/X
 _06123_/X
 _06124_/X
 _06125_/X
 _06126_/X
 _06127_/Y
 _06128_/X
 _06129_/X
 _06130_/X
 _06131_/X
 _06132_/X
 _06133_/X
 _06134_/X
 _06135_/X
 _06136_/X
 _06137_/X
 _06138_/X
 _06139_/X
 _06140_/X
 _06141_/X
 _06142_/X
 _06143_/X
 _06144_/X
 _06145_/X
 _06146_/X
 _06147_/X
 _06148_/X
 _06149_/X
 _06150_/X
 _06151_/X
 _06152_/X
 _06153_/X
 _06154_/X
 _06155_/X
 _06156_/X
 _06157_/X
 _06158_/X
 _06159_/X
 _06160_/X
 _06161_/X
 _06162_/X
 _06163_/X
 _06164_/X
 _06165_/X
 _06166_/X
 _06167_/X
 _06168_/X
 _06169_/X
 _06170_/X
 _06171_/X
 _06172_/X
 _06173_/X
 _06174_/X
 _06175_/X
 _06176_/X
 _06177_/X
 _06178_/X
 _06179_/X
 _06180_/X
 _06181_/X
 _06182_/X
 _06183_/X
 _06184_/X
 _06185_/X
 _06186_/X
 _06187_/X
 _06188_/X
 _06189_/X
 _06190_/X
 _06191_/X
 _06192_/X
 _06193_/X
 _06194_/X
 _06195_/Y
 _06196_/Y
 _06197_/X
 _06198_/X
 _06199_/X
 _06200_/X
 _06201_/X
 _06202_/X
 _06203_/X
 _06204_/X
 _06205_/X
 _06206_/X
 _06207_/X
 _06208_/X
 _06209_/X
 _06210_/X
 _06211_/X
 _06212_/X
 _06213_/X
 _06214_/X
 _06215_/X
 _06216_/X
 _06217_/X
 _06218_/X
 _06219_/X
 _06220_/X
 _06221_/X
 _06222_/X
 _06223_/X
 _06224_/X
 _06225_/X
 _06226_/X
 _06227_/X
 _06228_/X
 _06229_/X
 _06230_/X
 _06231_/X
 _06232_/X
 _06233_/X
 _06234_/X
 _06235_/X
 _06236_/X
 _06237_/X
 _06238_/X
 _06239_/X
 _06240_/X
 _06241_/X
 _06242_/X
 _06243_/X
 _06244_/X
 _06245_/X
 _06246_/X
 _06247_/X
 _06248_/X
 _06249_/X
 _06250_/X
 _06251_/X
 _06252_/X
 _06253_/X
 _06254_/X
 _06255_/X
 _06256_/X
 _06257_/X
 _06258_/X
 _06259_/X
 _06260_/X
 _06261_/X
 _06262_/X
 _06263_/X
 _06264_/Y
 _06265_/Y
 _06266_/X
 _06267_/X
 _06268_/X
 _06269_/X
 _06270_/X
 _06271_/X
 _06272_/X
 _06273_/X
 _06274_/X
 _06275_/X
 _06276_/X
 _06277_/X
 _06278_/X
 _06279_/X
 _06280_/X
 _06281_/X
 _06282_/X
 _06283_/X
 _06284_/X
 _06285_/X
 _06286_/X
 _06287_/X
 _06288_/X
 _06289_/X
 _06290_/X
 _06291_/X
 _06292_/X
 _06293_/X
 _06294_/X
 _06295_/X
 _06296_/X
 _06297_/X
 _06298_/X
 _06299_/X
 _06300_/X
 _06301_/X
 _06302_/X
 _06303_/X
 _06304_/X
 _06305_/X
 _06306_/X
 _06307_/X
 _06308_/X
 _06309_/X
 _06310_/X
 _06311_/X
 _06312_/X
 _06313_/X
 _06314_/X
 _06315_/X
 _06316_/X
 _06317_/X
 _06318_/X
 _06319_/X
 _06320_/X
 _06321_/X
 _06322_/X
 _06323_/X
 _06324_/X
 _06325_/X
 _06326_/X
 _06327_/X
 _06328_/X
 _06329_/X
 _06330_/X
 _06331_/X
 _06332_/X
 _06333_/Y
 _06334_/X
 _06335_/X
 _06336_/X
 _06337_/X
 _06338_/X
 _06339_/X
 _06340_/X
 _06341_/X
 _06342_/X
 _06343_/X
 _06344_/X
 _06345_/X
 _06346_/X
 _06347_/X
 _06348_/X
 _06349_/X
 _06350_/X
 _06351_/X
 _06352_/X
 _06353_/X
 _06354_/X
 _06355_/X
 _06356_/X
 _06357_/X
 _06358_/X
 _06359_/X
 _06360_/X
 _06361_/X
 _06362_/X
 _06363_/X
 _06364_/X
 _06365_/X
 _06366_/X
 _06367_/X
 _06368_/X
 _06369_/X
 _06370_/X
 _06371_/X
 _06372_/X
 _06373_/X
 _06374_/X
 _06375_/X
 _06376_/X
 _06377_/X
 _06378_/X
 _06379_/X
 _06380_/X
 _06381_/X
 _06382_/X
 _06383_/X
 _06384_/X
 _06385_/X
 _06386_/X
 _06387_/X
 _06388_/X
 _06389_/X
 _06390_/X
 _06391_/X
 _06392_/X
 _06393_/X
 _06394_/X
 _06395_/X
 _06396_/X
 _06397_/X
 _06398_/X
 _06399_/X
 _06400_/X
 _06401_/X
 _06402_/X
 _06403_/Y
 _06404_/X
 _06405_/X
 _06406_/X
 _06407_/X
 _06408_/X
 _06409_/X
 _06410_/X
 _06411_/X
 _06412_/X
 _06413_/X
 _06414_/X
 _06415_/X
 _06416_/X
 _06417_/X
 _06418_/X
 _06419_/X
 _06420_/X
 _06421_/X
 _06422_/X
 _06423_/X
 _06424_/X
 _06425_/X
 _06426_/X
 _06427_/X
 _06428_/X
 _06429_/X
 _06430_/X
 _06431_/X
 _06432_/X
 _06433_/X
 _06434_/X
 _06435_/X
 _06436_/X
 _06437_/X
 _06438_/X
 _06439_/X
 _06440_/X
 _06441_/X
 _06442_/X
 _06443_/X
 _06444_/X
 _06445_/X
 _06446_/X
 _06447_/X
 _06448_/X
 _06449_/X
 _06450_/X
 _06451_/X
 _06452_/X
 _06453_/X
 _06454_/X
 _06455_/X
 _06456_/X
 _06457_/X
 _06458_/X
 _06459_/X
 _06460_/X
 _06461_/X
 _06462_/X
 _06463_/X
 _06464_/X
 _06465_/X
 _06466_/X
 _06467_/X
 _06468_/X
 _06469_/X
 _06470_/X
 _06471_/X
 _06472_/Y
 _06473_/X
 _06474_/X
 _06475_/X
 _06476_/X
 _06477_/X
 _06478_/X
 _06479_/X
 _06480_/X
 _06481_/X
 _06482_/X
 _06483_/X
 _06484_/X
 _06485_/X
 _06486_/X
 _06487_/X
 _06488_/X
 _06489_/X
 _06490_/X
 _06491_/X
 _06492_/X
 _06493_/X
 _06494_/X
 _06495_/X
 _06496_/X
 _06497_/X
 _06498_/X
 _06499_/X
 _06500_/X
 _06501_/X
 _06502_/X
 _06503_/X
 _06504_/X
 _06505_/X
 _06506_/X
 _06507_/X
 _06508_/X
 _06509_/X
 _06510_/X
 _06511_/X
 _06512_/X
 _06513_/X
 _06514_/X
 _06515_/X
 _06516_/X
 _06517_/X
 _06518_/X
 _06519_/X
 _06520_/X
 _06521_/X
 _06522_/X
 _06523_/X
 _06524_/X
 _06525_/X
 _06526_/X
 _06527_/X
 _06528_/X
 _06529_/X
 _06530_/X
 _06531_/X
 _06532_/X
 _06533_/X
 _06534_/X
 _06535_/X
 _06536_/X
 _06537_/X
 _06538_/X
 _06539_/X
 _06540_/Y
 _06541_/X
 _06542_/X
 _06543_/X
 _06544_/X
 _06545_/X
 _06546_/X
 _06547_/X
 _06548_/X
 _06549_/X
 _06550_/X
 _06551_/X
 _06552_/X
 _06553_/X
 _06554_/X
 _06555_/X
 _06556_/X
 _06557_/X
 _06558_/X
 _06559_/X
 _06560_/X
 _06561_/X
 _06562_/X
 _06563_/X
 _06564_/X
 _06565_/X
 _06566_/X
 _06567_/X
 _06568_/X
 _06569_/X
 _06570_/X
 _06571_/X
 _06572_/X
 _06573_/X
 _06574_/X
 _06575_/X
 _06576_/X
 _06577_/X
 _06578_/X
 _06579_/X
 _06580_/X
 _06581_/X
 _06582_/X
 _06583_/X
 _06584_/X
 _06585_/X
 _06586_/X
 _06587_/X
 _06588_/X
 _06589_/X
 _06590_/X
 _06591_/X
 _06592_/X
 _06593_/X
 _06594_/X
 _06595_/X
 _06596_/X
 _06597_/X
 _06598_/X
 _06599_/X
 _06600_/X
 _06601_/X
 _06602_/X
 _06603_/X
 _06604_/X
 _06605_/X
 _06606_/X
 _06607_/X
 _06608_/X
 _06609_/Y
 _06610_/X
 _06611_/X
 _06612_/X
 _06613_/X
 _06614_/X
 _06615_/X
 _06616_/X
 _06617_/X
 _06618_/X
 _06619_/X
 _06620_/X
 _06621_/X
 _06622_/X
 _06623_/X
 _06624_/X
 _06625_/X
 _06626_/X
 _06627_/X
 _06628_/X
 _06629_/X
 _06630_/X
 _06631_/X
 _06632_/X
 _06633_/X
 _06634_/X
 _06635_/X
 _06636_/X
 _06637_/X
 _06638_/X
 _06639_/X
 _06640_/X
 _06641_/X
 _06642_/X
 _06643_/X
 _06644_/X
 _06645_/X
 _06646_/X
 _06647_/X
 _06648_/X
 _06649_/X
 _06650_/X
 _06651_/X
 _06652_/X
 _06653_/X
 _06654_/X
 _06655_/X
 _06656_/X
 _06657_/X
 _06658_/X
 _06659_/X
 _06660_/X
 _06661_/X
 _06662_/X
 _06663_/X
 _06664_/X
 _06665_/X
 _06666_/X
 _06667_/X
 _06668_/X
 _06669_/X
 _06670_/X
 _06671_/X
 _06672_/X
 _06673_/X
 _06674_/X
 _06675_/X
 _06676_/X
 _06677_/X
 _06678_/X
 _06679_/X
 _06680_/X
 _06681_/X
 _06682_/X
 _06683_/X
 _06684_/X
 _06685_/X
 _06686_/X
 _06687_/X
 _06688_/X
 _06689_/X
 _06690_/X
 _06691_/X
 _06692_/X
 _06693_/X
 _06694_/X
 _06695_/X
 _06696_/X
 _06697_/X
 _06698_/X
 _06699_/X
 _06700_/X
 _06701_/X
 _06702_/Y
 _06703_/X
 _06704_/X
 _06705_/X
 _06706_/X
 _06707_/X
 _06708_/X
 _06709_/X
 _06710_/X
 _06711_/X
 _06712_/X
 _06713_/X
 _06714_/X
 _06715_/X
 _06716_/X
 _06717_/X
 _06718_/X
 _06719_/X
 _06720_/X
 _06721_/X
 _06722_/X
 _06723_/X
 _06724_/X
 _06725_/X
 _06726_/X
 _06727_/X
 _06728_/X
 _06729_/X
 _06730_/X
 _06731_/X
 _06732_/X
 _06733_/X
 _06734_/X
 _06735_/X
 _06736_/X
 _06737_/X
 _06738_/X
 _06739_/X
 _06740_/X
 _06741_/X
 _06742_/X
 _06743_/X
 _06744_/X
 _06745_/X
 _06746_/X
 _06747_/X
 _06748_/X
 _06749_/X
 _06750_/X
 _06751_/X
 _06752_/X
 _06753_/X
 _06754_/X
 _06755_/X
 _06756_/X
 _06757_/X
 _06758_/X
 _06759_/X
 _06760_/X
 _06761_/X
 _06762_/X
 _06763_/X
 _06764_/X
 _06765_/X
 _06766_/X
 _06767_/X
 _06768_/X
 _06769_/X
 _06770_/Y
 _06771_/X
 _06772_/X
 _06773_/X
 _06774_/X
 _06775_/X
 _06776_/X
 _06777_/X
 _06778_/X
 _06779_/X
 _06780_/X
 _06781_/X
 _06782_/X
 _06783_/X
 _06784_/X
 _06785_/X
 _06786_/X
 _06787_/X
 _06788_/X
 _06789_/X
 _06790_/X
 _06791_/X
 _06792_/X
 _06793_/X
 _06794_/X
 _06795_/X
 _06796_/X
 _06797_/X
 _06798_/X
 _06799_/X
 _06800_/X
 _06801_/X
 _06802_/X
 _06803_/X
 _06804_/X
 _06805_/X
 _06806_/X
 _06807_/X
 _06808_/X
 _06809_/X
 _06810_/X
 _06811_/X
 _06812_/X
 _06813_/X
 _06814_/X
 _06815_/X
 _06816_/X
 _06817_/X
 _06818_/X
 _06819_/X
 _06820_/X
 _06821_/X
 _06822_/X
 _06823_/X
 _06824_/X
 _06825_/X
 _06826_/X
 _06827_/X
 _06828_/X
 _06829_/X
 _06830_/X
 _06831_/X
 _06832_/X
 _06833_/X
 _06834_/X
 _06835_/X
 _06836_/X
 _06837_/X
 _06838_/Y
 _06839_/X
 _06840_/X
 _06841_/X
 _06842_/X
 _06843_/X
 _06844_/X
 _06845_/X
 _06846_/X
 _06847_/X
 _06848_/X
 _06849_/X
 _06850_/X
 _06851_/X
 _06852_/X
 _06853_/X
 _06854_/X
 _06855_/X
 _06856_/X
 _06857_/X
 _06858_/X
 _06859_/X
 _06860_/X
 _06861_/X
 _06862_/X
 _06863_/X
 _06864_/X
 _06865_/X
 _06866_/X
 _06867_/X
 _06868_/X
 _06869_/X
 _06870_/X
 _06871_/X
 _06872_/X
 _06873_/X
 _06874_/X
 _06875_/X
 _06876_/X
 _06877_/X
 _06878_/X
 _06879_/X
 _06880_/X
 _06881_/X
 _06882_/X
 _06883_/X
 _06884_/X
 _06885_/X
 _06886_/X
 _06887_/X
 _06888_/X
 _06889_/X
 _06890_/X
 _06891_/X
 _06892_/X
 _06893_/X
 _06894_/X
 _06895_/X
 _06896_/X
 _06897_/X
 _06898_/X
 _06899_/X
 _06900_/X
 _06901_/X
 _06902_/X
 _06903_/X
 _06904_/X
 _06905_/X
 _06906_/Y
 _06907_/X
 _06908_/X
 _06909_/X
 _06910_/X
 _06911_/X
 _06912_/X
 _06913_/X
 _06914_/X
 _06915_/X
 _06916_/X
 _06917_/X
 _06918_/X
 _06919_/X
 _06920_/X
 _06921_/X
 _06922_/X
 _06923_/X
 _06924_/X
 _06925_/X
 _06926_/X
 _06927_/X
 _06928_/X
 _06929_/X
 _06930_/X
 _06931_/X
 _06932_/X
 _06933_/X
 _06934_/X
 _06935_/X
 _06936_/X
 _06937_/X
 _06938_/X
 _06939_/X
 _06940_/X
 _06941_/X
 _06942_/X
 _06943_/X
 _06944_/X
 _06945_/X
 _06946_/X
 _06947_/X
 _06948_/X
 _06949_/X
 _06950_/X
 _06951_/X
 _06952_/X
 _06953_/X
 _06954_/X
 _06955_/X
 _06956_/X
 _06957_/X
 _06958_/X
 _06959_/X
 _06960_/X
 _06961_/X
 _06962_/X
 _06963_/X
 _06964_/X
 _06965_/X
 _06966_/X
 _06967_/X
 _06968_/X
 _06969_/X
 _06970_/X
 _06971_/X
 _06972_/X
 _06973_/X
 _06974_/X
 _06975_/Y
 _06976_/X
 _06977_/X
 _06978_/X
 _06979_/X
 _06980_/X
 _06981_/X
 _06982_/X
 _06983_/X
 _06984_/X
 _06985_/X
 _06986_/X
 _06987_/X
 _06988_/X
 _06989_/X
 _06990_/X
 _06991_/X
 _06992_/X
 _06993_/X
 _06994_/X
 _06995_/X
 _06996_/X
 _06997_/X
 _06998_/X
 _06999_/X
 _07000_/X
 _07001_/X
 _07002_/X
 _07003_/X
 _07004_/X
 _07005_/X
 _07006_/X
 _07007_/X
 _07008_/X
 _07009_/X
 _07010_/X
 _07011_/X
 _07012_/X
 _07013_/X
 _07014_/X
 _07015_/X
 _07016_/X
 _07017_/X
 _07018_/X
 _07019_/X
 _07020_/X
 _07021_/X
 _07022_/X
 _07023_/X
 _07024_/X
 _07025_/X
 _07026_/X
 _07027_/X
 _07028_/X
 _07029_/X
 _07030_/X
 _07031_/X
 _07032_/X
 _07033_/X
 _07034_/X
 _07035_/X
 _07036_/X
 _07037_/X
 _07038_/X
 _07039_/X
 _07040_/X
 _07041_/X
 _07042_/X
 _07043_/X
 _07044_/X
 _07045_/X
 _07046_/X
 _07047_/X
 _07048_/X
 _07049_/Y
 _07050_/X
 _07051_/X
 _07052_/X
 _07053_/X
 _07054_/X
 _07055_/X
 _07056_/X
 _07057_/X
 _07058_/X
 _07059_/X
 _07060_/X
 _07061_/X
 _07062_/X
 _07063_/X
 _07064_/X
 _07065_/X
 _07066_/X
 _07067_/X
 _07068_/X
 _07069_/X
 _07070_/X
 _07071_/X
 _07072_/X
 _07073_/X
 _07074_/X
 _07075_/X
 _07076_/X
 _07077_/X
 _07078_/X
 _07079_/X
 _07080_/X
 _07081_/X
 _07082_/X
 _07083_/X
 _07084_/X
 _07085_/X
 _07086_/X
 _07087_/X
 _07088_/X
 _07089_/X
 _07090_/X
 _07091_/X
 _07092_/X
 _07093_/X
 _07094_/X
 _07095_/X
 _07096_/X
 _07097_/X
 _07098_/X
 _07099_/X
 _07100_/X
 _07101_/X
 _07102_/X
 _07103_/X
 _07104_/X
 _07105_/X
 _07106_/X
 _07107_/X
 _07108_/X
 _07109_/X
 _07110_/X
 _07111_/X
 _07112_/X
 _07113_/X
 _07114_/X
 _07115_/X
 _07116_/X
 _07117_/Y
 _07118_/X
 _07119_/X
 _07120_/X
 _07121_/X
 _07122_/X
 _07123_/X
 _07124_/X
 _07125_/X
 _07126_/X
 _07127_/X
 _07128_/X
 _07129_/X
 _07130_/X
 _07131_/X
 _07132_/X
 _07133_/X
 _07134_/X
 _07135_/X
 _07136_/X
 _07137_/X
 _07138_/X
 _07139_/X
 _07140_/X
 _07141_/X
 _07142_/X
 _07143_/X
 _07144_/X
 _07145_/X
 _07146_/X
 _07147_/X
 _07148_/X
 _07149_/X
 _07150_/X
 _07151_/X
 _07152_/X
 _07153_/X
 _07154_/X
 _07155_/X
 _07156_/X
 _07157_/X
 _07158_/X
 _07159_/X
 _07160_/X
 _07161_/X
 _07162_/X
 _07163_/X
 _07164_/X
 _07165_/X
 _07166_/X
 _07167_/X
 _07168_/X
 _07169_/X
 _07170_/X
 _07171_/X
 _07172_/X
 _07173_/X
 _07174_/X
 _07175_/X
 _07176_/X
 _07177_/X
 _07178_/X
 _07179_/X
 _07180_/X
 _07181_/X
 _07182_/X
 _07183_/X
 _07184_/X
 _07185_/X
 _07186_/Y
 _07187_/X
 _07188_/X
 _07189_/X
 _07190_/X
 _07191_/X
 _07192_/X
 _07193_/X
 _07194_/X
 _07195_/X
 _07196_/X
 _07197_/X
 _07198_/X
 _07199_/X
 _07200_/X
 _07201_/X
 _07202_/X
 _07203_/X
 _07204_/X
 _07205_/X
 _07206_/X
 _07207_/X
 _07208_/X
 _07209_/X
 _07210_/X
 _07211_/X
 _07212_/X
 _07213_/X
 _07214_/X
 _07215_/X
 _07216_/X
 _07217_/X
 _07218_/X
 _07219_/X
 _07220_/X
 _07221_/X
 _07222_/X
 _07223_/X
 _07224_/X
 _07225_/X
 _07226_/X
 _07227_/X
 _07228_/X
 _07229_/X
 _07230_/X
 _07231_/X
 _07232_/X
 _07233_/X
 _07234_/X
 _07235_/X
 _07236_/X
 _07237_/X
 _07238_/X
 _07239_/X
 _07240_/X
 _07241_/X
 _07242_/X
 _07243_/X
 _07244_/X
 _07245_/X
 _07246_/X
 _07247_/X
 _07248_/X
 _07249_/X
 _07250_/X
 _07251_/X
 _07252_/X
 _07253_/X
 _07254_/Y
 _07255_/X
 _07256_/X
 _07257_/X
 _07258_/X
 _07259_/X
 _07260_/X
 _07261_/X
 _07262_/X
 _07263_/X
 _07264_/X
 _07265_/X
 _07266_/X
 _07267_/X
 _07268_/X
 _07269_/X
 _07270_/X
 _07271_/X
 _07272_/X
 _07273_/X
 _07274_/X
 _07275_/X
 _07276_/X
 _07277_/X
 _07278_/X
 _07279_/X
 _07280_/X
 _07281_/X
 _07282_/X
 _07283_/X
 _07284_/X
 _07285_/X
 _07286_/X
 _07287_/X
 _07288_/X
 _07289_/X
 _07290_/X
 _07291_/X
 _07292_/X
 _07293_/X
 _07294_/X
 _07295_/X
 _07296_/X
 _07297_/X
 _07298_/X
 _07299_/X
 _07300_/X
 _07301_/X
 _07302_/X
 _07303_/X
 _07304_/X
 _07305_/X
 _07306_/X
 _07307_/X
 _07308_/X
 _07309_/X
 _07310_/X
 _07311_/X
 _07312_/X
 _07313_/X
 _07314_/X
 _07315_/X
 _07316_/X
 _07317_/X
 _07318_/X
 _07319_/X
 _07320_/X
 _07321_/X
 _07322_/Y
 _07323_/X
 _07324_/X
 _07325_/X
 _07326_/X
 _07327_/X
 _07328_/X
 _07329_/X
 _07330_/X
 _07331_/X
 _07332_/X
 _07333_/X
 _07334_/X
 _07335_/X
 _07336_/X
 _07337_/X
 _07338_/X
 _07339_/X
 _07340_/X
 _07341_/X
 _07342_/X
 _07343_/X
 _07344_/X
 _07345_/X
 _07346_/X
 _07347_/X
 _07348_/X
 _07349_/X
 _07350_/X
 _07351_/X
 _07352_/X
 _07353_/X
 _07354_/X
 _07355_/X
 _07356_/X
 _07357_/X
 _07358_/X
 _07359_/X
 _07360_/X
 _07361_/X
 _07362_/X
 _07363_/X
 _07364_/X
 _07365_/X
 _07366_/X
 _07367_/X
 _07368_/X
 _07369_/X
 _07370_/X
 _07371_/X
 _07372_/X
 _07373_/X
 _07374_/X
 _07375_/X
 _07376_/X
 _07377_/X
 _07378_/X
 _07379_/X
 _07380_/X
 _07381_/X
 _07382_/X
 _07383_/X
 _07384_/X
 _07385_/X
 _07386_/X
 _07387_/X
 _07388_/X
 _07389_/X
 _07390_/Y
 _07391_/X
 _07392_/X
 _07393_/X
 _07394_/X
 _07395_/X
 _07396_/X
 _07397_/X
 _07398_/X
 _07399_/X
 _07400_/X
 _07401_/X
 _07402_/X
 _07403_/X
 _07404_/X
 _07405_/X
 _07406_/X
 _07407_/X
 _07408_/X
 _07409_/X
 _07410_/X
 _07411_/X
 _07412_/X
 _07413_/X
 _07414_/X
 _07415_/X
 _07416_/X
 _07417_/X
 _07418_/X
 _07419_/X
 _07420_/X
 _07421_/X
 _07422_/X
 _07423_/X
 _07424_/X
 _07425_/X
 _07426_/X
 _07427_/X
 _07428_/X
 _07429_/X
 _07430_/X
 _07431_/X
 _07432_/X
 _07433_/X
 _07434_/X
 _07435_/X
 _07436_/X
 _07437_/X
 _07438_/X
 _07439_/X
 _07440_/X
 _07441_/X
 _07442_/X
 _07443_/X
 _07444_/X
 _07445_/X
 _07446_/X
 _07447_/X
 _07448_/X
 _07449_/X
 _07450_/X
 _07451_/X
 _07452_/X
 _07453_/X
 _07454_/X
 _07455_/X
 _07456_/X
 _07457_/X
 _07458_/X
 _07459_/X
 _07460_/X
 _07461_/X
 _07462_/X
 _07463_/X
 _07464_/X
 _07465_/X
 _07466_/X
 _07467_/X
 _07468_/X
 _07469_/X
 _07470_/X
 _07471_/X
 _07472_/X
 _07473_/X
 _07474_/X
 _07475_/X
 _07476_/X
 _07477_/X
 _07478_/X
 _07479_/X
 _07480_/X
 _07481_/X
 _07482_/X
 _07483_/X
 _07484_/X
 _07485_/X
 _07486_/X
 _07487_/Y
 _07488_/X
 _07489_/X
 _07490_/X
 _07491_/X
 _07492_/X
 _07493_/X
 _07494_/X
 _07495_/X
 _07496_/X
 _07497_/X
 _07498_/X
 _07499_/X
 _07500_/X
 _07501_/X
 _07502_/X
 _07503_/X
 _07504_/X
 _07505_/X
 _07506_/X
 _07507_/X
 _07508_/X
 _07509_/X
 _07510_/X
 _07511_/X
 _07512_/X
 _07513_/Y
 _07514_/Y
 _07515_/X
 _07516_/X
 _07517_/X
 _07518_/X
 _07519_/X
 _07520_/X
 _07521_/X
 _07522_/X
 _07523_/X
 _07524_/X
 _07525_/X
 _07526_/X
 _07527_/X
 _07528_/X
 _07529_/X
 _07530_/X
 _07531_/X
 _07532_/X
 _07533_/X
 _07534_/X
 _07535_/X
 _07536_/X
 _07537_/X
 _07538_/X
 _07539_/X
 _07540_/Y
 _07541_/X
 _07542_/X
 _07543_/X
 _07544_/X
 _07545_/X
 _07546_/X
 _07547_/X
 _07548_/X
 _07549_/X
 _07550_/X
 _07551_/X
 _07552_/X
 _07553_/X
 _07554_/X
 _07555_/X
 _07556_/X
 _07557_/Y
 _07558_/X
 _07559_/X
 _07560_/X
 _07561_/Y
 _07562_/X
 _07563_/X
 _07564_/X
 _07565_/X
 _07566_/X
 _07567_/X
 _07568_/X
 _07569_/X
 _07570_/X
 _07571_/X
 _07572_/X
 _07573_/X
 _07574_/X
 _07575_/X
 _07576_/X
 _07577_/Y
 _07578_/Y
 _07579_/X
 _07580_/X
 _07581_/X
 _07582_/X
 _07583_/X
 _07584_/X
 _07585_/Y
 _07586_/X
 _07587_/X
 _07588_/X
 _07589_/X
 _07590_/X
 _07591_/Y
 _07592_/X
 _07593_/Y
 _07594_/X
 _07595_/X
 _07596_/X
 _07597_/X
 _07598_/X
 _07599_/X
 _07600_/X
 _07601_/X
 _07602_/X
 _07603_/X
 _07604_/X
 _07605_/X
 _07606_/X
 _07607_/X
 _07608_/Y
 _07609_/Y
 _07610_/X
 _07611_/X
 _07612_/X
 _07613_/X
 _07614_/X
 _07615_/X
 _07616_/X
 _07617_/X
 _07618_/Y
 _07619_/X
 _07620_/X
 _07621_/X
 _07622_/X
 _07623_/X
 _07624_/X
 _07625_/Y
 _07626_/X
 _07627_/X
 _07628_/Y
 _07629_/X
 _07630_/X
 _07631_/X
 _07632_/X
 _07633_/X
 _07634_/X
 _07635_/X
 _07636_/X
 _07637_/X
 _07638_/X
 _07639_/X
 _07640_/X
 _07641_/X
 _07642_/X
 _07643_/X
 _07644_/X
 _07645_/X
 _07646_/X
 _07647_/X
 _07648_/X
 _07649_/X
 _07650_/X
 _07651_/X
 _07652_/X
 _07653_/X
 _07654_/X
 _07655_/X
 _07656_/X
 _07657_/X
 _07658_/X
 _07659_/X
 _07660_/X
 _07661_/X
 _07662_/X
 _07663_/X
 _07664_/X
 _07665_/X
 _07666_/X
 _07667_/X
 _07668_/X
 _07669_/X
 _07670_/X
 _07671_/X
 _07672_/X
 _07673_/X
 _07674_/X
 _07675_/X
 _07676_/X
 _07677_/X
 _07678_/X
 _07679_/X
 _07680_/X
 _07681_/X
 _07682_/X
 _07683_/X
 _07684_/X
 _07685_/X
 _07686_/X
 _07687_/X
 _07688_/X
 _07689_/X
 _07690_/X
 _07691_/X
 _07692_/X
 _07693_/X
 _07694_/X
 _07695_/X
 _07696_/X
 _07697_/X
 _07698_/X
 _07699_/X
 _07700_/X
 _07701_/X
 _07702_/X
 _07703_/X
 _07704_/X
 _07705_/X
 _07706_/X
 _07707_/X
 _07708_/X
 _07709_/X
 _07710_/X
 _07711_/X
 _07712_/Y
 _07713_/Y
 _07714_/X
 _07715_/X
 _07716_/X
 _07717_/X
 _07718_/X
 _07719_/X
 _07720_/X
 _07721_/X
 _07722_/Y
 _07723_/X
 _07724_/X
 _07725_/X
 _07726_/X
 _07727_/X
 _07728_/X
 _07729_/X
 _07730_/X
 _07731_/Y
 _07732_/X
 _07733_/Y
 _07734_/X
 _07735_/X
 _07736_/X
 _07737_/X
 _07738_/X
 _07739_/X
 _07740_/X
 _07741_/X
 _07742_/X
 _07743_/X
 _07744_/X
 _07745_/X
 _07746_/X
 _07747_/X
 _07748_/X
 _07749_/Y
 _07750_/Y
 _07751_/X
 _07752_/X
 _07753_/X
 _07754_/X
 _07755_/X
 _07756_/X
 _07757_/X
 _07758_/Y
 _07759_/X
 _07760_/X
 _07761_/X
 _07762_/X
 _07763_/X
 _07764_/X
 _07765_/Y
 _07766_/X
 _07767_/X
 _07768_/Y
 _07769_/X
 _07770_/X
 _07771_/X
 _07772_/X
 _07773_/X
 _07774_/X
 _07775_/X
 _07776_/X
 _07777_/X
 _07778_/X
 _07779_/X
 _07780_/X
 _07781_/X
 _07782_/Y
 _07783_/Y
 _07784_/X
 _07785_/X
 _07786_/X
 _07787_/X
 _07788_/X
 _07789_/X
 _07790_/X
 _07791_/Y
 _07792_/X
 _07793_/X
 _07794_/X
 _07795_/X
 _07796_/X
 _07797_/X
 _07798_/Y
 _07799_/X
 _07800_/Y
 _07801_/X
 _07802_/X
 _07803_/X
 _07804_/X
 _07805_/X
 _07806_/X
 _07807_/X
 _07808_/X
 _07809_/X
 _07810_/X
 _07811_/X
 _07812_/X
 _07813_/X
 _07814_/X
 _07815_/X
 _07816_/X
 _07817_/X
 _07818_/X
 _07819_/X
 _07820_/X
 _07821_/X
 _07822_/X
 _07823_/X
 _07824_/X
 _07825_/X
 _07826_/X
 _07827_/X
 _07828_/X
 _07829_/X
 _07830_/X
 _07831_/X
 _07832_/X
 _07833_/X
 _07834_/X
 _07835_/X
 _07836_/X
 _07837_/X
 _07838_/X
 _07839_/X
 _07840_/Y
 _07841_/Y
 _07842_/X
 _07843_/X
 _07844_/X
 _07845_/X
 _07846_/X
 _07847_/X
 _07848_/X
 _07849_/Y
 _07850_/X
 _07851_/X
 _07852_/X
 _07853_/X
 _07854_/X
 _07855_/Y
 _07856_/X
 _07857_/Y
 _07858_/X
 _07859_/X
 _07860_/X
 _07861_/X
 _07862_/X
 _07863_/X
 _07864_/X
 _07865_/X
 _07866_/X
 _07867_/X
 _07868_/X
 _07869_/X
 _07870_/X
 _07871_/X
 _07872_/X
 _07873_/X
 _07874_/Y
 _07875_/Y
 _07876_/X
 _07877_/X
 _07878_/X
 _07879_/X
 _07880_/X
 _07881_/X
 _07882_/X
 _07883_/X
 _07884_/Y
 _07885_/X
 _07886_/X
 _07887_/X
 _07888_/X
 _07889_/X
 _07890_/Y
 _07891_/X
 _07892_/Y
 _07893_/X
 _07894_/X
 _07895_/X
 _07896_/X
 _07897_/X
 _07898_/X
 _07899_/X
 _07900_/X
 _07901_/X
 _07902_/X
 _07903_/X
 _07904_/X
 _07905_/X
 _07906_/Y
 _07907_/Y
 _07908_/X
 _07909_/X
 _07910_/X
 _07911_/X
 _07912_/X
 _07913_/X
 _07914_/X
 _07915_/Y
 _07916_/X
 _07917_/X
 _07918_/X
 _07919_/X
 _07920_/X
 _07921_/Y
 _07922_/X
 _07923_/Y
 _07924_/X
 _07925_/X
 _07926_/X
 _07927_/X
 _07928_/X
 _07929_/X
 _07930_/X
 _07931_/X
 _07932_/X
 _07933_/X
 _07934_/X
 _07935_/X
 _07936_/X
 _07937_/X
 _07938_/X
 _07939_/X
 _07940_/X
 _07941_/X
 _07942_/X
 _07943_/X
 _07944_/X
 _07945_/X
 _07946_/X
 _07947_/X
 _07948_/X
 _07949_/X
 _07950_/X
 _07951_/X
 _07952_/X
 _07953_/X
 _07954_/X
 _07955_/X
 _07956_/X
 _07957_/X
 _07958_/X
 _07959_/X
 _07960_/X
 _07961_/X
 _07962_/X
 _07963_/X
 _07964_/X
 _07965_/X
 _07966_/X
 _07967_/X
 _07968_/X
 _07969_/X
 _07970_/X
 _07971_/X
 _07972_/X
 _07973_/X
 _07974_/X
 _07975_/X
 _07976_/X
 _07977_/X
 _07978_/X
 _07979_/X
 _07980_/X
 _07981_/X
 _07982_/X
 _07983_/X
 _07984_/X
 _07985_/X
 _07986_/X
 _07987_/X
 _07988_/X
 _07989_/X
 _07990_/X
 _07991_/X
 _07992_/X
 _07993_/X
 _07994_/X
 _07995_/X
 _07996_/X
 _07997_/X
 _07998_/X
 _07999_/X
 _08000_/X
 _08001_/X
 _08002_/X
 _08003_/X
 _08004_/X
 _08005_/X
 _08006_/X
 _08007_/X
 _08008_/X
 _08009_/X
 _08010_/X
 _08011_/X
 _08012_/X
 _08013_/X
 _08014_/X
 _08015_/X
 _08016_/X
 _08017_/X
 _08018_/Y
 _08019_/Y
 _08020_/X
 _08021_/X
 _08022_/X
 _08023_/X
 _08024_/X
 _08025_/X
 _08026_/Y
 _08027_/X
 _08028_/X
 _08029_/X
 _08030_/X
 _08031_/X
 _08032_/X
 _08033_/X
 _08034_/Y
 _08035_/X
 _08036_/Y
 _08037_/X
 _08038_/X
 _08039_/X
 _08040_/X
 _08041_/X
 _08042_/X
 _08043_/X
 _08044_/X
 _08045_/X
 _08046_/X
 _08047_/X
 _08048_/X
 _08049_/X
 _08050_/X
 _08051_/X
 _08052_/X
 _08053_/X
 _08054_/X
 _08055_/X
 _08056_/Y
 _08057_/Y
 _08058_/X
 _08059_/X
 _08060_/X
 _08061_/X
 _08062_/X
 _08063_/X
 _08064_/X
 _08065_/Y
 _08066_/X
 _08067_/X
 _08068_/X
 _08069_/X
 _08070_/X
 _08071_/X
 _08072_/Y
 _08073_/X
 _08074_/Y
 _08075_/X
 _08076_/X
 _08077_/X
 _08078_/X
 _08079_/X
 _08080_/X
 _08081_/X
 _08082_/X
 _08083_/X
 _08084_/X
 _08085_/X
 _08086_/X
 _08087_/X
 _08088_/X
 _08089_/X
 _08090_/Y
 _08091_/Y
 _08092_/X
 _08093_/X
 _08094_/X
 _08095_/X
 _08096_/X
 _08097_/X
 _08098_/Y
 _08099_/X
 _08100_/X
 _08101_/X
 _08102_/X
 _08103_/X
 _08104_/Y
 _08105_/X
 _08106_/Y
 _08107_/X
 _08108_/X
 _08109_/X
 _08110_/X
 _08111_/X
 _08112_/X
 _08113_/X
 _08114_/X
 _08115_/X
 _08116_/X
 _08117_/X
 _08118_/X
 _08119_/X
 _08120_/X
 _08121_/Y
 _08122_/Y
 _08123_/X
 _08124_/X
 _08125_/X
 _08126_/X
 _08127_/X
 _08128_/X
 _08129_/X
 _08130_/X
 _08131_/Y
 _08132_/X
 _08133_/X
 _08134_/X
 _08135_/X
 _08136_/X
 _08137_/X
 _08138_/Y
 _08139_/X
 _08140_/X
 _08141_/Y
 _08142_/X
 _08143_/X
 _08144_/X
 _08145_/X
 _08146_/X
 _08147_/X
 _08148_/X
 _08149_/X
 _08150_/X
 _08151_/X
 _08152_/X
 _08153_/X
 _08154_/Y
 _08155_/Y
 _08156_/X
 _08157_/X
 _08158_/X
 _08159_/X
 _08160_/X
 _08161_/X
 _08162_/Y
 _08163_/X
 _08164_/X
 _08165_/X
 _08166_/X
 _08167_/X
 _08168_/X
 _08169_/Y
 _08170_/X
 _08171_/Y
 _08172_/X
 _08173_/X
 _08174_/X
 _08175_/X
 _08176_/X
 _08177_/X
 _08178_/X
 _08179_/X
 _08180_/X
 _08181_/X
 _08182_/X
 _08183_/X
 _08184_/Y
 _08185_/Y
 _08186_/X
 _08187_/X
 _08188_/X
 _08189_/X
 _08190_/X
 _08191_/X
 _08192_/Y
 _08193_/X
 _08194_/X
 _08195_/X
 _08196_/X
 _08197_/X
 _08198_/Y
 _08199_/X
 _08200_/X
 _08201_/Y
 _08202_/X
 _08203_/X
 _08204_/X
 _08205_/X
 _08206_/X
 _08207_/X
 _08208_/X
 _08209_/X
 _08210_/X
 _08211_/X
 _08212_/X
 _08213_/X
 _08214_/X
 _08215_/X
 _08216_/X
 _08217_/X
 _08218_/X
 _08219_/X
 _08220_/X
 _08221_/X
 _08222_/X
 _08223_/X
 _08224_/X
 _08225_/X
 _08226_/X
 _08227_/X
 _08228_/X
 _08229_/X
 _08230_/X
 _08231_/X
 _08232_/X
 _08233_/X
 _08234_/X
 _08235_/X
 _08236_/X
 _08237_/X
 _08238_/X
 _08239_/X
 _08240_/X
 _08241_/X
 _08242_/X
 _08243_/X
 _08244_/X
 _08245_/X
 _08246_/X
 _08247_/X
 _08248_/X
 _08249_/X
 _08250_/X
 _08251_/X
 _08252_/X
 _08253_/X
 _08254_/X
 _08255_/X
 _08256_/X
 _08257_/X
 _08258_/X
 _08259_/X
 _08260_/X
 _08261_/X
 _08262_/X
 _08263_/X
 _08264_/X
 _08265_/X
 _08266_/X
 _08267_/X
 _08268_/Y
 _08269_/Y
 _08270_/X
 _08271_/X
 _08272_/X
 _08273_/X
 _08274_/X
 _08275_/X
 _08276_/Y
 _08277_/X
 _08278_/X
 _08279_/X
 _08280_/X
 _08281_/X
 _08282_/Y
 _08283_/X
 _08284_/Y
 _08285_/X
 _08286_/X
 _08287_/X
 _08288_/X
 _08289_/X
 _08290_/X
 _08291_/X
 _08292_/X
 _08293_/X
 _08294_/X
 _08295_/X
 _08296_/X
 _08297_/Y
 _08298_/Y
 _08299_/X
 _08300_/X
 _08301_/X
 _08302_/X
 _08303_/X
 _08304_/X
 _08305_/Y
 _08306_/X
 _08307_/X
 _08308_/X
 _08309_/X
 _08310_/X
 _08311_/Y
 _08312_/X
 _08313_/Y
 _08314_/X
 _08315_/X
 _08316_/X
 _08317_/X
 _08318_/X
 _08319_/X
 _08320_/X
 _08321_/X
 _08322_/X
 _08323_/X
 _08324_/X
 _08325_/X
 _08326_/X
 _08327_/X
 _08328_/X
 _08329_/X
 _08330_/X
 _08331_/X
 _08332_/X
 _08333_/X
 _08334_/X
 _08335_/X
 _08336_/X
 _08337_/X
 _08338_/X
 _08339_/X
 _08340_/X
 _08341_/X
 _08342_/X
 _08343_/X
 _08344_/X
 _08345_/X
 _08346_/X
 _08347_/X
 _08348_/X
 _08349_/X
 _08350_/X
 _08351_/X
 _08352_/X
 _08353_/X
 _08354_/X
 _08355_/Y
 _08356_/Y
 _08357_/X
 _08358_/X
 _08359_/X
 _08360_/X
 _08361_/X
 _08362_/X
 _08363_/Y
 _08364_/X
 _08365_/X
 _08366_/X
 _08367_/X
 _08368_/X
 _08369_/Y
 _08370_/X
 _08371_/Y
 _08372_/X
 _08373_/X
 _08374_/X
 _08375_/X
 _08376_/X
 _08377_/X
 _08378_/X
 _08379_/X
 _08380_/X
 _08381_/X
 _08382_/X
 _08383_/X
 _08384_/Y
 _08385_/Y
 _08386_/X
 _08387_/X
 _08388_/X
 _08389_/X
 _08390_/X
 _08391_/X
 _08392_/Y
 _08393_/X
 _08394_/X
 _08395_/X
 _08396_/X
 _08397_/X
 _08398_/Y
 _08399_/X
 _08400_/Y
 _08401_/X
 _08402_/X
 _08403_/X
 _08404_/X
 _08405_/X
 _08406_/X
 _08407_/X
 _08408_/X
 _08409_/X
 _08410_/X
 _08411_/X
 _08412_/X
 _08413_/Y
 _08414_/Y
 _08415_/X
 _08416_/X
 _08417_/X
 _08418_/X
 _08419_/X
 _08420_/X
 _08421_/Y
 _08422_/X
 _08423_/X
 _08424_/X
 _08425_/X
 _08426_/X
 _08427_/Y
 _08428_/X
 _08429_/Y
 _08430_/X
 _08431_/X
 _08432_/X
 _08433_/X
 _08434_/X
 _08435_/X
 _08436_/X
 _08437_/X
 _08438_/X
 _08439_/X
 _08440_/X
 _08441_/X
 _08442_/X
 _08443_/Y
 _08444_/Y
 _08445_/X
 _08446_/X
 _08447_/X
 _08448_/X
 _08449_/X
 _08450_/X
 _08451_/Y
 _08452_/X
 _08453_/X
 _08454_/X
 _08455_/X
 _08456_/X
 _08457_/Y
 _08458_/X
 _08459_/Y
 _08460_/X
 _08461_/X
 _08462_/X
 _08463_/X
 _08464_/X
 _08465_/X
 _08466_/X
 _08467_/X
 _08468_/X
 _08469_/X
 _08470_/X
 _08471_/X
 _08472_/Y
 _08473_/Y
 _08474_/X
 _08475_/X
 _08476_/X
 _08477_/X
 _08478_/X
 _08479_/X
 _08480_/Y
 _08481_/X
 _08482_/X
 _08483_/X
 _08484_/X
 _08485_/X
 _08486_/Y
 _08487_/X
 _08488_/Y
 _08489_/X
 _08490_/X
 _08491_/X
 _08492_/X
 _08493_/X
 _08494_/X
 _08495_/X
 _08496_/X
 _08497_/X
 _08498_/X
 _08499_/X
 _08500_/X
 _08501_/Y
 _08502_/Y
 _08503_/X
 _08504_/X
 _08505_/X
 _08506_/X
 _08507_/X
 _08508_/X
 _08509_/Y
 _08510_/X
 _08511_/X
 _08512_/X
 _08513_/X
 _08514_/X
 _08515_/Y
 _08516_/X
 _08517_/Y
 _08518_/X
 _08519_/X
 _08520_/X
 _08521_/X
 _08522_/X
 _08523_/X
 _08524_/X
 _08525_/X
 _08526_/X
 _08527_/X
 _08528_/X
 _08529_/X
 _08530_/X
 _08531_/X
 _08532_/X
 _08533_/X
 _08534_/X
 _08535_/X
 _08536_/X
 _08537_/X
 _08538_/X
 _08539_/X
 _08540_/X
 _08541_/X
 _08542_/X
 _08543_/X
 _08544_/Y
 _08545_/X
 _08546_/X
 _08547_/X
 _08548_/X
 _08549_/X
 _08550_/X
 _08551_/X
 _08552_/X
 _08553_/X
 _08554_/X
 _08555_/X
 _08556_/X
 _08557_/X
 _08558_/X
 _08559_/X
 _08560_/X
 _08561_/X
 _08562_/X
 _08563_/X
 _08564_/X
 _08565_/X
 _08566_/X
 _08567_/X
 _08568_/X
 _08569_/Y
 _08570_/Y
 _08571_/X
 _08572_/X
 _08573_/X
 _08574_/X
 _08575_/X
 _08576_/X
 _08577_/X
 _08578_/X
 _08579_/X
 _08580_/X
 _08581_/X
 _08582_/X
 _08583_/X
 _08584_/X
 _08585_/X
 _08586_/X
 _08587_/X
 _08588_/X
 _08589_/X
 _08590_/X
 _08591_/X
 _08592_/X
 _08593_/Y
 _08594_/X
 _08595_/X
 _08596_/X
 _08597_/X
 _08598_/X
 _08599_/X
 _08600_/X
 _08601_/X
 _08602_/X
 _08603_/X
 _08604_/X
 _08605_/X
 _08606_/X
 _08607_/X
 _08608_/X
 _08609_/X
 _08610_/X
 _08611_/X
 _08612_/X
 _08613_/Y
 _08614_/X
 _08615_/Y
 _08616_/X
 _08617_/X
 _08618_/X
 _08619_/X
 _08620_/X
 _08621_/X
 _08622_/X
 _08623_/X
 _08624_/X
 _08625_/X
 _08626_/X
 _08627_/X
 _08628_/X
 _08629_/X
 _08630_/X
 _08631_/Y
 _08632_/Y
 _08633_/X
 _08634_/X
 _08635_/X
 _08636_/X
 _08637_/X
 _08638_/X
 _08639_/X
 _08640_/X
 _08641_/X
 _08642_/Y
 _08643_/X
 _08644_/X
 _08645_/X
 _08646_/X
 _08647_/X
 _08648_/X
 _08649_/X
 _08650_/Y
 _08651_/X
 _08652_/X
 _08653_/Y
 _08654_/X
 _08655_/X
 _08656_/X
 _08657_/X
 _08658_/X
 _08659_/X
 _08660_/X
 _08661_/X
 _08662_/X
 _08663_/X
 _08664_/X
 _08665_/X
 _08666_/X
 _08667_/X
 _08668_/Y
 _08669_/Y
 _08670_/X
 _08671_/X
 _08672_/X
 _08673_/X
 _08674_/X
 _08675_/X
 _08676_/X
 _08677_/X
 _08678_/Y
 _08679_/X
 _08680_/X
 _08681_/X
 _08682_/X
 _08683_/X
 _08684_/Y
 _08685_/X
 _08686_/X
 _08687_/Y
 _08688_/X
 _08689_/X
 _08690_/X
 _08691_/X
 _08692_/X
 _08693_/X
 _08694_/X
 _08695_/X
 _08696_/X
 _08697_/X
 _08698_/X
 _08699_/X
 _08700_/X
 _08701_/X
 _08702_/X
 _08703_/X
 _08704_/X
 _08705_/X
 _08706_/X
 _08707_/X
 _08708_/X
 _08709_/X
 _08710_/X
 _08711_/X
 _08712_/X
 _08713_/X
 _08714_/X
 _08715_/X
 _08716_/X
 _08717_/X
 _08718_/X
 _08719_/X
 _08720_/X
 _08721_/X
 _08722_/X
 _08723_/X
 _08724_/X
 _08725_/X
 _08726_/X
 _08727_/X
 _08728_/X
 _08729_/X
 _08730_/X
 _08731_/X
 _08732_/X
 _08733_/X
 _08734_/X
 _08735_/X
 _08736_/X
 _08737_/X
 _08738_/X
 _08739_/X
 _08740_/X
 _08741_/X
 _08742_/X
 _08743_/X
 _08744_/X
 _08745_/X
 _08746_/X
 _08747_/Y
 _08748_/Y
 _08749_/X
 _08750_/X
 _08751_/X
 _08752_/X
 _08753_/X
 _08754_/X
 _08755_/Y
 _08756_/X
 _08757_/X
 _08758_/X
 _08759_/X
 _08760_/X
 _08761_/X
 _08762_/Y
 _08763_/X
 _08764_/Y
 _08765_/X
 _08766_/X
 _08767_/X
 _08768_/X
 _08769_/X
 _08770_/X
 _08771_/X
 _08772_/X
 _08773_/X
 _08774_/X
 _08775_/X
 _08776_/X
 _08777_/X
 _08778_/X
 _08779_/X
 _08780_/X
 _08781_/X
 _08782_/X
 _08783_/X
 _08784_/X
 _08785_/X
 _08786_/X
 _08787_/X
 _08788_/X
 _08789_/X
 _08790_/X
 _08791_/X
 _08792_/X
 _08793_/X
 _08794_/X
 _08795_/X
 _08796_/X
 _08797_/X
 _08798_/X
 _08799_/X
 _08800_/X
 _08801_/X
 _08802_/X
 _08803_/X
 _08804_/X
 _08805_/X
 _08806_/X
 _08807_/Y
 _08808_/Y
 _08809_/X
 _08810_/X
 _08811_/X
 _08812_/X
 _08813_/X
 _08814_/X
 _08815_/X
 _08816_/Y
 _08817_/X
 _08818_/X
 _08819_/X
 _08820_/X
 _08821_/X
 _08822_/X
 _08823_/Y
 _08824_/X
 _08825_/Y
 _08826_/X
 _08827_/X
 _08828_/X
 _08829_/X
 _08830_/X
 _08831_/X
 _08832_/X
 _08833_/X
 _08834_/X
 _08835_/X
 _08836_/X
 _08837_/X
 _08838_/X
 _08839_/X
 _08840_/X
 _08841_/X
 _08842_/X
 _08843_/X
 _08844_/X
 _08845_/X
 _08846_/X
 _08847_/X
 _08848_/X
 _08849_/X
 _08850_/X
 _08851_/X
 _08852_/X
 _08853_/X
 _08854_/X
 _08855_/X
 _08856_/X
 _08857_/X
 _08858_/X
 _08859_/X
 _08860_/X
 _08861_/X
 _08862_/X
 _08863_/X
 _08864_/X
 _08865_/X
 _08866_/Y
 _08867_/Y
 _08868_/X
 _08869_/X
 _08870_/X
 _08871_/X
 _08872_/X
 _08873_/X
 _08874_/Y
 _08875_/X
 _08876_/X
 _08877_/X
 _08878_/X
 _08879_/X
 _08880_/X
 _08881_/Y
 _08882_/X
 _08883_/Y
 _08884_/X
 _08885_/X
 _08886_/X
 _08887_/X
 _08888_/X
 _08889_/X
 _08890_/X
 _08891_/X
 _08892_/X
 _08893_/X
 _08894_/X
 _08895_/X
 _08896_/Y
 _08897_/Y
 _08898_/X
 _08899_/X
 _08900_/X
 _08901_/X
 _08902_/X
 _08903_/X
 _08904_/X
 _08905_/Y
 _08906_/X
 _08907_/X
 _08908_/X
 _08909_/X
 _08910_/X
 _08911_/Y
 _08912_/X
 _08913_/Y
 _08914_/X
 _08915_/X
 _08916_/X
 _08917_/X
 _08918_/X
 _08919_/X
 _08920_/X
 _08921_/X
 _08922_/X
 _08923_/X
 _08924_/X
 _08925_/X
 _08926_/X
 _08927_/X
 _08928_/X
 _08929_/X
 _08930_/X
 _08931_/Y
 _08932_/Y
 _08933_/X
 _08934_/X
 _08935_/X
 _08936_/X
 _08937_/X
 _08938_/X
 _08939_/X
 _08940_/X
 _08941_/Y
 _08942_/X
 _08943_/X
 _08944_/X
 _08945_/X
 _08946_/X
 _08947_/Y
 _08948_/X
 _08949_/Y
 _08950_/X
 _08951_/X
 _08952_/X
 _08953_/X
 _08954_/X
 _08955_/X
 _08956_/X
 _08957_/X
 _08958_/X
 _08959_/X
 _08960_/X
 _08961_/X
 _08962_/X
 _08963_/Y
 _08964_/Y
 _08965_/X
 _08966_/X
 _08967_/X
 _08968_/X
 _08969_/X
 _08970_/X
 _08971_/X
 _08972_/Y
 _08973_/X
 _08974_/X
 _08975_/X
 _08976_/X
 _08977_/X
 _08978_/X
 _08979_/Y
 _08980_/X
 _08981_/Y
 _08982_/X
 _08983_/X
 _08984_/X
 _08985_/X
 _08986_/X
 _08987_/X
 _08988_/X
 _08989_/X
 _08990_/X
 _08991_/X
 _08992_/X
 _08993_/X
 _08994_/Y
 _08995_/Y
 _08996_/X
 _08997_/X
 _08998_/X
 _08999_/X
 _09000_/X
 _09001_/X
 _09002_/Y
 _09003_/X
 _09004_/X
 _09005_/X
 _09006_/X
 _09007_/X
 _09008_/X
 _09009_/X
 _09010_/Y
 _09011_/X
 _09012_/Y
 _09013_/X
 _09014_/X
 _09015_/X
 _09016_/X
 _09017_/X
 _09018_/X
 _09019_/X
 _09020_/X
 _09021_/X
 _09022_/X
 _09023_/X
 _09024_/X
 _09025_/X
 _09026_/X
 _09027_/X
 _09028_/X
 _09029_/X
 _09030_/X
 _09031_/Y
 _09032_/Y
 _09033_/X
 _09034_/X
 _09035_/X
 _09036_/X
 _09037_/X
 _09038_/X
 _09039_/X
 _09040_/Y
 _09041_/X
 _09042_/X
 _09043_/X
 _09044_/X
 _09045_/X
 _09046_/X
 _09047_/Y
 _09048_/X
 _09049_/Y
 _09050_/X
 _09051_/X
 _09052_/X
 _09053_/X
 _09054_/X
 _09055_/X
 _09056_/X
 _09057_/X
 _09058_/X
 _09059_/X
 _09060_/X
 _09061_/X
 _09062_/X
 _09063_/X
 _09064_/X
 _09065_/X
 _09066_/X
 _09067_/X
 _09068_/X
 _09069_/X
 _09070_/X
 _09071_/X
 _09072_/X
 _09073_/X
 _09074_/X
 _09075_/X
 _09076_/X
 _09077_/X
 _09078_/X
 _09079_/X
 _09080_/X
 _09081_/X
 _09082_/X
 _09083_/X
 _09084_/X
 _09085_/X
 _09086_/X
 _09087_/X
 _09088_/X
 _09089_/X
 _09090_/X
 _09091_/X
 _09092_/Y
 _09093_/Y
 _09094_/X
 _09095_/X
 _09096_/X
 _09097_/X
 _09098_/X
 _09099_/X
 _09100_/X
 _09101_/Y
 _09102_/X
 _09103_/X
 _09104_/X
 _09105_/X
 _09106_/X
 _09107_/Y
 _09108_/X
 _09109_/X
 _09110_/Y
 _09111_/X
 _09112_/X
 _09113_/X
 _09114_/X
 _09115_/X
 _09116_/X
 _09117_/X
 _09118_/X
 _09119_/X
 _09120_/X
 _09121_/X
 _09122_/X
 _09123_/X
 _09124_/X
 _09125_/X
 _09126_/X
 _09127_/X
 _09128_/X
 _09129_/X
 _09130_/X
 _09131_/X
 _09132_/X
 _09133_/X
 _09134_/X
 _09135_/X
 _09136_/X
 _09137_/X
 _09138_/X
 _09139_/X
 _09140_/X
 _09141_/X
 _09142_/X
 _09143_/X
 _09144_/X
 _09145_/X
 _09146_/X
 _09147_/X
 _09148_/X
 _09149_/X
 _09150_/X
 _09151_/X
 _09152_/Y
 _09153_/Y
 _09154_/X
 _09155_/X
 _09156_/X
 _09157_/X
 _09158_/X
 _09159_/X
 _09160_/X
 _09161_/X
 _09162_/Y
 _09163_/X
 _09164_/X
 _09165_/X
 _09166_/X
 _09167_/X
 _09168_/Y
 _09169_/X
 _09170_/X
 _09171_/Y
 _09172_/X
 _09173_/X
 _09174_/X
 _09175_/X
 _09176_/X
 _09177_/X
 _09178_/X
 _09179_/X
 _09180_/X
 _09181_/X
 _09182_/X
 _09183_/X
 _09184_/X
 _09185_/X
 _09186_/X
 _09187_/X
 _09188_/X
 _09189_/X
 _09190_/X
 _09191_/X
 _09192_/X
 _09193_/X
 _09194_/X
 _09195_/X
 _09196_/X
 _09197_/X
 _09198_/X
 _09199_/X
 _09200_/X
 _09201_/X
 _09202_/X
 _09203_/X
 _09204_/X
 _09205_/X
 _09206_/X
 _09207_/X
 _09208_/X
 _09209_/X
 _09210_/X
 _09211_/Y
 _09212_/Y
 _09213_/X
 _09214_/X
 _09215_/X
 _09216_/X
 _09217_/X
 _09218_/X
 _09219_/Y
 _09220_/X
 _09221_/X
 _09222_/X
 _09223_/X
 _09224_/X
 _09225_/X
 _09226_/Y
 _09227_/X
 _09228_/Y
 _09229_/X
 _09230_/X
 _09231_/X
 _09232_/X
 _09233_/X
 _09234_/X
 _09235_/X
 _09236_/X
 _09237_/X
 _09238_/X
 _09239_/X
 _09240_/X
 _09241_/Y
 _09242_/Y
 _09243_/X
 _09244_/X
 _09245_/X
 _09246_/X
 _09247_/X
 _09248_/X
 _09249_/Y
 _09250_/X
 _09251_/X
 _09252_/X
 _09253_/X
 _09254_/X
 _09255_/Y
 _09256_/X
 _09257_/Y
 _09258_/X
 _09259_/X
 _09260_/X
 _09261_/X
 _09262_/X
 _09263_/X
 _09264_/X
 _09265_/X
 _09266_/X
 _09267_/X
 _09268_/X
 _09269_/X
 _09270_/Y
 _09271_/Y
 _09272_/X
 _09273_/X
 _09274_/X
 _09275_/X
 _09276_/X
 _09277_/X
 _09278_/Y
 _09279_/X
 _09280_/X
 _09281_/X
 _09282_/X
 _09283_/X
 _09284_/Y
 _09285_/X
 _09286_/Y
 _09287_/X
 _09288_/X
 _09289_/X
 _09290_/X
 _09291_/X
 _09292_/X
 _09293_/X
 _09294_/X
 _09295_/X
 _09296_/X
 _09297_/X
 _09298_/X
 _09299_/Y
 _09300_/Y
 _09301_/X
 _09302_/X
 _09303_/X
 _09304_/X
 _09305_/X
 _09306_/X
 _09307_/Y
 _09308_/X
 _09309_/X
 _09310_/X
 _09311_/X
 _09312_/X
 _09313_/Y
 _09314_/X
 _09315_/Y
 _09316_/X
 _09317_/X
 _09318_/X
 _09319_/X
 _09320_/X
 _09321_/X
 _09322_/X
 _09323_/X
 _09324_/X
 _09325_/X
 _09326_/X
 _09327_/X
 _09328_/Y
 _09329_/Y
 _09330_/X
 _09331_/X
 _09332_/X
 _09333_/X
 _09334_/X
 _09335_/X
 _09336_/Y
 _09337_/X
 _09338_/X
 _09339_/X
 _09340_/X
 _09341_/X
 _09342_/Y
 _09343_/X
 _09344_/Y
 _09345_/X
 _09346_/X
 _09347_/X
 _09348_/X
 _09349_/X
 _09350_/X
 _09351_/X
 _09352_/X
 _09353_/X
 _09354_/X
 _09355_/X
 _09356_/X
 _09357_/Y
 _09358_/Y
 _09359_/X
 _09360_/X
 _09361_/X
 _09362_/X
 _09363_/X
 _09364_/X
 _09365_/Y
 _09366_/X
 _09367_/X
 _09368_/X
 _09369_/X
 _09370_/X
 _09371_/Y
 _09372_/X
 _09373_/Y
 _09374_/X
 _09375_/X
 _09376_/X
 _09377_/X
 _09378_/X
 _09379_/X
 _09380_/X
 _09381_/X
 _09382_/X
 _09383_/X
 _09384_/X
 _09385_/X
 _09386_/X
 _09387_/X
 _09388_/X
 _09389_/X
 _09390_/X
 _09391_/X
 _09392_/X
 _09393_/X
 _09394_/X
 _09395_/X
 _09396_/X
 _09397_/X
 _09398_/X
 _09399_/X
 _09400_/X
 _09401_/X
 _09402_/X
 _09403_/X
 _09404_/X
 _09405_/X
 _09406_/X
 _09407_/X
 _09408_/X
 _09409_/X
 _09410_/X
 _09411_/X
 _09412_/X
 _09413_/Y
 _09414_/Y
 _09415_/X
 _09416_/X
 _09417_/X
 _09418_/X
 _09419_/X
 _09420_/X
 _09421_/Y
 _09422_/X
 _09423_/X
 _09424_/X
 _09425_/X
 _09426_/X
 _09427_/Y
 _09428_/X
 _09429_/Y
 _09430_/X
 _09431_/X
 _09432_/X
 _09433_/X
 _09434_/X
 _09435_/X
 _09436_/X
 _09437_/X
 _09438_/X
 _09439_/X
 _09440_/X
 _09441_/X
 _09442_/X
 _09443_/X
 _09444_/X
 _09445_/X
 _09446_/X
 _09447_/X
 _09448_/X
 _09449_/X
 _09450_/X
 _09451_/X
 _09452_/X
 _09453_/X
 _09454_/X
 _09455_/X
 _09456_/X
 _09457_/X
 _09458_/X
 _09459_/X
 _09460_/X
 _09461_/X
 _09462_/X
 _09463_/X
 _09464_/X
 _09465_/X
 _09466_/X
 _09467_/X
 _09468_/X
 _09469_/Y
 _09470_/Y
 _09471_/X
 _09472_/X
 _09473_/X
 _09474_/X
 _09475_/X
 _09476_/X
 _09477_/Y
 _09478_/X
 _09479_/X
 _09480_/X
 _09481_/X
 _09482_/X
 _09483_/Y
 _09484_/X
 _09485_/Y
 _09486_/X
 _09487_/X
 _09488_/X
 _09489_/X
 _09490_/X
 _09491_/X
 _09492_/X
 _09493_/X
 _09494_/X
 _09495_/X
 _09496_/X
 _09497_/X
 _09498_/X
 _09499_/X
 _09500_/X
 _09501_/X
 _09502_/X
 _09503_/X
 _09504_/X
 _09505_/X
 _09506_/X
 _09507_/X
 _09508_/X
 _09509_/X
 _09510_/X
 _09511_/X
 _09512_/X
 _09513_/X
 _09514_/X
 _09515_/X
 _09516_/X
 _09517_/X
 _09518_/X
 _09519_/X
 _09520_/X
 _09521_/X
 _09522_/X
 _09523_/X
 _09524_/X
 _09525_/Y
 _09526_/Y
 _09527_/X
 _09528_/X
 _09529_/X
 _09530_/X
 _09531_/X
 _09532_/X
 _09533_/Y
 _09534_/X
 _09535_/X
 _09536_/X
 _09537_/X
 _09538_/X
 _09539_/Y
 _09540_/X
 _09541_/Y
 _09542_/X
 _09543_/X
 _09544_/X
 _09545_/X
 _09546_/X
 _09547_/X
 _09548_/X
 _09549_/X
 _09550_/X
 _09551_/X
 _09552_/X
 _09553_/X
 _09554_/Y
 _09555_/Y
 _09556_/X
 _09557_/X
 _09558_/X
 _09559_/X
 _09560_/X
 _09561_/X
 _09562_/Y
 _09563_/X
 _09564_/X
 _09565_/X
 _09566_/X
 _09567_/X
 _09568_/Y
 _09569_/X
 _09570_/Y
 _09571_/X
 _09572_/Y
 _09573_/X
 _09574_/X
 _09575_/X
 _09576_/X
 _09577_/X
 _09578_/X
 _09579_/X
 _09580_/X
 _09581_/X
 _09582_/X
 _09583_/X
 _09584_/X
 _09585_/X
 _09586_/X
 _09587_/X
 _09588_/X
 _09589_/X
 _09590_/X
 _09591_/X
 _09592_/X
 _09593_/X
 _09594_/X
 _09595_/X
 _09596_/X
 _09597_/X
 _09598_/X
 _09599_/X
 _09600_/X
 _09601_/X
 _09602_/X
 _09603_/X
 _09604_/X
 _09605_/X
 _09606_/X
 _09607_/X
 _09608_/X
 _09609_/X
 _09610_/X
 _09611_/X
 _09612_/X
 _09613_/X
 _09614_/X
 _09615_/X
 _09616_/X
 _09617_/X
 _09618_/X
 _09619_/X
 _09620_/X
 _09621_/X
 _09622_/X
 _09623_/X
 _09624_/X
 _09625_/X
 _09626_/X
 _09627_/X
 _09628_/X
 _09629_/X
 _09630_/X
 _09631_/X
 _09632_/X
 _09633_/X
 _09634_/X
 _09635_/X
 _09636_/X
 _09637_/X
 _09638_/X
 _09639_/X
 _09640_/Y
 _09641_/X
 _09642_/X
 _09643_/X
 _09644_/X
 _09645_/X
 _09646_/X
 _09647_/X
 _09648_/X
 _09649_/X
 _09650_/X
 _09651_/X
 _09652_/X
 _09653_/X
 _09654_/X
 _09655_/X
 _09656_/X
 _09657_/X
 _09658_/X
 _09659_/X
 _09660_/X
 _09661_/X
 _09662_/X
 _09663_/X
 _09664_/X
 _09665_/X
 _09666_/X
 _09667_/X
 _09668_/X
 _09669_/X
 _09670_/X
 _09671_/X
 _09672_/X
 _09673_/X
 _09674_/X
 _09675_/X
 _09676_/X
 _09677_/X
 _09678_/X
 _09679_/X
 _09680_/X
 _09681_/X
 _09682_/X
 _09683_/X
 _09684_/X
 _09685_/X
 _09686_/X
 _09687_/X
 _09688_/X
 _09689_/X
 _09690_/X
 _09691_/X
 _09692_/X
 _09693_/X
 _09694_/X
 _09695_/X
 _09696_/X
 _09697_/X
 _09698_/X
 _09699_/X
 _09700_/X
 _09701_/X
 _09702_/X
 _09703_/X
 _09704_/X
 _09705_/X
 _09706_/X
 _09707_/X
 _09708_/Y
 _09709_/X
 _09710_/X
 _09711_/X
 _09712_/X
 _09713_/X
 _09714_/X
 _09715_/X
 _09716_/X
 _09717_/X
 _09718_/X
 _09719_/X
 _09720_/X
 _09721_/X
 _09722_/X
 _09723_/X
 _09724_/X
 _09725_/X
 _09726_/X
 _09727_/X
 _09728_/X
 _09729_/X
 _09730_/X
 _09731_/X
 _09732_/X
 _09733_/X
 _09734_/X
 _09735_/X
 _09736_/X
 _09737_/X
 _09738_/X
 _09739_/X
 _09740_/X
 _09741_/X
 _09742_/X
 _09743_/X
 _09744_/X
 _09745_/X
 _09746_/X
 _09747_/X
 _09748_/X
 _09749_/X
 _09750_/X
 _09751_/X
 _09752_/X
 _09753_/X
 _09754_/X
 _09755_/X
 _09756_/X
 _09757_/X
 _09758_/X
 _09759_/X
 _09760_/X
 _09761_/X
 _09762_/X
 _09763_/X
 _09764_/X
 _09765_/X
 _09766_/X
 _09767_/X
 _09768_/X
 _09769_/X
 _09770_/X
 _09771_/X
 _09772_/X
 _09773_/X
 _09774_/X
 _09775_/X
 _09776_/Y
 _09777_/X
 _09778_/X
 _09779_/X
 _09780_/X
 _09781_/X
 _09782_/X
 _09783_/X
 _09784_/X
 _09785_/X
 _09786_/X
 _09787_/X
 _09788_/X
 _09789_/X
 _09790_/X
 _09791_/X
 _09792_/X
 _09793_/X
 _09794_/X
 _09795_/X
 _09796_/X
 _09797_/X
 _09798_/X
 _09799_/X
 _09800_/X
 _09801_/X
 _09802_/X
 _09803_/X
 _09804_/X
 _09805_/X
 _09806_/X
 _09807_/X
 _09808_/X
 _09809_/X
 _09810_/X
 _09811_/X
 _09812_/X
 _09813_/X
 _09814_/X
 _09815_/X
 _09816_/X
 _09817_/X
 _09818_/X
 _09819_/X
 _09820_/X
 _09821_/X
 _09822_/X
 _09823_/X
 _09824_/X
 _09825_/X
 _09826_/X
 _09827_/X
 _09828_/X
 _09829_/X
 _09830_/X
 _09831_/X
 _09832_/X
 _09833_/X
 _09834_/X
 _09835_/X
 _09836_/X
 _09837_/X
 _09838_/X
 _09839_/X
 _09840_/X
 _09841_/X
 _09842_/X
 _09843_/X
 _09844_/Y
 _09845_/X
 _09846_/X
 _09847_/X
 _09848_/X
 _09849_/X
 _09850_/X
 _09851_/X
 _09852_/X
 _09853_/X
 _09854_/X
 _09855_/X
 _09856_/X
 _09857_/X
 _09858_/X
 _09859_/X
 _09860_/X
 _09861_/X
 _09862_/X
 _09863_/X
 _09864_/X
 _09865_/X
 _09866_/X
 _09867_/X
 _09868_/X
 _09869_/X
 _09870_/X
 _09871_/X
 _09872_/X
 _09873_/X
 _09874_/X
 _09875_/X
 _09876_/X
 _09877_/X
 _09878_/X
 _09879_/X
 _09880_/X
 _09881_/X
 _09882_/X
 _09883_/X
 _09884_/X
 _09885_/X
 _09886_/X
 _09887_/X
 _09888_/X
 _09889_/X
 _09890_/X
 _09891_/X
 _09892_/X
 _09893_/X
 _09894_/X
 _09895_/X
 _09896_/X
 _09897_/X
 _09898_/X
 _09899_/X
 _09900_/X
 _09901_/X
 _09902_/X
 _09903_/X
 _09904_/X
 _09905_/X
 _09906_/X
 _09907_/X
 _09908_/X
 _09909_/X
 _09910_/X
 _09911_/X
 _09912_/Y
 _09913_/X
 _09914_/X
 _09915_/X
 _09916_/X
 _09917_/X
 _09918_/X
 _09919_/X
 _09920_/X
 _09921_/X
 _09922_/X
 _09923_/X
 _09924_/X
 _09925_/X
 _09926_/X
 _09927_/X
 _09928_/X
 _09929_/X
 _09930_/X
 _09931_/X
 _09932_/X
 _09933_/X
 _09934_/X
 _09935_/X
 _09936_/X
 _09937_/X
 _09938_/X
 _09939_/X
 _09940_/X
 _09941_/X
 _09942_/X
 _09943_/X
 _09944_/X
 _09945_/X
 _09946_/X
 _09947_/X
 _09948_/X
 _09949_/X
 _09950_/X
 _09951_/X
 _09952_/X
 _09953_/X
 _09954_/X
 _09955_/X
 _09956_/X
 _09957_/X
 _09958_/X
 _09959_/X
 _09960_/X
 _09961_/X
 _09962_/X
 _09963_/X
 _09964_/X
 _09965_/X
 _09966_/X
 _09967_/X
 _09968_/X
 _09969_/X
 _09970_/X
 _09971_/X
 _09972_/X
 _09973_/X
 _09974_/X
 _09975_/X
 _09976_/X
 _09977_/X
 _09978_/X
 _09979_/X
 _09980_/Y
 _09981_/X
 _09982_/X
 _09983_/X
 _09984_/X
 _09985_/X
 _09986_/X
 _09987_/X
 _09988_/X
 _09989_/X
 _09990_/X
 _09991_/X
 _09992_/X
 _09993_/X
 _09994_/X
 _09995_/X
 _09996_/X
 _09997_/X
 _09998_/X
 _09999_/X
 _10000_/X
 _10001_/X
 _10002_/X
 _10003_/X
 _10004_/X
 _10005_/X
 _10006_/X
 _10007_/X
 _10008_/X
 _10009_/X
 _10010_/X
 _10011_/X
 _10012_/X
 _10013_/X
 _10014_/X
 _10015_/X
 _10016_/X
 _10017_/X
 _10018_/X
 _10019_/X
 _10020_/X
 _10021_/X
 _10022_/X
 _10023_/X
 _10024_/X
 _10025_/X
 _10026_/X
 _10027_/X
 _10028_/X
 _10029_/X
 _10030_/X
 _10031_/X
 _10032_/X
 _10033_/X
 _10034_/X
 _10035_/X
 _10036_/X
 _10037_/X
 _10038_/X
 _10039_/X
 _10040_/X
 _10041_/X
 _10042_/X
 _10043_/X
 _10044_/X
 _10045_/X
 _10046_/X
 _10047_/X
 _10048_/Y
 _10049_/X
 _10050_/X
 _10051_/X
 _10052_/X
 _10053_/X
 _10054_/X
 _10055_/X
 _10056_/X
 _10057_/X
 _10058_/X
 _10059_/X
 _10060_/X
 _10061_/X
 _10062_/X
 _10063_/X
 _10064_/X
 _10065_/X
 _10066_/X
 _10067_/X
 _10068_/X
 _10069_/X
 _10070_/X
 _10071_/X
 _10072_/X
 _10073_/X
 _10074_/X
 _10075_/X
 _10076_/X
 _10077_/X
 _10078_/X
 _10079_/X
 _10080_/X
 _10081_/X
 _10082_/X
 _10083_/X
 _10084_/X
 _10085_/X
 _10086_/X
 _10087_/X
 _10088_/X
 _10089_/X
 _10090_/X
 _10091_/X
 _10092_/X
 _10093_/X
 _10094_/X
 _10095_/X
 _10096_/X
 _10097_/X
 _10098_/X
 _10099_/X
 _10100_/X
 _10101_/X
 _10102_/X
 _10103_/X
 _10104_/X
 _10105_/X
 _10106_/X
 _10107_/X
 _10108_/X
 _10109_/X
 _10110_/X
 _10111_/X
 _10112_/X
 _10113_/X
 _10114_/X
 _10115_/X
 _10116_/Y
 _10117_/X
 _10118_/X
 _10119_/X
 _10120_/X
 _10121_/X
 _10122_/X
 _10123_/X
 _10124_/X
 _10125_/X
 _10126_/X
 _10127_/X
 _10128_/X
 _10129_/X
 _10130_/X
 _10131_/X
 _10132_/X
 _10133_/X
 _10134_/X
 _10135_/X
 _10136_/X
 _10137_/X
 _10138_/X
 _10139_/X
 _10140_/X
 _10141_/X
 _10142_/X
 _10143_/X
 _10144_/X
 _10145_/X
 _10146_/X
 _10147_/X
 _10148_/X
 _10149_/X
 _10150_/X
 _10151_/X
 _10152_/X
 _10153_/X
 _10154_/X
 _10155_/X
 _10156_/X
 _10157_/X
 _10158_/X
 _10159_/X
 _10160_/X
 _10161_/X
 _10162_/X
 _10163_/X
 _10164_/X
 _10165_/X
 _10166_/X
 _10167_/X
 _10168_/X
 _10169_/X
 _10170_/X
 _10171_/X
 _10172_/X
 _10173_/X
 _10174_/X
 _10175_/X
 _10176_/X
 _10177_/X
 _10178_/X
 _10179_/X
 _10180_/X
 _10181_/X
 _10182_/X
 _10183_/X
 _10184_/X
 _10185_/X
 _10186_/X
 _10187_/X
 _10188_/X
 _10189_/X
 _10190_/X
 _10191_/X
 _10192_/X
 _10193_/X
 _10194_/X
 _10195_/X
 _10196_/X
 _10197_/X
 _10198_/Q
 _10199_/Q
 _10200_/Q
 _10201_/Q
 _10202_/Q
 _10203_/Q
 _10204_/Q
 _10205_/Q
 _10206_/Q
 _10207_/Q
 _10208_/Q
 _10209_/Q
 _10210_/Q
 _10211_/Q
 _10212_/Q
 _10213_/Q
 _10214_/Q
 _10215_/Q
 _10216_/Q
 _10217_/Q
 _10218_/Q
 _10219_/Q
 _10220_/Q
 _10221_/Q
 _10222_/Q
 _10223_/Q
 _10224_/Q
 _10225_/Q
 _10226_/Q
 _10227_/Q
 _10228_/Q
 _10229_/Q
 _10230_/Q
 _10231_/Q
 _10232_/Q
 _10233_/Q
 _10234_/Q
 _10235_/Q
 _10236_/Q
 _10237_/Q
 _10238_/Q
 _10239_/Q
 _10240_/Q
 _10241_/Q
 _10242_/Q
 _10243_/Q
 _10244_/Q
 _10245_/Q
 _10246_/Q
 _10247_/Q
 _10248_/Q
 _10249_/Q
 _10250_/Q
 _10251_/Q
 _10252_/Q
 _10253_/Q
 _10254_/Q
 _10255_/Q
 _10256_/Q
 _10257_/Q
 _10258_/Q
 _10259_/Q
 _10260_/Q
 _10261_/Q
 _10262_/Q
 _10263_/Q
 _10264_/Q
 _10265_/Q
 _10266_/Q
 _10267_/Q
 _10268_/Q
 _10269_/Q
 _10270_/Q
 _10271_/Q
 _10272_/Q
 _10273_/Q
 _10274_/Q
 _10275_/Q
 _10276_/Q
 _10277_/Q
 _10278_/Q
 _10279_/Q
 _10280_/Q
 _10281_/Q
 _10282_/Q
 _10283_/Q
 _10284_/Q
 _10285_/Q
 _10286_/Q
 _10287_/Q
 _10288_/Q
 _10289_/Q
 _10290_/Q
 _10291_/Q
 _10292_/Q
 _10293_/Q
 _10294_/Q
 _10295_/Q
 _10296_/Q
 _10297_/Q
 _10298_/Q
 _10299_/Q
 _10300_/Q
 _10301_/Q
 _10302_/Q
 _10303_/Q
 _10304_/Q
 _10305_/Q
 _10306_/Q
 _10307_/Q
 _10308_/Q
 _10309_/Q
 _10310_/Q
 _10311_/Q
 _10312_/Q
 _10313_/Q
 _10314_/Q
 _10315_/Q
 _10316_/Q
 _10317_/Q
 _10318_/Q
 _10319_/Q
 _10320_/Q
 _10321_/Q
 _10322_/Q
 _10323_/Q
 _10324_/Q
 _10325_/Q
 _10326_/Q
 _10327_/Q
 _10328_/Q
 _10329_/Q
 _10330_/Q
 _10331_/Q
 _10332_/Q
 _10333_/Q
 _10334_/Q
 _10335_/Q
 _10336_/Q
 _10337_/Q
 _10338_/Q
 _10339_/Q
 _10340_/Q
 _10341_/Q
 _10342_/Q
 _10343_/Q
 _10344_/Q
 _10345_/Q
 _10346_/Q
 _10347_/Q
 _10348_/Q
 _10349_/Q
 _10350_/Q
 _10351_/Q
 _10352_/Q
 _10353_/Q
 _10354_/Q
 _10355_/Q
 _10356_/Q
 _10357_/Q
 _10358_/Q
 _10359_/Q
 _10360_/Q
 _10361_/Q
 _10362_/Q
 _10363_/Q
 _10364_/Q
 _10365_/Q
 _10366_/Q
 _10367_/Q
 _10368_/Q
 _10369_/Q
 _10370_/Q
 _10371_/Q
 _10372_/Q
 _10373_/Q
 _10374_/Q
 _10375_/Q
 _10376_/Q
 _10377_/Q
 _10378_/Q
 _10379_/Q
 _10380_/Q
 _10381_/Q
 _10382_/Q
 _10383_/Q
 _10384_/Q
 _10385_/Q
 _10386_/Q
 _10387_/Q
 _10388_/Q
 _10389_/Q
 _10390_/Q
 _10391_/Q
 _10392_/Q
 _10393_/Q
 _10394_/Q
 _10395_/Q
 _10396_/Q
 _10397_/Q
 _10398_/Q
 _10399_/Q
 _10400_/Q
 _10401_/Q
 _10402_/Q
 _10403_/Q
 _10404_/Q
 _10405_/Q
 _10406_/Q
 _10407_/Q
 _10408_/Q
 _10409_/Q
 _10410_/Q
 _10411_/Q
 _10412_/Q
 _10413_/Q
 _10414_/Q
 _10415_/Q
 _10416_/Q
 _10417_/Q
 _10418_/Q
 _10419_/Q
 _10420_/Q
 _10421_/Q
 _10422_/Q
 _10423_/Q
 _10424_/Q
 _10425_/Q
 _10426_/Q
 _10427_/Q
 _10428_/Q
 _10429_/Q
 _10430_/Q
 _10431_/Q
 _10432_/Q
 _10433_/Q
 _10434_/Q
 _10435_/Q
 _10436_/Q
 _10437_/Q
 _10438_/Q
 _10439_/Q
 _10440_/Q
 _10441_/Q
 _10442_/Q
 _10443_/Q
 _10444_/Q
 _10445_/Q
 _10446_/Q
 _10447_/Q
 _10448_/Q
 _10449_/Q
 _10450_/Q
 _10451_/Q
 _10452_/Q
 _10453_/Q
 _10454_/Q
 _10455_/Q
 _10456_/Q
 _10457_/Q
 _10458_/Q
 _10459_/Q
 _10460_/Q
 _10461_/Q
 _10462_/Q
 _10463_/Q
 _10464_/Q
 _10465_/Q
 _10466_/Q
 _10467_/Q
 _10468_/Q
 _10469_/Q
 _10470_/Q
 _10471_/Q
 _10472_/Q
 _10473_/Q
 _10474_/Q
 _10475_/Q
 _10476_/Q
 _10477_/Q
 _10478_/Q
 _10479_/Q
 _10480_/Q
 _10481_/Q
 _10482_/Q
 _10483_/Q
 _10484_/Q
 _10485_/Q
 _10486_/Q
 _10487_/Q
 _10488_/Q
 _10489_/Q
 _10490_/Q
 _10491_/Q
 _10492_/Q
 _10493_/Q
 _10494_/Q
 _10495_/Q
 _10496_/Q
 _10497_/Q
 _10498_/Q
 _10499_/Q
 _10500_/Q
 _10501_/Q
 _10502_/Q
 _10503_/Q
 _10504_/Q
 _10505_/Q
 _10506_/Q
 _10507_/Q
 _10508_/Q
 _10509_/Q
 _10510_/Q
 _10511_/Q
 _10512_/Q
 _10513_/Q
 _10514_/Q
 _10515_/Q
 _10516_/Q
 _10517_/Q
 _10518_/Q
 _10519_/Q
 _10520_/Q
 _10521_/Q
 _10522_/Q
 _10523_/Q
 _10524_/Q
 _10525_/Q
 _10526_/Q
 _10527_/Q
 _10528_/Q
 _10529_/Q
 _10530_/Q
 _10531_/Q
 _10532_/Q
 _10533_/Q
 _10534_/Q
 _10535_/Q
 _10536_/Q
 _10537_/Q
 _10538_/Q
 _10539_/Q
 _10540_/Q
 _10541_/Q
 _10542_/Q
 _10543_/Q
 _10544_/Q
 _10545_/Q
 _10546_/Q
 _10547_/Q
 _10548_/Q
 _10549_/Q
 _10550_/Q
 _10551_/Q
 _10552_/Q
 _10553_/Q
 _10554_/Q
 _10555_/Q
 _10556_/Q
 _10557_/Q
 _10558_/Q
 _10559_/Q
 _10560_/Q
 _10561_/Q
 _10562_/Q
 _10563_/Q
 _10564_/Q
 _10565_/Q
 _10566_/Q
 _10567_/Q
 _10568_/Q
 _10569_/Q
 _10570_/Q
 _10571_/Q
 _10572_/Q
 _10573_/Q
 _10574_/Q
 _10575_/Q
 _10576_/Q
 _10577_/Q
 _10578_/Q
 _10579_/Q
 _10580_/Q
 _10581_/Q
 _10582_/Q
 _10583_/Q
 _10584_/Q
 _10585_/Q
 _10586_/Q
 _10587_/Q
 _10588_/Q
 _10589_/Q
 _10590_/Q
 _10591_/Q
 _10592_/Q
 _10593_/Q
 _10594_/Q
 _10595_/Q
 _10596_/Q
 _10597_/Q
 _10598_/Q
 _10599_/Q
 _10600_/Q
 _10601_/Q
 _10602_/Q
 _10603_/Q
 _10604_/Q
 _10605_/Q
 _10606_/Q
 _10607_/Q
 _10608_/Q
 _10609_/Q
 _10610_/Q
 _10611_/Q
 _10612_/Q
 _10613_/Q
 _10614_/Q
 _10615_/Q
 _10616_/Q
 _10617_/Q
 _10618_/Q
 _10619_/Q
 _10620_/Q
 _10621_/Q
 _10622_/Q
 _10623_/Q
 _10624_/Q
 _10625_/Q
 _10626_/Q
 _10627_/Q
 _10628_/Q
 _10629_/Q
 _10630_/Q
 _10631_/Q
 _10632_/Q
 _10633_/Q
 _10634_/Q
 _10635_/Q
 _10636_/Q
 _10637_/Q
 _10638_/Q
 _10639_/Q
 _10640_/Q
 _10641_/Q
 _10642_/Q
 _10643_/Q
 _10644_/Q
 _10645_/Q
 _10646_/Q
 _10647_/Q
 _10648_/Q
 _10649_/Q
 _10650_/Q
 _10651_/Q
 _10652_/Q
 _10653_/Q
 _10654_/Q
 _10655_/Q
 _10656_/Q
 _10657_/Q
 _10658_/Q
 _10659_/Q
 _10660_/Q
 _10661_/Q
 _10662_/Q
 _10663_/Q
 _10664_/Q
 _10665_/Q
 _10666_/Q
 _10667_/Q
 _10668_/Q
 _10669_/Q
 _10670_/Q
 _10671_/Q
 _10672_/Q
 _10673_/Q
 _10674_/Q
 _10675_/Q
 _10676_/Q
 _10677_/Q
 _10678_/Q
 _10679_/Q
 _10680_/Q
 _10681_/Q
 _10682_/Q
 _10683_/Q
 _10684_/Q
 _10685_/Q
 _10686_/Q
 _10687_/Q
 _10688_/Q
 _10689_/Q
 _10690_/Q
 _10691_/Q
 _10692_/Q
 _10693_/Q
 _10694_/Q
 _10695_/Q
 _10696_/Q
 _10697_/Q
 _10698_/Q
 _10699_/Q
 _10700_/Q
 _10701_/Q
 _10702_/Q
 _10703_/Q
 _10704_/Q
 _10705_/Q
 _10706_/Q
 _10707_/Q
 _10708_/Q
 _10709_/Q
 _10710_/Q
 _10711_/Q
 _10712_/Q
 _10713_/Q
 _10714_/Q
 _10715_/Q
 _10716_/Q
 _10717_/Q
 _10718_/Q
 _10719_/Q
 _10720_/Q
 _10721_/Q
 _10722_/Q
 _10723_/Q
 _10724_/Q
 _10725_/Q
 _10726_/Q
 _10727_/Q
 _10728_/Q
 _10729_/Q
 _10730_/Q
 _10731_/Q
 _10732_/Q
 _10733_/Q
 _10734_/Q
 _10735_/Q
 _10736_/Q
 _10737_/Q
 _10738_/Q
 _10739_/Q
 _10740_/Q
 _10741_/Q
 _10742_/Q
 _10743_/Q
 _10744_/Q
 _10745_/Q
 _10746_/Q
 _10747_/Q
 _10748_/Q
 _10749_/Q
 _10750_/Q
 _10751_/Q
 _10752_/Q
 _10753_/Q
 _10754_/Q
 _10755_/Q
 _10756_/Q
 _10757_/Q
 _10758_/Q
 _10759_/Q
 _10760_/Q
 _10761_/Q
 _10762_/Q
 _10763_/Q
 _10764_/Q
 _10765_/Q
 _10766_/Q
 _10767_/Q
 _10768_/Q
 _10769_/Q
 _10770_/Q
 _10771_/Q
 _10772_/Q
 _10773_/Q
 _10774_/Q
 _10775_/Q
 _10776_/Q
 _10777_/Q
 _10778_/Q
 _10779_/Q
 _10780_/Q
 _10781_/Q
 _10782_/Q
 _10783_/Q
 _10784_/Q
 _10785_/Q
 _10786_/Q
 _10787_/Q
 _10788_/Q
 _10789_/Q
 _10790_/Q
 _10791_/Q
 _10792_/Q
 _10793_/Q
 _10794_/Q
 _10795_/Q
 _10796_/Q
 _10797_/Q
 _10798_/Q
 _10799_/Q
 _10800_/Q
 _10801_/Q
 _10802_/Q
 _10803_/Q
 _10804_/Q
 _10805_/Q
 _10806_/Q
 _10807_/Q
 _10808_/Q
 _10809_/Q
 _10810_/Q
 _10811_/Q
 _10812_/Q
 _10813_/Q
 _10814_/Q
 _10815_/Q
 _10816_/Q
 _10817_/Q
 _10818_/Q
 _10819_/Q
 _10820_/Q
 _10821_/Q
 _10822_/Q
 _10823_/Q
 _10824_/Q
 _10825_/Q
 _10826_/Q
 _10827_/Q
 _10828_/Q
 _10829_/Q
 _10830_/Q
 _10831_/Q
 _10832_/Q
 _10833_/Q
 _10834_/Q
 _10835_/Q
 _10836_/Q
 _10837_/Q
 _10838_/Q
 _10839_/Q
 _10840_/Q
 _10841_/Q
 _10842_/Q
 _10843_/Q
 _10844_/Q
 _10845_/Q
 _10846_/Q
 _10847_/Q
 _10848_/Q
 _10849_/Q
 _10850_/Q
 _10851_/Q
 _10852_/Q
 _10853_/Q
 _10854_/Q
 _10855_/Q
 _10856_/Q
 _10857_/Q
 _10858_/Q
 _10859_/Q
 _10860_/Q
 _10861_/Q
 _10862_/Q
 _10863_/Q
 _10864_/Q
 _10865_/Q
 _10866_/Q
 _10867_/Q
 _10868_/Q
 _10869_/Q
 _10870_/Q
 _10871_/Q
 _10872_/Q
 _10873_/Q
 _10874_/Q
 _10875_/Q
 _10876_/Q
 _10877_/Q
 _10878_/Q
 _10879_/Q
 _10880_/Q
 _10881_/Q
 _10882_/Q
 _10883_/Q
 _10884_/Q
 _10885_/Q
 _10886_/Q
 _10887_/Q
 _10888_/Q
 _10889_/Q
 _10890_/Q
 _10891_/Q
 _10892_/Q
 _10893_/Q
 _10894_/Q
 _10895_/Q
 _10896_/Q
 _10897_/Q
 _10898_/Q
 _10899_/Q
 _10900_/Q
 _10901_/Q
 _10902_/Q
 _10903_/Q
 _10904_/Q
 _10905_/Q
 _10906_/Q
 _10907_/Q
 _10908_/Q
 _10909_/Q
 _10910_/Q
 _10911_/Q
 _10912_/Q
 _10913_/Q
 _10914_/Q
 _10915_/Q
 _10916_/Q
 _10917_/Q
 _10918_/Q
 _10919_/Q
 _10920_/Q
 _10921_/Q
 _10922_/Q
 _10923_/Q
 _10924_/Q
 _10925_/Q
 _10926_/Q
 _10927_/Q
 _10928_/Q
 _10929_/Q
 _10930_/Q
 _10931_/Q
 _10932_/Q
 _10933_/Q
 _10934_/Q
 _10935_/Q
 _10936_/Q
 _10937_/Q
 _10938_/Q
 _10939_/Q
 _10940_/Q
 _10941_/Q
 _10942_/Q
 _10943_/Q
 _10944_/Q
 _10945_/Q
 _10946_/Q
 _10947_/Q
 _10948_/Q
 _10949_/Q
 _10950_/Q
 _10951_/Q
 _10952_/Q
 _10953_/Q
 _10954_/Q
 _10955_/Q
 _10956_/Q
 _10957_/Q
 _10958_/Q
 _10959_/Q
 _10960_/Q
 _10961_/Q
 _10962_/Q
 _10963_/Q
 _10964_/Q
 _10965_/Q
 _10966_/Q
 _10967_/Q
 _10968_/Q
 _10969_/Q
 _10970_/Q
 _10971_/Q
 _10972_/Q
 _10973_/Q
 _10974_/Q
 _10975_/Q
 _10976_/Q
 _10977_/Q
 _10978_/Q
 _10979_/Q
 _10980_/Q
 _10981_/Q
 _10982_/Q
 _10983_/Q
 _10984_/Q
 _10985_/Q
 _10986_/Q
 _10987_/Q
 _10988_/Q
 _10989_/Q
 _10990_/Q
 _10991_/Q
 _10992_/Q
 _10993_/Q
 _10994_/Q
 _10995_/Q
 _10996_/Q
 _10997_/Q
 _10998_/Q
 _10999_/Q
 _11000_/Q
 _11001_/Q
 _11002_/Q
 _11003_/Q
 _11004_/Q
 _11005_/Q
 _11006_/Q
 _11007_/Q
 _11008_/Q
 _11009_/Q
 _11010_/Q
 _11011_/Q
 _11012_/Q
 _11013_/Q
 _11014_/Q
 _11015_/Q
 _11016_/Q
 _11017_/Q
 _11018_/Q
 _11019_/Q
 _11020_/Q
 _11021_/Q
 _11022_/Q
 _11023_/Q
 _11024_/Q
 _11025_/Q
 _11026_/Q
 _11027_/Q
 _11028_/Q
 _11029_/Q
 _11030_/Q
 _11031_/Q
 _11032_/Q
 _11033_/Q
 _11034_/Q
 _11035_/Q
 _11036_/Q
 _11037_/Q
 _11038_/Q
 _11039_/Q
 _11040_/Q
 _11041_/Q
 _11042_/Q
 _11043_/Q
 _11044_/Q
 _11045_/Q
 _11046_/Q
 _11047_/Q
 _11048_/Q
 _11049_/Q
 _11050_/Q
 _11051_/Q
 _11052_/Q
 _11053_/Q
 _11054_/Q
 _11055_/Q
 _11056_/Q
 _11057_/Q
 _11058_/Q
 _11059_/Q
 _11060_/Q
 _11061_/Q
 _11062_/Q
 _11063_/Q
 _11064_/Q
 _11065_/Q
 _11066_/Q
 _11067_/Q
 _11068_/Q
 _11069_/Q
 _11070_/Q
 _11071_/Q
 _11072_/Q
 _11073_/Q
 _11074_/Q
 _11075_/Q
 _11076_/Q
 _11077_/Q
 _11078_/Q
 _11079_/Q
 _11080_/Q
 _11081_/Q
 _11082_/Q
 _11083_/Q
 _11084_/Q
 _11085_/Q
 _11086_/Q
 _11087_/Q
 _11088_/Q
 _11089_/Q
 _11090_/Q
 _11091_/Q
 _11092_/Q
 _11093_/Q
 _11094_/Q
 _11095_/Q
 _11096_/Q
 _11097_/Q
 _11098_/Q
 _11099_/Q
 _11100_/Q
 _11101_/Q
 _11102_/Q
 _11103_/Q
 _11104_/Q
 _11105_/Q
 _11106_/Q
 _11107_/Q
 _11108_/Q
 _11109_/Q
 _11110_/Q
 _11111_/Q
 _11112_/Q
 _11113_/Q
 _11114_/Q
 _11115_/Q
 _11116_/Q
 _11117_/Q
 _11118_/Q
 _11119_/Q
 _11120_/Q
 _11121_/Q
 _11122_/Q
 _11123_/Q
 _11124_/Q
 _11125_/Q
 _11126_/Q
 _11127_/Q
 _11128_/Q
 _11129_/Q
 _11130_/Q
 _11131_/Q
 _11132_/Q
 _11133_/Q
 _11134_/Q
 _11135_/Q
 _11136_/Q
 _11137_/Q
 _11138_/Q
 _11139_/Q
 _11140_/Q
 _11141_/Q
 _11142_/Q
 _11143_/Q
 _11144_/Q
 _11145_/Q
 _11146_/Q
 _11147_/Q
 _11148_/Q
 _11149_/Q
 _11150_/Q
 _11151_/Q
 _11152_/Q
 _11153_/Q
 _11154_/Q
 _11155_/Q
 _11156_/Q
 _11157_/Q
 _11158_/Q
 _11159_/Q
 _11160_/Q
 _11161_/Q
 _11162_/Q
 _11163_/Q
 _11164_/Q
 _11165_/Q
 _11166_/Q
 _11167_/Q
 _11168_/Q
 _11169_/Q
 _11170_/Q
 _11171_/Q
 _11172_/Q
 _11173_/Q
 _11174_/Q
 _11175_/Q
 _11176_/Q
 _11177_/Q
 _11178_/Q
 _11179_/Q
 _11180_/Q
 _11181_/Q
 _11182_/Q
 _11183_/Q
 _11184_/Q
 _11185_/Q
 _11186_/Q
 _11187_/Q
 _11188_/Q
 _11189_/Q
 _11190_/Q
 _11191_/Q
 _11192_/Q
 _11193_/Q
 _11194_/Q
 _11195_/Q
 _11196_/Q
 _11197_/Q
 _11198_/Q
 _11199_/Q
 _11200_/Q
 _11201_/Q
 _11202_/Q
 _11203_/Q
 _11204_/Q
 _11205_/Q
 _11206_/Q
 _11207_/Q
 _11208_/Q
 _11209_/Q
 _11210_/Q
 _11211_/Q
 _11212_/Q
 _11213_/Q
 _11214_/Q
 _11215_/Q
 _11216_/Q
 _11217_/Q
 _11218_/Q
 _11219_/Q
 _11220_/Q
 _11221_/Q
 _11222_/Q
 _11223_/Q
 _11224_/Q
 _11225_/Q
 _11226_/Q
 _11227_/Q
 _11228_/Q
 _11229_/Q
 _11230_/Q
 _11231_/Q
 _11232_/Q
 _11233_/Q
 _11234_/Q
 _11235_/Q
 _11236_/Q
 _11237_/Q
 _11238_/Q
 _11239_/Q
 _11240_/Q
 _11241_/Q
 _11242_/Q
 _11243_/Q
 _11244_/Q
 _11245_/Q
 _11246_/Q
 _11247_/Q
 _11248_/Q
 _11249_/Q
 _11250_/Q
 _11251_/Q
 _11252_/Q
 _11253_/Q
 _11254_/Q
 _11255_/Q
 _11256_/Q
 _11257_/Q
 _11258_/Q
 _11259_/Q
 _11260_/Q
 _11261_/Q
 _11262_/Q
 _11263_/Q
 _11264_/Q
 _11265_/Q
 _11266_/Q
 _11267_/Q
 _11268_/Q
 _11269_/Q
 _11270_/Q
 _11271_/Q
 _11272_/Q
 _11273_/Q
 _11274_/Q
 _11275_/Q
 _11276_/Q
 _11277_/Q
 _11278_/Q
 _11279_/Q
 _11280_/Q
 _11281_/Q
 _11282_/Q
 _11283_/Q
 _11284_/Q
 _11285_/Q
 _11286_/Q
 _11287_/Q
 _11288_/Q
 _11289_/Q
 _11290_/Q
 _11291_/Q
 _11292_/Q
 _11293_/Q
 _11294_/Q
 _11295_/Q
 _11296_/Q
 _11297_/Q
 _11298_/Q
 _11299_/Q
 _11300_/Q
 _11301_/Q
 _11302_/Q
 _11303_/Q
 _11304_/Q
 _11305_/Q
 _11306_/Q
 _11307_/Q
 _11308_/Q
 _11309_/Q
 _11310_/Q
 _11311_/Q
 _11312_/Q
 _11313_/Q
 _11314_/Q
 _11315_/Q
 _11316_/Q
 _11317_/Q
Found 0 partially unannotated drivers.

===========================================================================
max slew violation count 0
max fanout violation count 0
max cap violation count 0
============================================================================

===========================================================================
check_setup -verbose -unconstrained_endpoints -multiple_clock -no_clock -no_input_delay -loops -generated_clocks
===========================================================================
