
===========================================================================
 report_power
============================================================================
======================= Fastest Corner ===================================

Group                  Internal  Switching    Leakage      Total
                          Power      Power      Power      Power (Watts)
----------------------------------------------------------------
Sequential             1.46e-04   0.00e+00   2.88e-08   1.46e-04  46.1%
Combinational          2.45e-06   6.21e-06   1.01e-09   8.66e-06   2.7%
Clock                  1.06e-04   5.70e-05   7.55e-10   1.63e-04  51.2%
Macro                  0.00e+00   0.00e+00   0.00e+00   0.00e+00   0.0%
Pad                    0.00e+00   0.00e+00   0.00e+00   0.00e+00   0.0%
----------------------------------------------------------------
Total                  2.55e-04   6.32e-05   3.05e-08   3.18e-04 100.0%
                          80.1%      19.9%       0.0%

======================= Slowest Corner ===================================

Group                  Internal  Switching    Leakage      Total
                          Power      Power      Power      Power (Watts)
----------------------------------------------------------------
Sequential             9.70e-05   0.00e+00   5.68e-07   9.76e-05  45.1%
Combinational          1.64e-06   4.03e-06   8.81e-07   6.55e-06   3.0%
Clock                  7.54e-05   3.68e-05   1.11e-07   1.12e-04  51.9%
Macro                  0.00e+00   0.00e+00   0.00e+00   0.00e+00   0.0%
Pad                    0.00e+00   0.00e+00   0.00e+00   0.00e+00   0.0%
----------------------------------------------------------------
Total                  1.74e-04   4.08e-05   1.56e-06   2.16e-04 100.0%
                          80.4%      18.9%       0.7%

======================= Typical Corner ===================================

Group                  Internal  Switching    Leakage      Total
                          Power      Power      Power      Power (Watts)
----------------------------------------------------------------
Sequential             1.26e-04   0.00e+00   2.87e-08   1.26e-04  46.0%
Combinational          2.03e-06   5.29e-06   7.28e-10   7.32e-06   2.7%
Clock                  9.26e-05   4.76e-05   4.85e-10   1.40e-04  51.3%
Macro                  0.00e+00   0.00e+00   0.00e+00   0.00e+00   0.0%
Pad                    0.00e+00   0.00e+00   0.00e+00   0.00e+00   0.0%
----------------------------------------------------------------
Total                  2.20e-04   5.29e-05   2.99e-08   2.73e-04 100.0%
                          80.6%      19.4%       0.0%

