
===========================================================================
 report_power
============================================================================
======================= Fastest Corner ===================================

Group                  Internal  Switching    Leakage      Total
                          Power      Power      Power      Power (Watts)
----------------------------------------------------------------
Sequential             1.46e-04   0.00e+00   2.88e-08   1.46e-04  45.8%
Combinational          2.47e-06   6.33e-06   1.01e-09   8.80e-06   2.7%
Clock                  1.06e-04   5.88e-05   7.55e-10   1.65e-04  51.5%
Macro                  0.00e+00   0.00e+00   0.00e+00   0.00e+00   0.0%
Pad                    0.00e+00   0.00e+00   0.00e+00   0.00e+00   0.0%
----------------------------------------------------------------
Total                  2.55e-04   6.52e-05   3.05e-08   3.20e-04 100.0%
                          79.6%      20.4%       0.0%

======================= Slowest Corner ===================================

Group                  Internal  Switching    Leakage      Total
                          Power      Power      Power      Power (Watts)
----------------------------------------------------------------
Sequential             9.69e-05   0.00e+00   5.68e-07   9.75e-05  44.8%
Combinational          1.64e-06   4.11e-06   8.81e-07   6.62e-06   3.0%
Clock                  7.55e-05   3.81e-05   1.11e-07   1.14e-04  52.2%
Macro                  0.00e+00   0.00e+00   0.00e+00   0.00e+00   0.0%
Pad                    0.00e+00   0.00e+00   0.00e+00   0.00e+00   0.0%
----------------------------------------------------------------
Total                  1.74e-04   4.22e-05   1.56e-06   2.18e-04 100.0%
                          79.9%      19.4%       0.7%

======================= Typical Corner ===================================

Group                  Internal  Switching    Leakage      Total
                          Power      Power      Power      Power (Watts)
----------------------------------------------------------------
Sequential             1.26e-04   0.00e+00   2.87e-08   1.26e-04  45.7%
Combinational          2.03e-06   5.39e-06   7.28e-10   7.42e-06   2.7%
Clock                  9.27e-05   4.92e-05   4.85e-10   1.42e-04  51.6%
Macro                  0.00e+00   0.00e+00   0.00e+00   0.00e+00   0.0%
Pad                    0.00e+00   0.00e+00   0.00e+00   0.00e+00   0.0%
----------------------------------------------------------------
Total                  2.20e-04   5.46e-05   2.99e-08   2.75e-04 100.0%
                          80.1%      19.9%       0.0%

