
===========================================================================
report_checks -path_delay max (Setup)
============================================================================
======================= Fastest Corner ===================================

Startpoint: B[1] (input port clocked by __VIRTUAL_CLK__)
Endpoint: out[7] (output port clocked by __VIRTUAL_CLK__)
Path Group: __VIRTUAL_CLK__
Path Type: max
Corner: Fastest

Fanout     Cap    Slew   Delay    Time   Description
-----------------------------------------------------------------------------
                  0.00    0.00    0.00   clock __VIRTUAL_CLK__ (rise edge)
                          0.00    0.00   clock network delay (ideal)
                          2.00    2.00 v input external delay
     1    0.01    0.01    0.01    2.01 v B[1] (in)
                                         B[1] (net)
                  0.01    0.00    2.01 v input10/A (sky130_fd_sc_hd__buf_6)
     4    0.02    0.02    0.08    2.08 v input10/X (sky130_fd_sc_hd__buf_6)
                                         net10 (net)
                  0.02    0.00    2.08 v _266_/A (sky130_fd_sc_hd__buf_6)
     7    0.03    0.03    0.09    2.17 v _266_/X (sky130_fd_sc_hd__buf_6)
                                         _196_ (net)
                  0.03    0.00    2.17 v rebuffer1/A (sky130_fd_sc_hd__clkbuf_2)
     4    0.02    0.05    0.10    2.28 v rebuffer1/X (sky130_fd_sc_hd__clkbuf_2)
                                         net28 (net)
                  0.05    0.00    2.28 v _267_/A (sky130_fd_sc_hd__buf_4)
    10    0.03    0.04    0.12    2.40 v _267_/X (sky130_fd_sc_hd__buf_4)
                                         _197_ (net)
                  0.04    0.00    2.41 v _277_/B (sky130_fd_sc_hd__and3_1)
     2    0.00    0.03    0.12    2.52 v _277_/X (sky130_fd_sc_hd__and3_1)
                                         _207_ (net)
                  0.03    0.00    2.52 v _279_/C (sky130_fd_sc_hd__or3_1)
     2    0.00    0.05    0.19    2.71 v _279_/X (sky130_fd_sc_hd__or3_1)
                                         _209_ (net)
                  0.05    0.00    2.71 v _301_/A2 (sky130_fd_sc_hd__a21o_1)
     3    0.01    0.04    0.15    2.86 v _301_/X (sky130_fd_sc_hd__a21o_1)
                                         _230_ (net)
                  0.04    0.00    2.86 v _312_/A2 (sky130_fd_sc_hd__a21o_1)
     3    0.01    0.05    0.14    3.00 v _312_/X (sky130_fd_sc_hd__a21o_1)
                                         _240_ (net)
                  0.05    0.00    3.00 v _366_/A1 (sky130_fd_sc_hd__a21bo_1)
     3    0.01    0.04    0.13    3.13 v _366_/X (sky130_fd_sc_hd__a21bo_1)
                                         _045_ (net)
                  0.04    0.00    3.13 v _375_/A2 (sky130_fd_sc_hd__a21o_1)
     2    0.01    0.04    0.14    3.27 v _375_/X (sky130_fd_sc_hd__a21o_1)
                                         _053_ (net)
                  0.04    0.00    3.27 v _442_/A1 (sky130_fd_sc_hd__a21o_1)
     4    0.01    0.05    0.14    3.41 v _442_/X (sky130_fd_sc_hd__a21o_1)
                                         _119_ (net)
                  0.05    0.00    3.41 v _463_/A1 (sky130_fd_sc_hd__a211o_1)
     1    0.00    0.03    0.17    3.58 v _463_/X (sky130_fd_sc_hd__a211o_1)
                                         _139_ (net)
                  0.03    0.00    3.58 v _464_/B1 (sky130_fd_sc_hd__o311a_1)
     1    0.01    0.05    0.09    3.67 v _464_/X (sky130_fd_sc_hd__o311a_1)
                                         _140_ (net)
                  0.05    0.00    3.67 v _503_/A1 (sky130_fd_sc_hd__o32a_1)
     1    0.01    0.05    0.22    3.89 v _503_/X (sky130_fd_sc_hd__o32a_1)
                                         net27 (net)
                  0.05    0.00    3.90 v output27/A (sky130_fd_sc_hd__buf_6)
     1    0.03    0.03    0.10    4.00 v output27/X (sky130_fd_sc_hd__buf_6)
                                         out[7] (net)
                  0.03    0.00    4.00 v out[7] (out)
                                  4.00   data arrival time

                  0.00   10.00   10.00   clock __VIRTUAL_CLK__ (rise edge)
                          0.00   10.00   clock network delay (ideal)
                         -0.25    9.75   clock uncertainty
                          0.00    9.75   clock reconvergence pessimism
                         -2.00    7.75   output external delay
                                  7.75   data required time
-----------------------------------------------------------------------------
                                  7.75   data required time
                                 -4.00   data arrival time
-----------------------------------------------------------------------------
                                  3.75   slack (MET)


Startpoint: B[4] (input port clocked by __VIRTUAL_CLK__)
Endpoint: out[6] (output port clocked by __VIRTUAL_CLK__)
Path Group: __VIRTUAL_CLK__
Path Type: max
Corner: Fastest

Fanout     Cap    Slew   Delay    Time   Description
-----------------------------------------------------------------------------
                  0.00    0.00    0.00   clock __VIRTUAL_CLK__ (rise edge)
                          0.00    0.00   clock network delay (ideal)
                          2.00    2.00 ^ input external delay
     1    0.00    0.02    0.01    2.01 ^ B[4] (in)
                                         B[4] (net)
                  0.02    0.00    2.01 ^ input13/A (sky130_fd_sc_hd__buf_1)
     5    0.02    0.16    0.14    2.15 ^ input13/X (sky130_fd_sc_hd__buf_1)
                                         net13 (net)
                  0.16    0.00    2.15 ^ _342_/A (sky130_fd_sc_hd__buf_2)
    10    0.04    0.14    0.18    2.33 ^ _342_/X (sky130_fd_sc_hd__buf_2)
                                         _021_ (net)
                  0.14    0.00    2.33 ^ _426_/B1 (sky130_fd_sc_hd__a22o_1)
     2    0.01    0.06    0.10    2.44 ^ _426_/X (sky130_fd_sc_hd__a22o_1)
                                         _103_ (net)
                  0.06    0.00    2.44 ^ _427_/B1_N (sky130_fd_sc_hd__a21bo_1)
     1    0.01    0.04    0.12    2.56 v _427_/X (sky130_fd_sc_hd__a21bo_1)
                                         _104_ (net)
                  0.04    0.00    2.56 v _428_/B (sky130_fd_sc_hd__xor2_2)
     2    0.02    0.17    0.17    2.72 ^ _428_/X (sky130_fd_sc_hd__xor2_2)
                                         _105_ (net)
                  0.17    0.00    2.72 ^ _430_/A (sky130_fd_sc_hd__nand3_1)
     3    0.01    0.08    0.08    2.80 v _430_/Y (sky130_fd_sc_hd__nand3_1)
                                         _107_ (net)
                  0.08    0.00    2.80 v _433_/A2 (sky130_fd_sc_hd__a21o_1)
     3    0.01    0.04    0.15    2.96 v _433_/X (sky130_fd_sc_hd__a21o_1)
                                         _110_ (net)
                  0.04    0.00    2.96 v _434_/C (sky130_fd_sc_hd__and3_1)
     3    0.01    0.05    0.15    3.11 v _434_/X (sky130_fd_sc_hd__and3_1)
                                         _111_ (net)
                  0.05    0.00    3.11 v _437_/A1 (sky130_fd_sc_hd__o211a_1)
     2    0.01    0.06    0.19    3.29 v _437_/X (sky130_fd_sc_hd__o211a_1)
                                         _114_ (net)
                  0.06    0.00    3.30 v _439_/B (sky130_fd_sc_hd__or2_1)
     1    0.00    0.04    0.14    3.43 v _439_/X (sky130_fd_sc_hd__or2_1)
                                         _116_ (net)
                  0.04    0.00    3.43 v _440_/A2 (sky130_fd_sc_hd__a21bo_1)
     1    0.00    0.02    0.12    3.56 v _440_/X (sky130_fd_sc_hd__a21bo_1)
                                         _117_ (net)
                  0.02    0.00    3.56 v _441_/B (sky130_fd_sc_hd__or2_1)
     1    0.01    0.04    0.14    3.69 v _441_/X (sky130_fd_sc_hd__or2_1)
                                         _118_ (net)
                  0.04    0.00    3.69 v _453_/B1 (sky130_fd_sc_hd__a22oi_1)
     1    0.00    0.10    0.09    3.78 ^ _453_/Y (sky130_fd_sc_hd__a22oi_1)
                                         net26 (net)
                  0.10    0.00    3.78 ^ output26/A (sky130_fd_sc_hd__buf_2)
     1    0.03    0.13    0.16    3.95 ^ output26/X (sky130_fd_sc_hd__buf_2)
                                         out[6] (net)
                  0.13    0.00    3.95 ^ out[6] (out)
                                  3.95   data arrival time

                  0.00   10.00   10.00   clock __VIRTUAL_CLK__ (rise edge)
                          0.00   10.00   clock network delay (ideal)
                         -0.25    9.75   clock uncertainty
                          0.00    9.75   clock reconvergence pessimism
                         -2.00    7.75   output external delay
                                  7.75   data required time
-----------------------------------------------------------------------------
                                  7.75   data required time
                                 -3.95   data arrival time
-----------------------------------------------------------------------------
                                  3.80   slack (MET)


Startpoint: B[1] (input port clocked by __VIRTUAL_CLK__)
Endpoint: out[5] (output port clocked by __VIRTUAL_CLK__)
Path Group: __VIRTUAL_CLK__
Path Type: max
Corner: Fastest

Fanout     Cap    Slew   Delay    Time   Description
-----------------------------------------------------------------------------
                  0.00    0.00    0.00   clock __VIRTUAL_CLK__ (rise edge)
                          0.00    0.00   clock network delay (ideal)
                          2.00    2.00 v input external delay
     1    0.01    0.01    0.01    2.01 v B[1] (in)
                                         B[1] (net)
                  0.01    0.00    2.01 v input10/A (sky130_fd_sc_hd__buf_6)
     4    0.02    0.02    0.08    2.08 v input10/X (sky130_fd_sc_hd__buf_6)
                                         net10 (net)
                  0.02    0.00    2.08 v _266_/A (sky130_fd_sc_hd__buf_6)
     7    0.03    0.03    0.09    2.17 v _266_/X (sky130_fd_sc_hd__buf_6)
                                         _196_ (net)
                  0.03    0.00    2.17 v rebuffer1/A (sky130_fd_sc_hd__clkbuf_2)
     4    0.02    0.05    0.10    2.28 v rebuffer1/X (sky130_fd_sc_hd__clkbuf_2)
                                         net28 (net)
                  0.05    0.00    2.28 v _292_/A2 (sky130_fd_sc_hd__a22o_1)
     2    0.01    0.04    0.14    2.42 v _292_/X (sky130_fd_sc_hd__a22o_1)
                                         _221_ (net)
                  0.04    0.00    2.42 v _328_/A3 (sky130_fd_sc_hd__a31o_1)
     2    0.01    0.04    0.15    2.57 v _328_/X (sky130_fd_sc_hd__a31o_1)
                                         _008_ (net)
                  0.04    0.00    2.57 v _329_/C (sky130_fd_sc_hd__and3_1)
     2    0.00    0.03    0.13    2.70 v _329_/X (sky130_fd_sc_hd__and3_1)
                                         _009_ (net)
                  0.03    0.00    2.70 v _331_/A_N (sky130_fd_sc_hd__and2b_1)
     1    0.01    0.05    0.14    2.84 ^ _331_/X (sky130_fd_sc_hd__and2b_1)
                                         _011_ (net)
                  0.05    0.00    2.84 ^ _332_/B (sky130_fd_sc_hd__xnor2_1)
     2    0.01    0.13    0.09    2.93 ^ _332_/Y (sky130_fd_sc_hd__xnor2_1)
                                         _012_ (net)
                  0.13    0.00    2.93 ^ _333_/B (sky130_fd_sc_hd__nand2_1)
     3    0.01    0.05    0.07    2.99 v _333_/Y (sky130_fd_sc_hd__nand2_1)
                                         _013_ (net)
                  0.05    0.00    2.99 v _359_/A_N (sky130_fd_sc_hd__nand3b_2)
     4    0.02    0.09    0.19    3.18 v _359_/Y (sky130_fd_sc_hd__nand3b_2)
                                         _038_ (net)
                  0.09    0.00    3.18 v _403_/A2 (sky130_fd_sc_hd__a21o_1)
     2    0.01    0.03    0.15    3.33 v _403_/X (sky130_fd_sc_hd__a21o_1)
                                         _081_ (net)
                  0.03    0.00    3.33 v _408_/A2 (sky130_fd_sc_hd__a31o_1)
     1    0.01    0.04    0.15    3.48 v _408_/X (sky130_fd_sc_hd__a31o_1)
                                         _086_ (net)
                  0.04    0.00    3.48 v _409_/B1 (sky130_fd_sc_hd__a21oi_1)
     1    0.00    0.08    0.06    3.54 ^ _409_/Y (sky130_fd_sc_hd__a21oi_1)
                                         _087_ (net)
                  0.08    0.00    3.54 ^ _410_/B1 (sky130_fd_sc_hd__a21oi_1)
     1    0.01    0.06    0.04    3.58 v _410_/Y (sky130_fd_sc_hd__a21oi_1)
                                         net25 (net)
                  0.06    0.00    3.58 v output25/A (sky130_fd_sc_hd__buf_2)
     1    0.03    0.06    0.13    3.72 v output25/X (sky130_fd_sc_hd__buf_2)
                                         out[5] (net)
                  0.06    0.00    3.72 v out[5] (out)
                                  3.72   data arrival time

                  0.00   10.00   10.00   clock __VIRTUAL_CLK__ (rise edge)
                          0.00   10.00   clock network delay (ideal)
                         -0.25    9.75   clock uncertainty
                          0.00    9.75   clock reconvergence pessimism
                         -2.00    7.75   output external delay
                                  7.75   data required time
-----------------------------------------------------------------------------
                                  7.75   data required time
                                 -3.72   data arrival time
-----------------------------------------------------------------------------
                                  4.03   slack (MET)


Startpoint: B[1] (input port clocked by __VIRTUAL_CLK__)
Endpoint: out[4] (output port clocked by __VIRTUAL_CLK__)
Path Group: __VIRTUAL_CLK__
Path Type: max
Corner: Fastest

Fanout     Cap    Slew   Delay    Time   Description
-----------------------------------------------------------------------------
                  0.00    0.00    0.00   clock __VIRTUAL_CLK__ (rise edge)
                          0.00    0.00   clock network delay (ideal)
                          2.00    2.00 v input external delay
     1    0.01    0.01    0.01    2.01 v B[1] (in)
                                         B[1] (net)
                  0.01    0.00    2.01 v input10/A (sky130_fd_sc_hd__buf_6)
     4    0.02    0.02    0.08    2.08 v input10/X (sky130_fd_sc_hd__buf_6)
                                         net10 (net)
                  0.02    0.00    2.08 v _266_/A (sky130_fd_sc_hd__buf_6)
     7    0.03    0.03    0.09    2.17 v _266_/X (sky130_fd_sc_hd__buf_6)
                                         _196_ (net)
                  0.03    0.00    2.17 v rebuffer1/A (sky130_fd_sc_hd__clkbuf_2)
     4    0.02    0.05    0.10    2.28 v rebuffer1/X (sky130_fd_sc_hd__clkbuf_2)
                                         net28 (net)
                  0.05    0.00    2.28 v _267_/A (sky130_fd_sc_hd__buf_4)
    10    0.03    0.04    0.12    2.40 v _267_/X (sky130_fd_sc_hd__buf_4)
                                         _197_ (net)
                  0.04    0.00    2.41 v _277_/B (sky130_fd_sc_hd__and3_1)
     2    0.00    0.03    0.12    2.52 v _277_/X (sky130_fd_sc_hd__and3_1)
                                         _207_ (net)
                  0.03    0.00    2.52 v _279_/C (sky130_fd_sc_hd__or3_1)
     2    0.00    0.05    0.19    2.71 v _279_/X (sky130_fd_sc_hd__or3_1)
                                         _209_ (net)
                  0.05    0.00    2.71 v _301_/A2 (sky130_fd_sc_hd__a21o_1)
     3    0.01    0.04    0.15    2.86 v _301_/X (sky130_fd_sc_hd__a21o_1)
                                         _230_ (net)
                  0.04    0.00    2.86 v _312_/A2 (sky130_fd_sc_hd__a21o_1)
     3    0.01    0.05    0.14    3.00 v _312_/X (sky130_fd_sc_hd__a21o_1)
                                         _240_ (net)
                  0.05    0.00    3.00 v _366_/A1 (sky130_fd_sc_hd__a21bo_1)
     3    0.01    0.04    0.13    3.13 v _366_/X (sky130_fd_sc_hd__a21bo_1)
                                         _045_ (net)
                  0.04    0.00    3.13 v _368_/B (sky130_fd_sc_hd__or2_1)
     1    0.00    0.03    0.13    3.26 v _368_/X (sky130_fd_sc_hd__or2_1)
                                         _047_ (net)
                  0.03    0.00    3.26 v _372_/A3 (sky130_fd_sc_hd__a31o_1)
     1    0.00    0.03    0.14    3.40 v _372_/X (sky130_fd_sc_hd__a31o_1)
                                         _051_ (net)
                  0.03    0.00    3.40 v _373_/B2 (sky130_fd_sc_hd__o2bb2a_1)
     1    0.01    0.05    0.18    3.58 v _373_/X (sky130_fd_sc_hd__o2bb2a_1)
                                         net24 (net)
                  0.05    0.00    3.58 v output24/A (sky130_fd_sc_hd__buf_2)
     1    0.03    0.06    0.13    3.71 v output24/X (sky130_fd_sc_hd__buf_2)
                                         out[4] (net)
                  0.06    0.00    3.72 v out[4] (out)
                                  3.72   data arrival time

                  0.00   10.00   10.00   clock __VIRTUAL_CLK__ (rise edge)
                          0.00   10.00   clock network delay (ideal)
                         -0.25    9.75   clock uncertainty
                          0.00    9.75   clock reconvergence pessimism
                         -2.00    7.75   output external delay
                                  7.75   data required time
-----------------------------------------------------------------------------
                                  7.75   data required time
                                 -3.72   data arrival time
-----------------------------------------------------------------------------
                                  4.03   slack (MET)


Startpoint: B[1] (input port clocked by __VIRTUAL_CLK__)
Endpoint: out[3] (output port clocked by __VIRTUAL_CLK__)
Path Group: __VIRTUAL_CLK__
Path Type: max
Corner: Fastest

Fanout     Cap    Slew   Delay    Time   Description
-----------------------------------------------------------------------------
                  0.00    0.00    0.00   clock __VIRTUAL_CLK__ (rise edge)
                          0.00    0.00   clock network delay (ideal)
                          2.00    2.00 v input external delay
     1    0.01    0.01    0.01    2.01 v B[1] (in)
                                         B[1] (net)
                  0.01    0.00    2.01 v input10/A (sky130_fd_sc_hd__buf_6)
     4    0.02    0.02    0.08    2.08 v input10/X (sky130_fd_sc_hd__buf_6)
                                         net10 (net)
                  0.02    0.00    2.08 v _266_/A (sky130_fd_sc_hd__buf_6)
     7    0.03    0.03    0.09    2.17 v _266_/X (sky130_fd_sc_hd__buf_6)
                                         _196_ (net)
                  0.03    0.00    2.17 v rebuffer1/A (sky130_fd_sc_hd__clkbuf_2)
     4    0.02    0.05    0.10    2.28 v rebuffer1/X (sky130_fd_sc_hd__clkbuf_2)
                                         net28 (net)
                  0.05    0.00    2.28 v _267_/A (sky130_fd_sc_hd__buf_4)
    10    0.03    0.04    0.12    2.40 v _267_/X (sky130_fd_sc_hd__buf_4)
                                         _197_ (net)
                  0.04    0.00    2.41 v _277_/B (sky130_fd_sc_hd__and3_1)
     2    0.00    0.03    0.12    2.52 v _277_/X (sky130_fd_sc_hd__and3_1)
                                         _207_ (net)
                  0.03    0.00    2.52 v _279_/C (sky130_fd_sc_hd__or3_1)
     2    0.00    0.05    0.19    2.71 v _279_/X (sky130_fd_sc_hd__or3_1)
                                         _209_ (net)
                  0.05    0.00    2.71 v _301_/A2 (sky130_fd_sc_hd__a21o_1)
     3    0.01    0.04    0.15    2.86 v _301_/X (sky130_fd_sc_hd__a21o_1)
                                         _230_ (net)
                  0.04    0.00    2.86 v _312_/A2 (sky130_fd_sc_hd__a21o_1)
     3    0.01    0.05    0.14    3.00 v _312_/X (sky130_fd_sc_hd__a21o_1)
                                         _240_ (net)
                  0.05    0.00    3.00 v _319_/B1 (sky130_fd_sc_hd__a21o_1)
     1    0.00    0.02    0.07    3.08 v _319_/X (sky130_fd_sc_hd__a21o_1)
                                         _247_ (net)
                  0.02    0.00    3.08 v _320_/B (sky130_fd_sc_hd__and3b_1)
     1    0.00    0.03    0.11    3.18 v _320_/X (sky130_fd_sc_hd__and3b_1)
                                         _000_ (net)
                  0.03    0.00    3.18 v _339_/B1 (sky130_fd_sc_hd__o2bb2a_1)
     1    0.01    0.06    0.20    3.39 v _339_/X (sky130_fd_sc_hd__o2bb2a_1)
                                         net23 (net)
                  0.06    0.00    3.39 v output23/A (sky130_fd_sc_hd__buf_2)
     1    0.03    0.06    0.13    3.52 v output23/X (sky130_fd_sc_hd__buf_2)
                                         out[3] (net)
                  0.06    0.00    3.52 v out[3] (out)
                                  3.52   data arrival time

                  0.00   10.00   10.00   clock __VIRTUAL_CLK__ (rise edge)
                          0.00   10.00   clock network delay (ideal)
                         -0.25    9.75   clock uncertainty
                          0.00    9.75   clock reconvergence pessimism
                         -2.00    7.75   output external delay
                                  7.75   data required time
-----------------------------------------------------------------------------
                                  7.75   data required time
                                 -3.52   data arrival time
-----------------------------------------------------------------------------
                                  4.23   slack (MET)


Startpoint: B[1] (input port clocked by __VIRTUAL_CLK__)
Endpoint: out[2] (output port clocked by __VIRTUAL_CLK__)
Path Group: __VIRTUAL_CLK__
Path Type: max
Corner: Fastest

Fanout     Cap    Slew   Delay    Time   Description
-----------------------------------------------------------------------------
                  0.00    0.00    0.00   clock __VIRTUAL_CLK__ (rise edge)
                          0.00    0.00   clock network delay (ideal)
                          2.00    2.00 v input external delay
     1    0.01    0.01    0.01    2.01 v B[1] (in)
                                         B[1] (net)
                  0.01    0.00    2.01 v input10/A (sky130_fd_sc_hd__buf_6)
     4    0.02    0.02    0.08    2.08 v input10/X (sky130_fd_sc_hd__buf_6)
                                         net10 (net)
                  0.02    0.00    2.08 v _266_/A (sky130_fd_sc_hd__buf_6)
     7    0.03    0.03    0.09    2.17 v _266_/X (sky130_fd_sc_hd__buf_6)
                                         _196_ (net)
                  0.03    0.00    2.17 v rebuffer1/A (sky130_fd_sc_hd__clkbuf_2)
     4    0.02    0.05    0.10    2.28 v rebuffer1/X (sky130_fd_sc_hd__clkbuf_2)
                                         net28 (net)
                  0.05    0.00    2.28 v _267_/A (sky130_fd_sc_hd__buf_4)
    10    0.03    0.04    0.12    2.40 v _267_/X (sky130_fd_sc_hd__buf_4)
                                         _197_ (net)
                  0.04    0.00    2.41 v _277_/B (sky130_fd_sc_hd__and3_1)
     2    0.00    0.03    0.12    2.52 v _277_/X (sky130_fd_sc_hd__and3_1)
                                         _207_ (net)
                  0.03    0.00    2.52 v _279_/C (sky130_fd_sc_hd__or3_1)
     2    0.00    0.05    0.19    2.71 v _279_/X (sky130_fd_sc_hd__or3_1)
                                         _209_ (net)
                  0.05    0.00    2.71 v _301_/A2 (sky130_fd_sc_hd__a21o_1)
     3    0.01    0.04    0.15    2.86 v _301_/X (sky130_fd_sc_hd__a21o_1)
                                         _230_ (net)
                  0.04    0.00    2.86 v _303_/A2 (sky130_fd_sc_hd__o21a_1)
     1    0.00    0.03    0.11    2.97 v _303_/X (sky130_fd_sc_hd__o21a_1)
                                         _232_ (net)
                  0.03    0.00    2.97 v _308_/A2 (sky130_fd_sc_hd__a211o_1)
     1    0.00    0.03    0.18    3.15 v _308_/X (sky130_fd_sc_hd__a211o_1)
                                         _237_ (net)
                  0.03    0.00    3.15 v _309_/B2 (sky130_fd_sc_hd__o2bb2a_1)
     1    0.00    0.04    0.18    3.33 v _309_/X (sky130_fd_sc_hd__o2bb2a_1)
                                         net22 (net)
                  0.04    0.00    3.33 v output22/A (sky130_fd_sc_hd__buf_2)
     1    0.03    0.06    0.13    3.46 v output22/X (sky130_fd_sc_hd__buf_2)
                                         out[2] (net)
                  0.06    0.00    3.46 v out[2] (out)
                                  3.46   data arrival time

                  0.00   10.00   10.00   clock __VIRTUAL_CLK__ (rise edge)
                          0.00   10.00   clock network delay (ideal)
                         -0.25    9.75   clock uncertainty
                          0.00    9.75   clock reconvergence pessimism
                         -2.00    7.75   output external delay
                                  7.75   data required time
-----------------------------------------------------------------------------
                                  7.75   data required time
                                 -3.46   data arrival time
-----------------------------------------------------------------------------
                                  4.29   slack (MET)


Startpoint: B[1] (input port clocked by __VIRTUAL_CLK__)
Endpoint: out[1] (output port clocked by __VIRTUAL_CLK__)
Path Group: __VIRTUAL_CLK__
Path Type: max
Corner: Fastest

Fanout     Cap    Slew   Delay    Time   Description
-----------------------------------------------------------------------------
                  0.00    0.00    0.00   clock __VIRTUAL_CLK__ (rise edge)
                          0.00    0.00   clock network delay (ideal)
                          2.00    2.00 v input external delay
     1    0.01    0.01    0.01    2.01 v B[1] (in)
                                         B[1] (net)
                  0.01    0.00    2.01 v input10/A (sky130_fd_sc_hd__buf_6)
     4    0.02    0.02    0.08    2.08 v input10/X (sky130_fd_sc_hd__buf_6)
                                         net10 (net)
                  0.02    0.00    2.08 v _266_/A (sky130_fd_sc_hd__buf_6)
     7    0.03    0.03    0.09    2.17 v _266_/X (sky130_fd_sc_hd__buf_6)
                                         _196_ (net)
                  0.03    0.00    2.17 v rebuffer1/A (sky130_fd_sc_hd__clkbuf_2)
     4    0.02    0.05    0.10    2.28 v rebuffer1/X (sky130_fd_sc_hd__clkbuf_2)
                                         net28 (net)
                  0.05    0.00    2.28 v _267_/A (sky130_fd_sc_hd__buf_4)
    10    0.03    0.04    0.12    2.40 v _267_/X (sky130_fd_sc_hd__buf_4)
                                         _197_ (net)
                  0.04    0.00    2.41 v _277_/B (sky130_fd_sc_hd__and3_1)
     2    0.00    0.03    0.12    2.52 v _277_/X (sky130_fd_sc_hd__and3_1)
                                         _207_ (net)
                  0.03    0.00    2.52 v _278_/A2 (sky130_fd_sc_hd__o21a_1)
     2    0.01    0.03    0.12    2.64 v _278_/X (sky130_fd_sc_hd__o21a_1)
                                         _208_ (net)
                  0.03    0.00    2.64 v _280_/A (sky130_fd_sc_hd__or2b_1)
     1    0.00    0.04    0.14    2.79 v _280_/X (sky130_fd_sc_hd__or2b_1)
                                         _210_ (net)
                  0.04    0.00    2.79 v _281_/B (sky130_fd_sc_hd__xnor2_1)
     1    0.01    0.04    0.09    2.88 v _281_/Y (sky130_fd_sc_hd__xnor2_1)
                                         _211_ (net)
                  0.04    0.00    2.88 v _286_/A2 (sky130_fd_sc_hd__a211o_1)
     1    0.00    0.03    0.18    3.06 v _286_/X (sky130_fd_sc_hd__a211o_1)
                                         _216_ (net)
                  0.03    0.00    3.06 v _287_/B2 (sky130_fd_sc_hd__o2bb2a_1)
     1    0.01    0.05    0.19    3.25 v _287_/X (sky130_fd_sc_hd__o2bb2a_1)
                                         net21 (net)
                  0.05    0.00    3.25 v output21/A (sky130_fd_sc_hd__buf_2)
     1    0.03    0.06    0.13    3.38 v output21/X (sky130_fd_sc_hd__buf_2)
                                         out[1] (net)
                  0.06    0.00    3.39 v out[1] (out)
                                  3.39   data arrival time

                  0.00   10.00   10.00   clock __VIRTUAL_CLK__ (rise edge)
                          0.00   10.00   clock network delay (ideal)
                         -0.25    9.75   clock uncertainty
                          0.00    9.75   clock reconvergence pessimism
                         -2.00    7.75   output external delay
                                  7.75   data required time
-----------------------------------------------------------------------------
                                  7.75   data required time
                                 -3.39   data arrival time
-----------------------------------------------------------------------------
                                  4.36   slack (MET)


Startpoint: opcode[0] (input port clocked by __VIRTUAL_CLK__)
Endpoint: out[0] (output port clocked by __VIRTUAL_CLK__)
Path Group: __VIRTUAL_CLK__
Path Type: max
Corner: Fastest

Fanout     Cap    Slew   Delay    Time   Description
-----------------------------------------------------------------------------
                  0.00    0.00    0.00   clock __VIRTUAL_CLK__ (rise edge)
                          0.00    0.00   clock network delay (ideal)
                          2.00    2.00 v input external delay
     1    0.00    0.00    0.00    2.00 v opcode[0] (in)
                                         opcode[0] (net)
                  0.00    0.00    2.00 v input17/A (sky130_fd_sc_hd__buf_1)
     5    0.02    0.06    0.09    2.09 v input17/X (sky130_fd_sc_hd__buf_1)
                                         net17 (net)
                  0.06    0.00    2.09 v _249_/A (sky130_fd_sc_hd__or2_2)
     5    0.02    0.06    0.23    2.32 v _249_/X (sky130_fd_sc_hd__or2_2)
                                         _180_ (net)
                  0.06    0.00    2.32 v _258_/B (sky130_fd_sc_hd__nor2_2)
     8    0.04    0.28    0.24    2.56 ^ _258_/Y (sky130_fd_sc_hd__nor2_2)
                                         _189_ (net)
                  0.28    0.00    2.57 ^ _260_/A1 (sky130_fd_sc_hd__o211a_1)
     1    0.00    0.03    0.12    2.68 ^ _260_/X (sky130_fd_sc_hd__o211a_1)
                                         _191_ (net)
                  0.03    0.00    2.68 ^ _261_/B1 (sky130_fd_sc_hd__a31o_1)
     1    0.00    0.03    0.05    2.73 ^ _261_/X (sky130_fd_sc_hd__a31o_1)
                                         _192_ (net)
                  0.03    0.00    2.73 ^ _262_/B2 (sky130_fd_sc_hd__a2bb2o_1)
     1    0.01    0.06    0.10    2.83 ^ _262_/X (sky130_fd_sc_hd__a2bb2o_1)
                                         net20 (net)
                  0.06    0.00    2.83 ^ output20/A (sky130_fd_sc_hd__buf_2)
     1    0.03    0.13    0.15    2.98 ^ output20/X (sky130_fd_sc_hd__buf_2)
                                         out[0] (net)
                  0.13    0.00    2.98 ^ out[0] (out)
                                  2.98   data arrival time

                  0.00   10.00   10.00   clock __VIRTUAL_CLK__ (rise edge)
                          0.00   10.00   clock network delay (ideal)
                         -0.25    9.75   clock uncertainty
                          0.00    9.75   clock reconvergence pessimism
                         -2.00    7.75   output external delay
                                  7.75   data required time
-----------------------------------------------------------------------------
                                  7.75   data required time
                                 -2.98   data arrival time
-----------------------------------------------------------------------------
                                  4.77   slack (MET)



worst slack corner Fastest: 3.7518
======================= Slowest Corner ===================================

Startpoint: B[4] (input port clocked by __VIRTUAL_CLK__)
Endpoint: out[7] (output port clocked by __VIRTUAL_CLK__)
Path Group: __VIRTUAL_CLK__
Path Type: max
Corner: Slowest

Fanout     Cap    Slew   Delay    Time   Description
-----------------------------------------------------------------------------
                  0.00    0.00    0.00   clock __VIRTUAL_CLK__ (rise edge)
                          0.00    0.00   clock network delay (ideal)
                          2.00    2.00 ^ input external delay
     1    0.00    0.03    0.02    2.02 ^ B[4] (in)
                                         B[4] (net)
                  0.03    0.00    2.02 ^ input13/A (sky130_fd_sc_hd__buf_1)
     5    0.02    0.33    0.33    2.35 ^ input13/X (sky130_fd_sc_hd__buf_1)
                                         net13 (net)
                  0.33    0.00    2.35 ^ _342_/A (sky130_fd_sc_hd__buf_2)
    10    0.04    0.30    0.49    2.85 ^ _342_/X (sky130_fd_sc_hd__buf_2)
                                         _021_ (net)
                  0.30    0.00    2.85 ^ _426_/B1 (sky130_fd_sc_hd__a22o_1)
     2    0.01    0.13    0.38    3.24 ^ _426_/X (sky130_fd_sc_hd__a22o_1)
                                         _103_ (net)
                  0.13    0.00    3.24 ^ _427_/B1_N (sky130_fd_sc_hd__a21bo_1)
     1    0.01    0.11    0.46    3.69 v _427_/X (sky130_fd_sc_hd__a21bo_1)
                                         _104_ (net)
                  0.11    0.00    3.69 v _428_/B (sky130_fd_sc_hd__xor2_2)
     2    0.02    0.36    0.39    4.08 ^ _428_/X (sky130_fd_sc_hd__xor2_2)
                                         _105_ (net)
                  0.36    0.00    4.08 ^ _430_/A (sky130_fd_sc_hd__nand3_1)
     3    0.01    0.25    0.35    4.43 v _430_/Y (sky130_fd_sc_hd__nand3_1)
                                         _107_ (net)
                  0.25    0.00    4.44 v _433_/A2 (sky130_fd_sc_hd__a21o_1)
     3    0.01    0.11    0.46    4.90 v _433_/X (sky130_fd_sc_hd__a21o_1)
                                         _110_ (net)
                  0.11    0.00    4.90 v _434_/C (sky130_fd_sc_hd__and3_1)
     3    0.01    0.13    0.47    5.37 v _434_/X (sky130_fd_sc_hd__and3_1)
                                         _111_ (net)
                  0.13    0.00    5.37 v _465_/B1 (sky130_fd_sc_hd__a211o_1)
     2    0.01    0.13    0.60    5.97 v _465_/X (sky130_fd_sc_hd__a211o_1)
                                         _141_ (net)
                  0.13    0.00    5.97 v _494_/C (sky130_fd_sc_hd__or3_4)
     2    0.01    0.12    0.70    6.67 v _494_/X (sky130_fd_sc_hd__or3_4)
                                         _170_ (net)
                  0.12    0.00    6.67 v _496_/A (sky130_fd_sc_hd__and3_1)
     1    0.00    0.07    0.33    7.00 v _496_/X (sky130_fd_sc_hd__and3_1)
                                         _172_ (net)
                  0.07    0.00    7.00 v _498_/A2 (sky130_fd_sc_hd__o21a_1)
     1    0.00    0.08    0.34    7.34 v _498_/X (sky130_fd_sc_hd__o21a_1)
                                         _174_ (net)
                  0.08    0.00    7.34 v _503_/A3 (sky130_fd_sc_hd__o32a_1)
     1    0.01    0.14    0.59    7.93 v _503_/X (sky130_fd_sc_hd__o32a_1)
                                         net27 (net)
                  0.14    0.00    7.93 v output27/A (sky130_fd_sc_hd__buf_6)
     1    0.03    0.08    0.30    8.23 v output27/X (sky130_fd_sc_hd__buf_6)
                                         out[7] (net)
                  0.08    0.00    8.23 v out[7] (out)
                                  8.23   data arrival time

                  0.00   10.00   10.00   clock __VIRTUAL_CLK__ (rise edge)
                          0.00   10.00   clock network delay (ideal)
                         -0.25    9.75   clock uncertainty
                          0.00    9.75   clock reconvergence pessimism
                         -2.00    7.75   output external delay
                                  7.75   data required time
-----------------------------------------------------------------------------
                                  7.75   data required time
                                 -8.23   data arrival time
-----------------------------------------------------------------------------
                                 -0.48   slack (VIOLATED)


Startpoint: B[4] (input port clocked by __VIRTUAL_CLK__)
Endpoint: out[6] (output port clocked by __VIRTUAL_CLK__)
Path Group: __VIRTUAL_CLK__
Path Type: max
Corner: Slowest

Fanout     Cap    Slew   Delay    Time   Description
-----------------------------------------------------------------------------
                  0.00    0.00    0.00   clock __VIRTUAL_CLK__ (rise edge)
                          0.00    0.00   clock network delay (ideal)
                          2.00    2.00 ^ input external delay
     1    0.00    0.03    0.02    2.02 ^ B[4] (in)
                                         B[4] (net)
                  0.03    0.00    2.02 ^ input13/A (sky130_fd_sc_hd__buf_1)
     5    0.02    0.33    0.33    2.35 ^ input13/X (sky130_fd_sc_hd__buf_1)
                                         net13 (net)
                  0.33    0.00    2.35 ^ _342_/A (sky130_fd_sc_hd__buf_2)
    10    0.04    0.30    0.49    2.85 ^ _342_/X (sky130_fd_sc_hd__buf_2)
                                         _021_ (net)
                  0.30    0.00    2.85 ^ _426_/B1 (sky130_fd_sc_hd__a22o_1)
     2    0.01    0.13    0.38    3.24 ^ _426_/X (sky130_fd_sc_hd__a22o_1)
                                         _103_ (net)
                  0.13    0.00    3.24 ^ _427_/B1_N (sky130_fd_sc_hd__a21bo_1)
     1    0.01    0.11    0.46    3.69 v _427_/X (sky130_fd_sc_hd__a21bo_1)
                                         _104_ (net)
                  0.11    0.00    3.69 v _428_/B (sky130_fd_sc_hd__xor2_2)
     2    0.02    0.36    0.39    4.08 ^ _428_/X (sky130_fd_sc_hd__xor2_2)
                                         _105_ (net)
                  0.36    0.00    4.08 ^ _430_/A (sky130_fd_sc_hd__nand3_1)
     3    0.01    0.25    0.35    4.43 v _430_/Y (sky130_fd_sc_hd__nand3_1)
                                         _107_ (net)
                  0.25    0.00    4.44 v _433_/A2 (sky130_fd_sc_hd__a21o_1)
     3    0.01    0.11    0.46    4.90 v _433_/X (sky130_fd_sc_hd__a21o_1)
                                         _110_ (net)
                  0.11    0.00    4.90 v _434_/C (sky130_fd_sc_hd__and3_1)
     3    0.01    0.13    0.47    5.37 v _434_/X (sky130_fd_sc_hd__and3_1)
                                         _111_ (net)
                  0.13    0.00    5.37 v _437_/A1 (sky130_fd_sc_hd__o211a_1)
     2    0.01    0.16    0.55    5.92 v _437_/X (sky130_fd_sc_hd__o211a_1)
                                         _114_ (net)
                  0.16    0.00    5.92 v _439_/B (sky130_fd_sc_hd__or2_1)
     1    0.00    0.11    0.53    6.45 v _439_/X (sky130_fd_sc_hd__or2_1)
                                         _116_ (net)
                  0.11    0.00    6.45 v _440_/A2 (sky130_fd_sc_hd__a21bo_1)
     1    0.00    0.05    0.36    6.81 v _440_/X (sky130_fd_sc_hd__a21bo_1)
                                         _117_ (net)
                  0.05    0.00    6.81 v _441_/B (sky130_fd_sc_hd__or2_1)
     1    0.01    0.13    0.52    7.33 v _441_/X (sky130_fd_sc_hd__or2_1)
                                         _118_ (net)
                  0.13    0.00    7.33 v _453_/B1 (sky130_fd_sc_hd__a22oi_1)
     1    0.00    0.28    0.29    7.62 ^ _453_/Y (sky130_fd_sc_hd__a22oi_1)
                                         net26 (net)
                  0.28    0.00    7.62 ^ output26/A (sky130_fd_sc_hd__buf_2)
     1    0.03    0.27    0.46    8.08 ^ output26/X (sky130_fd_sc_hd__buf_2)
                                         out[6] (net)
                  0.27    0.00    8.08 ^ out[6] (out)
                                  8.08   data arrival time

                  0.00   10.00   10.00   clock __VIRTUAL_CLK__ (rise edge)
                          0.00   10.00   clock network delay (ideal)
                         -0.25    9.75   clock uncertainty
                          0.00    9.75   clock reconvergence pessimism
                         -2.00    7.75   output external delay
                                  7.75   data required time
-----------------------------------------------------------------------------
                                  7.75   data required time
                                 -8.08   data arrival time
-----------------------------------------------------------------------------
                                 -0.33   slack (VIOLATED)


Startpoint: B[2] (input port clocked by __VIRTUAL_CLK__)
Endpoint: out[5] (output port clocked by __VIRTUAL_CLK__)
Path Group: __VIRTUAL_CLK__
Path Type: max
Corner: Slowest

Fanout     Cap    Slew   Delay    Time   Description
-----------------------------------------------------------------------------
                  0.00    0.00    0.00   clock __VIRTUAL_CLK__ (rise edge)
                          0.00    0.00   clock network delay (ideal)
                          2.00    2.00 ^ input external delay
     1    0.00    0.04    0.02    2.02 ^ B[2] (in)
                                         B[2] (net)
                  0.04    0.00    2.02 ^ input11/A (sky130_fd_sc_hd__clkbuf_2)
     5    0.02    0.20    0.28    2.30 ^ input11/X (sky130_fd_sc_hd__clkbuf_2)
                                         net11 (net)
                  0.20    0.00    2.30 ^ _289_/A (sky130_fd_sc_hd__buf_4)
    10    0.05    0.22    0.39    2.70 ^ _289_/X (sky130_fd_sc_hd__buf_4)
                                         _218_ (net)
                  0.22    0.00    2.70 ^ _322_/B (sky130_fd_sc_hd__nand2_1)
     3    0.01    0.16    0.22    2.93 v _322_/Y (sky130_fd_sc_hd__nand2_1)
                                         _002_ (net)
                  0.16    0.00    2.93 v _325_/A (sky130_fd_sc_hd__or3_1)
     2    0.01    0.16    0.96    3.89 v _325_/X (sky130_fd_sc_hd__or3_1)
                                         _005_ (net)
                  0.16    0.00    3.89 v _329_/A (sky130_fd_sc_hd__and3_1)
     2    0.00    0.09    0.37    4.26 v _329_/X (sky130_fd_sc_hd__and3_1)
                                         _009_ (net)
                  0.09    0.00    4.26 v _331_/A_N (sky130_fd_sc_hd__and2b_1)
     1    0.01    0.11    0.42    4.69 ^ _331_/X (sky130_fd_sc_hd__and2b_1)
                                         _011_ (net)
                  0.11    0.00    4.69 ^ _332_/B (sky130_fd_sc_hd__xnor2_1)
     2    0.01    0.28    0.25    4.94 ^ _332_/Y (sky130_fd_sc_hd__xnor2_1)
                                         _012_ (net)
                  0.28    0.00    4.94 ^ _333_/B (sky130_fd_sc_hd__nand2_1)
     3    0.01    0.16    0.26    5.20 v _333_/Y (sky130_fd_sc_hd__nand2_1)
                                         _013_ (net)
                  0.16    0.00    5.20 v _359_/A_N (sky130_fd_sc_hd__nand3b_2)
     4    0.02    0.32    0.67    5.86 v _359_/Y (sky130_fd_sc_hd__nand3b_2)
                                         _038_ (net)
                  0.32    0.00    5.86 v _403_/A2 (sky130_fd_sc_hd__a21o_1)
     2    0.01    0.09    0.47    6.33 v _403_/X (sky130_fd_sc_hd__a21o_1)
                                         _081_ (net)
                  0.09    0.00    6.33 v _408_/A2 (sky130_fd_sc_hd__a31o_1)
     1    0.01    0.10    0.43    6.76 v _408_/X (sky130_fd_sc_hd__a31o_1)
                                         _086_ (net)
                  0.10    0.00    6.76 v _409_/B1 (sky130_fd_sc_hd__a21oi_1)
     1    0.00    0.18    0.22    6.98 ^ _409_/Y (sky130_fd_sc_hd__a21oi_1)
                                         _087_ (net)
                  0.18    0.00    6.98 ^ _410_/B1 (sky130_fd_sc_hd__a21oi_1)
     1    0.01    0.15    0.14    7.12 v _410_/Y (sky130_fd_sc_hd__a21oi_1)
                                         net25 (net)
                  0.15    0.00    7.12 v output25/A (sky130_fd_sc_hd__buf_2)
     1    0.03    0.17    0.40    7.52 v output25/X (sky130_fd_sc_hd__buf_2)
                                         out[5] (net)
                  0.17    0.00    7.53 v out[5] (out)
                                  7.53   data arrival time

                  0.00   10.00   10.00   clock __VIRTUAL_CLK__ (rise edge)
                          0.00   10.00   clock network delay (ideal)
                         -0.25    9.75   clock uncertainty
                          0.00    9.75   clock reconvergence pessimism
                         -2.00    7.75   output external delay
                                  7.75   data required time
-----------------------------------------------------------------------------
                                  7.75   data required time
                                 -7.53   data arrival time
-----------------------------------------------------------------------------
                                  0.22   slack (MET)


Startpoint: B[2] (input port clocked by __VIRTUAL_CLK__)
Endpoint: out[4] (output port clocked by __VIRTUAL_CLK__)
Path Group: __VIRTUAL_CLK__
Path Type: max
Corner: Slowest

Fanout     Cap    Slew   Delay    Time   Description
-----------------------------------------------------------------------------
                  0.00    0.00    0.00   clock __VIRTUAL_CLK__ (rise edge)
                          0.00    0.00   clock network delay (ideal)
                          2.00    2.00 ^ input external delay
     1    0.00    0.04    0.02    2.02 ^ B[2] (in)
                                         B[2] (net)
                  0.04    0.00    2.02 ^ input11/A (sky130_fd_sc_hd__clkbuf_2)
     5    0.02    0.20    0.28    2.30 ^ input11/X (sky130_fd_sc_hd__clkbuf_2)
                                         net11 (net)
                  0.20    0.00    2.30 ^ _289_/A (sky130_fd_sc_hd__buf_4)
    10    0.05    0.22    0.39    2.70 ^ _289_/X (sky130_fd_sc_hd__buf_4)
                                         _218_ (net)
                  0.22    0.00    2.70 ^ _322_/B (sky130_fd_sc_hd__nand2_1)
     3    0.01    0.16    0.22    2.93 v _322_/Y (sky130_fd_sc_hd__nand2_1)
                                         _002_ (net)
                  0.16    0.00    2.93 v _325_/A (sky130_fd_sc_hd__or3_1)
     2    0.01    0.16    0.96    3.89 v _325_/X (sky130_fd_sc_hd__or3_1)
                                         _005_ (net)
                  0.16    0.00    3.89 v _329_/A (sky130_fd_sc_hd__and3_1)
     2    0.00    0.09    0.37    4.26 v _329_/X (sky130_fd_sc_hd__and3_1)
                                         _009_ (net)
                  0.09    0.00    4.26 v _331_/A_N (sky130_fd_sc_hd__and2b_1)
     1    0.01    0.11    0.42    4.69 ^ _331_/X (sky130_fd_sc_hd__and2b_1)
                                         _011_ (net)
                  0.11    0.00    4.69 ^ _332_/B (sky130_fd_sc_hd__xnor2_1)
     2    0.01    0.28    0.25    4.94 ^ _332_/Y (sky130_fd_sc_hd__xnor2_1)
                                         _012_ (net)
                  0.28    0.00    4.94 ^ _333_/B (sky130_fd_sc_hd__nand2_1)
     3    0.01    0.16    0.26    5.20 v _333_/Y (sky130_fd_sc_hd__nand2_1)
                                         _013_ (net)
                  0.16    0.00    5.20 v _359_/A_N (sky130_fd_sc_hd__nand3b_2)
     4    0.02    0.32    0.67    5.86 v _359_/Y (sky130_fd_sc_hd__nand3b_2)
                                         _038_ (net)
                  0.32    0.00    5.86 v _360_/C (sky130_fd_sc_hd__and3_1)
     1    0.00    0.08    0.52    6.38 v _360_/X (sky130_fd_sc_hd__and3_1)
                                         _039_ (net)
                  0.08    0.00    6.38 v _373_/B1 (sky130_fd_sc_hd__o2bb2a_1)
     1    0.01    0.13    0.70    7.08 v _373_/X (sky130_fd_sc_hd__o2bb2a_1)
                                         net24 (net)
                  0.13    0.00    7.08 v output24/A (sky130_fd_sc_hd__buf_2)
     1    0.03    0.17    0.39    7.47 v output24/X (sky130_fd_sc_hd__buf_2)
                                         out[4] (net)
                  0.17    0.00    7.47 v out[4] (out)
                                  7.47   data arrival time

                  0.00   10.00   10.00   clock __VIRTUAL_CLK__ (rise edge)
                          0.00   10.00   clock network delay (ideal)
                         -0.25    9.75   clock uncertainty
                          0.00    9.75   clock reconvergence pessimism
                         -2.00    7.75   output external delay
                                  7.75   data required time
-----------------------------------------------------------------------------
                                  7.75   data required time
                                 -7.47   data arrival time
-----------------------------------------------------------------------------
                                  0.28   slack (MET)


Startpoint: B[2] (input port clocked by __VIRTUAL_CLK__)
Endpoint: out[3] (output port clocked by __VIRTUAL_CLK__)
Path Group: __VIRTUAL_CLK__
Path Type: max
Corner: Slowest

Fanout     Cap    Slew   Delay    Time   Description
-----------------------------------------------------------------------------
                  0.00    0.00    0.00   clock __VIRTUAL_CLK__ (rise edge)
                          0.00    0.00   clock network delay (ideal)
                          2.00    2.00 ^ input external delay
     1    0.00    0.04    0.02    2.02 ^ B[2] (in)
                                         B[2] (net)
                  0.04    0.00    2.02 ^ input11/A (sky130_fd_sc_hd__clkbuf_2)
     5    0.02    0.20    0.28    2.30 ^ input11/X (sky130_fd_sc_hd__clkbuf_2)
                                         net11 (net)
                  0.20    0.00    2.30 ^ _289_/A (sky130_fd_sc_hd__buf_4)
    10    0.05    0.22    0.39    2.70 ^ _289_/X (sky130_fd_sc_hd__buf_4)
                                         _218_ (net)
                  0.22    0.00    2.70 ^ _322_/B (sky130_fd_sc_hd__nand2_1)
     3    0.01    0.16    0.22    2.93 v _322_/Y (sky130_fd_sc_hd__nand2_1)
                                         _002_ (net)
                  0.16    0.00    2.93 v _325_/A (sky130_fd_sc_hd__or3_1)
     2    0.01    0.16    0.96    3.89 v _325_/X (sky130_fd_sc_hd__or3_1)
                                         _005_ (net)
                  0.16    0.00    3.89 v _330_/A1 (sky130_fd_sc_hd__a21o_1)
     2    0.00    0.08    0.36    4.25 v _330_/X (sky130_fd_sc_hd__a21o_1)
                                         _010_ (net)
                  0.08    0.00    4.25 v _331_/B (sky130_fd_sc_hd__and2b_1)
     1    0.01    0.09    0.36    4.61 v _331_/X (sky130_fd_sc_hd__and2b_1)
                                         _011_ (net)
                  0.09    0.00    4.61 v _332_/B (sky130_fd_sc_hd__xnor2_1)
     2    0.01    0.13    0.25    4.86 v _332_/Y (sky130_fd_sc_hd__xnor2_1)
                                         _012_ (net)
                  0.13    0.00    4.86 v _334_/B (sky130_fd_sc_hd__or2_1)
     1    0.00    0.11    0.52    5.38 v _334_/X (sky130_fd_sc_hd__or2_1)
                                         _014_ (net)
                  0.11    0.00    5.39 v _338_/A3 (sky130_fd_sc_hd__a31o_1)
     1    0.00    0.07    0.43    5.81 v _338_/X (sky130_fd_sc_hd__a31o_1)
                                         _018_ (net)
                  0.07    0.00    5.81 v _339_/B2 (sky130_fd_sc_hd__o2bb2a_1)
     1    0.01    0.15    0.70    6.52 v _339_/X (sky130_fd_sc_hd__o2bb2a_1)
                                         net23 (net)
                  0.15    0.00    6.52 v output23/A (sky130_fd_sc_hd__buf_2)
     1    0.03    0.17    0.40    6.92 v output23/X (sky130_fd_sc_hd__buf_2)
                                         out[3] (net)
                  0.17    0.00    6.92 v out[3] (out)
                                  6.92   data arrival time

                  0.00   10.00   10.00   clock __VIRTUAL_CLK__ (rise edge)
                          0.00   10.00   clock network delay (ideal)
                         -0.25    9.75   clock uncertainty
                          0.00    9.75   clock reconvergence pessimism
                         -2.00    7.75   output external delay
                                  7.75   data required time
-----------------------------------------------------------------------------
                                  7.75   data required time
                                 -6.92   data arrival time
-----------------------------------------------------------------------------
                                  0.83   slack (MET)


Startpoint: B[1] (input port clocked by __VIRTUAL_CLK__)
Endpoint: out[2] (output port clocked by __VIRTUAL_CLK__)
Path Group: __VIRTUAL_CLK__
Path Type: max
Corner: Slowest

Fanout     Cap    Slew   Delay    Time   Description
-----------------------------------------------------------------------------
                  0.00    0.00    0.00   clock __VIRTUAL_CLK__ (rise edge)
                          0.00    0.00   clock network delay (ideal)
                          2.00    2.00 v input external delay
     1    0.01    0.03    0.02    2.02 v B[1] (in)
                                         B[1] (net)
                  0.03    0.00    2.02 v input10/A (sky130_fd_sc_hd__buf_6)
     4    0.02    0.05    0.21    2.23 v input10/X (sky130_fd_sc_hd__buf_6)
                                         net10 (net)
                  0.05    0.00    2.24 v _266_/A (sky130_fd_sc_hd__buf_6)
     7    0.03    0.07    0.25    2.48 v _266_/X (sky130_fd_sc_hd__buf_6)
                                         _196_ (net)
                  0.07    0.00    2.48 v rebuffer1/A (sky130_fd_sc_hd__clkbuf_2)
     4    0.02    0.14    0.28    2.76 v rebuffer1/X (sky130_fd_sc_hd__clkbuf_2)
                                         net28 (net)
                  0.14    0.00    2.76 v _267_/A (sky130_fd_sc_hd__buf_4)
    10    0.03    0.10    0.35    3.11 v _267_/X (sky130_fd_sc_hd__buf_4)
                                         _197_ (net)
                  0.10    0.00    3.12 v _277_/B (sky130_fd_sc_hd__and3_1)
     2    0.00    0.09    0.38    3.50 v _277_/X (sky130_fd_sc_hd__and3_1)
                                         _207_ (net)
                  0.09    0.00    3.50 v _279_/C (sky130_fd_sc_hd__or3_1)
     2    0.00    0.15    0.78    4.28 v _279_/X (sky130_fd_sc_hd__or3_1)
                                         _209_ (net)
                  0.15    0.00    4.28 v _301_/A2 (sky130_fd_sc_hd__a21o_1)
     3    0.01    0.11    0.42    4.71 v _301_/X (sky130_fd_sc_hd__a21o_1)
                                         _230_ (net)
                  0.11    0.00    4.71 v _303_/A2 (sky130_fd_sc_hd__o21a_1)
     1    0.00    0.07    0.34    5.05 v _303_/X (sky130_fd_sc_hd__o21a_1)
                                         _232_ (net)
                  0.07    0.00    5.05 v _308_/A2 (sky130_fd_sc_hd__a211o_1)
     1    0.00    0.08    0.56    5.60 v _308_/X (sky130_fd_sc_hd__a211o_1)
                                         _237_ (net)
                  0.08    0.00    5.60 v _309_/B2 (sky130_fd_sc_hd__o2bb2a_1)
     1    0.00    0.11    0.65    6.26 v _309_/X (sky130_fd_sc_hd__o2bb2a_1)
                                         net22 (net)
                  0.11    0.00    6.26 v output22/A (sky130_fd_sc_hd__buf_2)
     1    0.03    0.17    0.38    6.64 v output22/X (sky130_fd_sc_hd__buf_2)
                                         out[2] (net)
                  0.17    0.00    6.64 v out[2] (out)
                                  6.64   data arrival time

                  0.00   10.00   10.00   clock __VIRTUAL_CLK__ (rise edge)
                          0.00   10.00   clock network delay (ideal)
                         -0.25    9.75   clock uncertainty
                          0.00    9.75   clock reconvergence pessimism
                         -2.00    7.75   output external delay
                                  7.75   data required time
-----------------------------------------------------------------------------
                                  7.75   data required time
                                 -6.64   data arrival time
-----------------------------------------------------------------------------
                                  1.11   slack (MET)


Startpoint: B[1] (input port clocked by __VIRTUAL_CLK__)
Endpoint: out[1] (output port clocked by __VIRTUAL_CLK__)
Path Group: __VIRTUAL_CLK__
Path Type: max
Corner: Slowest

Fanout     Cap    Slew   Delay    Time   Description
-----------------------------------------------------------------------------
                  0.00    0.00    0.00   clock __VIRTUAL_CLK__ (rise edge)
                          0.00    0.00   clock network delay (ideal)
                          2.00    2.00 v input external delay
     1    0.01    0.03    0.02    2.02 v B[1] (in)
                                         B[1] (net)
                  0.03    0.00    2.02 v input10/A (sky130_fd_sc_hd__buf_6)
     4    0.02    0.05    0.21    2.23 v input10/X (sky130_fd_sc_hd__buf_6)
                                         net10 (net)
                  0.05    0.00    2.24 v _266_/A (sky130_fd_sc_hd__buf_6)
     7    0.03    0.07    0.25    2.48 v _266_/X (sky130_fd_sc_hd__buf_6)
                                         _196_ (net)
                  0.07    0.00    2.48 v rebuffer1/A (sky130_fd_sc_hd__clkbuf_2)
     4    0.02    0.14    0.28    2.76 v rebuffer1/X (sky130_fd_sc_hd__clkbuf_2)
                                         net28 (net)
                  0.14    0.00    2.76 v _267_/A (sky130_fd_sc_hd__buf_4)
    10    0.03    0.10    0.35    3.11 v _267_/X (sky130_fd_sc_hd__buf_4)
                                         _197_ (net)
                  0.10    0.00    3.12 v _277_/B (sky130_fd_sc_hd__and3_1)
     2    0.00    0.09    0.38    3.50 v _277_/X (sky130_fd_sc_hd__and3_1)
                                         _207_ (net)
                  0.09    0.00    3.50 v _279_/C (sky130_fd_sc_hd__or3_1)
     2    0.00    0.15    0.78    4.28 v _279_/X (sky130_fd_sc_hd__or3_1)
                                         _209_ (net)
                  0.15    0.00    4.28 v _280_/B_N (sky130_fd_sc_hd__or2b_1)
     1    0.00    0.09    0.35    4.64 ^ _280_/X (sky130_fd_sc_hd__or2b_1)
                                         _210_ (net)
                  0.09    0.00    4.64 ^ _281_/B (sky130_fd_sc_hd__xnor2_1)
     1    0.01    0.13    0.16    4.80 v _281_/Y (sky130_fd_sc_hd__xnor2_1)
                                         _211_ (net)
                  0.13    0.00    4.80 v _286_/A2 (sky130_fd_sc_hd__a211o_1)
     1    0.00    0.08    0.57    5.37 v _286_/X (sky130_fd_sc_hd__a211o_1)
                                         _216_ (net)
                  0.08    0.00    5.37 v _287_/B2 (sky130_fd_sc_hd__o2bb2a_1)
     1    0.01    0.14    0.69    6.06 v _287_/X (sky130_fd_sc_hd__o2bb2a_1)
                                         net21 (net)
                  0.14    0.00    6.06 v output21/A (sky130_fd_sc_hd__buf_2)
     1    0.03    0.16    0.40    6.46 v output21/X (sky130_fd_sc_hd__buf_2)
                                         out[1] (net)
                  0.16    0.00    6.46 v out[1] (out)
                                  6.46   data arrival time

                  0.00   10.00   10.00   clock __VIRTUAL_CLK__ (rise edge)
                          0.00   10.00   clock network delay (ideal)
                         -0.25    9.75   clock uncertainty
                          0.00    9.75   clock reconvergence pessimism
                         -2.00    7.75   output external delay
                                  7.75   data required time
-----------------------------------------------------------------------------
                                  7.75   data required time
                                 -6.46   data arrival time
-----------------------------------------------------------------------------
                                  1.29   slack (MET)


Startpoint: opcode[0] (input port clocked by __VIRTUAL_CLK__)
Endpoint: out[0] (output port clocked by __VIRTUAL_CLK__)
Path Group: __VIRTUAL_CLK__
Path Type: max
Corner: Slowest

Fanout     Cap    Slew   Delay    Time   Description
-----------------------------------------------------------------------------
                  0.00    0.00    0.00   clock __VIRTUAL_CLK__ (rise edge)
                          0.00    0.00   clock network delay (ideal)
                          2.00    2.00 v input external delay
     1    0.00    0.02    0.01    2.01 v opcode[0] (in)
                                         opcode[0] (net)
                  0.02    0.00    2.01 v input17/A (sky130_fd_sc_hd__buf_1)
     5    0.02    0.18    0.25    2.26 v input17/X (sky130_fd_sc_hd__buf_1)
                                         net17 (net)
                  0.18    0.00    2.26 v _249_/A (sky130_fd_sc_hd__or2_2)
     5    0.02    0.19    0.87    3.13 v _249_/X (sky130_fd_sc_hd__or2_2)
                                         _180_ (net)
                  0.19    0.00    3.13 v _258_/B (sky130_fd_sc_hd__nor2_2)
     8    0.03    0.62    0.58    3.71 ^ _258_/Y (sky130_fd_sc_hd__nor2_2)
                                         _189_ (net)
                  0.62    0.00    3.72 ^ _260_/A1 (sky130_fd_sc_hd__o211a_1)
     1    0.00    0.08    0.52    4.24 ^ _260_/X (sky130_fd_sc_hd__o211a_1)
                                         _191_ (net)
                  0.08    0.00    4.24 ^ _261_/B1 (sky130_fd_sc_hd__a31o_1)
     1    0.00    0.07    0.16    4.40 ^ _261_/X (sky130_fd_sc_hd__a31o_1)
                                         _192_ (net)
                  0.07    0.00    4.40 ^ _262_/B2 (sky130_fd_sc_hd__a2bb2o_1)
     1    0.01    0.12    0.29    4.69 ^ _262_/X (sky130_fd_sc_hd__a2bb2o_1)
                                         net20 (net)
                  0.12    0.00    4.69 ^ output20/A (sky130_fd_sc_hd__buf_2)
     1    0.03    0.27    0.38    5.07 ^ output20/X (sky130_fd_sc_hd__buf_2)
                                         out[0] (net)
                  0.27    0.00    5.07 ^ out[0] (out)
                                  5.07   data arrival time

                  0.00   10.00   10.00   clock __VIRTUAL_CLK__ (rise edge)
                          0.00   10.00   clock network delay (ideal)
                         -0.25    9.75   clock uncertainty
                          0.00    9.75   clock reconvergence pessimism
                         -2.00    7.75   output external delay
                                  7.75   data required time
-----------------------------------------------------------------------------
                                  7.75   data required time
                                 -5.07   data arrival time
-----------------------------------------------------------------------------
                                  2.68   slack (MET)



worst slack corner Slowest: -0.4804
======================= Typical Corner ===================================

Startpoint: B[4] (input port clocked by __VIRTUAL_CLK__)
Endpoint: out[7] (output port clocked by __VIRTUAL_CLK__)
Path Group: __VIRTUAL_CLK__
Path Type: max
Corner: Typical

Fanout     Cap    Slew   Delay    Time   Description
-----------------------------------------------------------------------------
                  0.00    0.00    0.00   clock __VIRTUAL_CLK__ (rise edge)
                          0.00    0.00   clock network delay (ideal)
                          2.00    2.00 ^ input external delay
     1    0.00    0.02    0.01    2.01 ^ B[4] (in)
                                         B[4] (net)
                  0.02    0.00    2.01 ^ input13/A (sky130_fd_sc_hd__buf_1)
     5    0.02    0.21    0.20    2.21 ^ input13/X (sky130_fd_sc_hd__buf_1)
                                         net13 (net)
                  0.21    0.00    2.21 ^ _342_/A (sky130_fd_sc_hd__buf_2)
    10    0.04    0.18    0.27    2.48 ^ _342_/X (sky130_fd_sc_hd__buf_2)
                                         _021_ (net)
                  0.18    0.00    2.48 ^ _426_/B1 (sky130_fd_sc_hd__a22o_1)
     2    0.01    0.08    0.19    2.67 ^ _426_/X (sky130_fd_sc_hd__a22o_1)
                                         _103_ (net)
                  0.08    0.00    2.67 ^ _427_/B1_N (sky130_fd_sc_hd__a21bo_1)
     1    0.01    0.06    0.24    2.91 v _427_/X (sky130_fd_sc_hd__a21bo_1)
                                         _104_ (net)
                  0.06    0.00    2.91 v _428_/B (sky130_fd_sc_hd__xor2_2)
     2    0.02    0.23    0.23    3.14 ^ _428_/X (sky130_fd_sc_hd__xor2_2)
                                         _105_ (net)
                  0.23    0.00    3.14 ^ _430_/A (sky130_fd_sc_hd__nand3_1)
     3    0.01    0.12    0.16    3.30 v _430_/Y (sky130_fd_sc_hd__nand3_1)
                                         _107_ (net)
                  0.12    0.00    3.30 v _433_/A2 (sky130_fd_sc_hd__a21o_1)
     3    0.01    0.06    0.24    3.54 v _433_/X (sky130_fd_sc_hd__a21o_1)
                                         _110_ (net)
                  0.06    0.00    3.54 v _434_/C (sky130_fd_sc_hd__and3_1)
     3    0.01    0.07    0.23    3.77 v _434_/X (sky130_fd_sc_hd__and3_1)
                                         _111_ (net)
                  0.07    0.00    3.77 v _465_/B1 (sky130_fd_sc_hd__a211o_1)
     2    0.01    0.07    0.31    4.08 v _465_/X (sky130_fd_sc_hd__a211o_1)
                                         _141_ (net)
                  0.07    0.00    4.09 v _494_/C (sky130_fd_sc_hd__or3_4)
     2    0.01    0.07    0.35    4.43 v _494_/X (sky130_fd_sc_hd__or3_4)
                                         _170_ (net)
                  0.07    0.00    4.44 v _496_/A (sky130_fd_sc_hd__and3_1)
     1    0.00    0.04    0.15    4.59 v _496_/X (sky130_fd_sc_hd__and3_1)
                                         _172_ (net)
                  0.04    0.00    4.59 v _498_/A2 (sky130_fd_sc_hd__o21a_1)
     1    0.00    0.04    0.17    4.77 v _498_/X (sky130_fd_sc_hd__o21a_1)
                                         _174_ (net)
                  0.04    0.00    4.77 v _503_/A3 (sky130_fd_sc_hd__o32a_1)
     1    0.01    0.06    0.31    5.07 v _503_/X (sky130_fd_sc_hd__o32a_1)
                                         net27 (net)
                  0.06    0.00    5.07 v output27/A (sky130_fd_sc_hd__buf_6)
     1    0.03    0.04    0.15    5.23 v output27/X (sky130_fd_sc_hd__buf_6)
                                         out[7] (net)
                  0.04    0.00    5.23 v out[7] (out)
                                  5.23   data arrival time

                  0.00   10.00   10.00   clock __VIRTUAL_CLK__ (rise edge)
                          0.00   10.00   clock network delay (ideal)
                         -0.25    9.75   clock uncertainty
                          0.00    9.75   clock reconvergence pessimism
                         -2.00    7.75   output external delay
                                  7.75   data required time
-----------------------------------------------------------------------------
                                  7.75   data required time
                                 -5.23   data arrival time
-----------------------------------------------------------------------------
                                  2.52   slack (MET)


Startpoint: B[4] (input port clocked by __VIRTUAL_CLK__)
Endpoint: out[6] (output port clocked by __VIRTUAL_CLK__)
Path Group: __VIRTUAL_CLK__
Path Type: max
Corner: Typical

Fanout     Cap    Slew   Delay    Time   Description
-----------------------------------------------------------------------------
                  0.00    0.00    0.00   clock __VIRTUAL_CLK__ (rise edge)
                          0.00    0.00   clock network delay (ideal)
                          2.00    2.00 ^ input external delay
     1    0.00    0.02    0.01    2.01 ^ B[4] (in)
                                         B[4] (net)
                  0.02    0.00    2.01 ^ input13/A (sky130_fd_sc_hd__buf_1)
     5    0.02    0.21    0.20    2.21 ^ input13/X (sky130_fd_sc_hd__buf_1)
                                         net13 (net)
                  0.21    0.00    2.21 ^ _342_/A (sky130_fd_sc_hd__buf_2)
    10    0.04    0.18    0.27    2.48 ^ _342_/X (sky130_fd_sc_hd__buf_2)
                                         _021_ (net)
                  0.18    0.00    2.48 ^ _426_/B1 (sky130_fd_sc_hd__a22o_1)
     2    0.01    0.08    0.19    2.67 ^ _426_/X (sky130_fd_sc_hd__a22o_1)
                                         _103_ (net)
                  0.08    0.00    2.67 ^ _427_/B1_N (sky130_fd_sc_hd__a21bo_1)
     1    0.01    0.06    0.24    2.91 v _427_/X (sky130_fd_sc_hd__a21bo_1)
                                         _104_ (net)
                  0.06    0.00    2.91 v _428_/B (sky130_fd_sc_hd__xor2_2)
     2    0.02    0.23    0.23    3.14 ^ _428_/X (sky130_fd_sc_hd__xor2_2)
                                         _105_ (net)
                  0.23    0.00    3.14 ^ _430_/A (sky130_fd_sc_hd__nand3_1)
     3    0.01    0.12    0.16    3.30 v _430_/Y (sky130_fd_sc_hd__nand3_1)
                                         _107_ (net)
                  0.12    0.00    3.30 v _433_/A2 (sky130_fd_sc_hd__a21o_1)
     3    0.01    0.06    0.24    3.54 v _433_/X (sky130_fd_sc_hd__a21o_1)
                                         _110_ (net)
                  0.06    0.00    3.54 v _434_/C (sky130_fd_sc_hd__and3_1)
     3    0.01    0.07    0.23    3.77 v _434_/X (sky130_fd_sc_hd__and3_1)
                                         _111_ (net)
                  0.07    0.00    3.77 v _437_/A1 (sky130_fd_sc_hd__o211a_1)
     2    0.01    0.08    0.29    4.06 v _437_/X (sky130_fd_sc_hd__o211a_1)
                                         _114_ (net)
                  0.08    0.00    4.06 v _439_/B (sky130_fd_sc_hd__or2_1)
     1    0.00    0.05    0.23    4.29 v _439_/X (sky130_fd_sc_hd__or2_1)
                                         _116_ (net)
                  0.05    0.00    4.29 v _440_/A2 (sky130_fd_sc_hd__a21bo_1)
     1    0.00    0.03    0.19    4.48 v _440_/X (sky130_fd_sc_hd__a21bo_1)
                                         _117_ (net)
                  0.03    0.00    4.48 v _441_/B (sky130_fd_sc_hd__or2_1)
     1    0.01    0.06    0.23    4.71 v _441_/X (sky130_fd_sc_hd__or2_1)
                                         _118_ (net)
                  0.06    0.00    4.71 v _453_/B1 (sky130_fd_sc_hd__a22oi_1)
     1    0.00    0.18    0.17    4.88 ^ _453_/Y (sky130_fd_sc_hd__a22oi_1)
                                         net26 (net)
                  0.18    0.00    4.89 ^ output26/A (sky130_fd_sc_hd__buf_2)
     1    0.03    0.17    0.25    5.14 ^ output26/X (sky130_fd_sc_hd__buf_2)
                                         out[6] (net)
                  0.17    0.00    5.14 ^ out[6] (out)
                                  5.14   data arrival time

                  0.00   10.00   10.00   clock __VIRTUAL_CLK__ (rise edge)
                          0.00   10.00   clock network delay (ideal)
                         -0.25    9.75   clock uncertainty
                          0.00    9.75   clock reconvergence pessimism
                         -2.00    7.75   output external delay
                                  7.75   data required time
-----------------------------------------------------------------------------
                                  7.75   data required time
                                 -5.14   data arrival time
-----------------------------------------------------------------------------
                                  2.61   slack (MET)


Startpoint: B[1] (input port clocked by __VIRTUAL_CLK__)
Endpoint: out[5] (output port clocked by __VIRTUAL_CLK__)
Path Group: __VIRTUAL_CLK__
Path Type: max
Corner: Typical

Fanout     Cap    Slew   Delay    Time   Description
-----------------------------------------------------------------------------
                  0.00    0.00    0.00   clock __VIRTUAL_CLK__ (rise edge)
                          0.00    0.00   clock network delay (ideal)
                          2.00    2.00 v input external delay
     1    0.01    0.02    0.01    2.01 v B[1] (in)
                                         B[1] (net)
                  0.02    0.00    2.01 v input10/A (sky130_fd_sc_hd__buf_6)
     4    0.02    0.03    0.12    2.13 v input10/X (sky130_fd_sc_hd__buf_6)
                                         net10 (net)
                  0.03    0.00    2.13 v _266_/A (sky130_fd_sc_hd__buf_6)
     7    0.03    0.04    0.13    2.26 v _266_/X (sky130_fd_sc_hd__buf_6)
                                         _196_ (net)
                  0.04    0.00    2.26 v rebuffer1/A (sky130_fd_sc_hd__clkbuf_2)
     4    0.02    0.08    0.15    2.41 v rebuffer1/X (sky130_fd_sc_hd__clkbuf_2)
                                         net28 (net)
                  0.08    0.00    2.42 v _292_/A2 (sky130_fd_sc_hd__a22o_1)
     2    0.01    0.05    0.26    2.68 v _292_/X (sky130_fd_sc_hd__a22o_1)
                                         _221_ (net)
                  0.05    0.00    2.68 v _328_/A3 (sky130_fd_sc_hd__a31o_1)
     2    0.01    0.05    0.24    2.92 v _328_/X (sky130_fd_sc_hd__a31o_1)
                                         _008_ (net)
                  0.05    0.00    2.92 v _329_/C (sky130_fd_sc_hd__and3_1)
     2    0.00    0.05    0.19    3.11 v _329_/X (sky130_fd_sc_hd__and3_1)
                                         _009_ (net)
                  0.05    0.00    3.11 v _331_/A_N (sky130_fd_sc_hd__and2b_1)
     1    0.01    0.06    0.21    3.32 ^ _331_/X (sky130_fd_sc_hd__and2b_1)
                                         _011_ (net)
                  0.06    0.00    3.32 ^ _332_/B (sky130_fd_sc_hd__xnor2_1)
     2    0.01    0.17    0.14    3.46 ^ _332_/Y (sky130_fd_sc_hd__xnor2_1)
                                         _012_ (net)
                  0.17    0.00    3.46 ^ _333_/B (sky130_fd_sc_hd__nand2_1)
     3    0.01    0.08    0.12    3.58 v _333_/Y (sky130_fd_sc_hd__nand2_1)
                                         _013_ (net)
                  0.08    0.00    3.58 v _359_/A_N (sky130_fd_sc_hd__nand3b_2)
     4    0.02    0.14    0.30    3.88 v _359_/Y (sky130_fd_sc_hd__nand3b_2)
                                         _038_ (net)
                  0.14    0.00    3.88 v _403_/A2 (sky130_fd_sc_hd__a21o_1)
     2    0.01    0.05    0.24    4.12 v _403_/X (sky130_fd_sc_hd__a21o_1)
                                         _081_ (net)
                  0.05    0.00    4.12 v _408_/A2 (sky130_fd_sc_hd__a31o_1)
     1    0.01    0.05    0.23    4.35 v _408_/X (sky130_fd_sc_hd__a31o_1)
                                         _086_ (net)
                  0.05    0.00    4.35 v _409_/B1 (sky130_fd_sc_hd__a21oi_1)
     1    0.00    0.11    0.13    4.48 ^ _409_/Y (sky130_fd_sc_hd__a21oi_1)
                                         _087_ (net)
                  0.11    0.00    4.48 ^ _410_/B1 (sky130_fd_sc_hd__a21oi_1)
     1    0.01    0.08    0.07    4.55 v _410_/Y (sky130_fd_sc_hd__a21oi_1)
                                         net25 (net)
                  0.08    0.00    4.55 v output25/A (sky130_fd_sc_hd__buf_2)
     1    0.03    0.09    0.21    4.76 v output25/X (sky130_fd_sc_hd__buf_2)
                                         out[5] (net)
                  0.09    0.00    4.76 v out[5] (out)
                                  4.76   data arrival time

                  0.00   10.00   10.00   clock __VIRTUAL_CLK__ (rise edge)
                          0.00   10.00   clock network delay (ideal)
                         -0.25    9.75   clock uncertainty
                          0.00    9.75   clock reconvergence pessimism
                         -2.00    7.75   output external delay
                                  7.75   data required time
-----------------------------------------------------------------------------
                                  7.75   data required time
                                 -4.76   data arrival time
-----------------------------------------------------------------------------
                                  2.99   slack (MET)


Startpoint: B[1] (input port clocked by __VIRTUAL_CLK__)
Endpoint: out[4] (output port clocked by __VIRTUAL_CLK__)
Path Group: __VIRTUAL_CLK__
Path Type: max
Corner: Typical

Fanout     Cap    Slew   Delay    Time   Description
-----------------------------------------------------------------------------
                  0.00    0.00    0.00   clock __VIRTUAL_CLK__ (rise edge)
                          0.00    0.00   clock network delay (ideal)
                          2.00    2.00 v input external delay
     1    0.01    0.02    0.01    2.01 v B[1] (in)
                                         B[1] (net)
                  0.02    0.00    2.01 v input10/A (sky130_fd_sc_hd__buf_6)
     4    0.02    0.03    0.12    2.13 v input10/X (sky130_fd_sc_hd__buf_6)
                                         net10 (net)
                  0.03    0.00    2.13 v _266_/A (sky130_fd_sc_hd__buf_6)
     7    0.03    0.04    0.13    2.26 v _266_/X (sky130_fd_sc_hd__buf_6)
                                         _196_ (net)
                  0.04    0.00    2.26 v rebuffer1/A (sky130_fd_sc_hd__clkbuf_2)
     4    0.02    0.08    0.15    2.41 v rebuffer1/X (sky130_fd_sc_hd__clkbuf_2)
                                         net28 (net)
                  0.08    0.00    2.42 v _267_/A (sky130_fd_sc_hd__buf_4)
    10    0.03    0.06    0.19    2.60 v _267_/X (sky130_fd_sc_hd__buf_4)
                                         _197_ (net)
                  0.06    0.00    2.61 v _277_/B (sky130_fd_sc_hd__and3_1)
     2    0.00    0.04    0.18    2.79 v _277_/X (sky130_fd_sc_hd__and3_1)
                                         _207_ (net)
                  0.04    0.00    2.79 v _279_/C (sky130_fd_sc_hd__or3_1)
     2    0.00    0.07    0.33    3.12 v _279_/X (sky130_fd_sc_hd__or3_1)
                                         _209_ (net)
                  0.07    0.00    3.12 v _301_/A2 (sky130_fd_sc_hd__a21o_1)
     3    0.01    0.06    0.22    3.34 v _301_/X (sky130_fd_sc_hd__a21o_1)
                                         _230_ (net)
                  0.06    0.00    3.35 v _312_/A2 (sky130_fd_sc_hd__a21o_1)
     3    0.01    0.06    0.22    3.57 v _312_/X (sky130_fd_sc_hd__a21o_1)
                                         _240_ (net)
                  0.06    0.00    3.57 v _366_/A1 (sky130_fd_sc_hd__a21bo_1)
     3    0.01    0.06    0.20    3.77 v _366_/X (sky130_fd_sc_hd__a21bo_1)
                                         _045_ (net)
                  0.06    0.00    3.77 v _368_/B (sky130_fd_sc_hd__or2_1)
     1    0.00    0.05    0.21    3.98 v _368_/X (sky130_fd_sc_hd__or2_1)
                                         _047_ (net)
                  0.05    0.00    3.98 v _372_/A3 (sky130_fd_sc_hd__a31o_1)
     1    0.00    0.04    0.22    4.20 v _372_/X (sky130_fd_sc_hd__a31o_1)
                                         _051_ (net)
                  0.04    0.00    4.20 v _373_/B2 (sky130_fd_sc_hd__o2bb2a_1)
     1    0.01    0.06    0.30    4.51 v _373_/X (sky130_fd_sc_hd__o2bb2a_1)
                                         net24 (net)
                  0.06    0.00    4.51 v output24/A (sky130_fd_sc_hd__buf_2)
     1    0.03    0.09    0.20    4.70 v output24/X (sky130_fd_sc_hd__buf_2)
                                         out[4] (net)
                  0.09    0.00    4.71 v out[4] (out)
                                  4.71   data arrival time

                  0.00   10.00   10.00   clock __VIRTUAL_CLK__ (rise edge)
                          0.00   10.00   clock network delay (ideal)
                         -0.25    9.75   clock uncertainty
                          0.00    9.75   clock reconvergence pessimism
                         -2.00    7.75   output external delay
                                  7.75   data required time
-----------------------------------------------------------------------------
                                  7.75   data required time
                                 -4.71   data arrival time
-----------------------------------------------------------------------------
                                  3.04   slack (MET)


Startpoint: B[1] (input port clocked by __VIRTUAL_CLK__)
Endpoint: out[3] (output port clocked by __VIRTUAL_CLK__)
Path Group: __VIRTUAL_CLK__
Path Type: max
Corner: Typical

Fanout     Cap    Slew   Delay    Time   Description
-----------------------------------------------------------------------------
                  0.00    0.00    0.00   clock __VIRTUAL_CLK__ (rise edge)
                          0.00    0.00   clock network delay (ideal)
                          2.00    2.00 v input external delay
     1    0.01    0.02    0.01    2.01 v B[1] (in)
                                         B[1] (net)
                  0.02    0.00    2.01 v input10/A (sky130_fd_sc_hd__buf_6)
     4    0.02    0.03    0.12    2.13 v input10/X (sky130_fd_sc_hd__buf_6)
                                         net10 (net)
                  0.03    0.00    2.13 v _266_/A (sky130_fd_sc_hd__buf_6)
     7    0.03    0.04    0.13    2.26 v _266_/X (sky130_fd_sc_hd__buf_6)
                                         _196_ (net)
                  0.04    0.00    2.26 v rebuffer1/A (sky130_fd_sc_hd__clkbuf_2)
     4    0.02    0.08    0.15    2.41 v rebuffer1/X (sky130_fd_sc_hd__clkbuf_2)
                                         net28 (net)
                  0.08    0.00    2.42 v _267_/A (sky130_fd_sc_hd__buf_4)
    10    0.03    0.06    0.19    2.60 v _267_/X (sky130_fd_sc_hd__buf_4)
                                         _197_ (net)
                  0.06    0.00    2.61 v _277_/B (sky130_fd_sc_hd__and3_1)
     2    0.00    0.04    0.18    2.79 v _277_/X (sky130_fd_sc_hd__and3_1)
                                         _207_ (net)
                  0.04    0.00    2.79 v _279_/C (sky130_fd_sc_hd__or3_1)
     2    0.00    0.07    0.33    3.12 v _279_/X (sky130_fd_sc_hd__or3_1)
                                         _209_ (net)
                  0.07    0.00    3.12 v _301_/A2 (sky130_fd_sc_hd__a21o_1)
     3    0.01    0.06    0.22    3.34 v _301_/X (sky130_fd_sc_hd__a21o_1)
                                         _230_ (net)
                  0.06    0.00    3.35 v _312_/A2 (sky130_fd_sc_hd__a21o_1)
     3    0.01    0.06    0.22    3.57 v _312_/X (sky130_fd_sc_hd__a21o_1)
                                         _240_ (net)
                  0.06    0.00    3.57 v _319_/B1 (sky130_fd_sc_hd__a21o_1)
     1    0.00    0.03    0.16    3.72 v _319_/X (sky130_fd_sc_hd__a21o_1)
                                         _247_ (net)
                  0.03    0.00    3.72 v _320_/B (sky130_fd_sc_hd__and3b_1)
     1    0.00    0.04    0.17    3.89 v _320_/X (sky130_fd_sc_hd__and3b_1)
                                         _000_ (net)
                  0.04    0.00    3.89 v _339_/B1 (sky130_fd_sc_hd__o2bb2a_1)
     1    0.01    0.08    0.33    4.22 v _339_/X (sky130_fd_sc_hd__o2bb2a_1)
                                         net23 (net)
                  0.08    0.00    4.22 v output23/A (sky130_fd_sc_hd__buf_2)
     1    0.03    0.09    0.20    4.43 v output23/X (sky130_fd_sc_hd__buf_2)
                                         out[3] (net)
                  0.09    0.00    4.43 v out[3] (out)
                                  4.43   data arrival time

                  0.00   10.00   10.00   clock __VIRTUAL_CLK__ (rise edge)
                          0.00   10.00   clock network delay (ideal)
                         -0.25    9.75   clock uncertainty
                          0.00    9.75   clock reconvergence pessimism
                         -2.00    7.75   output external delay
                                  7.75   data required time
-----------------------------------------------------------------------------
                                  7.75   data required time
                                 -4.43   data arrival time
-----------------------------------------------------------------------------
                                  3.32   slack (MET)


Startpoint: B[1] (input port clocked by __VIRTUAL_CLK__)
Endpoint: out[2] (output port clocked by __VIRTUAL_CLK__)
Path Group: __VIRTUAL_CLK__
Path Type: max
Corner: Typical

Fanout     Cap    Slew   Delay    Time   Description
-----------------------------------------------------------------------------
                  0.00    0.00    0.00   clock __VIRTUAL_CLK__ (rise edge)
                          0.00    0.00   clock network delay (ideal)
                          2.00    2.00 v input external delay
     1    0.01    0.02    0.01    2.01 v B[1] (in)
                                         B[1] (net)
                  0.02    0.00    2.01 v input10/A (sky130_fd_sc_hd__buf_6)
     4    0.02    0.03    0.12    2.13 v input10/X (sky130_fd_sc_hd__buf_6)
                                         net10 (net)
                  0.03    0.00    2.13 v _266_/A (sky130_fd_sc_hd__buf_6)
     7    0.03    0.04    0.13    2.26 v _266_/X (sky130_fd_sc_hd__buf_6)
                                         _196_ (net)
                  0.04    0.00    2.26 v rebuffer1/A (sky130_fd_sc_hd__clkbuf_2)
     4    0.02    0.08    0.15    2.41 v rebuffer1/X (sky130_fd_sc_hd__clkbuf_2)
                                         net28 (net)
                  0.08    0.00    2.42 v _267_/A (sky130_fd_sc_hd__buf_4)
    10    0.03    0.06    0.19    2.60 v _267_/X (sky130_fd_sc_hd__buf_4)
                                         _197_ (net)
                  0.06    0.00    2.61 v _277_/B (sky130_fd_sc_hd__and3_1)
     2    0.00    0.04    0.18    2.79 v _277_/X (sky130_fd_sc_hd__and3_1)
                                         _207_ (net)
                  0.04    0.00    2.79 v _279_/C (sky130_fd_sc_hd__or3_1)
     2    0.00    0.07    0.33    3.12 v _279_/X (sky130_fd_sc_hd__or3_1)
                                         _209_ (net)
                  0.07    0.00    3.12 v _301_/A2 (sky130_fd_sc_hd__a21o_1)
     3    0.01    0.06    0.22    3.34 v _301_/X (sky130_fd_sc_hd__a21o_1)
                                         _230_ (net)
                  0.06    0.00    3.35 v _303_/A2 (sky130_fd_sc_hd__o21a_1)
     1    0.00    0.04    0.18    3.52 v _303_/X (sky130_fd_sc_hd__o21a_1)
                                         _232_ (net)
                  0.04    0.00    3.52 v _308_/A2 (sky130_fd_sc_hd__a211o_1)
     1    0.00    0.05    0.29    3.81 v _308_/X (sky130_fd_sc_hd__a211o_1)
                                         _237_ (net)
                  0.05    0.00    3.81 v _309_/B2 (sky130_fd_sc_hd__o2bb2a_1)
     1    0.00    0.06    0.29    4.11 v _309_/X (sky130_fd_sc_hd__o2bb2a_1)
                                         net22 (net)
                  0.06    0.00    4.11 v output22/A (sky130_fd_sc_hd__buf_2)
     1    0.03    0.09    0.19    4.30 v output22/X (sky130_fd_sc_hd__buf_2)
                                         out[2] (net)
                  0.09    0.00    4.30 v out[2] (out)
                                  4.30   data arrival time

                  0.00   10.00   10.00   clock __VIRTUAL_CLK__ (rise edge)
                          0.00   10.00   clock network delay (ideal)
                         -0.25    9.75   clock uncertainty
                          0.00    9.75   clock reconvergence pessimism
                         -2.00    7.75   output external delay
                                  7.75   data required time
-----------------------------------------------------------------------------
                                  7.75   data required time
                                 -4.30   data arrival time
-----------------------------------------------------------------------------
                                  3.45   slack (MET)


Startpoint: B[1] (input port clocked by __VIRTUAL_CLK__)
Endpoint: out[1] (output port clocked by __VIRTUAL_CLK__)
Path Group: __VIRTUAL_CLK__
Path Type: max
Corner: Typical

Fanout     Cap    Slew   Delay    Time   Description
-----------------------------------------------------------------------------
                  0.00    0.00    0.00   clock __VIRTUAL_CLK__ (rise edge)
                          0.00    0.00   clock network delay (ideal)
                          2.00    2.00 v input external delay
     1    0.01    0.02    0.01    2.01 v B[1] (in)
                                         B[1] (net)
                  0.02    0.00    2.01 v input10/A (sky130_fd_sc_hd__buf_6)
     4    0.02    0.03    0.12    2.13 v input10/X (sky130_fd_sc_hd__buf_6)
                                         net10 (net)
                  0.03    0.00    2.13 v _266_/A (sky130_fd_sc_hd__buf_6)
     7    0.03    0.04    0.13    2.26 v _266_/X (sky130_fd_sc_hd__buf_6)
                                         _196_ (net)
                  0.04    0.00    2.26 v rebuffer1/A (sky130_fd_sc_hd__clkbuf_2)
     4    0.02    0.08    0.15    2.41 v rebuffer1/X (sky130_fd_sc_hd__clkbuf_2)
                                         net28 (net)
                  0.08    0.00    2.42 v _267_/A (sky130_fd_sc_hd__buf_4)
    10    0.03    0.06    0.19    2.60 v _267_/X (sky130_fd_sc_hd__buf_4)
                                         _197_ (net)
                  0.06    0.00    2.61 v _277_/B (sky130_fd_sc_hd__and3_1)
     2    0.00    0.04    0.18    2.79 v _277_/X (sky130_fd_sc_hd__and3_1)
                                         _207_ (net)
                  0.04    0.00    2.79 v _279_/C (sky130_fd_sc_hd__or3_1)
     2    0.00    0.07    0.33    3.12 v _279_/X (sky130_fd_sc_hd__or3_1)
                                         _209_ (net)
                  0.07    0.00    3.12 v _280_/B_N (sky130_fd_sc_hd__or2b_1)
     1    0.01    0.06    0.18    3.30 ^ _280_/X (sky130_fd_sc_hd__or2b_1)
                                         _210_ (net)
                  0.06    0.00    3.30 ^ _281_/B (sky130_fd_sc_hd__xnor2_1)
     1    0.01    0.06    0.08    3.37 v _281_/Y (sky130_fd_sc_hd__xnor2_1)
                                         _211_ (net)
                  0.06    0.00    3.38 v _286_/A2 (sky130_fd_sc_hd__a211o_1)
     1    0.00    0.04    0.30    3.67 v _286_/X (sky130_fd_sc_hd__a211o_1)
                                         _216_ (net)
                  0.04    0.00    3.67 v _287_/B2 (sky130_fd_sc_hd__o2bb2a_1)
     1    0.01    0.07    0.31    3.99 v _287_/X (sky130_fd_sc_hd__o2bb2a_1)
                                         net21 (net)
                  0.07    0.00    3.99 v output21/A (sky130_fd_sc_hd__buf_2)
     1    0.03    0.09    0.20    4.19 v output21/X (sky130_fd_sc_hd__buf_2)
                                         out[1] (net)
                  0.09    0.00    4.19 v out[1] (out)
                                  4.19   data arrival time

                  0.00   10.00   10.00   clock __VIRTUAL_CLK__ (rise edge)
                          0.00   10.00   clock network delay (ideal)
                         -0.25    9.75   clock uncertainty
                          0.00    9.75   clock reconvergence pessimism
                         -2.00    7.75   output external delay
                                  7.75   data required time
-----------------------------------------------------------------------------
                                  7.75   data required time
                                 -4.19   data arrival time
-----------------------------------------------------------------------------
                                  3.56   slack (MET)


Startpoint: opcode[0] (input port clocked by __VIRTUAL_CLK__)
Endpoint: out[0] (output port clocked by __VIRTUAL_CLK__)
Path Group: __VIRTUAL_CLK__
Path Type: max
Corner: Typical

Fanout     Cap    Slew   Delay    Time   Description
-----------------------------------------------------------------------------
                  0.00    0.00    0.00   clock __VIRTUAL_CLK__ (rise edge)
                          0.00    0.00   clock network delay (ideal)
                          2.00    2.00 v input external delay
     1    0.00    0.01    0.00    2.00 v opcode[0] (in)
                                         opcode[0] (net)
                  0.01    0.00    2.00 v input17/A (sky130_fd_sc_hd__buf_1)
     5    0.02    0.09    0.13    2.14 v input17/X (sky130_fd_sc_hd__buf_1)
                                         net17 (net)
                  0.09    0.00    2.14 v _249_/A (sky130_fd_sc_hd__or2_2)
     5    0.02    0.09    0.38    2.52 v _249_/X (sky130_fd_sc_hd__or2_2)
                                         _180_ (net)
                  0.09    0.00    2.52 v _258_/B (sky130_fd_sc_hd__nor2_2)
     8    0.03    0.38    0.34    2.86 ^ _258_/Y (sky130_fd_sc_hd__nor2_2)
                                         _189_ (net)
                  0.38    0.00    2.87 ^ _260_/A1 (sky130_fd_sc_hd__o211a_1)
     1    0.00    0.04    0.22    3.09 ^ _260_/X (sky130_fd_sc_hd__o211a_1)
                                         _191_ (net)
                  0.04    0.00    3.09 ^ _261_/B1 (sky130_fd_sc_hd__a31o_1)
     1    0.00    0.04    0.09    3.17 ^ _261_/X (sky130_fd_sc_hd__a31o_1)
                                         _192_ (net)
                  0.04    0.00    3.18 ^ _262_/B2 (sky130_fd_sc_hd__a2bb2o_1)
     1    0.01    0.08    0.15    3.32 ^ _262_/X (sky130_fd_sc_hd__a2bb2o_1)
                                         net20 (net)
                  0.08    0.00    3.33 ^ output20/A (sky130_fd_sc_hd__buf_2)
     1    0.03    0.17    0.22    3.54 ^ output20/X (sky130_fd_sc_hd__buf_2)
                                         out[0] (net)
                  0.17    0.00    3.55 ^ out[0] (out)
                                  3.55   data arrival time

                  0.00   10.00   10.00   clock __VIRTUAL_CLK__ (rise edge)
                          0.00   10.00   clock network delay (ideal)
                         -0.25    9.75   clock uncertainty
                          0.00    9.75   clock reconvergence pessimism
                         -2.00    7.75   output external delay
                                  7.75   data required time
-----------------------------------------------------------------------------
                                  7.75   data required time
                                 -3.55   data arrival time
-----------------------------------------------------------------------------
                                  4.20   slack (MET)



worst slack corner Typical: 2.5225
