
63. Printing statistics.

=== ZeroToFiveCounter ===

   Number of wires:                201
   Number of wire bits:            207
   Number of public wires:          34
   Number of public wire bits:      40
   Number of memories:               0
   Number of memory bits:            0
   Number of processes:              0
   Number of cells:                205
     sky130_fd_sc_hd__a211o_2        1
     sky130_fd_sc_hd__a21bo_2        1
     sky130_fd_sc_hd__a21boi_2       1
     sky130_fd_sc_hd__a21o_2         4
     sky130_fd_sc_hd__a21oi_2        1
     sky130_fd_sc_hd__a2bb2o_2       1
     sky130_fd_sc_hd__a31o_2         6
     sky130_fd_sc_hd__and2_2         6
     sky130_fd_sc_hd__and2b_2        2
     sky130_fd_sc_hd__and3_2        14
     sky130_fd_sc_hd__and3b_2       11
     sky130_fd_sc_hd__and4_2         7
     sky130_fd_sc_hd__buf_1         33
     sky130_fd_sc_hd__buf_2          1
     sky130_fd_sc_hd__conb_1         1
     sky130_fd_sc_hd__dfrtp_2       31
     sky130_fd_sc_hd__inv_2         34
     sky130_fd_sc_hd__mux2_2         2
     sky130_fd_sc_hd__nand2_2       11
     sky130_fd_sc_hd__nand3_2        3
     sky130_fd_sc_hd__nor2_2         1
     sky130_fd_sc_hd__nor3_2         1
     sky130_fd_sc_hd__o211a_2        5
     sky130_fd_sc_hd__o21a_2         2
     sky130_fd_sc_hd__o21ba_2        1
     sky130_fd_sc_hd__o22ai_2        1
     sky130_fd_sc_hd__or2_2         12
     sky130_fd_sc_hd__or2b_2         3
     sky130_fd_sc_hd__or3_2          2
     sky130_fd_sc_hd__or4_2          1
     sky130_fd_sc_hd__or4b_2         1
     sky130_fd_sc_hd__or4bb_2        1
     sky130_fd_sc_hd__xnor2_2        3

   Chip area for module '\ZeroToFiveCounter': 1985.654400

