
===========================================================================
report_checks -unconstrained
===========================================================================
======================= Typical Corner ===================================

Startpoint: rst (input port clocked by clk)
Endpoint: _339_ (recovery check against rising-edge clock clk)
Path Group: asynchronous
Path Type: max

Fanout     Cap    Slew   Delay    Time   Description
-----------------------------------------------------------------------------
                  0.15    0.00    0.00   clock clk (rise edge)
                          0.00    0.00   clock network delay (ideal)
                          2.00    2.00 v input external delay
     4    0.01    0.03    0.02    2.02 v rst (in)
                                         rst (net)
                  0.03    0.00    2.02 v _305_/A (sky130_fd_sc_hd__buf_1)
    10    0.04    0.25    0.26    2.28 v _305_/X (sky130_fd_sc_hd__buf_1)
                                         _164_ (net)
                  0.25    0.00    2.28 v _306_/A (sky130_fd_sc_hd__inv_2)
     1    0.00    0.06    0.10    2.38 ^ _306_/Y (sky130_fd_sc_hd__inv_2)
                                         _028_ (net)
                  0.06    0.00    2.38 ^ _339_/RESET_B (sky130_fd_sc_hd__dfrtp_2)
                                  2.38   data arrival time

                  0.15   10.00   10.00   clock clk (rise edge)
                          0.00   10.00   clock network delay (ideal)
                         -0.25    9.75   clock uncertainty
                          0.00    9.75   clock reconvergence pessimism
                                  9.75 ^ _339_/CLK (sky130_fd_sc_hd__dfrtp_2)
                          0.25   10.00   library recovery time
                                 10.00   data required time
-----------------------------------------------------------------------------
                                 10.00   data required time
                                 -2.38   data arrival time
-----------------------------------------------------------------------------
                                  7.61   slack (MET)


Startpoint: _341_ (rising edge-triggered flip-flop clocked by clk)
Endpoint: seg[0] (output port clocked by clk)
Path Group: clk
Path Type: max

Fanout     Cap    Slew   Delay    Time   Description
-----------------------------------------------------------------------------
                  0.15    0.00    0.00   clock clk (rise edge)
                          0.00    0.00   clock network delay (ideal)
                  0.15    0.00    0.00 ^ _341_/CLK (sky130_fd_sc_hd__dfrtp_2)
     7    0.02    0.08    0.49    0.49 v _341_/Q (sky130_fd_sc_hd__dfrtp_2)
                                         num[2] (net)
                  0.08    0.00    0.49 v _189_/A (sky130_fd_sc_hd__or2b_2)
     4    0.01    0.07    0.34    0.83 v _189_/X (sky130_fd_sc_hd__or2b_2)
                                         _083_ (net)
                  0.07    0.00    0.83 v _296_/A2_N (sky130_fd_sc_hd__a2bb2o_2)
     2    0.04    0.19    0.36    1.19 ^ _296_/X (sky130_fd_sc_hd__a2bb2o_2)
                                         seg[3] (net)
                  0.19    0.00    1.19 ^ _371_/A (sky130_fd_sc_hd__buf_2)
     1    0.03    0.17    0.25    1.44 ^ _371_/X (sky130_fd_sc_hd__buf_2)
                                         seg[0] (net)
                  0.17    0.00    1.44 ^ seg[0] (out)
                                  1.44   data arrival time

                  0.15   10.00   10.00   clock clk (rise edge)
                          0.00   10.00   clock network delay (ideal)
                         -0.25    9.75   clock uncertainty
                          0.00    9.75   clock reconvergence pessimism
                         -2.00    7.75   output external delay
                                  7.75   data required time
-----------------------------------------------------------------------------
                                  7.75   data required time
                                 -1.44   data arrival time
-----------------------------------------------------------------------------
                                  6.31   slack (MET)




===========================================================================
report_checks --slack_max -0.01
============================================================================
======================= Typical Corner ===================================

No paths found.


===========================================================================
 report_check_types -max_slew -max_cap -max_fanout -violators
============================================================================
======================= Typical Corner ===================================


max slew violations count Typical: 0
max fanout violations count Typical: 0
max cap violations count Typical: 0

===========================================================================
report_parasitic_annotation -report_unannotated
============================================================================
Found 208 unannotated drivers.
 clk
 rst
 _167_/X
 _168_/Y
 _169_/X
 _170_/X
 _171_/X
 _172_/Y
 _173_/X
 _174_/X
 _175_/X
 _176_/X
 _177_/X
 _178_/X
 _179_/X
 _180_/Y
 _181_/X
 _182_/X
 _183_/Y
 _184_/X
 _185_/X
 _186_/X
 _187_/X
 _188_/X
 _189_/X
 _190_/Y
 _191_/X
 _192_/X
 _193_/X
 _194_/X
 _195_/Y
 _196_/X
 _197_/X
 _198_/Y
 _199_/X
 _200_/X
 _201_/X
 _202_/X
 _203_/Y
 _204_/X
 _205_/X
 _206_/X
 _207_/X
 _208_/X
 _209_/X
 _210_/Y
 _211_/X
 _212_/X
 _213_/X
 _214_/X
 _215_/X
 _216_/X
 _217_/X
 _218_/Y
 _219_/X
 _220_/X
 _221_/X
 _222_/X
 _223_/X
 _224_/X
 _225_/Y
 _226_/X
 _227_/X
 _228_/X
 _229_/X
 _230_/X
 _231_/X
 _232_/X
 _233_/X
 _234_/X
 _235_/X
 _236_/X
 _237_/Y
 _238_/X
 _239_/X
 _240_/X
 _241_/Y
 _242_/Y
 _243_/X
 _244_/X
 _245_/X
 _246_/Y
 _247_/X
 _248_/X
 _249_/X
 _250_/Y
 _251_/Y
 _252_/X
 _253_/Y
 _254_/X
 _255_/X
 _256_/X
 _257_/X
 _258_/X
 _259_/Y
 _260_/X
 _261_/X
 _262_/X
 _263_/X
 _264_/X
 _265_/X
 _266_/Y
 _267_/X
 _268_/X
 _269_/X
 _270_/X
 _271_/X
 _272_/X
 _273_/X
 _274_/Y
 _275_/X
 _276_/X
 _277_/X
 _278_/X
 _279_/X
 _280_/X
 _281_/X
 _282_/X
 _283_/X
 _284_/X
 _285_/X
 _286_/Y
 _287_/X
 _288_/X
 _289_/X
 _290_/X
 _291_/X
 _292_/Y
 _293_/X
 _294_/Y
 _295_/X
 _296_/X
 _297_/X
 _298_/X
 _299_/X
 _300_/X
 _301_/X
 _302_/X
 _303_/X
 _304_/Y
 _305_/X
 _306_/Y
 _307_/Y
 _308_/Y
 _309_/Y
 _310_/Y
 _311_/Y
 _312_/Y
 _313_/Y
 _314_/Y
 _315_/Y
 _316_/X
 _317_/Y
 _318_/Y
 _319_/Y
 _320_/Y
 _321_/Y
 _322_/Y
 _323_/Y
 _324_/Y
 _325_/Y
 _326_/Y
 _327_/X
 _328_/Y
 _329_/Y
 _330_/Y
 _331_/Y
 _332_/Y
 _333_/Y
 _334_/Y
 _335_/Y
 _336_/Y
 _337_/Y
 _338_/Y
 _339_/Q
 _340_/Q
 _341_/Q
 _342_/Q
 _343_/Q
 _344_/Q
 _345_/Q
 _346_/Q
 _347_/Q
 _348_/Q
 _349_/Q
 _350_/Q
 _351_/Q
 _352_/Q
 _353_/Q
 _354_/Q
 _355_/Q
 _356_/Q
 _357_/Q
 _358_/Q
 _359_/Q
 _360_/Q
 _361_/Q
 _362_/Q
 _363_/Q
 _364_/Q
 _365_/Q
 _366_/Q
 _367_/Q
 _368_/Q
 _369_/Q
 _370_/HI
 _370_/LO
 _371_/X
Found 0 partially unannotated drivers.

===========================================================================
max slew violation count 0
max fanout violation count 0
max cap violation count 0
============================================================================

===========================================================================
check_setup -verbose -unconstrained_endpoints -multiple_clock -no_clock -no_input_delay -loops -generated_clocks
===========================================================================
Warning: There is 1 unconstrained endpoint.
  _369_/D
