
===========================================================================
report_checks -unconstrained
===========================================================================
======================= Fastest Corner ===================================

Startpoint: rst (input port clocked by clk)
Endpoint: _341_ (recovery check against rising-edge clock clk)
Path Group: asynchronous
Path Type: max
Corner: Fastest

Fanout     Cap    Slew   Delay    Time   Description
-----------------------------------------------------------------------------
                          0.00    0.00   clock clk (rise edge)
                          0.00    0.00   clock network delay (propagated)
                          2.00    2.00 v input external delay
     1    0.00    0.00    0.00    2.00 v rst (in)
                                         rst (net)
                  0.00    0.00    2.00 v input1/A (sky130_fd_sc_hd__buf_1)
     4    0.02    0.06    0.09    2.09 v input1/X (sky130_fd_sc_hd__buf_1)
                                         net1 (net)
                  0.06    0.00    2.09 v _305_/A (sky130_fd_sc_hd__buf_4)
    10    0.06    0.06    0.15    2.24 v _305_/X (sky130_fd_sc_hd__buf_4)
                                         _164_ (net)
                  0.06    0.00    2.24 v _308_/A (sky130_fd_sc_hd__inv_2)
     1    0.00    0.03    0.04    2.28 ^ _308_/Y (sky130_fd_sc_hd__inv_2)
                                         _030_ (net)
                  0.03    0.00    2.28 ^ _341_/RESET_B (sky130_fd_sc_hd__dfrtp_2)
                                  2.28   data arrival time

                         10.00   10.00   clock clk (rise edge)
                          0.00   10.00   clock source latency
     1    0.02    0.06    0.04   10.04 ^ clk (in)
                                         clk (net)
                  0.06    0.00   10.04 ^ clkbuf_0_clk/A (sky130_fd_sc_hd__clkbuf_16)
     4    0.04    0.05    0.10   10.14 ^ clkbuf_0_clk/X (sky130_fd_sc_hd__clkbuf_16)
                                         clknet_0_clk (net)
                  0.05    0.00   10.14 ^ clkbuf_2_3__f_clk/A (sky130_fd_sc_hd__clkbuf_16)
     9    0.03    0.04    0.09   10.23 ^ clkbuf_2_3__f_clk/X (sky130_fd_sc_hd__clkbuf_16)
                                         clknet_2_3__leaf_clk (net)
                  0.04    0.00   10.23 ^ _341_/CLK (sky130_fd_sc_hd__dfrtp_2)
                         -0.25    9.98   clock uncertainty
                          0.00    9.98   clock reconvergence pessimism
                          0.14   10.11   library recovery time
                                 10.11   data required time
-----------------------------------------------------------------------------
                                 10.11   data required time
                                 -2.28   data arrival time
-----------------------------------------------------------------------------
                                  7.83   slack (MET)


Startpoint: _341_ (rising edge-triggered flip-flop clocked by clk)
Endpoint: seg[0] (output port clocked by clk)
Path Group: clk
Path Type: max
Corner: Fastest

Fanout     Cap    Slew   Delay    Time   Description
-----------------------------------------------------------------------------
                          0.00    0.00   clock clk (rise edge)
                          0.00    0.00   clock source latency
     1    0.02    0.06    0.04    0.04 ^ clk (in)
                                         clk (net)
                  0.06    0.00    0.04 ^ clkbuf_0_clk/A (sky130_fd_sc_hd__clkbuf_16)
     4    0.04    0.05    0.11    0.15 ^ clkbuf_0_clk/X (sky130_fd_sc_hd__clkbuf_16)
                                         clknet_0_clk (net)
                  0.05    0.00    0.15 ^ clkbuf_2_3__f_clk/A (sky130_fd_sc_hd__clkbuf_16)
     9    0.03    0.04    0.10    0.25 ^ clkbuf_2_3__f_clk/X (sky130_fd_sc_hd__clkbuf_16)
                                         clknet_2_3__leaf_clk (net)
                  0.04    0.00    0.25 ^ _341_/CLK (sky130_fd_sc_hd__dfrtp_2)
     7    0.02    0.06    0.29    0.54 v _341_/Q (sky130_fd_sc_hd__dfrtp_2)
                                         num[2] (net)
                  0.06    0.00    0.54 v _189_/A (sky130_fd_sc_hd__or2b_1)
     4    0.01    0.05    0.17    0.71 v _189_/X (sky130_fd_sc_hd__or2b_1)
                                         _083_ (net)
                  0.05    0.00    0.71 v _296_/A2_N (sky130_fd_sc_hd__a2bb2o_1)
     2    0.01    0.05    0.17    0.88 ^ _296_/X (sky130_fd_sc_hd__a2bb2o_1)
                                         net5 (net)
                  0.05    0.00    0.88 ^ _371_/A (sky130_fd_sc_hd__clkbuf_1)
     1    0.00    0.03    0.06    0.94 ^ _371_/X (sky130_fd_sc_hd__clkbuf_1)
                                         net2 (net)
                  0.03    0.00    0.94 ^ output2/A (sky130_fd_sc_hd__buf_2)
     1    0.03    0.13    0.14    1.08 ^ output2/X (sky130_fd_sc_hd__buf_2)
                                         seg[0] (net)
                  0.13    0.00    1.08 ^ seg[0] (out)
                                  1.08   data arrival time

                         10.00   10.00   clock clk (rise edge)
                          0.00   10.00   clock network delay (propagated)
                         -0.25    9.75   clock uncertainty
                          0.00    9.75   clock reconvergence pessimism
                         -2.00    7.75   output external delay
                                  7.75   data required time
-----------------------------------------------------------------------------
                                  7.75   data required time
                                 -1.08   data arrival time
-----------------------------------------------------------------------------
                                  6.67   slack (MET)



======================= Slowest Corner ===================================

Startpoint: rst (input port clocked by clk)
Endpoint: _341_ (recovery check against rising-edge clock clk)
Path Group: asynchronous
Path Type: max
Corner: Slowest

Fanout     Cap    Slew   Delay    Time   Description
-----------------------------------------------------------------------------
                          0.00    0.00   clock clk (rise edge)
                          0.00    0.00   clock network delay (propagated)
                          2.00    2.00 v input external delay
     1    0.00    0.02    0.01    2.01 v rst (in)
                                         rst (net)
                  0.02    0.00    2.01 v input1/A (sky130_fd_sc_hd__buf_1)
     4    0.02    0.18    0.25    2.26 v input1/X (sky130_fd_sc_hd__buf_1)
                                         net1 (net)
                  0.18    0.00    2.26 v _305_/A (sky130_fd_sc_hd__buf_4)
    10    0.06    0.15    0.41    2.68 v _305_/X (sky130_fd_sc_hd__buf_4)
                                         _164_ (net)
                  0.15    0.00    2.68 v _308_/A (sky130_fd_sc_hd__inv_2)
     1    0.00    0.06    0.10    2.78 ^ _308_/Y (sky130_fd_sc_hd__inv_2)
                                         _030_ (net)
                  0.06    0.00    2.78 ^ _341_/RESET_B (sky130_fd_sc_hd__dfrtp_2)
                                  2.78   data arrival time

                         10.00   10.00   clock clk (rise edge)
                          0.00   10.00   clock source latency
     1    0.02    0.12    0.07   10.07 ^ clk (in)
                                         clk (net)
                  0.12    0.00   10.07 ^ clkbuf_0_clk/A (sky130_fd_sc_hd__clkbuf_16)
     4    0.04    0.10    0.26   10.34 ^ clkbuf_0_clk/X (sky130_fd_sc_hd__clkbuf_16)
                                         clknet_0_clk (net)
                  0.10    0.00   10.34 ^ clkbuf_2_3__f_clk/A (sky130_fd_sc_hd__clkbuf_16)
     9    0.03    0.07    0.23   10.57 ^ clkbuf_2_3__f_clk/X (sky130_fd_sc_hd__clkbuf_16)
                                         clknet_2_3__leaf_clk (net)
                  0.07    0.00   10.57 ^ _341_/CLK (sky130_fd_sc_hd__dfrtp_2)
                         -0.25   10.32   clock uncertainty
                          0.00   10.32   clock reconvergence pessimism
                          0.45   10.77   library recovery time
                                 10.77   data required time
-----------------------------------------------------------------------------
                                 10.77   data required time
                                 -2.78   data arrival time
-----------------------------------------------------------------------------
                                  7.98   slack (MET)


Startpoint: _368_ (rising edge-triggered flip-flop clocked by clk)
Endpoint: _354_ (rising edge-triggered flip-flop clocked by clk)
Path Group: clk
Path Type: max
Corner: Slowest

Fanout     Cap    Slew   Delay    Time   Description
-----------------------------------------------------------------------------
                          0.00    0.00   clock clk (rise edge)
                          0.00    0.00   clock source latency
     1    0.02    0.12    0.08    0.08 ^ clk (in)
                                         clk (net)
                  0.12    0.00    0.08 ^ clkbuf_0_clk/A (sky130_fd_sc_hd__clkbuf_16)
     4    0.04    0.10    0.29    0.37 ^ clkbuf_0_clk/X (sky130_fd_sc_hd__clkbuf_16)
                                         clknet_0_clk (net)
                  0.10    0.00    0.37 ^ clkbuf_2_2__f_clk/A (sky130_fd_sc_hd__clkbuf_16)
     8    0.02    0.07    0.25    0.62 ^ clkbuf_2_2__f_clk/X (sky130_fd_sc_hd__clkbuf_16)
                                         clknet_2_2__leaf_clk (net)
                  0.07    0.00    0.62 ^ _368_/CLK (sky130_fd_sc_hd__dfrtp_1)
     2    0.01    0.11    0.70    1.32 ^ _368_/Q (sky130_fd_sc_hd__dfrtp_1)
                                         count[26] (net)
                  0.11    0.00    1.32 ^ hold3/A (sky130_fd_sc_hd__dlygate4sd3_1)
     1    0.00    0.12    1.14    2.46 ^ hold3/X (sky130_fd_sc_hd__dlygate4sd3_1)
                                         net12 (net)
                  0.12    0.00    2.46 ^ _168_/A (sky130_fd_sc_hd__inv_2)
     2    0.00    0.04    0.08    2.54 v _168_/Y (sky130_fd_sc_hd__inv_2)
                                         _063_ (net)
                  0.04    0.00    2.54 v _169_/B (sky130_fd_sc_hd__or4b_2)
     2    0.01    0.28    1.69    4.23 v _169_/X (sky130_fd_sc_hd__or4b_2)
                                         _064_ (net)
                  0.28    0.00    4.23 v _185_/A (sky130_fd_sc_hd__or4_1)
     4    0.01    0.30    1.53    5.76 v _185_/X (sky130_fd_sc_hd__or4_1)
                                         _080_ (net)
                  0.30    0.00    5.76 v _193_/B (sky130_fd_sc_hd__and2_1)
     7    0.02    0.21    0.59    6.35 v _193_/X (sky130_fd_sc_hd__and2_1)
                                         _086_ (net)
                  0.21    0.00    6.35 v _199_/A (sky130_fd_sc_hd__clkbuf_2)
    10    0.03    0.23    0.42    6.77 v _199_/X (sky130_fd_sc_hd__clkbuf_2)
                                         _090_ (net)
                  0.23    0.00    6.77 v _244_/B (sky130_fd_sc_hd__and3b_1)
     1    0.00    0.08    0.43    7.20 v _244_/X (sky130_fd_sc_hd__and3b_1)
                                         _124_ (net)
                  0.08    0.00    7.20 v _245_/A (sky130_fd_sc_hd__clkbuf_1)
     1    0.00    0.05    0.17    7.37 v _245_/X (sky130_fd_sc_hd__clkbuf_1)
                                         _003_ (net)
                  0.05    0.00    7.37 v _354_/D (sky130_fd_sc_hd__dfrtp_1)
                                  7.37   data arrival time

                         10.00   10.00   clock clk (rise edge)
                          0.00   10.00   clock source latency
     1    0.02    0.12    0.07   10.07 ^ clk (in)
                                         clk (net)
                  0.12    0.00   10.07 ^ clkbuf_0_clk/A (sky130_fd_sc_hd__clkbuf_16)
     4    0.04    0.10    0.26   10.34 ^ clkbuf_0_clk/X (sky130_fd_sc_hd__clkbuf_16)
                                         clknet_0_clk (net)
                  0.10    0.00   10.34 ^ clkbuf_2_3__f_clk/A (sky130_fd_sc_hd__clkbuf_16)
     9    0.03    0.07    0.23   10.57 ^ clkbuf_2_3__f_clk/X (sky130_fd_sc_hd__clkbuf_16)
                                         clknet_2_3__leaf_clk (net)
                  0.07    0.00   10.57 ^ _354_/CLK (sky130_fd_sc_hd__dfrtp_1)
                         -0.25   10.32   clock uncertainty
                          0.04   10.35   clock reconvergence pessimism
                         -0.27   10.08   library setup time
                                 10.08   data required time
-----------------------------------------------------------------------------
                                 10.08   data required time
                                 -7.37   data arrival time
-----------------------------------------------------------------------------
                                  2.71   slack (MET)



======================= Typical Corner ===================================

Startpoint: rst (input port clocked by clk)
Endpoint: _341_ (recovery check against rising-edge clock clk)
Path Group: asynchronous
Path Type: max
Corner: Typical

Fanout     Cap    Slew   Delay    Time   Description
-----------------------------------------------------------------------------
                          0.00    0.00   clock clk (rise edge)
                          0.00    0.00   clock network delay (propagated)
                          2.00    2.00 v input external delay
     1    0.00    0.01    0.00    2.00 v rst (in)
                                         rst (net)
                  0.01    0.00    2.00 v input1/A (sky130_fd_sc_hd__buf_1)
     4    0.02    0.09    0.13    2.14 v input1/X (sky130_fd_sc_hd__buf_1)
                                         net1 (net)
                  0.09    0.00    2.14 v _305_/A (sky130_fd_sc_hd__buf_4)
    10    0.06    0.08    0.22    2.36 v _305_/X (sky130_fd_sc_hd__buf_4)
                                         _164_ (net)
                  0.08    0.00    2.36 v _308_/A (sky130_fd_sc_hd__inv_2)
     1    0.00    0.03    0.06    2.42 ^ _308_/Y (sky130_fd_sc_hd__inv_2)
                                         _030_ (net)
                  0.03    0.00    2.42 ^ _341_/RESET_B (sky130_fd_sc_hd__dfrtp_2)
                                  2.42   data arrival time

                         10.00   10.00   clock clk (rise edge)
                          0.00   10.00   clock source latency
     1    0.02    0.07    0.05   10.05 ^ clk (in)
                                         clk (net)
                  0.07    0.00   10.05 ^ clkbuf_0_clk/A (sky130_fd_sc_hd__clkbuf_16)
     4    0.04    0.06    0.15   10.20 ^ clkbuf_0_clk/X (sky130_fd_sc_hd__clkbuf_16)
                                         clknet_0_clk (net)
                  0.06    0.00   10.20 ^ clkbuf_2_3__f_clk/A (sky130_fd_sc_hd__clkbuf_16)
     9    0.03    0.05    0.13   10.33 ^ clkbuf_2_3__f_clk/X (sky130_fd_sc_hd__clkbuf_16)
                                         clknet_2_3__leaf_clk (net)
                  0.05    0.00   10.33 ^ _341_/CLK (sky130_fd_sc_hd__dfrtp_2)
                         -0.25   10.08   clock uncertainty
                          0.00   10.08   clock reconvergence pessimism
                          0.22   10.30   library recovery time
                                 10.30   data required time
-----------------------------------------------------------------------------
                                 10.30   data required time
                                 -2.42   data arrival time
-----------------------------------------------------------------------------
                                  7.88   slack (MET)


Startpoint: _341_ (rising edge-triggered flip-flop clocked by clk)
Endpoint: seg[0] (output port clocked by clk)
Path Group: clk
Path Type: max
Corner: Typical

Fanout     Cap    Slew   Delay    Time   Description
-----------------------------------------------------------------------------
                          0.00    0.00   clock clk (rise edge)
                          0.00    0.00   clock source latency
     1    0.02    0.07    0.05    0.05 ^ clk (in)
                                         clk (net)
                  0.07    0.00    0.05 ^ clkbuf_0_clk/A (sky130_fd_sc_hd__clkbuf_16)
     4    0.04    0.06    0.16    0.22 ^ clkbuf_0_clk/X (sky130_fd_sc_hd__clkbuf_16)
                                         clknet_0_clk (net)
                  0.06    0.00    0.22 ^ clkbuf_2_3__f_clk/A (sky130_fd_sc_hd__clkbuf_16)
     9    0.03    0.05    0.14    0.36 ^ clkbuf_2_3__f_clk/X (sky130_fd_sc_hd__clkbuf_16)
                                         clknet_2_3__leaf_clk (net)
                  0.05    0.00    0.36 ^ _341_/CLK (sky130_fd_sc_hd__dfrtp_2)
     7    0.02    0.08    0.45    0.81 v _341_/Q (sky130_fd_sc_hd__dfrtp_2)
                                         num[2] (net)
                  0.08    0.00    0.81 v _189_/A (sky130_fd_sc_hd__or2b_1)
     4    0.01    0.08    0.28    1.09 v _189_/X (sky130_fd_sc_hd__or2b_1)
                                         _083_ (net)
                  0.08    0.00    1.09 v _296_/A2_N (sky130_fd_sc_hd__a2bb2o_1)
     2    0.01    0.06    0.27    1.37 ^ _296_/X (sky130_fd_sc_hd__a2bb2o_1)
                                         net5 (net)
                  0.06    0.00    1.37 ^ _371_/A (sky130_fd_sc_hd__clkbuf_1)
     1    0.00    0.04    0.09    1.46 ^ _371_/X (sky130_fd_sc_hd__clkbuf_1)
                                         net2 (net)
                  0.04    0.00    1.46 ^ output2/A (sky130_fd_sc_hd__buf_2)
     1    0.03    0.17    0.21    1.66 ^ output2/X (sky130_fd_sc_hd__buf_2)
                                         seg[0] (net)
                  0.17    0.00    1.66 ^ seg[0] (out)
                                  1.66   data arrival time

                         10.00   10.00   clock clk (rise edge)
                          0.00   10.00   clock network delay (propagated)
                         -0.25    9.75   clock uncertainty
                          0.00    9.75   clock reconvergence pessimism
                         -2.00    7.75   output external delay
                                  7.75   data required time
-----------------------------------------------------------------------------
                                  7.75   data required time
                                 -1.66   data arrival time
-----------------------------------------------------------------------------
                                  6.09   slack (MET)




===========================================================================
report_checks --slack_max -0.01
============================================================================
======================= Fastest Corner ===================================

No paths found.

======================= Slowest Corner ===================================

No paths found.

======================= Typical Corner ===================================

No paths found.


===========================================================================
 report_check_types -max_slew -max_cap -max_fanout -violators
============================================================================
======================= Fastest Corner ===================================


max slew violations count Fastest: 0
max fanout violations count Fastest: 0
max cap violations count Fastest: 0
======================= Slowest Corner ===================================


max slew violations count Slowest: 0
max fanout violations count Slowest: 0
max cap violations count Slowest: 0
======================= Typical Corner ===================================


max slew violations count Typical: 0
max fanout violations count Typical: 0
max cap violations count Typical: 0

===========================================================================
report_parasitic_annotation -report_unannotated
============================================================================
Found 4 unannotated drivers.
 _369__9/HI
 clkload0/Y
 clkload1/Y
 clkload2/X
Found 0 partially unannotated drivers.

===========================================================================
max slew violation count 0
max fanout violation count 0
max cap violation count 0
============================================================================

===========================================================================
check_setup -verbose -unconstrained_endpoints -multiple_clock -no_clock -no_input_delay -loops -generated_clocks
===========================================================================
Warning: There is 1 unconstrained endpoint.
  _369_/D
