Sat Apr 26 20:39:24 +0000 2025 - Executing "{openroad -exit -no_init -python /openlane/scripts/odbpy/lefutil.py get_metal_layers -o /openlane/designs/twos_complement/runs/RUN_2025.04.26_20.39.24/tmp/layers.list /home/cernsvr/.volare/sky130A/libs.ref/sky130_fd_sc_hd/techlef/sky130_fd_sc_hd__nom.tlef}"

Sat Apr 26 20:39:25 +0000 2025 - Executing "{/openlane/scripts/mergeLef.py -o /openlane/designs/twos_complement/runs/RUN_2025.04.26_20.39.24/tmp/merged.nom.lef -i /home/cernsvr/.volare/sky130A/libs.ref/sky130_fd_sc_hd/techlef/sky130_fd_sc_hd__nom.tlef {/home/cernsvr/.volare/sky130A/libs.ref/sky130_fd_sc_hd/lef/sky130_ef_sc_hd.lef /home/cernsvr/.volare/sky130A/libs.ref/sky130_fd_sc_hd/lef/sky130_fd_sc_hd.lef} |& tee /dev/null}"

Sat Apr 26 20:39:25 +0000 2025 - Executing "{/openlane/scripts/mergeLef.py -o /openlane/designs/twos_complement/runs/RUN_2025.04.26_20.39.24/tmp/merged.min.lef -i /home/cernsvr/.volare/sky130A/libs.ref/sky130_fd_sc_hd/techlef/sky130_fd_sc_hd__min.tlef {/home/cernsvr/.volare/sky130A/libs.ref/sky130_fd_sc_hd/lef/sky130_ef_sc_hd.lef /home/cernsvr/.volare/sky130A/libs.ref/sky130_fd_sc_hd/lef/sky130_fd_sc_hd.lef} |& tee /dev/null}"

Sat Apr 26 20:39:25 +0000 2025 - Executing "{/openlane/scripts/mergeLef.py -o /openlane/designs/twos_complement/runs/RUN_2025.04.26_20.39.24/tmp/merged.max.lef -i /home/cernsvr/.volare/sky130A/libs.ref/sky130_fd_sc_hd/techlef/sky130_fd_sc_hd__max.tlef {/home/cernsvr/.volare/sky130A/libs.ref/sky130_fd_sc_hd/lef/sky130_ef_sc_hd.lef /home/cernsvr/.volare/sky130A/libs.ref/sky130_fd_sc_hd/lef/sky130_fd_sc_hd.lef} |& tee /dev/null}"

Sat Apr 26 20:39:25 +0000 2025 - Executing "{python3 /openlane/scripts/mergeLib.py --output /openlane/designs/twos_complement/runs/RUN_2025.04.26_20.39.24/tmp/synthesis/merged.lib --name sky130A_merged /home/cernsvr/.volare/sky130A/libs.ref/sky130_fd_sc_hd/lib/sky130_fd_sc_hd__tt_025C_1v80.lib}"

Sat Apr 26 20:39:26 +0000 2025 - Executing "{python3 /openlane/scripts/libtrim.py --cell-file /openlane/designs/twos_complement/runs/RUN_2025.04.26_20.39.24/tmp/synthesis/trimmed.lib.exclude.list --output /openlane/designs/twos_complement/runs/RUN_2025.04.26_20.39.24/tmp/synthesis/trimmed.lib /openlane/designs/twos_complement/runs/RUN_2025.04.26_20.39.24/tmp/synthesis/merged.lib}"

Sat Apr 26 20:39:26 +0000 2025 - Executing "{python3 /openlane/scripts/libtrim.py --cell-file /openlane/designs/twos_complement/runs/RUN_2025.04.26_20.39.24/tmp/cts/cts.lib.exclude.list --output /openlane/designs/twos_complement/runs/RUN_2025.04.26_20.39.24/tmp/cts/cts.lib /home/cernsvr/.volare/sky130A/libs.ref/sky130_fd_sc_hd/lib/sky130_fd_sc_hd__tt_025C_1v80.lib}"

Sat Apr 26 20:39:26 +0000 2025 - Executing "{python3 /openlane/scripts/libtrim.py --cell-file /openlane/designs/twos_complement/runs/RUN_2025.04.26_20.39.24/tmp/cts/cts-fastest.lib.exclude.list --output /openlane/designs/twos_complement/runs/RUN_2025.04.26_20.39.24/tmp/cts/cts-fastest.lib /home/cernsvr/.volare/sky130A/libs.ref/sky130_fd_sc_hd/lib/sky130_fd_sc_hd__ff_n40C_1v95.lib}"

Sat Apr 26 20:39:27 +0000 2025 - Executing "{python3 /openlane/scripts/libtrim.py --cell-file /openlane/designs/twos_complement/runs/RUN_2025.04.26_20.39.24/tmp/cts/cts-slowest.lib.exclude.list --output /openlane/designs/twos_complement/runs/RUN_2025.04.26_20.39.24/tmp/cts/cts-slowest.lib /home/cernsvr/.volare/sky130A/libs.ref/sky130_fd_sc_hd/lib/sky130_fd_sc_hd__ss_100C_1v60.lib}"

Sat Apr 26 20:39:27 +0000 2025 - Executing "{python3 /openlane/scripts/new_tracks.py -i /home/cernsvr/.volare/sky130A/libs.tech/openlane/sky130_fd_sc_hd/tracks.info -o /openlane/designs/twos_complement/runs/RUN_2025.04.26_20.39.24/tmp/routing/config.tracks}"

Sat Apr 26 20:39:27 +0000 2025 - Executing "{echo {OpenLane e73fb3c57e687a0023fcd4dcfd1566ecd478362a} > /openlane/designs/twos_complement/runs/RUN_2025.04.26_20.39.24/OPENLANE_COMMIT}"

Sat Apr 26 20:39:27 +0000 2025 - Executing "{yosys -c /openlane/scripts/yosys/blackbox.tcl}"

Sat Apr 26 20:39:27 +0000 2025 - Executing "{verilator -Wall --lint-only --Wno-DECLFILENAME --top-module twos_complement /openlane/designs/twos_complement/runs/RUN_2025.04.26_20.39.24/tmp/synthesis/blackbox/sky130_fd_sc_hd__blackbox.v /openlane/designs/twos_complement/src/twos_complement.v -Wno-fatal --relative-includes |& tee /openlane/designs/twos_complement/runs/RUN_2025.04.26_20.39.24/logs/synthesis/linter.log /dev/null}"

Sat Apr 26 20:39:28 +0000 2025 - Executing "{sed -E {s/^([[:space:]]+)pg_pin(.*)/\1pin\2\n\1    direction : "inout";/g} /home/cernsvr/.volare/sky130A/libs.ref/sky130_fd_sc_hd/lib/sky130_fd_sc_hd__tt_025C_1v80.lib > /openlane/designs/twos_complement/runs/RUN_2025.04.26_20.39.24/tmp/synthesis/1-sky130_fd_sc_hd__tt_025C_1v80.no_pg.lib}"

Sat Apr 26 20:39:28 +0000 2025 - Executing "{sed -E {s/^([[:space:]]+)pg_pin(.*)/\1pin\2\n\1    direction : "inout";/g} /openlane/designs/twos_complement/runs/RUN_2025.04.26_20.39.24/tmp/synthesis/trimmed.lib > /openlane/designs/twos_complement/runs/RUN_2025.04.26_20.39.24/tmp/synthesis/1-trimmed.no_pg.lib}"

Sat Apr 26 20:39:28 +0000 2025 - Executing "yosys -c /openlane/scripts/yosys/synth.tcl |& tee /dev/null /openlane/designs/twos_complement/runs/RUN_2025.04.26_20.39.24/logs/synthesis/1-synthesis.log"

Sat Apr 26 20:39:28 +0000 2025 - Executing "{yosys -c /openlane/scripts/yosys/synth.tcl |& tee /dev/null /openlane/designs/twos_complement/runs/RUN_2025.04.26_20.39.24/logs/synthesis/1-synthesis.log}"

Sat Apr 26 20:39:28 +0000 2025 - Executing "{sed -i.bak -e {s/\(set ::env(CURRENT_NETLIST)\).*/\1 \/openlane\/designs\/twos_complement\/runs\/RUN_2025.04.26_20.39.24\/results\/synthesis\/twos_complement.v/} /openlane/designs/twos_complement/runs/RUN_2025.04.26_20.39.24/config.tcl}"

Sat Apr 26 20:39:28 +0000 2025 - Executing "{sed -i.bak /defparam/d /openlane/designs/twos_complement/runs/RUN_2025.04.26_20.39.24/results/synthesis/twos_complement.v}"

Sat Apr 26 20:39:29 +0000 2025 - Executing "sta -exit -no_init /openlane/scripts/openroad/sta/multi_corner.tcl |& tee /dev/null /openlane/designs/twos_complement/runs/RUN_2025.04.26_20.39.24/logs/synthesis/2-sta.log"

Sat Apr 26 20:39:29 +0000 2025 - Executing "{sta -exit -no_init /openlane/scripts/openroad/sta/multi_corner.tcl |& tee /dev/null /openlane/designs/twos_complement/runs/RUN_2025.04.26_20.39.24/logs/synthesis/2-sta.log}"

Sat Apr 26 20:39:29 +0000 2025 - Executing "openroad -exit /openlane/scripts/openroad/floorplan.tcl |& tee /dev/null /openlane/designs/twos_complement/runs/RUN_2025.04.26_20.39.24/logs/floorplan/3-initial_fp.log"

Sat Apr 26 20:39:29 +0000 2025 - Executing "{openroad -exit /openlane/scripts/openroad/floorplan.tcl |& tee /dev/null /openlane/designs/twos_complement/runs/RUN_2025.04.26_20.39.24/logs/floorplan/3-initial_fp.log}"

Sat Apr 26 20:39:30 +0000 2025 - Executing "{openroad -exit -no_init -python /openlane/scripts/odbpy/snap_to_grid.py --output /openlane/designs/twos_complement/runs/RUN_2025.04.26_20.39.24/tmp/floorplan/3-minimized_pdn.txt --input-lef /openlane/designs/twos_complement/runs/RUN_2025.04.26_20.39.24/tmp/merged.nom.lef 3.4499999999999997 3.3999999999999995 6.8999999999999995 6.799999999999999}"

Sat Apr 26 20:39:31 +0000 2025 - Executing "{openroad -exit -no_init -python /openlane/scripts/odbpy/defutil.py extract_core_dims --output-data /openlane/designs/twos_complement/runs/RUN_2025.04.26_20.39.24/tmp/dimensions.txt --input-lef /openlane/designs/twos_complement/runs/RUN_2025.04.26_20.39.24/tmp/merged.nom.lef /openlane/designs/twos_complement/runs/RUN_2025.04.26_20.39.24/tmp/floorplan/3-initial_fp.def}"

Sat Apr 26 20:39:31 +0000 2025 - Executing "openroad -exit /openlane/scripts/openroad/ioplacer.tcl |& tee /dev/null /openlane/designs/twos_complement/runs/RUN_2025.04.26_20.39.24/logs/floorplan/4-io.log"

Sat Apr 26 20:39:31 +0000 2025 - Executing "{openroad -exit /openlane/scripts/openroad/ioplacer.tcl |& tee /dev/null /openlane/designs/twos_complement/runs/RUN_2025.04.26_20.39.24/logs/floorplan/4-io.log}"

Sat Apr 26 20:39:32 +0000 2025 - Executing "openroad -exit /openlane/scripts/openroad/tapcell.tcl |& tee /dev/null /openlane/designs/twos_complement/runs/RUN_2025.04.26_20.39.24/logs/floorplan/5-tap.log"

Sat Apr 26 20:39:32 +0000 2025 - Executing "{openroad -exit /openlane/scripts/openroad/tapcell.tcl |& tee /dev/null /openlane/designs/twos_complement/runs/RUN_2025.04.26_20.39.24/logs/floorplan/5-tap.log}"

Sat Apr 26 20:39:32 +0000 2025 - Executing "openroad -exit /openlane/scripts/openroad/pdn.tcl |& tee /dev/null /openlane/designs/twos_complement/runs/RUN_2025.04.26_20.39.24/logs/floorplan/6-pdn.log"

Sat Apr 26 20:39:32 +0000 2025 - Executing "{openroad -exit /openlane/scripts/openroad/pdn.tcl |& tee /dev/null /openlane/designs/twos_complement/runs/RUN_2025.04.26_20.39.24/logs/floorplan/6-pdn.log}"

Sat Apr 26 20:39:33 +0000 2025 - Executing "openroad -exit /openlane/scripts/openroad/gpl.tcl |& tee /dev/null /openlane/designs/twos_complement/runs/RUN_2025.04.26_20.39.24/logs/placement/6-global_skip_io.log"

Sat Apr 26 20:39:33 +0000 2025 - Executing "{openroad -exit /openlane/scripts/openroad/gpl.tcl |& tee /dev/null /openlane/designs/twos_complement/runs/RUN_2025.04.26_20.39.24/logs/placement/6-global_skip_io.log}"

Sat Apr 26 20:39:34 +0000 2025 - Executing "{sed -i.bak -e {s/\(set ::env(CURRENT_NETLIST)\).*/\1 \/openlane\/designs\/twos_complement\/runs\/RUN_2025.04.26_20.39.24\/tmp\/placement\/7-global_skip_io.nl.v/} /openlane/designs/twos_complement/runs/RUN_2025.04.26_20.39.24/config.tcl}"

Sat Apr 26 20:39:34 +0000 2025 - Executing "openroad -exit /openlane/scripts/openroad/sta/multi_corner.tcl |& tee /dev/null /openlane/designs/twos_complement/runs/RUN_2025.04.26_20.39.24/logs/placement/8-gpl_sta.log"

Sat Apr 26 20:39:34 +0000 2025 - Executing "{openroad -exit /openlane/scripts/openroad/sta/multi_corner.tcl |& tee /dev/null /openlane/designs/twos_complement/runs/RUN_2025.04.26_20.39.24/logs/placement/8-gpl_sta.log}"

Sat Apr 26 20:39:34 +0000 2025 - Executing "openroad -exit /openlane/scripts/openroad/ioplacer.tcl |& tee /dev/null /openlane/designs/twos_complement/runs/RUN_2025.04.26_20.39.24/logs/placement/9-io.log"

Sat Apr 26 20:39:34 +0000 2025 - Executing "{openroad -exit /openlane/scripts/openroad/ioplacer.tcl |& tee /dev/null /openlane/designs/twos_complement/runs/RUN_2025.04.26_20.39.24/logs/placement/9-io.log}"

Sat Apr 26 20:39:35 +0000 2025 - Executing "openroad -exit /openlane/scripts/openroad/gpl.tcl |& tee /dev/null /openlane/designs/twos_complement/runs/RUN_2025.04.26_20.39.24/logs/placement/9-global.log"

Sat Apr 26 20:39:35 +0000 2025 - Executing "{openroad -exit /openlane/scripts/openroad/gpl.tcl |& tee /dev/null /openlane/designs/twos_complement/runs/RUN_2025.04.26_20.39.24/logs/placement/9-global.log}"

Sat Apr 26 20:39:36 +0000 2025 - Executing "{sed -i.bak -e {s/\(set ::env(CURRENT_NETLIST)\).*/\1 \/openlane\/designs\/twos_complement\/runs\/RUN_2025.04.26_20.39.24\/tmp\/placement\/10-global.nl.v/} /openlane/designs/twos_complement/runs/RUN_2025.04.26_20.39.24/config.tcl}"

Sat Apr 26 20:39:36 +0000 2025 - Executing "openroad -exit /openlane/scripts/openroad/sta/multi_corner.tcl |& tee /dev/null /openlane/designs/twos_complement/runs/RUN_2025.04.26_20.39.24/logs/placement/11-gpl_sta.log"

Sat Apr 26 20:39:36 +0000 2025 - Executing "{openroad -exit /openlane/scripts/openroad/sta/multi_corner.tcl |& tee /dev/null /openlane/designs/twos_complement/runs/RUN_2025.04.26_20.39.24/logs/placement/11-gpl_sta.log}"

Sat Apr 26 20:39:36 +0000 2025 - Executing "openroad -exit /openlane/scripts/openroad/resizer.tcl |& tee /dev/null /openlane/designs/twos_complement/runs/RUN_2025.04.26_20.39.24/logs/placement/12-resizer.log"

Sat Apr 26 20:39:36 +0000 2025 - Executing "{openroad -exit /openlane/scripts/openroad/resizer.tcl |& tee /dev/null /openlane/designs/twos_complement/runs/RUN_2025.04.26_20.39.24/logs/placement/12-resizer.log}"

Sat Apr 26 20:39:38 +0000 2025 - Executing "{sed -i.bak -e {s/\(set ::env(CURRENT_NETLIST)\).*/\1 \/openlane\/designs\/twos_complement\/runs\/RUN_2025.04.26_20.39.24\/tmp\/placement\/12-resizer.nl.v/} /openlane/designs/twos_complement/runs/RUN_2025.04.26_20.39.24/config.tcl}"

Sat Apr 26 20:39:38 +0000 2025 - Executing "openroad -exit /openlane/scripts/openroad/dpl.tcl |& tee /dev/null /openlane/designs/twos_complement/runs/RUN_2025.04.26_20.39.24/logs/placement/13-detailed.log"

Sat Apr 26 20:39:38 +0000 2025 - Executing "{openroad -exit /openlane/scripts/openroad/dpl.tcl |& tee /dev/null /openlane/designs/twos_complement/runs/RUN_2025.04.26_20.39.24/logs/placement/13-detailed.log}"

Sat Apr 26 20:39:39 +0000 2025 - Executing "{sed -i.bak -e {s/\(set ::env(CURRENT_NETLIST)\).*/\1 \/openlane\/designs\/twos_complement\/runs\/RUN_2025.04.26_20.39.24\/results\/placement\/twos_complement.nl.v/} /openlane/designs/twos_complement/runs/RUN_2025.04.26_20.39.24/config.tcl}"

Sat Apr 26 20:39:39 +0000 2025 - Executing "openroad -exit /openlane/scripts/openroad/sta/multi_corner.tcl |& tee /dev/null /openlane/designs/twos_complement/runs/RUN_2025.04.26_20.39.24/logs/placement/14-dpl_sta.log"

Sat Apr 26 20:39:39 +0000 2025 - Executing "{openroad -exit /openlane/scripts/openroad/sta/multi_corner.tcl |& tee /dev/null /openlane/designs/twos_complement/runs/RUN_2025.04.26_20.39.24/logs/placement/14-dpl_sta.log}"

Sat Apr 26 20:39:40 +0000 2025 - Executing "openroad -exit /openlane/scripts/openroad/resizer_timing.tcl |& tee /dev/null /openlane/designs/twos_complement/runs/RUN_2025.04.26_20.39.24/logs/cts/15-resizer.log"

Sat Apr 26 20:39:40 +0000 2025 - Executing "{openroad -exit /openlane/scripts/openroad/resizer_timing.tcl |& tee /dev/null /openlane/designs/twos_complement/runs/RUN_2025.04.26_20.39.24/logs/cts/15-resizer.log}"

Sat Apr 26 20:39:41 +0000 2025 - Executing "{sed -i.bak -e {s/\(set ::env(CURRENT_NETLIST)\).*/\1 \/openlane\/designs\/twos_complement\/runs\/RUN_2025.04.26_20.39.24\/tmp\/cts\/15-twos_complement.resized.nl.v/} /openlane/designs/twos_complement/runs/RUN_2025.04.26_20.39.24/config.tcl}"

Sat Apr 26 20:39:42 +0000 2025 - Executing "openroad -exit /openlane/scripts/openroad/resizer_routing_design.tcl |& tee /dev/null /openlane/designs/twos_complement/runs/RUN_2025.04.26_20.39.24/logs/routing/16-resizer_design.log"

Sat Apr 26 20:39:42 +0000 2025 - Executing "{openroad -exit /openlane/scripts/openroad/resizer_routing_design.tcl |& tee /dev/null /openlane/designs/twos_complement/runs/RUN_2025.04.26_20.39.24/logs/routing/16-resizer_design.log}"

Sat Apr 26 20:39:43 +0000 2025 - Executing "{sed -i.bak -e {s/\(set ::env(CURRENT_NETLIST)\).*/\1 \/openlane\/designs\/twos_complement\/runs\/RUN_2025.04.26_20.39.24\/tmp\/16-twos_complement.nl.v/} /openlane/designs/twos_complement/runs/RUN_2025.04.26_20.39.24/config.tcl}"

Sat Apr 26 20:39:43 +0000 2025 - Executing "openroad -exit /openlane/scripts/openroad/sta/multi_corner.tcl |& tee /dev/null /openlane/designs/twos_complement/runs/RUN_2025.04.26_20.39.24/logs/routing/17-rsz_design_sta.log"

Sat Apr 26 20:39:44 +0000 2025 - Executing "{openroad -exit /openlane/scripts/openroad/sta/multi_corner.tcl |& tee /dev/null /openlane/designs/twos_complement/runs/RUN_2025.04.26_20.39.24/logs/routing/17-rsz_design_sta.log}"

Sat Apr 26 20:39:44 +0000 2025 - Executing "openroad -exit /openlane/scripts/openroad/resizer_routing_timing.tcl |& tee /dev/null /openlane/designs/twos_complement/runs/RUN_2025.04.26_20.39.24/logs/routing/18-resizer_timing.log"

Sat Apr 26 20:39:44 +0000 2025 - Executing "{openroad -exit /openlane/scripts/openroad/resizer_routing_timing.tcl |& tee /dev/null /openlane/designs/twos_complement/runs/RUN_2025.04.26_20.39.24/logs/routing/18-resizer_timing.log}"

Sat Apr 26 20:39:46 +0000 2025 - Executing "{sed -i.bak -e {s/\(set ::env(CURRENT_NETLIST)\).*/\1 \/openlane\/designs\/twos_complement\/runs\/RUN_2025.04.26_20.39.24\/tmp\/18-twos_complement.nl.v/} /openlane/designs/twos_complement/runs/RUN_2025.04.26_20.39.24/config.tcl}"

Sat Apr 26 20:39:46 +0000 2025 - Executing "openroad -exit /openlane/scripts/openroad/sta/multi_corner.tcl |& tee /dev/null /openlane/designs/twos_complement/runs/RUN_2025.04.26_20.39.24/logs/routing/19-rsz_timing_sta.log"

Sat Apr 26 20:39:46 +0000 2025 - Executing "{openroad -exit /openlane/scripts/openroad/sta/multi_corner.tcl |& tee /dev/null /openlane/designs/twos_complement/runs/RUN_2025.04.26_20.39.24/logs/routing/19-rsz_timing_sta.log}"

Sat Apr 26 20:39:46 +0000 2025 - Executing "openroad -exit /openlane/scripts/openroad/repair_antennas.tcl |& tee /dev/null /openlane/designs/twos_complement/runs/RUN_2025.04.26_20.39.24/logs/routing/20-global.log"

Sat Apr 26 20:39:47 +0000 2025 - Executing "{openroad -exit /openlane/scripts/openroad/repair_antennas.tcl |& tee /dev/null /openlane/designs/twos_complement/runs/RUN_2025.04.26_20.39.24/logs/routing/20-global.log}"

Sat Apr 26 20:39:47 +0000 2025 - Executing "openroad -exit /openlane/scripts/openroad/write_views.tcl |& tee /dev/null /openlane/designs/twos_complement/runs/RUN_2025.04.26_20.39.24/logs/routing/20-global_write_netlist.log"

Sat Apr 26 20:39:47 +0000 2025 - Executing "{openroad -exit /openlane/scripts/openroad/write_views.tcl |& tee /dev/null /openlane/designs/twos_complement/runs/RUN_2025.04.26_20.39.24/logs/routing/20-global_write_netlist.log}"

Sat Apr 26 20:39:48 +0000 2025 - Executing "{sed -i.bak -e {s/\(set ::env(CURRENT_NETLIST)\).*/\1 \/openlane\/designs\/twos_complement\/runs\/RUN_2025.04.26_20.39.24\/tmp\/routing\/global.nl.v/} /openlane/designs/twos_complement/runs/RUN_2025.04.26_20.39.24/config.tcl}"

Sat Apr 26 20:39:48 +0000 2025 - Executing "openroad -exit /openlane/scripts/openroad/sta/multi_corner.tcl |& tee /dev/null /openlane/designs/twos_complement/runs/RUN_2025.04.26_20.39.24/logs/routing/22-grt_sta.log"

Sat Apr 26 20:39:48 +0000 2025 - Executing "{openroad -exit /openlane/scripts/openroad/sta/multi_corner.tcl |& tee /dev/null /openlane/designs/twos_complement/runs/RUN_2025.04.26_20.39.24/logs/routing/22-grt_sta.log}"

Sat Apr 26 20:39:48 +0000 2025 - Executing "openroad -exit /openlane/scripts/openroad/fill.tcl |& tee /dev/null /openlane/designs/twos_complement/runs/RUN_2025.04.26_20.39.24/logs/routing/23-fill.log"

Sat Apr 26 20:39:48 +0000 2025 - Executing "{openroad -exit /openlane/scripts/openroad/fill.tcl |& tee /dev/null /openlane/designs/twos_complement/runs/RUN_2025.04.26_20.39.24/logs/routing/23-fill.log}"

Sat Apr 26 20:39:49 +0000 2025 - Executing "{sed -i.bak -e {s/\(set ::env(CURRENT_NETLIST)\).*/\1 \/openlane\/designs\/twos_complement\/runs\/RUN_2025.04.26_20.39.24\/tmp\/routing\/23-fill.nl.v/} /openlane/designs/twos_complement/runs/RUN_2025.04.26_20.39.24/config.tcl}"

Sat Apr 26 20:39:49 +0000 2025 - Executing "openroad -exit -metrics /openlane/designs/twos_complement/runs/RUN_2025.04.26_20.39.24/reports/routing/24-drt_metrics.json /openlane/scripts/openroad/droute.tcl |& tee /dev/null /openlane/designs/twos_complement/runs/RUN_2025.04.26_20.39.24/logs/routing/24-detailed.log"

Sat Apr 26 20:39:49 +0000 2025 - Executing "{openroad -exit -metrics /openlane/designs/twos_complement/runs/RUN_2025.04.26_20.39.24/reports/routing/24-drt_metrics.json /openlane/scripts/openroad/droute.tcl |& tee /dev/null /openlane/designs/twos_complement/runs/RUN_2025.04.26_20.39.24/logs/routing/24-detailed.log}"

Sat Apr 26 20:39:51 +0000 2025 - Executing "{sed -i.bak -e {s/\(set ::env(CURRENT_NETLIST)\).*/\1 \/openlane\/designs\/twos_complement\/runs\/RUN_2025.04.26_20.39.24\/results\/routing\/twos_complement.nl.v/} /openlane/designs/twos_complement/runs/RUN_2025.04.26_20.39.24/config.tcl}"

Sat Apr 26 20:39:51 +0000 2025 - Executing "{python3 /openlane/scripts/drc_rosetta.py tr to_klayout -o /openlane/designs/twos_complement/runs/RUN_2025.04.26_20.39.24/reports/routing/drt.klayout.xml --design-name twos_complement /openlane/designs/twos_complement/runs/RUN_2025.04.26_20.39.24/reports/routing/drt.drc}"

Sat Apr 26 20:39:52 +0000 2025 - Executing "{openroad -exit -no_init -python /openlane/scripts/odbpy/wire_lengths.py --report-out /openlane/designs/twos_complement/runs/RUN_2025.04.26_20.39.24/reports/routing/25-wire_lengths.csv --input-lef /openlane/designs/twos_complement/runs/RUN_2025.04.26_20.39.24/tmp/merged.nom.lef --output-def /openlane/designs/twos_complement/runs/RUN_2025.04.26_20.39.24/results/routing/twos_complement.def --output /openlane/designs/twos_complement/runs/RUN_2025.04.26_20.39.24/results/routing/twos_complement.odb /openlane/designs/twos_complement/runs/RUN_2025.04.26_20.39.24/results/routing/twos_complement.odb |& tee /dev/null /openlane/designs/twos_complement/runs/RUN_2025.04.26_20.39.24/logs/routing/25-wire_lengths.log}"

Sat Apr 26 20:39:52 +0000 2025 - Executing "openroad -exit /openlane/scripts/openroad/rcx.tcl |& tee /dev/null /openlane/designs/twos_complement/runs/RUN_2025.04.26_20.39.24/logs/signoff/26-parasitics_extraction.min.log"

Sat Apr 26 20:39:52 +0000 2025 - Executing "{openroad -exit /openlane/scripts/openroad/rcx.tcl |& tee /dev/null /openlane/designs/twos_complement/runs/RUN_2025.04.26_20.39.24/logs/signoff/26-parasitics_extraction.min.log}"

Sat Apr 26 20:39:53 +0000 2025 - Executing "sta -exit -no_init /openlane/scripts/openroad/sta/multi_corner.tcl |& tee /dev/null /openlane/designs/twos_complement/runs/RUN_2025.04.26_20.39.24/logs/signoff/27-rcx_mcsta.min.log"

Sat Apr 26 20:39:53 +0000 2025 - Executing "{sta -exit -no_init /openlane/scripts/openroad/sta/multi_corner.tcl |& tee /dev/null /openlane/designs/twos_complement/runs/RUN_2025.04.26_20.39.24/logs/signoff/27-rcx_mcsta.min.log}"

Sat Apr 26 20:39:55 +0000 2025 - Executing "openroad -exit /openlane/scripts/openroad/rcx.tcl |& tee /dev/null /openlane/designs/twos_complement/runs/RUN_2025.04.26_20.39.24/logs/signoff/28-parasitics_extraction.max.log"

Sat Apr 26 20:39:55 +0000 2025 - Executing "{openroad -exit /openlane/scripts/openroad/rcx.tcl |& tee /dev/null /openlane/designs/twos_complement/runs/RUN_2025.04.26_20.39.24/logs/signoff/28-parasitics_extraction.max.log}"

Sat Apr 26 20:39:53 +0000 2025 - Executing "sta -exit -no_init /openlane/scripts/openroad/sta/multi_corner.tcl |& tee /dev/null /openlane/designs/twos_complement/runs/RUN_2025.04.26_20.39.24/logs/signoff/29-rcx_mcsta.max.log"

Sat Apr 26 20:39:53 +0000 2025 - Executing "{sta -exit -no_init /openlane/scripts/openroad/sta/multi_corner.tcl |& tee /dev/null /openlane/designs/twos_complement/runs/RUN_2025.04.26_20.39.24/logs/signoff/29-rcx_mcsta.max.log}"

Sat Apr 26 20:39:54 +0000 2025 - Executing "openroad -exit /openlane/scripts/openroad/rcx.tcl |& tee /dev/null /openlane/designs/twos_complement/runs/RUN_2025.04.26_20.39.24/logs/signoff/30-parasitics_extraction.nom.log"

Sat Apr 26 20:39:54 +0000 2025 - Executing "{openroad -exit /openlane/scripts/openroad/rcx.tcl |& tee /dev/null /openlane/designs/twos_complement/runs/RUN_2025.04.26_20.39.24/logs/signoff/30-parasitics_extraction.nom.log}"

Sat Apr 26 20:39:55 +0000 2025 - Executing "sta -exit -no_init /openlane/scripts/openroad/sta/multi_corner.tcl |& tee /dev/null /openlane/designs/twos_complement/runs/RUN_2025.04.26_20.39.24/logs/signoff/31-rcx_mcsta.nom.log"

Sat Apr 26 20:39:55 +0000 2025 - Executing "{sta -exit -no_init /openlane/scripts/openroad/sta/multi_corner.tcl |& tee /dev/null /openlane/designs/twos_complement/runs/RUN_2025.04.26_20.39.24/logs/signoff/31-rcx_mcsta.nom.log}"

Sat Apr 26 20:39:57 +0000 2025 - Executing "openroad -exit /openlane/scripts/openroad/irdrop.tcl |& tee /dev/null /openlane/designs/twos_complement/runs/RUN_2025.04.26_20.39.24/logs/signoff/32-irdrop.log"

Sat Apr 26 20:39:57 +0000 2025 - Executing "{openroad -exit /openlane/scripts/openroad/irdrop.tcl |& tee /dev/null /openlane/designs/twos_complement/runs/RUN_2025.04.26_20.39.24/logs/signoff/32-irdrop.log}"

Sat Apr 26 20:39:58 +0000 2025 - Executing "magic -noconsole -dnull -rcfile /home/cernsvr/.volare/sky130A/libs.tech/magic/sky130A.magicrc < /openlane/scripts/magic/wrapper.tcl |& tee /dev/null /openlane/designs/twos_complement/runs/RUN_2025.04.26_20.39.24/logs/signoff/33-gdsii.log"

Sat Apr 26 20:39:58 +0000 2025 - Executing "{magic -noconsole -dnull -rcfile /home/cernsvr/.volare/sky130A/libs.tech/magic/sky130A.magicrc < /openlane/scripts/magic/wrapper.tcl |& tee /dev/null /openlane/designs/twos_complement/runs/RUN_2025.04.26_20.39.24/logs/signoff/33-gdsii.log}"

Sat Apr 26 20:39:58 +0000 2025 - Executing "magic -noconsole -dnull -rcfile /home/cernsvr/.volare/sky130A/libs.tech/magic/sky130A.magicrc < /openlane/scripts/magic/wrapper.tcl |& tee /dev/null /openlane/designs/twos_complement/runs/RUN_2025.04.26_20.39.24/logs/signoff/33-gds_ptrs.log"

Sat Apr 26 20:39:58 +0000 2025 - Executing "{magic -noconsole -dnull -rcfile /home/cernsvr/.volare/sky130A/libs.tech/magic/sky130A.magicrc < /openlane/scripts/magic/wrapper.tcl |& tee /dev/null /openlane/designs/twos_complement/runs/RUN_2025.04.26_20.39.24/logs/signoff/33-gds_ptrs.log}"

Sat Apr 26 20:39:58 +0000 2025 - Executing "{sed -i.bak -n {/^<< properties >>/,/^<< end >>/p} /openlane/designs/twos_complement/runs/RUN_2025.04.26_20.39.24/tmp/signoff/gds_ptrs.mag}"

Sat Apr 26 20:39:58 +0000 2025 - Executing "magic -noconsole -dnull -rcfile /home/cernsvr/.volare/sky130A/libs.tech/magic/sky130A.magicrc < /openlane/scripts/magic/wrapper.tcl |& tee /dev/null /openlane/designs/twos_complement/runs/RUN_2025.04.26_20.39.24/logs/signoff/33-lef.log"

Sat Apr 26 20:39:58 +0000 2025 - Executing "{magic -noconsole -dnull -rcfile /home/cernsvr/.volare/sky130A/libs.tech/magic/sky130A.magicrc < /openlane/scripts/magic/wrapper.tcl |& tee /dev/null /openlane/designs/twos_complement/runs/RUN_2025.04.26_20.39.24/logs/signoff/33-lef.log}"

Sat Apr 26 20:39:59 +0000 2025 - Executing "magic -noconsole -dnull -rcfile /home/cernsvr/.volare/sky130A/libs.tech/magic/sky130A.magicrc < /openlane/scripts/magic/wrapper.tcl |& tee /dev/null /openlane/designs/twos_complement/runs/RUN_2025.04.26_20.39.24/logs/signoff/33-maglef.log"

Sat Apr 26 20:39:59 +0000 2025 - Executing "{magic -noconsole -dnull -rcfile /home/cernsvr/.volare/sky130A/libs.tech/magic/sky130A.magicrc < /openlane/scripts/magic/wrapper.tcl |& tee /dev/null /openlane/designs/twos_complement/runs/RUN_2025.04.26_20.39.24/logs/signoff/33-maglef.log}"

Sat Apr 26 20:39:59 +0000 2025 - Executing "{python3 /openlane/scripts/klayout/stream_out.py --output /openlane/designs/twos_complement/runs/RUN_2025.04.26_20.39.24/results/signoff/twos_complement.klayout.gds --lyt /home/cernsvr/.volare/sky130A/libs.tech/klayout/tech/sky130A.lyt --lym /home/cernsvr/.volare/sky130A/libs.tech/klayout/tech/sky130A.map --lyp /home/cernsvr/.volare/sky130A/libs.tech/klayout/tech/sky130A.lyp --top twos_complement --with-gds-file /home/cernsvr/.volare/sky130A/libs.ref/sky130_fd_sc_hd/gds/sky130_fd_sc_hd.gds --input-lef /openlane/designs/twos_complement/runs/RUN_2025.04.26_20.39.24/tmp/merged.nom.lef /openlane/designs/twos_complement/runs/RUN_2025.04.26_20.39.24/results/routing/twos_complement.def |& tee /dev/null /openlane/designs/twos_complement/runs/RUN_2025.04.26_20.39.24/logs/signoff/34-gdsii-klayout.log}"

Sat Apr 26 20:40:00 +0000 2025 - Executing "{klayout -b -r /openlane/scripts/klayout/xor.drc -rd a=/openlane/designs/twos_complement/runs/RUN_2025.04.26_20.39.24/results/signoff/twos_complement.gds -rd b=/openlane/designs/twos_complement/runs/RUN_2025.04.26_20.39.24/results/signoff/twos_complement.klayout.gds -rd jobs=1 -rd rdb_out=/openlane/designs/twos_complement/runs/RUN_2025.04.26_20.39.24/reports/signoff/35-xor.xml -rd ignore=81/14 -rd rpt_out=/openlane/designs/twos_complement/runs/RUN_2025.04.26_20.39.24/reports/signoff/35-xor.rpt |& tee /dev/null /openlane/designs/twos_complement/runs/RUN_2025.04.26_20.39.24/logs/signoff/35-xor.log}"

Sat Apr 26 20:40:00 +0000 2025 - Executing "magic -noconsole -dnull -rcfile /home/cernsvr/.volare/sky130A/libs.tech/magic/sky130A.magicrc < /openlane/scripts/magic/wrapper.tcl |& tee /dev/null /openlane/designs/twos_complement/runs/RUN_2025.04.26_20.39.24/logs/signoff/36-spice.log"

Sat Apr 26 20:40:00 +0000 2025 - Executing "{magic -noconsole -dnull -rcfile /home/cernsvr/.volare/sky130A/libs.tech/magic/sky130A.magicrc < /openlane/scripts/magic/wrapper.tcl |& tee /dev/null /openlane/designs/twos_complement/runs/RUN_2025.04.26_20.39.24/logs/signoff/36-spice.log}"

Sat Apr 26 20:40:01 +0000 2025 - Executing "{openroad -exit -no_init -python /openlane/scripts/odbpy/power_utils.py write_powered_def --output /openlane/designs/twos_complement/runs/RUN_2025.04.26_20.39.24/tmp/signoff/36-twos_complement.p.def --input-lef /openlane/designs/twos_complement/runs/RUN_2025.04.26_20.39.24/tmp/merged.nom.lef --power-port VPWR --ground-port VGND --powered-netlist {} /openlane/designs/twos_complement/runs/RUN_2025.04.26_20.39.24/results/routing/twos_complement.def |& tee /dev/null /openlane/designs/twos_complement/runs/RUN_2025.04.26_20.39.24/logs/signoff/37-write_powered_def.log}"

Sat Apr 26 20:40:01 +0000 2025 - Executing "openroad -exit /openlane/scripts/openroad/write_views.tcl |& tee /dev/null /openlane/designs/twos_complement/runs/RUN_2025.04.26_20.39.24/logs/signoff/37-write_powered_verilog.log"

Sat Apr 26 20:40:01 +0000 2025 - Executing "{openroad -exit /openlane/scripts/openroad/write_views.tcl |& tee /dev/null /openlane/designs/twos_complement/runs/RUN_2025.04.26_20.39.24/logs/signoff/37-write_powered_verilog.log}"

Sat Apr 26 20:40:02 +0000 2025 - Executing "{sed -i.bak -e {s/\(set ::env(CURRENT_NETLIST)\).*/\1 \/openlane\/designs\/twos_complement\/runs\/RUN_2025.04.26_20.39.24\/tmp\/signoff\/36-twos_complement.nl.v/} /openlane/designs/twos_complement/runs/RUN_2025.04.26_20.39.24/config.tcl}"

Sat Apr 26 20:40:02 +0000 2025 - Executing "{netgen -batch source /openlane/designs/twos_complement/runs/RUN_2025.04.26_20.39.24/tmp/signoff/39-setup_file.lef.lvs |& tee /dev/null /openlane/designs/twos_complement/runs/RUN_2025.04.26_20.39.24/logs/signoff/39-lvs.lef.log}"

Sat Apr 26 20:40:02 +0000 2025 - Executing "magic -noconsole -dnull -rcfile /home/cernsvr/.volare/sky130A/libs.tech/magic/sky130A.magicrc < /openlane/scripts/magic/wrapper.tcl |& tee /dev/null /openlane/designs/twos_complement/runs/RUN_2025.04.26_20.39.24/logs/signoff/40-drc.log"

Sat Apr 26 20:40:02 +0000 2025 - Executing "{magic -noconsole -dnull -rcfile /home/cernsvr/.volare/sky130A/libs.tech/magic/sky130A.magicrc < /openlane/scripts/magic/wrapper.tcl |& tee /dev/null /openlane/designs/twos_complement/runs/RUN_2025.04.26_20.39.24/logs/signoff/40-drc.log}"

Sat Apr 26 20:40:03 +0000 2025 - Executing "{python3 /openlane/scripts/drc_rosetta.py magic to_tcl -o /openlane/designs/twos_complement/runs/RUN_2025.04.26_20.39.24/reports/signoff/drc.tcl /openlane/designs/twos_complement/runs/RUN_2025.04.26_20.39.24/reports/signoff/drc.rpt}"

Sat Apr 26 20:40:03 +0000 2025 - Executing "{python3 /openlane/scripts/drc_rosetta.py magic to_tr -o /openlane/designs/twos_complement/runs/RUN_2025.04.26_20.39.24/reports/signoff/drc.tr /openlane/designs/twos_complement/runs/RUN_2025.04.26_20.39.24/reports/signoff/drc.rpt}"

Sat Apr 26 20:40:03 +0000 2025 - Executing "{python3 /openlane/scripts/drc_rosetta.py tr to_klayout -o /openlane/designs/twos_complement/runs/RUN_2025.04.26_20.39.24/reports/signoff/drc.klayout.xml --design-name twos_complement /openlane/designs/twos_complement/runs/RUN_2025.04.26_20.39.24/reports/signoff/drc.tr}"

Sat Apr 26 20:40:03 +0000 2025 - Executing "{python3 /openlane/scripts/drc_rosetta.py magic to_rdb -o /openlane/designs/twos_complement/runs/RUN_2025.04.26_20.39.24/reports/signoff/drc.rdb /openlane/designs/twos_complement/runs/RUN_2025.04.26_20.39.24/reports/signoff/drc.rpt}"

Sat Apr 26 20:40:03 +0000 2025 - Executing "{klayout -b -zz -r /home/cernsvr/.volare/sky130A/libs.tech/klayout/drc/sky130A_mr.drc -rd topcell=twos_complement -rd input=/openlane/designs/twos_complement/runs/RUN_2025.04.26_20.39.24/results/signoff/twos_complement.gds -rd report=/openlane/designs/twos_complement/runs/RUN_2025.04.26_20.39.24/reports/signoff/violations.xml -rd feol=true -rd beol=true -rd floating_metal=false -rd seal=true -rd thread=1 |& tee /dev/null /openlane/designs/twos_complement/runs/RUN_2025.04.26_20.39.24/logs/signoff/41-drc-klayout.log}"

Sat Apr 26 20:40:05 +0000 2025 - Executing "{python3 /openlane/scripts/klayout/xml_drc_report_to_json.py --xml-file /openlane/designs/twos_complement/runs/RUN_2025.04.26_20.39.24/reports/signoff/violations.xml --json-file /openlane/designs/twos_complement/runs/RUN_2025.04.26_20.39.24/reports/signoff/violations.json}"

Sat Apr 26 20:40:05 +0000 2025 - Executing "openroad -exit /openlane/scripts/openroad/antenna_check.tcl |& tee /dev/null /openlane/designs/twos_complement/runs/RUN_2025.04.26_20.39.24/logs/signoff/42-arc.log"

Sat Apr 26 20:40:05 +0000 2025 - Executing "{openroad -exit /openlane/scripts/openroad/antenna_check.tcl |& tee /dev/null /openlane/designs/twos_complement/runs/RUN_2025.04.26_20.39.24/logs/signoff/42-arc.log}"

Sat Apr 26 20:40:05 +0000 2025 - Executing "{python3 /openlane/scripts/extract_antenna_violators.py --output /openlane/designs/twos_complement/runs/RUN_2025.04.26_20.39.24/reports/signoff/42-antenna_violators.rpt --plain-out /openlane/designs/twos_complement/runs/RUN_2025.04.26_20.39.24/reports/signoff/42-antenna_violators_pins.txt /openlane/designs/twos_complement/runs/RUN_2025.04.26_20.39.24/logs/signoff/42-arc.log}"

Sat Apr 26 20:40:05 +0000 2025 - Executing "{python3 /openlane/scripts/write_runtime.py --conclude --seconds --time-in 1745700005 {flow completed}}"

Sat Apr 26 20:40:06 +0000 2025 - Executing "{python3 /openlane/scripts/generate_reports.py -d /openlane/designs/twos_complement --design_name twos_complement --tag RUN_2025.04.26_20.39.24 --output_file /openlane/designs/twos_complement/runs/RUN_2025.04.26_20.39.24/reports/metrics.csv --man_report /openlane/designs/twos_complement/runs/RUN_2025.04.26_20.39.24/reports/manufacturability.rpt --run_path /openlane/designs/twos_complement/runs/RUN_2025.04.26_20.39.24}"

