
===========================================================================
report_checks -unconstrained
===========================================================================
======================= Typical Corner ===================================

Startpoint: reset (input port clocked by clk)
Endpoint: _5055_ (recovery check against rising-edge clock clk)
Path Group: asynchronous
Path Type: max

Fanout     Cap    Slew   Delay    Time   Description
-----------------------------------------------------------------------------
                          0.00    0.00   clock clk (rise edge)
                          0.00    0.00   clock network delay (propagated)
                         10.00   10.00 v input external delay
     1    0.01    0.02    0.02   10.02 v reset (in)
                                         reset (net)
                  0.02    0.00   10.02 v input2/A (sky130_fd_sc_hd__buf_12)
     5    0.15    0.07    0.14   10.16 v input2/X (sky130_fd_sc_hd__buf_12)
                                         net2 (net)
                  0.18    0.09   10.25 v _4644_/A (sky130_fd_sc_hd__clkinv_8)
     1    0.11    0.13    0.17   10.42 ^ _4644_/Y (sky130_fd_sc_hd__clkinv_8)
                                         _0004_ (net)
                  0.14    0.03   10.45 ^ _5055_/RESET_B (sky130_fd_sc_hd__dfrtp_4)
                                 10.45   data arrival time

                         50.00   50.00   clock clk (rise edge)
                          0.00   50.00   clock source latency
     1    0.07    0.32    0.21   50.21 ^ clk (in)
                                         clk (net)
                  0.32    0.00   50.21 ^ clkbuf_0_clk/A (sky130_fd_sc_hd__clkbuf_16)
     4    0.06    0.08    0.23   50.43 ^ clkbuf_0_clk/X (sky130_fd_sc_hd__clkbuf_16)
                                         clknet_0_clk (net)
                  0.08    0.00   50.43 ^ clkbuf_2_0_0_clk/A (sky130_fd_sc_hd__clkbuf_8)
     2    0.01    0.03    0.12   50.55 ^ clkbuf_2_0_0_clk/X (sky130_fd_sc_hd__clkbuf_8)
                                         clknet_2_0_0_clk (net)
                  0.03    0.00   50.55 ^ clkbuf_3_0_0_clk/A (sky130_fd_sc_hd__clkbuf_8)
     4    0.03    0.07    0.14   50.69 ^ clkbuf_3_0_0_clk/X (sky130_fd_sc_hd__clkbuf_8)
                                         clknet_3_0_0_clk (net)
                  0.07    0.00   50.69 ^ clkbuf_5_1__f_clk/A (sky130_fd_sc_hd__clkbuf_16)
     7    0.03    0.05    0.14   50.83 ^ clkbuf_5_1__f_clk/X (sky130_fd_sc_hd__clkbuf_16)
                                         clknet_5_1__leaf_clk (net)
                  0.05    0.00   50.83 ^ clkbuf_leaf_242_clk/A (sky130_fd_sc_hd__clkbuf_8)
     4    0.01    0.04    0.12   50.95 ^ clkbuf_leaf_242_clk/X (sky130_fd_sc_hd__clkbuf_8)
                                         clknet_leaf_242_clk (net)
                  0.04    0.00   50.95 ^ _5055_/CLK (sky130_fd_sc_hd__dfrtp_4)
                         -0.25   50.70   clock uncertainty
                          0.00   50.70   clock reconvergence pessimism
                          0.18   50.89   library recovery time
                                 50.89   data required time
-----------------------------------------------------------------------------
                                 50.89   data required time
                                -10.45   data arrival time
-----------------------------------------------------------------------------
                                 40.44   slack (MET)


Startpoint: control (input port clocked by clk)
Endpoint: seg_out[3] (output port clocked by clk)
Path Group: clk
Path Type: max

Fanout     Cap    Slew   Delay    Time   Description
-----------------------------------------------------------------------------
                          0.00    0.00   clock clk (rise edge)
                          0.00    0.00   clock network delay (propagated)
                         10.00   10.00 ^ input external delay
     1    0.01    0.06    0.04   10.04 ^ control (in)
                                         control (net)
                  0.06    0.00   10.04 ^ input1/A (sky130_fd_sc_hd__buf_12)
     4    0.04    0.06    0.12   10.16 ^ input1/X (sky130_fd_sc_hd__buf_12)
                                         net1 (net)
                  0.06    0.00   10.16 ^ _2322_/C_N (sky130_fd_sc_hd__or3b_4)
     2    0.08    0.17    0.53   10.70 v _2322_/X (sky130_fd_sc_hd__or3b_4)
                                         _0421_ (net)
                  0.17    0.01   10.70 v wire587/A (sky130_fd_sc_hd__buf_8)
     4    0.02    0.03    0.19   10.89 v wire587/X (sky130_fd_sc_hd__buf_8)
                                         net587 (net)
                  0.03    0.00   10.89 v _2385_/A (sky130_fd_sc_hd__or4_4)
     1    0.04    0.15    0.65   11.54 v _2385_/X (sky130_fd_sc_hd__or4_4)
                                         _0484_ (net)
                  0.15    0.01   11.55 v _2386_/A (sky130_fd_sc_hd__buf_12)
     8    0.05    0.04    0.20   11.75 v _2386_/X (sky130_fd_sc_hd__buf_12)
                                         _0485_ (net)
                  0.04    0.00   11.75 v _2387_/A (sky130_fd_sc_hd__buf_8)
     2    0.07    0.06    0.15   11.90 v _2387_/X (sky130_fd_sc_hd__buf_8)
                                         _0486_ (net)
                  0.06    0.01   11.91 v load_slew526/A (sky130_fd_sc_hd__clkbuf_16)
     5    0.04    0.05    0.18   12.09 v load_slew526/X (sky130_fd_sc_hd__clkbuf_16)
                                         net526 (net)
                  0.05    0.00   12.09 v _2388_/A (sky130_fd_sc_hd__buf_12)
    10    0.22    0.10    0.17   12.25 v _2388_/X (sky130_fd_sc_hd__buf_12)
                                         _0487_ (net)
                  0.25    0.12   12.37 v _3053_/B1 (sky130_fd_sc_hd__o21ai_4)
     1    0.03    0.25    0.21   12.58 ^ _3053_/Y (sky130_fd_sc_hd__o21ai_4)
                                         _1152_ (net)
                  0.25    0.01   12.59 ^ wire418/A (sky130_fd_sc_hd__clkbuf_8)
     1    0.05    0.10    0.24   12.83 ^ wire418/X (sky130_fd_sc_hd__clkbuf_8)
                                         net418 (net)
                  0.10    0.01   12.85 ^ wire417/A (sky130_fd_sc_hd__clkbuf_16)
     1    0.00    0.03    0.14   12.98 ^ wire417/X (sky130_fd_sc_hd__clkbuf_16)
                                         net417 (net)
                  0.03    0.00   12.98 ^ _3055_/A2_N (sky130_fd_sc_hd__a2bb2o_4)
     5    0.02    0.05    0.23   13.22 v _3055_/X (sky130_fd_sc_hd__a2bb2o_4)
                                         _1154_ (net)
                  0.05    0.00   13.22 v _3276_/C (sky130_fd_sc_hd__or4_4)
     1    0.03    0.13    0.58   13.79 v _3276_/X (sky130_fd_sc_hd__or4_4)
                                         _1369_ (net)
                  0.13    0.01   13.80 v _3277_/C (sky130_fd_sc_hd__or3_4)
     1    0.04    0.13    0.46   14.26 v _3277_/X (sky130_fd_sc_hd__or3_4)
                                         _1370_ (net)
                  0.13    0.00   14.26 v _3278_/D (sky130_fd_sc_hd__or4_4)
     1    0.00    0.08    0.45   14.72 v _3278_/X (sky130_fd_sc_hd__or4_4)
                                         _1371_ (net)
                  0.08    0.00   14.72 v _3279_/C (sky130_fd_sc_hd__nor3_2)
     2    0.02    0.29    0.26   14.97 ^ _3279_/Y (sky130_fd_sc_hd__nor3_2)
                                         _1372_ (net)
                  0.29    0.00   14.97 ^ max_cap239/A (sky130_fd_sc_hd__buf_2)
     1    0.03    0.14    0.26   15.23 ^ max_cap239/X (sky130_fd_sc_hd__buf_2)
                                         net239 (net)
                  0.14    0.00   15.24 ^ wire236/A (sky130_fd_sc_hd__buf_4)
     2    0.03    0.10    0.19   15.43 ^ wire236/X (sky130_fd_sc_hd__buf_4)
                                         net236 (net)
                  0.10    0.00   15.44 ^ max_cap235/A (sky130_fd_sc_hd__clkbuf_2)
     2    0.02    0.12    0.19   15.62 ^ max_cap235/X (sky130_fd_sc_hd__clkbuf_2)
                                         net235 (net)
                  0.12    0.00   15.63 ^ max_cap234/A (sky130_fd_sc_hd__buf_2)
     2    0.03    0.15    0.22   15.85 ^ max_cap234/X (sky130_fd_sc_hd__buf_2)
                                         net234 (net)
                  0.15    0.01   15.85 ^ wire233/A (sky130_fd_sc_hd__clkbuf_4)
     2    0.02    0.08    0.21   16.06 ^ wire233/X (sky130_fd_sc_hd__clkbuf_4)
                                         net233 (net)
                  0.08    0.00   16.06 ^ max_cap232/A (sky130_fd_sc_hd__buf_4)
     2    0.03    0.09    0.16   16.22 ^ max_cap232/X (sky130_fd_sc_hd__buf_4)
                                         net232 (net)
                  0.09    0.00   16.22 ^ _3282_/B (sky130_fd_sc_hd__nand2_8)
     2    0.08    0.12    0.11   16.33 v _3282_/Y (sky130_fd_sc_hd__nand2_8)
                                         _1375_ (net)
                  0.13    0.03   16.37 v _3283_/A (sky130_fd_sc_hd__buf_12)
    10    0.12    0.07    0.21   16.57 v _3283_/X (sky130_fd_sc_hd__buf_12)
                                         _1376_ (net)
                  0.09    0.02   16.60 v _3349_/B1 (sky130_fd_sc_hd__o22a_4)
     2    0.04    0.09    0.28   16.88 v _3349_/X (sky130_fd_sc_hd__o22a_4)
                                         _1441_ (net)
                  0.09    0.00   16.88 v _3350_/A1 (sky130_fd_sc_hd__mux2_8)
     2    0.01    0.05    0.32   17.20 v _3350_/X (sky130_fd_sc_hd__mux2_8)
                                         _1442_ (net)
                  0.05    0.00   17.20 v _3351_/A1 (sky130_fd_sc_hd__mux2_4)
     2    0.02    0.07    0.31   17.51 v _3351_/X (sky130_fd_sc_hd__mux2_4)
                                         _1443_ (net)
                  0.07    0.00   17.51 v _3356_/A0 (sky130_fd_sc_hd__mux2_8)
     2    0.10    0.12    0.42   17.93 v _3356_/X (sky130_fd_sc_hd__mux2_8)
                                         _1448_ (net)
                  0.12    0.01   17.94 v _3357_/B (sky130_fd_sc_hd__nor2_8)
     1    0.06    0.25    0.25   18.19 ^ _3357_/Y (sky130_fd_sc_hd__nor2_8)
                                         _1449_ (net)
                  0.25    0.00   18.19 ^ _3358_/B1_N (sky130_fd_sc_hd__o21bai_1)
     1    0.01    0.15    0.18   18.36 ^ _3358_/Y (sky130_fd_sc_hd__o21bai_1)
                                         _1450_ (net)
                  0.15    0.00   18.37 ^ wire98/A (sky130_fd_sc_hd__buf_4)
     2    0.06    0.16    0.24   18.60 ^ wire98/X (sky130_fd_sc_hd__buf_4)
                                         net98 (net)
                  0.17    0.02   18.62 ^ _3359_/B (sky130_fd_sc_hd__and2_4)
     1    0.06    0.17    0.28   18.90 ^ _3359_/X (sky130_fd_sc_hd__and2_4)
                                         _1451_ (net)
                  0.17    0.02   18.92 ^ _3383_/A1 (sky130_fd_sc_hd__o22a_4)
     3    0.07    0.20    0.30   19.22 ^ _3383_/X (sky130_fd_sc_hd__o22a_4)
                                         _1475_ (net)
                  0.20    0.00   19.23 ^ load_slew52/A (sky130_fd_sc_hd__buf_8)
     3    0.04    0.08    0.17   19.40 ^ load_slew52/X (sky130_fd_sc_hd__buf_8)
                                         net52 (net)
                  0.08    0.01   19.41 ^ load_slew51/A (sky130_fd_sc_hd__buf_8)
     5    0.05    0.09    0.15   19.55 ^ load_slew51/X (sky130_fd_sc_hd__buf_8)
                                         net51 (net)
                  0.09    0.01   19.56 ^ _3456_/B (sky130_fd_sc_hd__and3b_4)
     1    0.06    0.20    0.33   19.90 ^ _3456_/X (sky130_fd_sc_hd__and3b_4)
                                         _1547_ (net)
                  0.21    0.02   19.92 ^ _3457_/B (sky130_fd_sc_hd__nor2_8)
     2    0.02    0.05    0.06   19.97 v _3457_/Y (sky130_fd_sc_hd__nor2_8)
                                         _1548_ (net)
                  0.05    0.00   19.97 v _3463_/B2 (sky130_fd_sc_hd__a32o_4)
     1    0.09    0.15    0.39   20.36 v _3463_/X (sky130_fd_sc_hd__a32o_4)
                                         net10 (net)
                  0.17    0.04   20.40 v output10/A (sky130_fd_sc_hd__buf_2)
     1    0.03    0.09    0.25   20.65 v output10/X (sky130_fd_sc_hd__buf_2)
                                         seg_out[3] (net)
                  0.09    0.00   20.65 v seg_out[3] (out)
                                 20.65   data arrival time

                         50.00   50.00   clock clk (rise edge)
                          0.00   50.00   clock network delay (propagated)
                         -0.25   49.75   clock uncertainty
                          0.00   49.75   clock reconvergence pessimism
                        -10.00   39.75   output external delay
                                 39.75   data required time
-----------------------------------------------------------------------------
                                 39.75   data required time
                                -20.65   data arrival time
-----------------------------------------------------------------------------
                                 19.10   slack (MET)




===========================================================================
report_checks --slack_max -0.01
============================================================================
======================= Typical Corner ===================================

No paths found.


===========================================================================
 report_check_types -max_slew -max_cap -max_fanout -violators
============================================================================
======================= Typical Corner ===================================

max fanout

Pin                                   Limit Fanout  Slack
---------------------------------------------------------
clkbuf_5_11__f_clk/X                     10     12     -2 (VIOLATED)
clkbuf_5_23__f_clk/X                     10     11        (VIOLATED)
clkbuf_5_30__f_clk/X                     10     11        (VIOLATED)
clkbuf_5_8__f_clk/X                      10     11        (VIOLATED)


max slew violations count Typical: 0
max fanout violations count Typical: 4
max cap violations count Typical: 0

===========================================================================
report_parasitic_annotation -report_unannotated
============================================================================
Found 86 unannotated drivers.
 clkload0/X
 clkload1/X
 clkload10/Y
 clkload11/Y
 clkload12/X
 clkload13/X
 clkload14/Y
 clkload15/Y
 clkload16/Y
 clkload17/Y
 clkload18/Y
 clkload19/X
 clkload2/X
 clkload20/Y
 clkload21/Y
 clkload22/Y
 clkload23/X
 clkload24/Y
 clkload25/Y
 clkload26/X
 clkload27/X
 clkload28/X
 clkload29/X
 clkload3/Y
 clkload30/X
 clkload31/X
 clkload32/Y
 clkload33/X
 clkload34/X
 clkload35/X
 clkload36/X
 clkload37/X
 clkload38/X
 clkload39/X
 clkload4/Y
 clkload40/X
 clkload41/X
 clkload42/X
 clkload43/X
 clkload44/X
 clkload45/Y
 clkload46/Y
 clkload47/X
 clkload48/Y
 clkload49/X
 clkload5/Y
 clkload50/X
 clkload51/X
 clkload52/X
 clkload53/X
 clkload54/X
 clkload55/X
 clkload56/X
 clkload57/X
 clkload58/X
 clkload59/Y
 clkload6/Y
 clkload60/X
 clkload61/X
 clkload62/X
 clkload63/X
 clkload64/X
 clkload65/X
 clkload66/Y
 clkload67/Y
 clkload68/X
 clkload69/X
 clkload7/Y
 clkload70/X
 clkload71/X
 clkload72/X
 clkload73/X
 clkload74/X
 clkload75/X
 clkload76/X
 clkload77/X
 clkload78/X
 clkload79/X
 clkload8/Y
 clkload80/X
 clkload9/Y
 load_slew2/X
 load_slew3/X
 load_slew4/X
 load_slew5/X
 wire1/X
Found 2403 partially unannotated drivers.
 clk
 _2317_/X
 _2318_/X
 _2319_/X
 _2320_/Y
 _2321_/X
 _2323_/Y
 _2324_/X
 _2325_/X
 _2326_/X
 _2328_/X
 _2331_/X
 _2332_/X
 _2333_/X
 _2334_/X
 _2335_/X
 _2337_/X
 _2338_/X
 _2339_/X
 _2340_/X
 _2341_/X
 _2342_/X
 _2343_/X
 _2344_/X
 _2346_/X
 _2347_/X
 _2348_/X
 _2349_/X
 _2350_/X
 _2353_/X
 _2354_/X
 _2357_/Y
 _2358_/X
 _2360_/X
 _2361_/X
 _2365_/X
 _2367_/X
 _2369_/X
 _2370_/Y
 _2373_/X
 _2374_/Y
 _2375_/X
 _2376_/X
 _2378_/X
 _2379_/X
 _2380_/X
 _2381_/X
 _2382_/X
 _2386_/X
 _2388_/X
 _2389_/X
 _2390_/X
 _2391_/X
 _2393_/Y
 _2394_/X
 _2395_/X
 _2397_/X
 _2401_/Y
 _2403_/X
 _2404_/X
 _2405_/Y
 _2407_/X
 _2408_/Y
 _2409_/X
 _2411_/X
 _2412_/X
 _2413_/X
 _2414_/Y
 _2415_/Y
 _2416_/X
 _2417_/X
 _2418_/X
 _2419_/X
 _2420_/X
 _2421_/X
 _2422_/X
 _2423_/X
 _2425_/X
 _2426_/X
 _2428_/X
 _2429_/X
 _2430_/X
 _2431_/X
 _2432_/X
 _2433_/X
 _2434_/X
 _2435_/X
 _2436_/Y
 _2437_/Y
 _2438_/X
 _2439_/X
 _2440_/X
 _2441_/X
 _2442_/X
 _2444_/X
 _2445_/X
 _2446_/X
 _2448_/X
 _2449_/X
 _2450_/X
 _2451_/Y
 _2453_/X
 _2454_/X
 _2455_/X
 _2456_/X
 _2457_/X
 _2459_/X
 _2460_/X
 _2462_/X
 _2464_/X
 _2466_/X
 _2468_/X
 _2469_/X
 _2471_/X
 _2472_/X
 _2475_/X
 _2476_/X
 _2477_/X
 _2478_/X
 _2479_/X
 _2480_/X
 _2481_/Y
 _2483_/X
 _2484_/X
 _2485_/Y
 _2486_/Y
 _2487_/X
 _2488_/Y
 _2489_/Y
 _2490_/X
 _2491_/X
 _2492_/X
 _2494_/X
 _2498_/X
 _2499_/Y
 _2500_/X
 _2501_/X
 _2502_/X
 _2504_/Y
 _2505_/X
 _2509_/X
 _2510_/Y
 _2511_/X
 _2512_/X
 _2513_/X
 _2514_/Y
 _2515_/X
 _2517_/X
 _2518_/Y
 _2520_/X
 _2522_/X
 _2523_/X
 _2524_/X
 _2525_/X
 _2526_/X
 _2527_/X
 _2528_/X
 _2529_/X
 _2530_/X
 _2531_/X
 _2532_/X
 _2533_/X
 _2534_/X
 _2535_/X
 _2536_/X
 _2537_/X
 _2538_/X
 _2539_/X
 _2540_/X
 _2541_/X
 _2543_/Y
 _2546_/X
 _2547_/X
 _2548_/X
 _2549_/X
 _2552_/X
 _2554_/X
 _2555_/X
 _2558_/X
 _2559_/X
 _2561_/X
 _2562_/X
 _2563_/X
 _2564_/Y
 _2565_/X
 _2566_/X
 _2569_/X
 _2571_/X
 _2572_/X
 _2573_/X
 _2574_/X
 _2575_/X
 _2577_/X
 _2578_/X
 _2579_/X
 _2582_/X
 _2583_/Y
 _2585_/X
 _2587_/X
 _2589_/X
 _2590_/X
 _2594_/X
 _2595_/X
 _2597_/X
 _2600_/X
 _2602_/X
 _2603_/X
 _2605_/X
 _2606_/X
 _2608_/X
 _2610_/Y
 _2612_/X
 _2614_/X
 _2615_/X
 _2616_/X
 _2617_/X
 _2619_/X
 _2622_/X
 _2624_/X
 _2627_/X
 _2629_/X
 _2630_/X
 _2632_/X
 _2633_/X
 _2635_/X
 _2636_/X
 _2637_/Y
 _2638_/X
 _2639_/X
 _2640_/X
 _2641_/X
 _2642_/X
 _2643_/X
 _2644_/X
 _2646_/X
 _2647_/X
 _2648_/X
 _2650_/X
 _2652_/X
 _2653_/Y
 _2656_/X
 _2657_/X
 _2659_/X
 _2660_/X
 _2663_/X
 _2665_/X
 _2668_/X
 _2669_/X
 _2670_/X
 _2671_/X
 _2672_/Y
 _2675_/X
 _2676_/X
 _2677_/X
 _2678_/X
 _2679_/X
 _2680_/X
 _2681_/X
 _2682_/X
 _2685_/X
 _2686_/X
 _2687_/X
 _2688_/X
 _2689_/Y
 _2692_/X
 _2693_/X
 _2695_/X
 _2697_/X
 _2699_/X
 _2700_/X
 _2702_/X
 _2703_/X
 _2704_/X
 _2707_/X
 _2708_/X
 _2709_/Y
 _2711_/X
 _2713_/Y
 _2715_/Y
 _2716_/X
 _2717_/X
 _2718_/Y
 _2719_/Y
 _2722_/X
 _2725_/X
 _2726_/X
 _2727_/X
 _2728_/X
 _2729_/Y
 _2730_/X
 _2732_/X
 _2737_/X
 _2739_/X
 _2740_/X
 _2743_/X
 _2744_/X
 _2745_/X
 _2746_/X
 _2748_/X
 _2749_/X
 _2750_/Y
 _2751_/Y
 _2752_/X
 _2753_/Y
 _2755_/Y
 _2757_/X
 _2759_/Y
 _2762_/X
 _2763_/X
 _2764_/X
 _2766_/X
 _2768_/X
 _2769_/X
 _2770_/X
 _2771_/X
 _2774_/X
 _2776_/X
 _2778_/X
 _2779_/X
 _2780_/X
 _2781_/X
 _2786_/X
 _2787_/X
 _2789_/X
 _2790_/X
 _2792_/X
 _2793_/X
 _2795_/X
 _2796_/X
 _2797_/X
 _2798_/X
 _2799_/X
 _2800_/X
 _2802_/X
 _2804_/X
 _2809_/X
 _2810_/X
 _2813_/X
 _2814_/X
 _2815_/X
 _2816_/X
 _2818_/X
 _2819_/X
 _2820_/X
 _2822_/X
 _2824_/X
 _2827_/X
 _2831_/X
 _2832_/X
 _2833_/X
 _2835_/X
 _2836_/X
 _2838_/X
 _2840_/X
 _2841_/X
 _2842_/X
 _2844_/X
 _2847_/X
 _2848_/X
 _2850_/X
 _2851_/X
 _2852_/X
 _2853_/X
 _2856_/X
 _2858_/X
 _2859_/X
 _2860_/X
 _2861_/X
 _2862_/X
 _2864_/X
 _2866_/X
 _2868_/X
 _2869_/X
 _2870_/X
 _2871_/X
 _2872_/X
 _2873_/X
 _2875_/X
 _2876_/X
 _2877_/X
 _2879_/X
 _2880_/X
 _2881_/Y
 _2883_/Y
 _2884_/Y
 _2885_/X
 _2886_/X
 _2889_/X
 _2890_/X
 _2892_/X
 _2893_/Y
 _2894_/X
 _2895_/X
 _2896_/X
 _2897_/X
 _2899_/X
 _2900_/X
 _2901_/Y
 _2903_/X
 _2905_/Y
 _2906_/Y
 _2907_/Y
 _2909_/Y
 _2910_/X
 _2911_/X
 _2913_/Y
 _2914_/X
 _2915_/X
 _2916_/X
 _2917_/X
 _2918_/Y
 _2921_/X
 _2923_/X
 _2925_/X
 _2927_/X
 _2930_/Y
 _2931_/Y
 _2933_/X
 _2934_/X
 _2935_/Y
 _2936_/Y
 _2939_/X
 _2941_/Y
 _2942_/X
 _2944_/X
 _2945_/X
 _2946_/X
 _2948_/X
 _2949_/X
 _2950_/X
 _2951_/X
 _2953_/X
 _2955_/X
 _2956_/X
 _2960_/X
 _2962_/X
 _2963_/X
 _2966_/X
 _2967_/X
 _2971_/Y
 _2972_/Y
 _2973_/X
 _2974_/X
 _2975_/Y
 _2976_/Y
 _2978_/X
 _2979_/X
 _2982_/X
 _2984_/Y
 _2985_/X
 _2988_/X
 _2991_/X
 _2993_/X
 _2995_/X
 _2996_/X
 _2999_/Y
 _3000_/Y
 _3001_/Y
 _3002_/X
 _3003_/X
 _3004_/Y
 _3005_/Y
 _3007_/X
 _3009_/X
 _3010_/Y
 _3011_/X
 _3014_/X
 _3015_/X
 _3016_/X
 _3017_/Y
 _3018_/X
 _3019_/X
 _3021_/Y
 _3023_/X
 _3025_/X
 _3027_/X
 _3028_/X
 _3029_/X
 _3030_/X
 _3031_/X
 _3033_/X
 _3034_/X
 _3035_/X
 _3036_/X
 _3038_/X
 _3039_/Y
 _3041_/X
 _3043_/Y
 _3045_/X
 _3046_/X
 _3048_/Y
 _3050_/X
 _3054_/X
 _3055_/X
 _3056_/X
 _3057_/X
 _3058_/X
 _3059_/X
 _3060_/X
 _3061_/X
 _3063_/Y
 _3065_/X
 _3066_/Y
 _3067_/Y
 _3070_/X
 _3071_/Y
 _3072_/Y
 _3073_/X
 _3075_/X
 _3076_/X
 _3077_/Y
 _3080_/X
 _3082_/X
 _3083_/X
 _3085_/X
 _3086_/X
 _3088_/Y
 _3090_/Y
 _3091_/Y
 _3093_/X
 _3094_/X
 _3095_/Y
 _3098_/X
 _3099_/X
 _3100_/X
 _3105_/X
 _3107_/X
 _3108_/X
 _3109_/X
 _3110_/X
 _3111_/Y
 _3112_/X
 _3113_/X
 _3114_/X
 _3116_/Y
 _3118_/X
 _3120_/X
 _3122_/X
 _3123_/X
 _3126_/Y
 _3127_/X
 _3128_/Y
 _3129_/X
 _3132_/X
 _3134_/Y
 _3135_/X
 _3137_/X
 _3139_/Y
 _3140_/Y
 _3141_/X
 _3145_/X
 _3146_/X
 _3147_/X
 _3152_/X
 _3155_/X
 _3156_/Y
 _3157_/X
 _3158_/X
 _3159_/X
 _3162_/X
 _3163_/Y
 _3164_/X
 _3166_/Y
 _3167_/X
 _3168_/X
 _3169_/X
 _3170_/Y
 _3171_/Y
 _3174_/X
 _3175_/X
 _3177_/X
 _3179_/Y
 _3181_/Y
 _3182_/Y
 _3183_/Y
 _3184_/X
 _3185_/X
 _3186_/Y
 _3187_/X
 _3188_/Y
 _3190_/X
 _3191_/X
 _3192_/X
 _3193_/X
 _3195_/X
 _3196_/X
 _3197_/X
 _3198_/Y
 _3199_/Y
 _3200_/X
 _3201_/Y
 _3202_/Y
 _3203_/Y
 _3204_/Y
 _3205_/X
 _3207_/X
 _3208_/X
 _3210_/Y
 _3211_/Y
 _3212_/Y
 _3213_/X
 _3216_/X
 _3217_/X
 _3218_/X
 _3220_/X
 _3222_/X
 _3223_/X
 _3225_/X
 _3227_/X
 _3229_/X
 _3230_/X
 _3232_/X
 _3233_/Y
 _3234_/X
 _3237_/Y
 _3238_/Y
 _3242_/X
 _3243_/Y
 _3245_/X
 _3246_/Y
 _3247_/Y
 _3248_/X
 _3249_/Y
 _3250_/X
 _3251_/Y
 _3252_/X
 _3253_/X
 _3254_/X
 _3255_/Y
 _3256_/X
 _3257_/Y
 _3258_/Y
 _3262_/Y
 _3264_/X
 _3265_/X
 _3266_/X
 _3267_/X
 _3269_/X
 _3270_/X
 _3271_/X
 _3272_/X
 _3273_/X
 _3274_/X
 _3277_/X
 _3278_/X
 _3280_/X
 _3281_/Y
 _3283_/X
 _3284_/Y
 _3285_/X
 _3286_/Y
 _3287_/X
 _3288_/X
 _3289_/X
 _3290_/X
 _3291_/X
 _3292_/Y
 _3293_/X
 _3294_/X
 _3295_/X
 _3296_/Y
 _3297_/X
 _3299_/X
 _3300_/X
 _3302_/Y
 _3303_/X
 _3305_/Y
 _3306_/X
 _3307_/X
 _3308_/X
 _3312_/Y
 _3313_/X
 _3315_/Y
 _3316_/Y
 _3317_/X
 _3319_/Y
 _3321_/X
 _3322_/Y
 _3323_/X
 _3324_/X
 _3326_/Y
 _3327_/Y
 _3328_/X
 _3329_/X
 _3330_/Y
 _3331_/X
 _3332_/Y
 _3333_/X
 _3334_/Y
 _3337_/Y
 _3338_/Y
 _3339_/X
 _3341_/X
 _3342_/X
 _3343_/Y
 _3345_/X
 _3346_/X
 _3347_/X
 _3349_/X
 _3350_/X
 _3351_/X
 _3352_/Y
 _3354_/X
 _3355_/X
 _3357_/Y
 _3360_/Y
 _3362_/X
 _3363_/X
 _3364_/X
 _3366_/X
 _3368_/Y
 _3370_/Y
 _3373_/Y
 _3374_/X
 _3376_/X
 _3377_/X
 _3378_/X
 _3380_/X
 _3381_/X
 _3382_/Y
 _3384_/Y
 _3386_/X
 _3387_/X
 _3388_/X
 _3389_/X
 _3391_/X
 _3393_/X
 _3394_/X
 _3395_/X
 _3397_/X
 _3398_/X
 _3399_/X
 _3400_/Y
 _3401_/X
 _3402_/Y
 _3403_/Y
 _3404_/Y
 _3405_/X
 _3406_/X
 _3408_/Y
 _3409_/X
 _3410_/X
 _3411_/X
 _3412_/X
 _3414_/X
 _3416_/X
 _3417_/Y
 _3418_/X
 _3419_/Y
 _3421_/X
 _3422_/Y
 _3423_/X
 _3424_/X
 _3429_/X
 _3430_/X
 _3431_/Y
 _3433_/X
 _3434_/Y
 _3435_/X
 _3438_/X
 _3439_/X
 _3441_/X
 _3442_/X
 _3443_/Y
 _3444_/X
 _3445_/Y
 _3446_/X
 _3447_/X
 _3449_/Y
 _3450_/X
 _3452_/Y
 _3454_/X
 _3455_/Y
 _3457_/Y
 _3458_/Y
 _3460_/X
 _3462_/Y
 _3464_/Y
 _3465_/Y
 _3467_/X
 _3468_/X
 _3469_/X
 _3470_/Y
 _3471_/X
 _3472_/X
 _3475_/Y
 _3476_/Y
 _3478_/Y
 _3479_/X
 _3480_/X
 _3482_/X
 _3483_/X
 _3484_/X
 _3485_/X
 _3486_/X
 _3487_/X
 _3488_/X
 _3491_/X
 _3492_/X
 _3494_/X
 _3497_/X
 _3498_/X
 _3499_/X
 _3500_/X
 _3502_/X
 _3503_/X
 _3504_/X
 _3505_/X
 _3506_/X
 _3508_/X
 _3509_/X
 _3511_/X
 _3512_/X
 _3513_/X
 _3515_/X
 _3516_/X
 _3519_/X
 _3521_/X
 _3522_/X
 _3524_/X
 _3525_/X
 _3527_/X
 _3528_/X
 _3530_/X
 _3531_/X
 _3532_/Y
 _3534_/X
 _3535_/Y
 _3536_/X
 _3539_/X
 _3542_/X
 _3543_/X
 _3545_/X
 _3546_/X
 _3547_/X
 _3549_/X
 _3550_/X
 _3551_/Y
 _3554_/X
 _3555_/Y
 _3557_/Y
 _3558_/Y
 _3559_/Y
 _3560_/X
 _3562_/Y
 _3563_/X
 _3564_/X
 _3569_/X
 _3570_/X
 _3571_/Y
 _3574_/X
 _3578_/X
 _3579_/X
 _3580_/X
 _3581_/X
 _3582_/X
 _3583_/X
 _3584_/X
 _3585_/Y
 _3586_/X
 _3588_/Y
 _3589_/Y
 _3590_/X
 _3592_/Y
 _3594_/Y
 _3595_/X
 _3598_/X
 _3599_/Y
 _3600_/X
 _3601_/X
 _3602_/X
 _3604_/Y
 _3605_/X
 _3608_/X
 _3609_/X
 _3610_/Y
 _3611_/Y
 _3612_/X
 _3613_/X
 _3616_/Y
 _3617_/X
 _3620_/X
 _3621_/X
 _3623_/Y
 _3624_/Y
 _3625_/X
 _3628_/X
 _3630_/X
 _3631_/X
 _3633_/X
 _3634_/X
 _3636_/X
 _3639_/X
 _3640_/X
 _3643_/X
 _3644_/X
 _3645_/X
 _3646_/Y
 _3648_/X
 _3651_/X
 _3653_/X
 _3655_/X
 _3656_/Y
 _3657_/Y
 _3659_/X
 _3660_/X
 _3661_/X
 _3664_/X
 _3665_/X
 _3666_/X
 _3668_/Y
 _3669_/Y
 _3670_/Y
 _3671_/Y
 _3673_/Y
 _3675_/Y
 _3678_/X
 _3679_/X
 _3680_/Y
 _3681_/Y
 _3684_/X
 _3685_/X
 _3686_/X
 _3687_/Y
 _3688_/X
 _3689_/Y
 _3690_/X
 _3691_/Y
 _3692_/X
 _3693_/Y
 _3694_/X
 _3696_/Y
 _3698_/Y
 _3699_/X
 _3700_/Y
 _3701_/X
 _3702_/X
 _3704_/X
 _3705_/X
 _3707_/X
 _3710_/Y
 _3711_/X
 _3712_/X
 _3713_/Y
 _3714_/Y
 _3716_/Y
 _3718_/X
 _3719_/Y
 _3720_/X
 _3722_/X
 _3723_/X
 _3724_/X
 _3729_/X
 _3730_/Y
 _3732_/Y
 _3735_/X
 _3736_/Y
 _3737_/X
 _3738_/Y
 _3739_/X
 _3740_/X
 _3741_/Y
 _3742_/X
 _3744_/X
 _3746_/X
 _3747_/Y
 _3749_/Y
 _3750_/Y
 _3751_/X
 _3752_/Y
 _3753_/Y
 _3754_/X
 _3755_/X
 _3757_/X
 _3758_/Y
 _3760_/Y
 _3761_/X
 _3762_/X
 _3763_/X
 _3764_/X
 _3765_/X
 _3766_/X
 _3767_/X
 _3768_/X
 _3769_/X
 _3770_/Y
 _3771_/X
 _3773_/Y
 _3774_/Y
 _3775_/Y
 _3776_/X
 _3777_/Y
 _3778_/Y
 _3779_/X
 _3780_/X
 _3782_/X
 _3783_/Y
 _3785_/X
 _3786_/X
 _3790_/X
 _3792_/X
 _3793_/Y
 _3798_/X
 _3799_/Y
 _3801_/X
 _3802_/X
 _3803_/Y
 _3804_/X
 _3805_/X
 _3806_/Y
 _3807_/Y
 _3808_/Y
 _3812_/Y
 _3813_/X
 _3817_/Y
 _3821_/X
 _3827_/X
 _3828_/X
 _3833_/X
 _3834_/X
 _3836_/X
 _3837_/X
 _3838_/X
 _3839_/X
 _3841_/X
 _3842_/X
 _3845_/X
 _3847_/Y
 _3848_/Y
 _3849_/X
 _3853_/X
 _3855_/Y
 _3857_/X
 _3858_/Y
 _3859_/Y
 _3860_/Y
 _3862_/X
 _3864_/Y
 _3865_/X
 _3867_/Y
 _3870_/X
 _3871_/Y
 _3873_/Y
 _3875_/Y
 _3878_/Y
 _3879_/X
 _3880_/Y
 _3881_/X
 _3882_/X
 _3884_/X
 _3890_/X
 _3891_/X
 _3893_/X
 _3894_/X
 _3895_/X
 _3896_/X
 _3897_/X
 _3898_/X
 _3899_/X
 _3900_/X
 _3901_/X
 _3906_/X
 _3908_/X
 _3909_/X
 _3912_/X
 _3913_/X
 _3915_/X
 _3916_/X
 _3917_/X
 _3919_/X
 _3920_/X
 _3922_/X
 _3924_/X
 _3925_/X
 _3926_/X
 _3928_/X
 _3929_/X
 _3930_/X
 _3932_/X
 _3933_/X
 _3934_/X
 _3935_/X
 _3936_/X
 _3937_/X
 _3938_/X
 _3939_/X
 _3940_/X
 _3941_/X
 _3947_/X
 _3948_/X
 _3949_/X
 _3950_/X
 _3951_/X
 _3952_/X
 _3953_/X
 _3955_/X
 _3956_/X
 _3957_/X
 _3961_/X
 _3962_/X
 _3964_/X
 _3966_/X
 _3967_/X
 _3971_/X
 _3972_/X
 _3974_/X
 _3976_/X
 _3978_/X
 _3980_/X
 _3981_/X
 _3982_/X
 _3983_/X
 _3984_/X
 _3985_/X
 _3987_/X
 _3988_/X
 _3989_/X
 _3991_/X
 _3992_/X
 _3993_/X
 _3995_/X
 _3996_/X
 _3997_/X
 _3998_/X
 _3999_/X
 _4000_/X
 _4001_/X
 _4002_/X
 _4003_/X
 _4004_/X
 _4006_/X
 _4008_/X
 _4010_/X
 _4011_/X
 _4013_/X
 _4014_/X
 _4015_/X
 _4018_/X
 _4019_/X
 _4020_/X
 _4021_/X
 _4023_/X
 _4025_/Y
 _4026_/Y
 _4027_/X
 _4028_/Y
 _4029_/X
 _4030_/X
 _4032_/X
 _4033_/X
 _4034_/X
 _4035_/X
 _4036_/X
 _4040_/X
 _4042_/X
 _4043_/X
 _4044_/X
 _4045_/X
 _4046_/X
 _4047_/X
 _4050_/X
 _4051_/X
 _4052_/X
 _4053_/X
 _4056_/X
 _4058_/X
 _4060_/X
 _4061_/X
 _4062_/X
 _4063_/X
 _4064_/X
 _4066_/X
 _4067_/X
 _4069_/X
 _4071_/X
 _4075_/X
 _4076_/X
 _4078_/X
 _4080_/X
 _4081_/X
 _4082_/X
 _4083_/X
 _4085_/X
 _4086_/X
 _4088_/X
 _4090_/X
 _4092_/X
 _4094_/X
 _4096_/X
 _4098_/X
 _4099_/X
 _4100_/X
 _4101_/X
 _4103_/X
 _4104_/X
 _4105_/X
 _4107_/X
 _4108_/X
 _4113_/X
 _4114_/X
 _4117_/X
 _4118_/X
 _4119_/X
 _4120_/X
 _4121_/X
 _4122_/X
 _4123_/X
 _4124_/X
 _4125_/X
 _4127_/X
 _4128_/X
 _4130_/X
 _4131_/X
 _4133_/X
 _4134_/X
 _4135_/X
 _4136_/X
 _4139_/X
 _4140_/X
 _4141_/X
 _4142_/X
 _4143_/X
 _4146_/X
 _4147_/X
 _4148_/X
 _4149_/X
 _4150_/X
 _4151_/X
 _4152_/X
 _4153_/X
 _4154_/X
 _4155_/X
 _4156_/X
 _4158_/X
 _4159_/X
 _4160_/X
 _4161_/X
 _4163_/X
 _4165_/X
 _4166_/X
 _4167_/X
 _4168_/Y
 _4169_/X
 _4170_/X
 _4173_/X
 _4174_/X
 _4175_/X
 _4176_/X
 _4177_/X
 _4178_/X
 _4179_/X
 _4180_/X
 _4181_/X
 _4182_/X
 _4183_/X
 _4184_/X
 _4185_/X
 _4186_/X
 _4188_/X
 _4189_/X
 _4190_/X
 _4191_/X
 _4192_/X
 _4194_/X
 _4196_/X
 _4197_/X
 _4199_/X
 _4202_/X
 _4203_/X
 _4204_/X
 _4205_/X
 _4206_/X
 _4207_/X
 _4211_/X
 _4213_/X
 _4215_/X
 _4216_/X
 _4217_/X
 _4218_/X
 _4221_/X
 _4222_/X
 _4225_/X
 _4226_/X
 _4229_/X
 _4230_/X
 _4231_/X
 _4232_/X
 _4233_/X
 _4234_/X
 _4236_/Y
 _4237_/X
 _4238_/X
 _4239_/X
 _4240_/X
 _4243_/X
 _4244_/X
 _4245_/X
 _4246_/X
 _4247_/X
 _4248_/X
 _4251_/X
 _4252_/X
 _4253_/X
 _4254_/X
 _4255_/X
 _4256_/X
 _4257_/X
 _4258_/X
 _4259_/X
 _4261_/X
 _4263_/X
 _4264_/X
 _4265_/X
 _4266_/X
 _4267_/X
 _4268_/X
 _4269_/X
 _4270_/X
 _4271_/X
 _4274_/X
 _4275_/X
 _4276_/X
 _4277_/X
 _4278_/X
 _4279_/X
 _4280_/X
 _4281_/X
 _4282_/X
 _4284_/X
 _4286_/X
 _4287_/X
 _4288_/X
 _4289_/X
 _4290_/X
 _4291_/X
 _4293_/X
 _4296_/X
 _4297_/X
 _4298_/X
 _4300_/X
 _4301_/X
 _4303_/X
 _4304_/X
 _4305_/X
 _4306_/X
 _4307_/X
 _4314_/X
 _4316_/X
 _4317_/X
 _4318_/X
 _4319_/X
 _4320_/X
 _4322_/X
 _4323_/X
 _4324_/X
 _4325_/X
 _4326_/X
 _4327_/X
 _4328_/X
 _4329_/X
 _4330_/X
 _4331_/X
 _4332_/X
 _4333_/X
 _4336_/X
 _4337_/X
 _4338_/X
 _4340_/X
 _4341_/X
 _4347_/X
 _4348_/X
 _4350_/X
 _4351_/X
 _4353_/X
 _4355_/X
 _4356_/X
 _4357_/X
 _4358_/X
 _4359_/X
 _4360_/X
 _4361_/X
 _4363_/X
 _4366_/X
 _4367_/X
 _4368_/X
 _4369_/X
 _4370_/Y
 _4371_/X
 _4372_/X
 _4374_/X
 _4376_/X
 _4377_/X
 _4378_/X
 _4379_/X
 _4380_/X
 _4381_/X
 _4382_/X
 _4383_/X
 _4384_/X
 _4390_/X
 _4392_/X
 _4393_/X
 _4394_/X
 _4395_/X
 _4396_/X
 _4397_/X
 _4399_/X
 _4400_/X
 _4402_/X
 _4403_/X
 _4404_/X
 _4408_/X
 _4409_/X
 _4410_/X
 _4412_/X
 _4413_/X
 _4414_/X
 _4415_/X
 _4416_/X
 _4417_/X
 _4418_/X
 _4419_/X
 _4420_/X
 _4423_/X
 _4425_/X
 _4428_/X
 _4429_/X
 _4431_/X
 _4432_/X
 _4433_/X
 _4437_/X
 _4438_/X
 _4440_/X
 _4441_/X
 _4442_/X
 _4444_/X
 _4449_/X
 _4450_/X
 _4451_/X
 _4452_/X
 _4453_/X
 _4457_/X
 _4459_/X
 _4461_/X
 _4462_/X
 _4463_/X
 _4464_/X
 _4465_/X
 _4467_/X
 _4469_/X
 _4470_/X
 _4472_/X
 _4473_/X
 _4476_/X
 _4477_/X
 _4478_/X
 _4479_/X
 _4480_/X
 _4481_/X
 _4482_/X
 _4483_/X
 _4485_/X
 _4486_/X
 _4488_/X
 _4489_/X
 _4490_/X
 _4491_/X
 _4493_/X
 _4494_/X
 _4495_/X
 _4496_/X
 _4497_/X
 _4498_/X
 _4499_/X
 _4500_/X
 _4502_/X
 _4504_/X
 _4505_/X
 _4506_/X
 _4508_/X
 _4509_/X
 _4510_/X
 _4511_/X
 _4512_/X
 _4513_/X
 _4514_/X
 _4515_/X
 _4516_/X
 _4517_/X
 _4518_/X
 _4519_/X
 _4521_/X
 _4523_/X
 _4524_/X
 _4526_/X
 _4527_/X
 _4529_/X
 _4532_/X
 _4534_/X
 _4536_/X
 _4537_/X
 _4539_/X
 _4540_/X
 _4542_/X
 _4543_/X
 _4545_/X
 _4546_/X
 _4548_/X
 _4550_/X
 _4551_/X
 _4559_/X
 _4560_/X
 _4561_/X
 _4563_/X
 _4565_/X
 _4566_/X
 _4568_/X
 _4569_/X
 _4570_/X
 _4571_/X
 _4572_/X
 _4573_/X
 _4577_/X
 _4578_/X
 _4579_/X
 _4581_/X
 _4582_/X
 _4583_/X
 _4585_/X
 _4586_/X
 _4588_/X
 _4590_/X
 _4591_/X
 _4592_/X
 _4593_/X
 _4594_/X
 _4595_/X
 _4598_/X
 _4599_/X
 _4600_/X
 _4602_/X
 _4603_/X
 _4604_/X
 _4606_/X
 _4607_/X
 _4608_/X
 _4609_/X
 _4610_/X
 _4611_/X
 _4612_/X
 _4613_/X
 _4615_/X
 _4617_/X
 _4619_/X
 _4621_/X
 _4623_/X
 _4624_/X
 _4626_/X
 _4627_/X
 _4628_/X
 _4629_/X
 _4631_/X
 _4633_/X
 _4638_/Y
 _4640_/Y
 _4642_/Y
 _4643_/Y
 _4645_/Q
 _4647_/Q
 _4648_/Q
 _4649_/Q
 _4650_/Q
 _4651_/Q
 _4652_/Q
 _4653_/Q
 _4654_/Q
 _4655_/Q
 _4656_/Q
 _4657_/Q
 _4658_/Q
 _4659_/Q
 _4661_/Q
 _4662_/Q
 _4663_/Q
 _4664_/Q
 _4667_/Q
 _4668_/Q
 _4669_/Q
 _4670_/Q
 _4671_/Q
 _4672_/Q
 _4673_/Q
 _4674_/Q
 _4675_/Q
 _4676_/Q
 _4677_/Q
 _4678_/Q
 _4681_/Q
 _4683_/Q
 _4684_/Q
 _4685_/Q
 _4686_/Q
 _4687_/Q
 _4688_/Q
 _4690_/Q
 _4693_/Q
 _4695_/Q
 _4696_/Q
 _4697_/Q
 _4698_/Q
 _4699_/Q
 _4700_/Q
 _4701_/Q
 _4703_/Q
 _4704_/Q
 _4705_/Q
 _4707_/Q
 _4709_/Q
 _4710_/Q
 _4712_/Q
 _4713_/Q
 _4715_/Q
 _4716_/Q
 _4717_/Q
 _4718_/Q
 _4720_/Q
 _4721_/Q
 _4722_/Q
 _4723_/Q
 _4724_/Q
 _4725_/Q
 _4726_/Q
 _4727_/Q
 _4728_/Q
 _4729_/Q
 _4730_/Q
 _4731_/Q
 _4732_/Q
 _4733_/Q
 _4735_/Q
 _4736_/Q
 _4739_/Q
 _4740_/Q
 _4742_/Q
 _4743_/Q
 _4744_/Q
 _4745_/Q
 _4746_/Q
 _4747_/Q
 _4748_/Q
 _4749_/Q
 _4750_/Q
 _4752_/Q
 _4753_/Q
 _4754_/Q
 _4755_/Q
 _4756_/Q
 _4757_/Q
 _4758_/Q
 _4759_/Q
 _4760_/Q
 _4761_/Q
 _4762_/Q
 _4763_/Q
 _4764_/Q
 _4765_/Q
 _4766_/Q
 _4767_/Q
 _4768_/Q
 _4770_/Q
 _4771_/Q
 _4772_/Q
 _4773_/Q
 _4775_/Q
 _4776_/Q
 _4777_/Q
 _4778_/Q
 _4779_/Q
 _4780_/Q
 _4781_/Q
 _4783_/Q
 _4784_/Q
 _4785_/Q
 _4786_/Q
 _4787_/Q
 _4788_/Q
 _4789_/Q
 _4790_/Q
 _4791_/Q
 _4792_/Q
 _4793_/Q
 _4795_/Q
 _4798_/Q
 _4799_/Q
 _4800_/Q
 _4801_/Q
 _4802_/Q
 _4803_/Q
 _4805_/Q
 _4806_/Q
 _4807_/Q
 _4808_/Q
 _4812_/Q
 _4813_/Q
 _4814_/Q
 _4815_/Q
 _4816_/Q
 _4817_/Q
 _4818_/Q
 _4821_/Q
 _4822_/Q
 _4823_/Q
 _4824_/Q
 _4825_/Q
 _4827_/Q
 _4828_/Q
 _4829_/Q
 _4830_/Q
 _4831_/Q
 _4832_/Q
 _4834_/Q
 _4835_/Q
 _4836_/Q
 _4837_/Q
 _4838_/Q
 _4839_/Q
 _4841_/Q
 _4844_/Q
 _4845_/Q
 _4847_/Q
 _4848_/Q
 _4850_/Q
 _4852_/Q
 _4853_/Q
 _4854_/Q
 _4855_/Q
 _4856_/Q
 _4857_/Q
 _4858_/Q
 _4860_/Q
 _4861_/Q
 _4862_/Q
 _4863_/Q
 _4864_/Q
 _4865_/Q
 _4867_/Q
 _4868_/Q
 _4869_/Q
 _4870_/Q
 _4871_/Q
 _4872_/Q
 _4874_/Q
 _4875_/Q
 _4876_/Q
 _4877_/Q
 _4878_/Q
 _4880_/Q
 _4881_/Q
 _4882_/Q
 _4883_/Q
 _4884_/Q
 _4885_/Q
 _4886_/Q
 _4888_/Q
 _4889_/Q
 _4890_/Q
 _4893_/Q
 _4895_/Q
 _4896_/Q
 _4897_/Q
 _4898_/Q
 _4899_/Q
 _4900_/Q
 _4902_/Q
 _4903_/Q
 _4905_/Q
 _4907_/Q
 _4908_/Q
 _4909_/Q
 _4912_/Q
 _4914_/Q
 _4915_/Q
 _4916_/Q
 _4917_/Q
 _4918_/Q
 _4919_/Q
 _4921_/Q
 _4922_/Q
 _4923_/Q
 _4924_/Q
 _4926_/Q
 _4927_/Q
 _4928_/Q
 _4929_/Q
 _4930_/Q
 _4932_/Q
 _4933_/Q
 _4934_/Q
 _4935_/Q
 _4936_/Q
 _4937_/Q
 _4938_/Q
 _4940_/Q
 _4941_/Q
 _4942_/Q
 _4944_/Q
 _4946_/Q
 _4947_/Q
 _4948_/Q
 _4949_/Q
 _4951_/Q
 _4952_/Q
 _4954_/Q
 _4955_/Q
 _4958_/Q
 _4959_/Q
 _4960_/Q
 _4961_/Q
 _4962_/Q
 _4963_/Q
 _4964_/Q
 _4966_/Q
 _4967_/Q
 _4968_/Q
 _4969_/Q
 _4970_/Q
 _4971_/Q
 _4972_/Q
 _4973_/Q
 _4974_/Q
 _4975_/Q
 _4976_/Q
 _4977_/Q
 _4978_/Q
 _4979_/Q
 _4980_/Q
 _4981_/Q
 _4983_/Q
 _4985_/Q
 _4987_/Q
 _4989_/Q
 _4990_/Q
 _4992_/Q
 _4993_/Q
 _4994_/Q
 _4995_/Q
 _4996_/Q
 _4997_/Q
 _4998_/Q
 _4999_/Q
 _5001_/Q
 _5002_/Q
 _5003_/Q
 _5004_/Q
 _5005_/Q
 _5006_/Q
 _5007_/Q
 _5008_/Q
 _5009_/Q
 _5011_/Q
 _5012_/Q
 _5013_/Q
 _5015_/Q
 _5016_/Q
 _5017_/Q
 _5019_/Q
 _5020_/Q
 _5021_/Q
 _5022_/Q
 _5023_/Q
 _5024_/Q
 _5025_/Q
 _5026_/Q
 _5028_/Q
 _5029_/Q
 _5031_/Q
 _5032_/Q
 _5033_/Q
 _5034_/Q
 _5035_/Q
 _5036_/Q
 _5038_/Q
 _5039_/Q
 _5040_/Q
 _5041_/Q
 _5043_/Q
 _5044_/Q
 _5045_/Q
 _5046_/Q
 _5047_/Q
 _5048_/Q
 _5049_/Q
 _5050_/Q
 _5051_/Q
 _5052_/Q
 _5053_/Q
 _5055_/Q
 clkbuf_0_clk/X
 clkbuf_2_0_0_clk/X
 clkbuf_2_1_0_clk/X
 clkbuf_2_2_0_clk/X
 clkbuf_2_3_0_clk/X
 clkbuf_3_0_0_clk/X
 clkbuf_3_1_0_clk/X
 clkbuf_3_2_0_clk/X
 clkbuf_3_3_0_clk/X
 clkbuf_3_4_0_clk/X
 clkbuf_3_5_0_clk/X
 clkbuf_3_6_0_clk/X
 clkbuf_3_7_0_clk/X
 clkbuf_5_0__f_clk/X
 clkbuf_5_10__f_clk/X
 clkbuf_5_11__f_clk/X
 clkbuf_5_12__f_clk/X
 clkbuf_5_13__f_clk/X
 clkbuf_5_14__f_clk/X
 clkbuf_5_15__f_clk/X
 clkbuf_5_16__f_clk/X
 clkbuf_5_17__f_clk/X
 clkbuf_5_18__f_clk/X
 clkbuf_5_19__f_clk/X
 clkbuf_5_1__f_clk/X
 clkbuf_5_20__f_clk/X
 clkbuf_5_22__f_clk/X
 clkbuf_5_23__f_clk/X
 clkbuf_5_24__f_clk/X
 clkbuf_5_25__f_clk/X
 clkbuf_5_26__f_clk/X
 clkbuf_5_27__f_clk/X
 clkbuf_5_28__f_clk/X
 clkbuf_5_29__f_clk/X
 clkbuf_5_2__f_clk/X
 clkbuf_5_30__f_clk/X
 clkbuf_5_31__f_clk/X
 clkbuf_5_3__f_clk/X
 clkbuf_5_4__f_clk/X
 clkbuf_5_5__f_clk/X
 clkbuf_5_6__f_clk/X
 clkbuf_5_7__f_clk/X
 clkbuf_5_8__f_clk/X
 clkbuf_5_9__f_clk/X
 clkbuf_leaf_11_clk/X
 clkbuf_leaf_122_clk/X
 clkbuf_leaf_126_clk/X
 clkbuf_leaf_127_clk/X
 clkbuf_leaf_128_clk/X
 clkbuf_leaf_137_clk/X
 clkbuf_leaf_139_clk/X
 clkbuf_leaf_144_clk/X
 clkbuf_leaf_153_clk/X
 clkbuf_leaf_154_clk/X
 clkbuf_leaf_164_clk/X
 clkbuf_leaf_171_clk/X
 clkbuf_leaf_175_clk/X
 clkbuf_leaf_182_clk/X
 clkbuf_leaf_189_clk/X
 clkbuf_leaf_18_clk/X
 clkbuf_leaf_195_clk/X
 clkbuf_leaf_197_clk/X
 clkbuf_leaf_204_clk/X
 clkbuf_leaf_208_clk/X
 clkbuf_leaf_247_clk/X
 clkbuf_leaf_248_clk/X
 clkbuf_leaf_250_clk/X
 clkbuf_leaf_28_clk/X
 clkbuf_leaf_30_clk/X
 clkbuf_leaf_37_clk/X
 clkbuf_leaf_51_clk/X
 clkbuf_leaf_60_clk/X
 clkbuf_leaf_66_clk/X
 clkbuf_leaf_82_clk/X
 clkbuf_leaf_91_clk/X
 clkbuf_leaf_9_clk/X
 input1/X
 input2/X
 load_slew113/X
 load_slew114/X
 load_slew126/X
 load_slew158/X
 load_slew18/X
 load_slew180/X
 load_slew181/X
 load_slew189/X
 load_slew20/X
 load_slew21/X
 load_slew210/X
 load_slew213/X
 load_slew242/X
 load_slew249/X
 load_slew317/X
 load_slew326/X
 load_slew329/X
 load_slew353/X
 load_slew361/X
 load_slew366/X
 load_slew376/X
 load_slew391/X
 load_slew410/X
 load_slew420/X
 load_slew423/X
 load_slew424/X
 load_slew431/X
 load_slew434/X
 load_slew439/X
 load_slew442/X
 load_slew446/X
 load_slew447/X
 load_slew448/X
 load_slew459/X
 load_slew467/X
 load_slew478/X
 load_slew479/X
 load_slew490/X
 load_slew491/X
 load_slew499/X
 load_slew509/X
 load_slew51/X
 load_slew518/X
 load_slew52/X
 load_slew525/X
 load_slew526/X
 load_slew543/X
 load_slew556/X
 load_slew563/X
 load_slew565/X
 load_slew57/X
 load_slew577/X
 load_slew579/X
 load_slew58/X
 load_slew595/X
 load_slew600/X
 load_slew604/X
 load_slew605/X
 load_slew607/X
 load_slew61/X
 load_slew610/X
 load_slew611/X
 load_slew618/X
 load_slew621/X
 load_slew623/X
 load_slew634/X
 load_slew636/X
 load_slew640/X
 load_slew643/X
 load_slew647/X
 load_slew648/X
 load_slew649/X
 load_slew651/X
 load_slew652/X
 load_slew655/X
 load_slew658/X
 max_cap100/X
 max_cap117/X
 max_cap129/X
 max_cap130/X
 max_cap140/X
 max_cap142/X
 max_cap155/X
 max_cap159/X
 max_cap165/X
 max_cap166/X
 max_cap19/X
 max_cap201/X
 max_cap207/X
 max_cap209/X
 max_cap215/X
 max_cap22/X
 max_cap23/X
 max_cap246/X
 max_cap258/X
 max_cap263/X
 max_cap283/X
 max_cap285/X
 max_cap298/X
 max_cap304/X
 max_cap308/X
 max_cap315/X
 max_cap32/X
 max_cap324/X
 max_cap327/X
 max_cap333/X
 max_cap336/X
 max_cap344/X
 max_cap35/X
 max_cap357/X
 max_cap362/X
 max_cap364/X
 max_cap367/X
 max_cap384/X
 max_cap386/X
 max_cap39/X
 max_cap392/X
 max_cap393/X
 max_cap399/X
 max_cap404/X
 max_cap413/X
 max_cap42/X
 max_cap425/X
 max_cap428/X
 max_cap429/X
 max_cap436/X
 max_cap45/X
 max_cap451/X
 max_cap460/X
 max_cap465/X
 max_cap474/X
 max_cap476/X
 max_cap480/X
 max_cap484/X
 max_cap488/X
 max_cap49/X
 max_cap500/X
 max_cap515/X
 max_cap516/X
 max_cap519/X
 max_cap522/X
 max_cap534/X
 max_cap542/X
 max_cap547/X
 max_cap554/X
 max_cap561/X
 max_cap562/X
 max_cap578/X
 max_cap580/X
 max_cap625/X
 max_cap631/X
 max_cap644/X
 max_cap653/X
 max_cap654/X
 max_cap75/X
 max_cap78/X
 max_cap79/X
 max_cap91/X
 max_cap94/X
 wire101/X
 wire102/X
 wire103/X
 wire104/X
 wire109/X
 wire110/X
 wire112/X
 wire115/X
 wire116/X
 wire119/X
 wire120/X
 wire124/X
 wire127/X
 wire128/X
 wire132/X
 wire134/X
 wire138/X
 wire139/X
 wire14/X
 wire141/X
 wire15/X
 wire150/X
 wire151/X
 wire152/X
 wire153/X
 wire154/X
 wire156/X
 wire157/X
 wire160/X
 wire161/X
 wire162/X
 wire163/X
 wire164/X
 wire167/X
 wire168/X
 wire169/X
 wire172/X
 wire177/X
 wire178/X
 wire179/X
 wire182/X
 wire183/X
 wire186/X
 wire187/X
 wire190/X
 wire192/X
 wire193/X
 wire194/X
 wire195/X
 wire196/X
 wire197/X
 wire198/X
 wire199/X
 wire200/X
 wire205/X
 wire206/X
 wire211/X
 wire212/X
 wire214/X
 wire217/X
 wire219/X
 wire220/X
 wire221/X
 wire222/X
 wire225/X
 wire227/X
 wire230/X
 wire233/X
 wire237/X
 wire238/X
 wire240/X
 wire241/X
 wire244/X
 wire245/X
 wire248/X
 wire252/X
 wire254/X
 wire255/X
 wire259/X
 wire26/X
 wire260/X
 wire262/X
 wire264/X
 wire266/X
 wire27/X
 wire274/X
 wire276/X
 wire277/X
 wire279/X
 wire284/X
 wire286/X
 wire287/X
 wire295/X
 wire301/X
 wire302/X
 wire303/X
 wire305/X
 wire306/X
 wire31/X
 wire314/X
 wire319/X
 wire325/X
 wire33/X
 wire330/X
 wire335/X
 wire338/X
 wire339/X
 wire340/X
 wire343/X
 wire345/X
 wire348/X
 wire349/X
 wire355/X
 wire356/X
 wire359/X
 wire363/X
 wire368/X
 wire369/X
 wire371/X
 wire378/X
 wire379/X
 wire38/X
 wire381/X
 wire382/X
 wire383/X
 wire385/X
 wire387/X
 wire388/X
 wire390/X
 wire394/X
 wire396/X
 wire397/X
 wire40/X
 wire402/X
 wire406/X
 wire407/X
 wire41/X
 wire411/X
 wire412/X
 wire414/X
 wire415/X
 wire417/X
 wire421/X
 wire426/X
 wire427/X
 wire43/X
 wire430/X
 wire432/X
 wire435/X
 wire437/X
 wire438/X
 wire44/X
 wire441/X
 wire444/X
 wire445/X
 wire449/X
 wire450/X
 wire452/X
 wire453/X
 wire454/X
 wire455/X
 wire456/X
 wire461/X
 wire462/X
 wire464/X
 wire468/X
 wire47/X
 wire470/X
 wire471/X
 wire475/X
 wire483/X
 wire485/X
 wire487/X
 wire489/X
 wire497/X
 wire498/X
 wire50/X
 wire501/X
 wire503/X
 wire504/X
 wire506/X
 wire507/X
 wire510/X
 wire513/X
 wire514/X
 wire520/X
 wire523/X
 wire528/X
 wire53/X
 wire530/X
 wire532/X
 wire535/X
 wire536/X
 wire537/X
 wire538/X
 wire539/X
 wire541/X
 wire544/X
 wire545/X
 wire55/X
 wire551/X
 wire555/X
 wire557/X
 wire558/X
 wire56/X
 wire564/X
 wire566/X
 wire569/X
 wire570/X
 wire571/X
 wire572/X
 wire574/X
 wire575/X
 wire576/X
 wire581/X
 wire582/X
 wire583/X
 wire586/X
 wire587/X
 wire588/X
 wire589/X
 wire59/X
 wire593/X
 wire594/X
 wire598/X
 wire599/X
 wire60/X
 wire601/X
 wire602/X
 wire606/X
 wire609/X
 wire612/X
 wire614/X
 wire615/X
 wire616/X
 wire617/X
 wire619/X
 wire620/X
 wire622/X
 wire626/X
 wire627/X
 wire628/X
 wire630/X
 wire632/X
 wire633/X
 wire635/X
 wire637/X
 wire638/X
 wire639/X
 wire641/X
 wire642/X
 wire646/X
 wire650/X
 wire656/X
 wire657/X
 wire66/X
 wire67/X
 wire68/X
 wire69/X
 wire71/X
 wire73/X
 wire77/X
 wire81/X
 wire83/X
 wire87/X
 wire89/X
 wire90/X
 wire92/X
 wire96/X

===========================================================================
max slew violation count 0
max fanout violation count 4
max cap violation count 0
============================================================================

===========================================================================
check_setup -verbose -unconstrained_endpoints -multiple_clock -no_clock -no_input_delay -loops -generated_clocks
===========================================================================
