Sat May 31 13:59:25 +0000 2025 - Executing "{openroad -exit -no_init -python /nix/store/xpc7xd67rslanlqh566s6jph53bn830w-openlane1-1.1.1/bin/scripts/odbpy/lefutil.py get_metal_layers -o /openlane/designs/project4/runs/RUN_2025.05.31_13.59.25/tmp/layers.list /openlane/pdks/sky130A/libs.ref/sky130_fd_sc_hd/techlef/sky130_fd_sc_hd__nom.tlef}"

Sat May 31 13:59:26 +0000 2025 - Executing "{/nix/store/xpc7xd67rslanlqh566s6jph53bn830w-openlane1-1.1.1/bin/scripts/mergeLef.py -o /openlane/designs/project4/runs/RUN_2025.05.31_13.59.25/tmp/merged.nom.lef -i /openlane/pdks/sky130A/libs.ref/sky130_fd_sc_hd/techlef/sky130_fd_sc_hd__nom.tlef {/openlane/pdks/sky130A/libs.ref/sky130_fd_sc_hd/lef/sky130_ef_sc_hd.lef /openlane/pdks/sky130A/libs.ref/sky130_fd_sc_hd/lef/sky130_fd_sc_hd.lef} |& tee /dev/null}"

Sat May 31 13:59:26 +0000 2025 - Executing "{/nix/store/xpc7xd67rslanlqh566s6jph53bn830w-openlane1-1.1.1/bin/scripts/mergeLef.py -o /openlane/designs/project4/runs/RUN_2025.05.31_13.59.25/tmp/merged.min.lef -i /openlane/pdks/sky130A/libs.ref/sky130_fd_sc_hd/techlef/sky130_fd_sc_hd__min.tlef {/openlane/pdks/sky130A/libs.ref/sky130_fd_sc_hd/lef/sky130_ef_sc_hd.lef /openlane/pdks/sky130A/libs.ref/sky130_fd_sc_hd/lef/sky130_fd_sc_hd.lef} |& tee /dev/null}"

Sat May 31 13:59:26 +0000 2025 - Executing "{/nix/store/xpc7xd67rslanlqh566s6jph53bn830w-openlane1-1.1.1/bin/scripts/mergeLef.py -o /openlane/designs/project4/runs/RUN_2025.05.31_13.59.25/tmp/merged.max.lef -i /openlane/pdks/sky130A/libs.ref/sky130_fd_sc_hd/techlef/sky130_fd_sc_hd__max.tlef {/openlane/pdks/sky130A/libs.ref/sky130_fd_sc_hd/lef/sky130_ef_sc_hd.lef /openlane/pdks/sky130A/libs.ref/sky130_fd_sc_hd/lef/sky130_fd_sc_hd.lef} |& tee /dev/null}"

Sat May 31 13:59:26 +0000 2025 - Executing "{python3 /nix/store/xpc7xd67rslanlqh566s6jph53bn830w-openlane1-1.1.1/bin/scripts/mergeLib.py --output /openlane/designs/project4/runs/RUN_2025.05.31_13.59.25/tmp/synthesis/merged.lib --name sky130A_merged /openlane/pdks/sky130A/libs.ref/sky130_fd_sc_hd/lib/sky130_fd_sc_hd__tt_025C_1v80.lib}"

Sat May 31 13:59:26 +0000 2025 - Executing "{python3 /nix/store/xpc7xd67rslanlqh566s6jph53bn830w-openlane1-1.1.1/bin/scripts/libtrim.py --cell-file /openlane/designs/project4/runs/RUN_2025.05.31_13.59.25/tmp/synthesis/trimmed.lib.exclude.list --output /openlane/designs/project4/runs/RUN_2025.05.31_13.59.25/tmp/synthesis/trimmed.lib /openlane/designs/project4/runs/RUN_2025.05.31_13.59.25/tmp/synthesis/merged.lib}"

Sat May 31 13:59:26 +0000 2025 - Executing "{python3 /nix/store/xpc7xd67rslanlqh566s6jph53bn830w-openlane1-1.1.1/bin/scripts/libtrim.py --cell-file /openlane/designs/project4/runs/RUN_2025.05.31_13.59.25/tmp/cts/cts.lib.exclude.list --output /openlane/designs/project4/runs/RUN_2025.05.31_13.59.25/tmp/cts/cts.lib /openlane/pdks/sky130A/libs.ref/sky130_fd_sc_hd/lib/sky130_fd_sc_hd__tt_025C_1v80.lib}"

Sat May 31 13:59:26 +0000 2025 - Executing "{python3 /nix/store/xpc7xd67rslanlqh566s6jph53bn830w-openlane1-1.1.1/bin/scripts/libtrim.py --cell-file /openlane/designs/project4/runs/RUN_2025.05.31_13.59.25/tmp/cts/cts-fastest.lib.exclude.list --output /openlane/designs/project4/runs/RUN_2025.05.31_13.59.25/tmp/cts/cts-fastest.lib /openlane/pdks/sky130A/libs.ref/sky130_fd_sc_hd/lib/sky130_fd_sc_hd__ff_n40C_1v95.lib}"

Sat May 31 13:59:27 +0000 2025 - Executing "{python3 /nix/store/xpc7xd67rslanlqh566s6jph53bn830w-openlane1-1.1.1/bin/scripts/libtrim.py --cell-file /openlane/designs/project4/runs/RUN_2025.05.31_13.59.25/tmp/cts/cts-slowest.lib.exclude.list --output /openlane/designs/project4/runs/RUN_2025.05.31_13.59.25/tmp/cts/cts-slowest.lib /openlane/pdks/sky130A/libs.ref/sky130_fd_sc_hd/lib/sky130_fd_sc_hd__ss_100C_1v60.lib}"

Sat May 31 13:59:27 +0000 2025 - Executing "{python3 /nix/store/xpc7xd67rslanlqh566s6jph53bn830w-openlane1-1.1.1/bin/scripts/new_tracks.py -i /openlane/pdks/sky130A/libs.tech/openlane/sky130_fd_sc_hd/tracks.info -o /openlane/designs/project4/runs/RUN_2025.05.31_13.59.25/tmp/routing/config.tracks}"

Sat May 31 13:59:27 +0000 2025 - Executing "{echo {OpenLane } > /openlane/designs/project4/runs/RUN_2025.05.31_13.59.25/OPENLANE_COMMIT}"

Sat May 31 13:59:28 +0000 2025 - Executing "{yosys -c /nix/store/xpc7xd67rslanlqh566s6jph53bn830w-openlane1-1.1.1/bin/scripts/yosys/blackbox.tcl}"

Sat May 31 13:59:28 +0000 2025 - Executing "{verilator -Wall --lint-only --Wno-DECLFILENAME --top-module TopModule /openlane/designs/project4/runs/RUN_2025.05.31_13.59.25/tmp/synthesis/blackbox/sky130_fd_sc_hd__blackbox.v /openlane/designs/project4/src/ALU.v /openlane/designs/project4/src/Top.v /openlane/designs/project4/src/RegisterFile.v /openlane/designs/project4/src/TopModule.v -Wno-fatal --relative-includes |& tee /openlane/designs/project4/runs/RUN_2025.05.31_13.59.25/logs/synthesis/linter.log /dev/null}"

Sat May 31 13:59:28 +0000 2025 - Executing "{sed -E {s/^([[:space:]]+)pg_pin(.*)/\1pin\2\n\1    direction : "inout";/g} /openlane/pdks/sky130A/libs.ref/sky130_fd_sc_hd/lib/sky130_fd_sc_hd__tt_025C_1v80.lib > /openlane/designs/project4/runs/RUN_2025.05.31_13.59.25/tmp/synthesis/1-sky130_fd_sc_hd__tt_025C_1v80.no_pg.lib}"

Sat May 31 13:59:28 +0000 2025 - Executing "{sed -E {s/^([[:space:]]+)pg_pin(.*)/\1pin\2\n\1    direction : "inout";/g} /openlane/designs/project4/runs/RUN_2025.05.31_13.59.25/tmp/synthesis/trimmed.lib > /openlane/designs/project4/runs/RUN_2025.05.31_13.59.25/tmp/synthesis/1-trimmed.no_pg.lib}"

Sat May 31 13:59:28 +0000 2025 - Executing "yosys -c /nix/store/xpc7xd67rslanlqh566s6jph53bn830w-openlane1-1.1.1/bin/scripts/yosys/synth.tcl |& tee /dev/null /openlane/designs/project4/runs/RUN_2025.05.31_13.59.25/logs/synthesis/1-synthesis.log"

Sat May 31 13:59:28 +0000 2025 - Executing "{yosys -c /nix/store/xpc7xd67rslanlqh566s6jph53bn830w-openlane1-1.1.1/bin/scripts/yosys/synth.tcl |& tee /dev/null /openlane/designs/project4/runs/RUN_2025.05.31_13.59.25/logs/synthesis/1-synthesis.log}"

Sat May 31 13:59:35 +0000 2025 - Executing "{sed -i.bak -e {s/\(set ::env(CURRENT_NETLIST)\).*/\1 \/openlane\/designs\/project4\/runs\/RUN_2025.05.31_13.59.25\/results\/synthesis\/TopModule.v/} /openlane/designs/project4/runs/RUN_2025.05.31_13.59.25/config.tcl}"

Sat May 31 13:59:35 +0000 2025 - Executing "{sed -i.bak /defparam/d /openlane/designs/project4/runs/RUN_2025.05.31_13.59.25/results/synthesis/TopModule.v}"

Sat May 31 13:59:35 +0000 2025 - Executing "sta -exit -no_init /nix/store/xpc7xd67rslanlqh566s6jph53bn830w-openlane1-1.1.1/bin/scripts/openroad/sta/multi_corner.tcl |& tee /dev/null /openlane/designs/project4/runs/RUN_2025.05.31_13.59.25/logs/synthesis/2-sta.log"

Sat May 31 13:59:35 +0000 2025 - Executing "{sta -exit -no_init /nix/store/xpc7xd67rslanlqh566s6jph53bn830w-openlane1-1.1.1/bin/scripts/openroad/sta/multi_corner.tcl |& tee /dev/null /openlane/designs/project4/runs/RUN_2025.05.31_13.59.25/logs/synthesis/2-sta.log}"

Sat May 31 13:59:37 +0000 2025 - Executing "openroad -exit /nix/store/xpc7xd67rslanlqh566s6jph53bn830w-openlane1-1.1.1/bin/scripts/openroad/floorplan.tcl |& tee /dev/null /openlane/designs/project4/runs/RUN_2025.05.31_13.59.25/logs/floorplan/3-initial_fp.log"

Sat May 31 13:59:37 +0000 2025 - Executing "{openroad -exit /nix/store/xpc7xd67rslanlqh566s6jph53bn830w-openlane1-1.1.1/bin/scripts/openroad/floorplan.tcl |& tee /dev/null /openlane/designs/project4/runs/RUN_2025.05.31_13.59.25/logs/floorplan/3-initial_fp.log}"

Sat May 31 13:59:38 +0000 2025 - Executing "{openroad -exit -no_init -python /nix/store/xpc7xd67rslanlqh566s6jph53bn830w-openlane1-1.1.1/bin/scripts/odbpy/defutil.py extract_core_dims --output-data /openlane/designs/project4/runs/RUN_2025.05.31_13.59.25/tmp/dimensions.txt --input-lef /openlane/designs/project4/runs/RUN_2025.05.31_13.59.25/tmp/merged.nom.lef /openlane/designs/project4/runs/RUN_2025.05.31_13.59.25/tmp/floorplan/3-initial_fp.def}"

Sat May 31 13:59:38 +0000 2025 - Executing "{openroad -exit -no_init -python /nix/store/xpc7xd67rslanlqh566s6jph53bn830w-openlane1-1.1.1/bin/scripts/odbpy/io_place.py --config /openlane/designs/project4/pin_order.cfg --hor-layer met3 --ver-layer met2 --ver-width-mult 2 --hor-width-mult 2 --hor-extension 0 --ver-extension 0 --length 4 --unmatched-error --input-lef /openlane/designs/project4/runs/RUN_2025.05.31_13.59.25/tmp/merged.nom.lef --output-def /openlane/designs/project4/runs/RUN_2025.05.31_13.59.25/tmp/floorplan/4-io.def --output /openlane/designs/project4/runs/RUN_2025.05.31_13.59.25/tmp/floorplan/4-io.odb /openlane/designs/project4/runs/RUN_2025.05.31_13.59.25/tmp/floorplan/3-initial_fp.odb |& tee /dev/null /openlane/designs/project4/runs/RUN_2025.05.31_13.59.25/logs/floorplan/4-place_io.log}"

Sat May 31 13:59:39 +0000 2025 - Executing "openroad -exit /nix/store/xpc7xd67rslanlqh566s6jph53bn830w-openlane1-1.1.1/bin/scripts/openroad/tapcell.tcl |& tee /dev/null /openlane/designs/project4/runs/RUN_2025.05.31_13.59.25/logs/floorplan/5-tap.log"

Sat May 31 13:59:39 +0000 2025 - Executing "{openroad -exit /nix/store/xpc7xd67rslanlqh566s6jph53bn830w-openlane1-1.1.1/bin/scripts/openroad/tapcell.tcl |& tee /dev/null /openlane/designs/project4/runs/RUN_2025.05.31_13.59.25/logs/floorplan/5-tap.log}"

Sat May 31 13:59:40 +0000 2025 - Executing "openroad -exit /nix/store/xpc7xd67rslanlqh566s6jph53bn830w-openlane1-1.1.1/bin/scripts/openroad/pdn.tcl |& tee /dev/null /openlane/designs/project4/runs/RUN_2025.05.31_13.59.25/logs/floorplan/6-pdn.log"

Sat May 31 13:59:40 +0000 2025 - Executing "{openroad -exit /nix/store/xpc7xd67rslanlqh566s6jph53bn830w-openlane1-1.1.1/bin/scripts/openroad/pdn.tcl |& tee /dev/null /openlane/designs/project4/runs/RUN_2025.05.31_13.59.25/logs/floorplan/6-pdn.log}"

Sat May 31 13:59:41 +0000 2025 - Executing "openroad -exit /nix/store/xpc7xd67rslanlqh566s6jph53bn830w-openlane1-1.1.1/bin/scripts/openroad/gpl.tcl |& tee /dev/null /openlane/designs/project4/runs/RUN_2025.05.31_13.59.25/logs/placement/6-global.log"

Sat May 31 13:59:41 +0000 2025 - Executing "{openroad -exit /nix/store/xpc7xd67rslanlqh566s6jph53bn830w-openlane1-1.1.1/bin/scripts/openroad/gpl.tcl |& tee /dev/null /openlane/designs/project4/runs/RUN_2025.05.31_13.59.25/logs/placement/6-global.log}"

Sat May 31 14:00:04 +0000 2025 - Executing "{sed -i.bak -e {s/\(set ::env(CURRENT_NETLIST)\).*/\1 \/openlane\/designs\/project4\/runs\/RUN_2025.05.31_13.59.25\/tmp\/placement\/7-global.nl.v/} /openlane/designs/project4/runs/RUN_2025.05.31_13.59.25/config.tcl}"

Sat May 31 14:00:04 +0000 2025 - Executing "openroad -exit /nix/store/xpc7xd67rslanlqh566s6jph53bn830w-openlane1-1.1.1/bin/scripts/openroad/sta/multi_corner.tcl |& tee /dev/null /openlane/designs/project4/runs/RUN_2025.05.31_13.59.25/logs/placement/8-gpl_sta.log"

Sat May 31 14:00:04 +0000 2025 - Executing "{openroad -exit /nix/store/xpc7xd67rslanlqh566s6jph53bn830w-openlane1-1.1.1/bin/scripts/openroad/sta/multi_corner.tcl |& tee /dev/null /openlane/designs/project4/runs/RUN_2025.05.31_13.59.25/logs/placement/8-gpl_sta.log}"

Sat May 31 14:00:08 +0000 2025 - Executing "openroad -exit /nix/store/xpc7xd67rslanlqh566s6jph53bn830w-openlane1-1.1.1/bin/scripts/openroad/resizer.tcl |& tee /dev/null /openlane/designs/project4/runs/RUN_2025.05.31_13.59.25/logs/placement/9-resizer.log"

Sat May 31 14:00:08 +0000 2025 - Executing "{openroad -exit /nix/store/xpc7xd67rslanlqh566s6jph53bn830w-openlane1-1.1.1/bin/scripts/openroad/resizer.tcl |& tee /dev/null /openlane/designs/project4/runs/RUN_2025.05.31_13.59.25/logs/placement/9-resizer.log}"

Sat May 31 14:00:15 +0000 2025 - Executing "{sed -i.bak -e {s/\(set ::env(CURRENT_NETLIST)\).*/\1 \/openlane\/designs\/project4\/runs\/RUN_2025.05.31_13.59.25\/tmp\/placement\/9-resizer.nl.v/} /openlane/designs/project4/runs/RUN_2025.05.31_13.59.25/config.tcl}"

Sat May 31 14:00:15 +0000 2025 - Executing "openroad -exit /nix/store/xpc7xd67rslanlqh566s6jph53bn830w-openlane1-1.1.1/bin/scripts/openroad/dpl.tcl |& tee /dev/null /openlane/designs/project4/runs/RUN_2025.05.31_13.59.25/logs/placement/10-detailed.log"

Sat May 31 14:00:15 +0000 2025 - Executing "{openroad -exit /nix/store/xpc7xd67rslanlqh566s6jph53bn830w-openlane1-1.1.1/bin/scripts/openroad/dpl.tcl |& tee /dev/null /openlane/designs/project4/runs/RUN_2025.05.31_13.59.25/logs/placement/10-detailed.log}"

Sat May 31 14:00:16 +0000 2025 - Executing "{sed -i.bak -e {s/\(set ::env(CURRENT_NETLIST)\).*/\1 \/openlane\/designs\/project4\/runs\/RUN_2025.05.31_13.59.25\/results\/placement\/TopModule.nl.v/} /openlane/designs/project4/runs/RUN_2025.05.31_13.59.25/config.tcl}"

Sat May 31 14:00:16 +0000 2025 - Executing "openroad -exit /nix/store/xpc7xd67rslanlqh566s6jph53bn830w-openlane1-1.1.1/bin/scripts/openroad/sta/multi_corner.tcl |& tee /dev/null /openlane/designs/project4/runs/RUN_2025.05.31_13.59.25/logs/placement/11-dpl_sta.log"

Sat May 31 14:00:16 +0000 2025 - Executing "{openroad -exit /nix/store/xpc7xd67rslanlqh566s6jph53bn830w-openlane1-1.1.1/bin/scripts/openroad/sta/multi_corner.tcl |& tee /dev/null /openlane/designs/project4/runs/RUN_2025.05.31_13.59.25/logs/placement/11-dpl_sta.log}"

Sat May 31 14:00:23 +0000 2025 - Executing "openroad -exit /nix/store/xpc7xd67rslanlqh566s6jph53bn830w-openlane1-1.1.1/bin/scripts/openroad/cts.tcl |& tee /dev/null /openlane/designs/project4/runs/RUN_2025.05.31_13.59.25/logs/cts/12-cts.log"

Sat May 31 14:00:24 +0000 2025 - Executing "{openroad -exit /nix/store/xpc7xd67rslanlqh566s6jph53bn830w-openlane1-1.1.1/bin/scripts/openroad/cts.tcl |& tee /dev/null /openlane/designs/project4/runs/RUN_2025.05.31_13.59.25/logs/cts/12-cts.log}"

Sat May 31 14:00:40 +0000 2025 - Executing "openroad -exit /nix/store/xpc7xd67rslanlqh566s6jph53bn830w-openlane1-1.1.1/bin/scripts/openroad/sta/multi_corner.tcl |& tee /dev/null /openlane/designs/project4/runs/RUN_2025.05.31_13.59.25/logs/cts/13-cts_sta.log"

Sat May 31 14:00:40 +0000 2025 - Executing "{openroad -exit /nix/store/xpc7xd67rslanlqh566s6jph53bn830w-openlane1-1.1.1/bin/scripts/openroad/sta/multi_corner.tcl |& tee /dev/null /openlane/designs/project4/runs/RUN_2025.05.31_13.59.25/logs/cts/13-cts_sta.log}"

Sat May 31 14:00:48 +0000 2025 - Executing "openroad -exit /nix/store/xpc7xd67rslanlqh566s6jph53bn830w-openlane1-1.1.1/bin/scripts/openroad/resizer_timing.tcl |& tee /dev/null /openlane/designs/project4/runs/RUN_2025.05.31_13.59.25/logs/cts/14-resizer.log"

Sat May 31 14:00:48 +0000 2025 - Executing "{openroad -exit /nix/store/xpc7xd67rslanlqh566s6jph53bn830w-openlane1-1.1.1/bin/scripts/openroad/resizer_timing.tcl |& tee /dev/null /openlane/designs/project4/runs/RUN_2025.05.31_13.59.25/logs/cts/14-resizer.log}"

Sat May 31 14:01:07 +0000 2025 - Executing "{sed -i.bak -e {s/\(set ::env(CURRENT_NETLIST)\).*/\1 \/openlane\/designs\/project4\/runs\/RUN_2025.05.31_13.59.25\/tmp\/cts\/14-TopModule.resized.nl.v/} /openlane/designs/project4/runs/RUN_2025.05.31_13.59.25/config.tcl}"

Sat May 31 14:01:08 +0000 2025 - Executing "openroad -exit /nix/store/xpc7xd67rslanlqh566s6jph53bn830w-openlane1-1.1.1/bin/scripts/openroad/resizer_routing_design.tcl |& tee /dev/null /openlane/designs/project4/runs/RUN_2025.05.31_13.59.25/logs/routing/15-resizer_design.log"

Sat May 31 14:01:08 +0000 2025 - Executing "{openroad -exit /nix/store/xpc7xd67rslanlqh566s6jph53bn830w-openlane1-1.1.1/bin/scripts/openroad/resizer_routing_design.tcl |& tee /dev/null /openlane/designs/project4/runs/RUN_2025.05.31_13.59.25/logs/routing/15-resizer_design.log}"

Sat May 31 14:01:21 +0000 2025 - Executing "{sed -i.bak -e {s/\(set ::env(CURRENT_NETLIST)\).*/\1 \/openlane\/designs\/project4\/runs\/RUN_2025.05.31_13.59.25\/tmp\/15-TopModule.nl.v/} /openlane/designs/project4/runs/RUN_2025.05.31_13.59.25/config.tcl}"

Sat May 31 14:01:21 +0000 2025 - Executing "openroad -exit /nix/store/xpc7xd67rslanlqh566s6jph53bn830w-openlane1-1.1.1/bin/scripts/openroad/sta/multi_corner.tcl |& tee /dev/null /openlane/designs/project4/runs/RUN_2025.05.31_13.59.25/logs/routing/16-rsz_design_sta.log"

Sat May 31 14:01:21 +0000 2025 - Executing "{openroad -exit /nix/store/xpc7xd67rslanlqh566s6jph53bn830w-openlane1-1.1.1/bin/scripts/openroad/sta/multi_corner.tcl |& tee /dev/null /openlane/designs/project4/runs/RUN_2025.05.31_13.59.25/logs/routing/16-rsz_design_sta.log}"

Sat May 31 14:01:32 +0000 2025 - Executing "openroad -exit /nix/store/xpc7xd67rslanlqh566s6jph53bn830w-openlane1-1.1.1/bin/scripts/openroad/resizer_routing_timing.tcl |& tee /dev/null /openlane/designs/project4/runs/RUN_2025.05.31_13.59.25/logs/routing/17-resizer_timing.log"

Sat May 31 14:01:32 +0000 2025 - Executing "{openroad -exit /nix/store/xpc7xd67rslanlqh566s6jph53bn830w-openlane1-1.1.1/bin/scripts/openroad/resizer_routing_timing.tcl |& tee /dev/null /openlane/designs/project4/runs/RUN_2025.05.31_13.59.25/logs/routing/17-resizer_timing.log}"

Sat May 31 14:01:46 +0000 2025 - Executing "{sed -i.bak -e {s/\(set ::env(CURRENT_NETLIST)\).*/\1 \/openlane\/designs\/project4\/runs\/RUN_2025.05.31_13.59.25\/tmp\/17-TopModule.nl.v/} /openlane/designs/project4/runs/RUN_2025.05.31_13.59.25/config.tcl}"

Sat May 31 14:01:46 +0000 2025 - Executing "openroad -exit /nix/store/xpc7xd67rslanlqh566s6jph53bn830w-openlane1-1.1.1/bin/scripts/openroad/sta/multi_corner.tcl |& tee /dev/null /openlane/designs/project4/runs/RUN_2025.05.31_13.59.25/logs/routing/18-rsz_timing_sta.log"

Sat May 31 14:01:46 +0000 2025 - Executing "{openroad -exit /nix/store/xpc7xd67rslanlqh566s6jph53bn830w-openlane1-1.1.1/bin/scripts/openroad/sta/multi_corner.tcl |& tee /dev/null /openlane/designs/project4/runs/RUN_2025.05.31_13.59.25/logs/routing/18-rsz_timing_sta.log}"

Sat May 31 14:01:59 +0000 2025 - Executing "{openroad -exit -no_init -python /nix/store/xpc7xd67rslanlqh566s6jph53bn830w-openlane1-1.1.1/bin/scripts/odbpy/diodes.py place --diode-cell sky130_fd_sc_hd__diode_2 --diode-pin DIODE --threshold 90 --side-strategy source --port-protect none --input-lef /openlane/designs/project4/runs/RUN_2025.05.31_13.59.25/tmp/merged.nom.lef --output-def /openlane/designs/project4/runs/RUN_2025.05.31_13.59.25/tmp/routing/19-diodes.def --output /openlane/designs/project4/runs/RUN_2025.05.31_13.59.25/tmp/routing/19-diodes.odb /openlane/designs/project4/runs/RUN_2025.05.31_13.59.25/tmp/17-TopModule.odb |& tee /dev/null /openlane/designs/project4/runs/RUN_2025.05.31_13.59.25/logs/routing/19-diodes.log}"

Sat May 31 14:02:00 +0000 2025 - Executing "openroad -exit /nix/store/xpc7xd67rslanlqh566s6jph53bn830w-openlane1-1.1.1/bin/scripts/openroad/dpl.tcl |& tee /dev/null /openlane/designs/project4/runs/RUN_2025.05.31_13.59.25/logs/routing/20-diode_legalization.log"

Sat May 31 14:02:00 +0000 2025 - Executing "{openroad -exit /nix/store/xpc7xd67rslanlqh566s6jph53bn830w-openlane1-1.1.1/bin/scripts/openroad/dpl.tcl |& tee /dev/null /openlane/designs/project4/runs/RUN_2025.05.31_13.59.25/logs/routing/20-diode_legalization.log}"

Sat May 31 14:02:06 +0000 2025 - Executing "{sed -i.bak -e {s/\(set ::env(CURRENT_NETLIST)\).*/\1 \/openlane\/designs\/project4\/runs\/RUN_2025.05.31_13.59.25\/tmp\/routing\/.\/19-diodes_legalized.nl.v/} /openlane/designs/project4/runs/RUN_2025.05.31_13.59.25/config.tcl}"

Sat May 31 14:02:06 +0000 2025 - Executing "openroad -exit /nix/store/xpc7xd67rslanlqh566s6jph53bn830w-openlane1-1.1.1/bin/scripts/openroad/repair_antennas.tcl |& tee /dev/null /openlane/designs/project4/runs/RUN_2025.05.31_13.59.25/logs/routing/21-global.log"

Sat May 31 14:02:06 +0000 2025 - Executing "{openroad -exit /nix/store/xpc7xd67rslanlqh566s6jph53bn830w-openlane1-1.1.1/bin/scripts/openroad/repair_antennas.tcl |& tee /dev/null /openlane/designs/project4/runs/RUN_2025.05.31_13.59.25/logs/routing/21-global.log}"

Sat May 31 14:02:19 +0000 2025 - Executing "openroad -exit /nix/store/xpc7xd67rslanlqh566s6jph53bn830w-openlane1-1.1.1/bin/scripts/openroad/write_views.tcl |& tee /dev/null /openlane/designs/project4/runs/RUN_2025.05.31_13.59.25/logs/routing/21-global_write_netlist.log"

Sat May 31 14:02:19 +0000 2025 - Executing "{openroad -exit /nix/store/xpc7xd67rslanlqh566s6jph53bn830w-openlane1-1.1.1/bin/scripts/openroad/write_views.tcl |& tee /dev/null /openlane/designs/project4/runs/RUN_2025.05.31_13.59.25/logs/routing/21-global_write_netlist.log}"

Sat May 31 14:02:20 +0000 2025 - Executing "{sed -i.bak -e {s/\(set ::env(CURRENT_NETLIST)\).*/\1 \/openlane\/designs\/project4\/runs\/RUN_2025.05.31_13.59.25\/tmp\/routing\/global.nl.v/} /openlane/designs/project4/runs/RUN_2025.05.31_13.59.25/config.tcl}"

Sat May 31 14:02:20 +0000 2025 - Executing "openroad -exit /nix/store/xpc7xd67rslanlqh566s6jph53bn830w-openlane1-1.1.1/bin/scripts/openroad/sta/multi_corner.tcl |& tee /dev/null /openlane/designs/project4/runs/RUN_2025.05.31_13.59.25/logs/routing/23-grt_sta.log"

Sat May 31 14:02:20 +0000 2025 - Executing "{openroad -exit /nix/store/xpc7xd67rslanlqh566s6jph53bn830w-openlane1-1.1.1/bin/scripts/openroad/sta/multi_corner.tcl |& tee /dev/null /openlane/designs/project4/runs/RUN_2025.05.31_13.59.25/logs/routing/23-grt_sta.log}"

Sat May 31 14:02:27 +0000 2025 - Executing "openroad -exit /nix/store/xpc7xd67rslanlqh566s6jph53bn830w-openlane1-1.1.1/bin/scripts/openroad/fill.tcl |& tee /dev/null /openlane/designs/project4/runs/RUN_2025.05.31_13.59.25/logs/routing/24-fill.log"

Sat May 31 14:02:27 +0000 2025 - Executing "{openroad -exit /nix/store/xpc7xd67rslanlqh566s6jph53bn830w-openlane1-1.1.1/bin/scripts/openroad/fill.tcl |& tee /dev/null /openlane/designs/project4/runs/RUN_2025.05.31_13.59.25/logs/routing/24-fill.log}"

Sat May 31 14:02:28 +0000 2025 - Executing "{sed -i.bak -e {s/\(set ::env(CURRENT_NETLIST)\).*/\1 \/openlane\/designs\/project4\/runs\/RUN_2025.05.31_13.59.25\/tmp\/routing\/24-fill.nl.v/} /openlane/designs/project4/runs/RUN_2025.05.31_13.59.25/config.tcl}"

Sat May 31 14:02:29 +0000 2025 - Executing "openroad -exit -metrics /openlane/designs/project4/runs/RUN_2025.05.31_13.59.25/reports/routing/25-drt_metrics.json /nix/store/xpc7xd67rslanlqh566s6jph53bn830w-openlane1-1.1.1/bin/scripts/openroad/droute.tcl |& tee /dev/null /openlane/designs/project4/runs/RUN_2025.05.31_13.59.25/logs/routing/25-detailed.log"

Sat May 31 14:02:29 +0000 2025 - Executing "{openroad -exit -metrics /openlane/designs/project4/runs/RUN_2025.05.31_13.59.25/reports/routing/25-drt_metrics.json /nix/store/xpc7xd67rslanlqh566s6jph53bn830w-openlane1-1.1.1/bin/scripts/openroad/droute.tcl |& tee /dev/null /openlane/designs/project4/runs/RUN_2025.05.31_13.59.25/logs/routing/25-detailed.log}"

