Instance,Terminal,Layer,X location,Y location,Voltage
FILLER_0_22_125,VGND,li1,64.8600,70.7200,0.000000
FILLER_0_22_113,VGND,li1,60.2600,70.7200,0.000000
FILLER_0_22_109,VGND,li1,56.3500,70.7200,0.000000
FILLER_0_22_97,VGND,li1,52.9000,70.7200,0.000000
FILLER_0_22_85,VGND,li1,47.3800,70.7200,0.000000
FILLER_0_22_81,VGND,li1,43.4700,70.7200,0.000000
FILLER_0_22_69,VGND,li1,40.0200,70.7200,0.000000
FILLER_0_22_57,VGND,li1,34.5000,70.7200,0.000000
FILLER_0_22_53,VGND,li1,30.5900,70.7200,0.000000
FILLER_0_22_41,VGND,li1,27.1400,70.7200,0.000000
FILLER_0_22_29,VGND,li1,21.6200,70.7200,0.000000
FILLER_0_22_27,VGND,li1,18.1700,70.7200,0.000000
FILLER_0_22_15,VGND,li1,15.1800,70.7200,0.000000
FILLER_0_22_3,VGND,li1,9.6600,70.7200,0.000000
FILLER_0_21_125,VGND,li1,63.9400,70.7200,0.000000
FILLER_0_21_113,VGND,li1,60.2600,70.7200,0.000000
FILLER_0_21_102,VGND,li1,52.9000,70.7200,0.000000
FILLER_0_21_94,VGND,li1,50.6000,70.7200,0.000000
FILLER_0_21_82,VGND,li1,46.0000,70.7200,0.000000
FILLER_0_21_57,VGND,li1,34.5000,70.7200,0.000000
FILLER_0_21_44,VGND,li1,28.5200,70.7200,0.000000
FILLER_0_21_37,VGND,li1,22.7700,70.7200,0.000000
FILLER_0_21_23,VGND,li1,16.7900,70.7200,0.000000
FILLER_0_21_15,VGND,li1,14.2600,70.7200,0.000000
FILLER_0_21_3,VGND,li1,9.6600,70.7200,0.000000
FILLER_0_20_128,VGND,li1,64.6300,65.2800,0.000007
FILLER_0_20_124,VGND,li1,63.4800,65.2800,0.000007
FILLER_0_20_88,VGND,li1,46.2300,65.2800,0.000011
FILLER_0_20_60,VGND,li1,33.3500,65.2800,0.000009
FILLER_0_20_56,VGND,li1,31.5100,65.2800,0.000008
FILLER_0_20_29,VGND,li1,19.0900,65.2800,0.000006
FILLER_0_20_15,VGND,li1,14.2600,65.2800,0.000005
FILLER_0_20_3,VGND,li1,9.6600,65.2800,0.000005
FILLER_0_19_127,VGND,li1,64.4000,65.2800,0.000007
FILLER_0_19_116,VGND,li1,59.1100,65.2800,0.000010
FILLER_0_19_90,VGND,li1,47.1500,65.2800,0.000011
FILLER_0_19_55,VGND,li1,31.0500,65.2800,0.000008
FILLER_0_19_15,VGND,li1,15.1800,65.2800,0.000005
FILLER_0_19_3,VGND,li1,9.6600,65.2800,0.000005
FILLER_0_18_125,VGND,li1,64.8600,59.8400,0.000008
FILLER_0_18_103,VGND,li1,53.1300,59.8400,0.000017
FILLER_0_18_98,VGND,li1,51.0600,59.8400,0.000018
FILLER_0_18_90,VGND,li1,48.7600,59.8400,0.000021
FILLER_0_18_46,VGND,li1,26.9100,59.8400,0.000013
FILLER_0_18_36,VGND,li1,22.7700,59.8400,0.000012
FILLER_0_18_29,VGND,li1,19.7800,59.8400,0.000009
FILLER_0_18_27,VGND,li1,18.1700,59.8400,0.000009
FILLER_0_18_15,VGND,li1,15.1800,59.8400,0.000007
FILLER_0_18_3,VGND,li1,9.6600,59.8400,0.000007
FILLER_0_17_113,VGND,li1,60.2600,59.8400,0.000011
FILLER_0_17_109,VGND,li1,56.3500,59.8400,0.000015
FILLER_0_17_97,VGND,li1,52.9000,59.8400,0.000017
FILLER_0_17_69,VGND,li1,37.9500,59.8400,0.000020
FILLER_0_17_57,VGND,li1,34.5000,59.8400,0.000018
FILLER_0_17_52,VGND,li1,30.3600,59.8400,0.000013
FILLER_0_17_27,VGND,li1,18.1700,59.8400,0.000009
FILLER_0_17_15,VGND,li1,15.1800,59.8400,0.000007
FILLER_0_17_3,VGND,li1,9.6600,59.8400,0.000007
FILLER_0_16_109,VGND,li1,56.5800,54.4000,0.000005
FILLER_0_16_97,VGND,li1,52.9000,54.4000,0.000006
FILLER_0_16_85,VGND,li1,47.3800,54.4000,0.000008
FILLER_0_16_83,VGND,li1,43.9300,54.4000,0.000012
FILLER_0_16_76,VGND,li1,40.7100,54.4000,0.000013
FILLER_0_16_64,VGND,li1,37.7200,54.4000,0.000014
FILLER_0_16_52,VGND,li1,32.2000,54.4000,0.000017
FILLER_0_16_26,VGND,li1,17.9400,54.4000,0.000024
FILLER_0_16_15,VGND,li1,13.1100,54.4000,0.000023
FILLER_0_16_3,VGND,li1,9.6600,54.4000,0.000023
FILLER_0_15_111,VGND,li1,56.8100,54.4000,0.000005
FILLER_0_15_106,VGND,li1,54.5100,54.4000,0.000006
FILLER_0_15_102,VGND,li1,53.3600,54.4000,0.000006
FILLER_0_15_90,VGND,li1,49.6800,54.4000,0.000007
FILLER_0_15_63,VGND,li1,34.7300,54.4000,0.000016
FILLER_0_15_57,VGND,li1,33.1200,54.4000,0.000016
FILLER_0_15_47,VGND,li1,28.5200,54.4000,0.000022
FILLER_0_15_28,VGND,li1,18.6300,54.4000,0.000024
FILLER_0_15_24,VGND,li1,16.7900,54.4000,0.000021
FILLER_0_15_3,VGND,li1,7.1300,54.4000,0.000023
FILLER_0_14_78,VGND,li1,41.6300,48.9600,0.000010
FILLER_0_14_65,VGND,li1,36.8000,48.9600,0.000008
FILLER_0_14_44,VGND,li1,26.6800,48.9600,0.000007
FILLER_0_14_29,VGND,li1,19.7800,48.9600,0.000009
FILLER_0_14_3,VGND,li1,7.3600,48.9600,0.000013
FILLER_0_13_128,VGND,li1,64.6300,48.9600,0.000006
FILLER_0_13_113,VGND,li1,58.1900,48.9600,0.000008
FILLER_0_13_102,VGND,li1,52.9000,48.9600,0.000008
FILLER_0_13_68,VGND,li1,37.0300,48.9600,0.000008
FILLER_0_13_48,VGND,li1,29.4400,48.9600,0.000007
FILLER_0_13_35,VGND,li1,21.8500,48.9600,0.000008
FILLER_0_13_3,VGND,li1,8.2800,48.9600,0.000013
FILLER_0_12_132,VGND,li1,66.4700,43.5200,0.000005
FILLER_0_12_128,VGND,li1,65.3200,43.5200,0.000005
FILLER_0_12_116,VGND,li1,61.6400,43.5200,0.000007
FILLER_0_12_104,VGND,li1,56.1200,43.5200,0.000010
FILLER_0_12_92,VGND,li1,50.6000,43.5200,0.000012
FILLER_0_12_74,VGND,li1,40.2500,43.5200,0.000027
FILLER_0_12_62,VGND,li1,36.8000,43.5200,0.000034
FILLER_0_12_44,VGND,li1,26.2200,43.5200,0.000020
FILLER_0_12_36,VGND,li1,23.9200,43.5200,0.000017
FILLER_0_12_29,VGND,li1,19.0900,43.5200,0.000012
FILLER_0_12_11,VGND,li1,10.8100,43.5200,0.000010
FILLER_0_12_3,VGND,li1,8.7400,43.5200,0.000010
FILLER_0_11_132,VGND,li1,66.4700,43.5200,0.000005
FILLER_0_11_124,VGND,li1,64.4000,43.5200,0.000005
FILLER_0_11_99,VGND,li1,52.9000,43.5200,0.000011
FILLER_0_11_87,VGND,li1,48.3000,43.5200,0.000014
FILLER_0_11_83,VGND,li1,43.9300,43.5200,0.000022
FILLER_0_11_79,VGND,li1,42.7800,43.5200,0.000022
FILLER_0_11_57,VGND,li1,32.2000,43.5200,0.000022
FILLER_0_11_23,VGND,li1,16.3300,43.5200,0.000010
FILLER_0_11_15,VGND,li1,14.2600,43.5200,0.000010
FILLER_0_11_3,VGND,li1,9.6600,43.5200,0.000010
FILLER_0_10_131,VGND,li1,66.2400,38.0800,0.000009
FILLER_0_10_110,VGND,li1,56.3500,38.0800,0.000009
FILLER_0_10_90,VGND,li1,47.8400,38.0800,0.000008
FILLER_0_10_82,VGND,li1,43.7000,38.0800,0.000009
FILLER_0_10_74,VGND,li1,41.4000,38.0800,0.000008
FILLER_0_10_53,VGND,li1,30.1300,38.0800,0.000005
FILLER_0_10_45,VGND,li1,28.0600,38.0800,0.000004
FILLER_0_10_38,VGND,li1,23.9200,38.0800,0.000004
FILLER_0_10_29,VGND,li1,19.7800,38.0800,0.000003
FILLER_0_10_26,VGND,li1,17.9400,38.0800,0.000002
FILLER_0_10_18,VGND,li1,14.4900,38.0800,0.000002
FILLER_0_10_6,VGND,li1,11.0400,38.0800,0.000003
FILLER_0_9_111,VGND,li1,56.8100,38.0800,0.000010
FILLER_0_9_97,VGND,li1,50.6000,38.0800,0.000008
FILLER_0_9_70,VGND,li1,37.9500,38.0800,0.000007
FILLER_0_9_57,VGND,li1,32.2000,38.0800,0.000005
FILLER_0_9_53,VGND,li1,30.5900,38.0800,0.000005
FILLER_0_9_41,VGND,li1,27.1400,38.0800,0.000004
FILLER_0_9_3,VGND,li1,8.2800,38.0800,0.000003
FILLER_0_8_132,VGND,li1,66.4700,32.6400,0.000001
FILLER_0_8_124,VGND,li1,64.4000,32.6400,0.000001
FILLER_0_8_115,VGND,li1,59.8000,32.6400,0.000001
FILLER_0_8_103,VGND,li1,53.5900,32.6400,0.000002
FILLER_0_8_91,VGND,li1,50.1400,32.6400,0.000002
FILLER_0_8_81,VGND,li1,43.4700,32.6400,0.000004
FILLER_0_8_46,VGND,li1,26.9100,32.6400,0.000007
FILLER_0_8_42,VGND,li1,25.7600,32.6400,0.000007
FILLER_0_8_29,VGND,li1,19.0900,32.6400,0.000009
FILLER_0_8_26,VGND,li1,17.9400,32.6400,0.000009
FILLER_0_8_3,VGND,li1,7.5900,32.6400,0.000015
FILLER_0_7_130,VGND,li1,66.0100,32.6400,0.000001
FILLER_0_7_118,VGND,li1,62.5600,32.6400,0.000001
FILLER_0_7_98,VGND,li1,51.9800,32.6400,0.000002
FILLER_0_7_86,VGND,li1,47.8400,32.6400,0.000002
FILLER_0_7_74,VGND,li1,42.3200,32.6400,0.000004
FILLER_0_7_62,VGND,li1,36.8000,32.6400,0.000005
FILLER_0_7_55,VGND,li1,31.0500,32.6400,0.000006
FILLER_0_7_45,VGND,li1,26.4500,32.6400,0.000007
FILLER_0_7_33,VGND,li1,23.4600,32.6400,0.000008
FILLER_0_6_130,VGND,li1,66.0100,27.2000,0.000019
FILLER_0_6_105,VGND,li1,54.2800,27.2000,0.000032
FILLER_0_6_71,VGND,li1,39.5600,27.2000,0.000026
FILLER_0_6_59,VGND,li1,35.4200,27.2000,0.000025
FILLER_0_6_27,VGND,li1,18.1700,27.2000,0.000020
FILLER_0_6_19,VGND,li1,14.4900,27.2000,0.000016
FILLER_0_6_15,VGND,li1,13.3400,27.2000,0.000016
FILLER_0_6_3,VGND,li1,9.6600,27.2000,0.000016
FILLER_0_5_131,VGND,li1,66.2400,27.2000,0.000019
FILLER_0_5_123,VGND,li1,63.9400,27.2000,0.000019
FILLER_0_5_119,VGND,li1,60.4900,27.2000,0.000026
FILLER_0_5_113,VGND,li1,58.8800,27.2000,0.000026
FILLER_0_5_109,VGND,li1,56.3500,27.2000,0.000029
FILLER_0_5_82,VGND,li1,43.4700,27.2000,0.000027
FILLER_0_5_78,VGND,li1,42.3200,27.2000,0.000027
FILLER_0_5_66,VGND,li1,38.6400,27.2000,0.000026
FILLER_0_5_36,VGND,li1,23.9200,27.2000,0.000028
FILLER_0_5_28,VGND,li1,19.0900,27.2000,0.000020
FILLER_0_5_16,VGND,li1,15.6400,27.2000,0.000016
FILLER_0_5_11,VGND,li1,11.0400,27.2000,0.000016
FILLER_0_5_3,VGND,li1,8.7400,27.2000,0.000016
FILLER_0_4_125,VGND,li1,64.8600,21.7600,0.000005
FILLER_0_4_113,VGND,li1,60.2600,21.7600,0.000005
FILLER_0_4_101,VGND,li1,54.7400,21.7600,0.000004
FILLER_0_4_85,VGND,li1,44.8500,21.7600,0.000004
FILLER_0_4_83,VGND,li1,43.9300,21.7600,0.000004
FILLER_0_4_77,VGND,li1,42.3200,21.7600,0.000005
FILLER_0_4_39,VGND,li1,24.3800,21.7600,0.000005
FILLER_0_4_29,VGND,li1,19.5500,21.7600,0.000005
FILLER_0_4_27,VGND,li1,18.1700,21.7600,0.000005
FILLER_0_4_3,VGND,li1,7.1300,21.7600,0.000008
FILLER_0_3_101,VGND,li1,52.6700,21.7600,0.000004
FILLER_0_3_77,VGND,li1,41.6300,21.7600,0.000005
FILLER_0_3_48,VGND,li1,27.8300,21.7600,0.000005
FILLER_0_3_42,VGND,li1,26.2200,21.7600,0.000005
FILLER_0_3_23,VGND,li1,16.7900,21.7600,0.000005
FILLER_0_3_15,VGND,li1,14.2600,21.7600,0.000007
FILLER_0_3_3,VGND,li1,9.6600,21.7600,0.000008
FILLER_0_2_130,VGND,li1,66.0100,16.3200,0.000004
FILLER_0_2_122,VGND,li1,63.4800,16.3200,0.000004
FILLER_0_2_118,VGND,li1,60.0300,16.3200,0.000005
FILLER_0_2_114,VGND,li1,58.8800,16.3200,0.000005
FILLER_0_2_105,VGND,li1,54.0500,16.3200,0.000007
FILLER_0_2_77,VGND,li1,41.1700,16.3200,0.000010
FILLER_0_2_71,VGND,li1,39.5600,16.3200,0.000010
FILLER_0_2_49,VGND,li1,28.2900,16.3200,0.000010
FILLER_0_2_21,VGND,li1,15.4100,16.3200,0.000009
FILLER_0_2_15,VGND,li1,13.8000,16.3200,0.000009
FILLER_0_2_3,VGND,li1,9.6600,16.3200,0.000009
FILLER_0_1_125,VGND,li1,64.8600,16.3200,0.000004
FILLER_0_1_113,VGND,li1,60.2600,16.3200,0.000005
FILLER_0_1_109,VGND,li1,56.3500,16.3200,0.000006
FILLER_0_1_101,VGND,li1,53.8200,16.3200,0.000007
FILLER_0_1_75,VGND,li1,40.7100,16.3200,0.000010
FILLER_0_1_67,VGND,li1,38.1800,16.3200,0.000010
FILLER_0_1_60,VGND,li1,33.3500,16.3200,0.000011
FILLER_0_1_55,VGND,li1,31.0500,16.3200,0.000009
FILLER_0_1_43,VGND,li1,28.0600,16.3200,0.000010
FILLER_0_1_38,VGND,li1,23.4600,16.3200,0.000012
FILLER_0_1_15,VGND,li1,13.1100,16.3200,0.000009
FILLER_0_1_3,VGND,li1,9.6600,16.3200,0.000009
FILLER_0_0_125,VGND,li1,64.8600,10.8800,0.000000
FILLER_0_0_113,VGND,li1,60.2600,10.8800,0.000000
FILLER_0_0_110,VGND,li1,56.5800,10.8800,0.000000
FILLER_0_0_102,VGND,li1,54.2800,10.8800,0.000000
FILLER_0_0_90,VGND,li1,49.6800,10.8800,0.000000
FILLER_0_0_85,VGND,li1,45.0800,10.8800,0.000000
FILLER_0_0_81,VGND,li1,43.4700,10.8800,0.000000
FILLER_0_0_69,VGND,li1,40.0200,10.8800,0.000000
FILLER_0_0_57,VGND,li1,34.5000,10.8800,0.000000
FILLER_0_0_53,VGND,li1,30.5900,10.8800,0.000000
FILLER_0_0_41,VGND,li1,27.1400,10.8800,0.000000
FILLER_0_0_29,VGND,li1,21.6200,10.8800,0.000000
FILLER_0_0_27,VGND,li1,18.1700,10.8800,0.000000
FILLER_0_0_15,VGND,li1,15.1800,10.8800,0.000000
FILLER_0_0_3,VGND,li1,9.6600,10.8800,0.000000
hold5,VGND,li1,15.6400,54.4000,0.000021
hold4,VGND,li1,55.2000,70.7200,0.000000
hold3,VGND,li1,22.5400,48.9600,0.000008
hold2,VGND,li1,34.0400,21.7600,0.000005
hold1,VGND,li1,17.9400,38.0800,0.000002
clkload2,VGND,li1,42.3200,54.4000,0.000012
clkload1,VGND,li1,17.7100,54.4000,0.000024
clkload0,VGND,li1,22.7700,27.2000,0.000028
clkbuf_2_3__f_clk,VGND,li1,45.5400,59.8400,0.000027
clkbuf_2_2__f_clk,VGND,li1,23.4600,54.4000,0.000033
clkbuf_2_1__f_clk,VGND,li1,51.0600,27.2000,0.000036
clkbuf_2_0__f_clk,VGND,li1,28.0600,27.2000,0.000034
clkbuf_0_clk,VGND,li1,37.2600,43.5200,0.000034
_369__9,VGND,li1,25.5300,38.0800,0.000004
output8,VGND,li1,65.7800,65.2800,0.000007
output7,VGND,li1,65.7800,48.9600,0.000006
output6,VGND,li1,65.7800,70.7200,0.000000
output5,VGND,li1,65.7800,59.8400,0.000008
output4,VGND,li1,65.7800,48.9600,0.000006
output3,VGND,li1,65.7800,65.2800,0.000007
output2,VGND,li1,63.9400,59.8400,0.000008
input1,VGND,li1,7.5900,38.0800,0.000003
TAP_TAPCELL_ROW_22_95,VGND,li1,57.2700,71.0110,0.000000
TAP_TAPCELL_ROW_22_94,VGND,li1,44.3900,71.0110,0.000000
TAP_TAPCELL_ROW_22_93,VGND,li1,31.5100,71.0110,0.000000
TAP_TAPCELL_ROW_22_92,VGND,li1,18.6300,71.0110,0.000000
TAP_TAPCELL_ROW_21_91,VGND,li1,57.2700,70.4280,0.000000
TAP_TAPCELL_ROW_21_90,VGND,li1,31.5100,70.4280,0.000000
TAP_TAPCELL_ROW_20_89,VGND,li1,44.3900,65.5710,0.000012
TAP_TAPCELL_ROW_20_88,VGND,li1,18.6300,65.5710,0.000006
TAP_TAPCELL_ROW_19_87,VGND,li1,57.2700,64.9880,0.000011
TAP_TAPCELL_ROW_19_86,VGND,li1,31.5100,64.9880,0.000008
TAP_TAPCELL_ROW_18_85,VGND,li1,44.3900,60.1310,0.000026
TAP_TAPCELL_ROW_18_84,VGND,li1,18.6300,60.1310,0.000009
TAP_TAPCELL_ROW_17_83,VGND,li1,57.2700,59.5480,0.000013
TAP_TAPCELL_ROW_17_82,VGND,li1,31.5100,59.5480,0.000013
TAP_TAPCELL_ROW_16_81,VGND,li1,44.3900,54.6910,0.000010
TAP_TAPCELL_ROW_16_80,VGND,li1,18.6300,54.6910,0.000024
TAP_TAPCELL_ROW_15_79,VGND,li1,57.2700,54.1080,0.000005
TAP_TAPCELL_ROW_15_78,VGND,li1,31.5100,54.1080,0.000017
TAP_TAPCELL_ROW_14_77,VGND,li1,44.3900,49.2510,0.000009
TAP_TAPCELL_ROW_14_76,VGND,li1,18.6300,49.2510,0.000009
TAP_TAPCELL_ROW_13_75,VGND,li1,57.2700,48.6680,0.000008
TAP_TAPCELL_ROW_13_74,VGND,li1,31.5100,48.6680,0.000006
TAP_TAPCELL_ROW_12_73,VGND,li1,44.3900,43.8110,0.000018
TAP_TAPCELL_ROW_12_72,VGND,li1,18.6300,43.8110,0.000012
TAP_TAPCELL_ROW_11_71,VGND,li1,57.2700,43.2280,0.000010
TAP_TAPCELL_ROW_11_70,VGND,li1,31.5100,43.2280,0.000021
TAP_TAPCELL_ROW_10_69,VGND,li1,44.3900,38.3710,0.000009
TAP_TAPCELL_ROW_10_68,VGND,li1,18.6300,38.3710,0.000003
TAP_TAPCELL_ROW_9_67,VGND,li1,57.2700,37.7880,0.000010
TAP_TAPCELL_ROW_9_66,VGND,li1,31.5100,37.7880,0.000005
TAP_TAPCELL_ROW_8_65,VGND,li1,44.3900,32.9310,0.000003
TAP_TAPCELL_ROW_8_64,VGND,li1,18.6300,32.9310,0.000009
TAP_TAPCELL_ROW_7_63,VGND,li1,57.2700,32.3480,0.000001
TAP_TAPCELL_ROW_7_62,VGND,li1,31.5100,32.3480,0.000006
TAP_TAPCELL_ROW_6_61,VGND,li1,44.3900,27.4910,0.000027
TAP_TAPCELL_ROW_6_60,VGND,li1,18.6300,27.4910,0.000020
TAP_TAPCELL_ROW_5_59,VGND,li1,57.2700,26.9080,0.000029
TAP_TAPCELL_ROW_5_58,VGND,li1,31.5100,26.9080,0.000024
TAP_TAPCELL_ROW_4_57,VGND,li1,44.3900,22.0510,0.000004
TAP_TAPCELL_ROW_4_56,VGND,li1,18.6300,22.0510,0.000005
TAP_TAPCELL_ROW_3_55,VGND,li1,57.2700,21.4680,0.000004
TAP_TAPCELL_ROW_3_54,VGND,li1,31.5100,21.4680,0.000004
TAP_TAPCELL_ROW_2_53,VGND,li1,44.3900,16.6110,0.000010
TAP_TAPCELL_ROW_2_52,VGND,li1,18.6300,16.6110,0.000010
TAP_TAPCELL_ROW_1_51,VGND,li1,57.2700,16.0280,0.000006
TAP_TAPCELL_ROW_1_50,VGND,li1,31.5100,16.0280,0.000009
TAP_TAPCELL_ROW_0_49,VGND,li1,57.2700,11.1710,0.000000
TAP_TAPCELL_ROW_0_48,VGND,li1,44.3900,11.1710,0.000000
TAP_TAPCELL_ROW_0_47,VGND,li1,31.5100,11.1710,0.000000
TAP_TAPCELL_ROW_0_46,VGND,li1,18.6300,11.1710,0.000000
PHY_EDGE_ROW_22_Left_45,VGND,li1,6.2100,70.7200,0.000000
PHY_EDGE_ROW_21_Left_44,VGND,li1,6.2100,70.7200,0.000000
PHY_EDGE_ROW_20_Left_43,VGND,li1,6.2100,65.2800,0.000005
PHY_EDGE_ROW_19_Left_42,VGND,li1,6.2100,65.2800,0.000005
PHY_EDGE_ROW_18_Left_41,VGND,li1,6.2100,59.8400,0.000007
PHY_EDGE_ROW_17_Left_40,VGND,li1,6.2100,59.8400,0.000007
PHY_EDGE_ROW_16_Left_39,VGND,li1,6.2100,54.4000,0.000023
PHY_EDGE_ROW_15_Left_38,VGND,li1,6.2100,54.4000,0.000023
PHY_EDGE_ROW_14_Left_37,VGND,li1,6.2100,48.9600,0.000013
PHY_EDGE_ROW_13_Left_36,VGND,li1,6.2100,48.9600,0.000013
PHY_EDGE_ROW_12_Left_35,VGND,li1,6.2100,43.5200,0.000010
PHY_EDGE_ROW_11_Left_34,VGND,li1,6.2100,43.5200,0.000010
PHY_EDGE_ROW_10_Left_33,VGND,li1,6.2100,38.0800,0.000003
PHY_EDGE_ROW_9_Left_32,VGND,li1,6.2100,38.0800,0.000003
PHY_EDGE_ROW_8_Left_31,VGND,li1,6.2100,32.6400,0.000015
PHY_EDGE_ROW_7_Left_30,VGND,li1,6.2100,32.6400,0.000015
PHY_EDGE_ROW_6_Left_29,VGND,li1,6.2100,27.2000,0.000016
PHY_EDGE_ROW_5_Left_28,VGND,li1,6.2100,27.2000,0.000016
PHY_EDGE_ROW_4_Left_27,VGND,li1,6.2100,21.7600,0.000008
PHY_EDGE_ROW_3_Left_26,VGND,li1,6.2100,21.7600,0.000008
PHY_EDGE_ROW_2_Left_25,VGND,li1,6.2100,16.3200,0.000009
PHY_EDGE_ROW_1_Left_24,VGND,li1,6.2100,16.3200,0.000009
PHY_EDGE_ROW_0_Left_23,VGND,li1,6.2100,10.8800,0.000000
PHY_EDGE_ROW_22_Right_22,VGND,li1,67.3900,70.7200,0.000000
PHY_EDGE_ROW_21_Right_21,VGND,li1,67.3900,70.7200,0.000000
PHY_EDGE_ROW_20_Right_20,VGND,li1,67.3900,65.2800,0.000007
PHY_EDGE_ROW_19_Right_19,VGND,li1,67.3900,65.2800,0.000007
PHY_EDGE_ROW_18_Right_18,VGND,li1,67.3900,59.8400,0.000008
PHY_EDGE_ROW_17_Right_17,VGND,li1,67.3900,59.8400,0.000008
PHY_EDGE_ROW_16_Right_16,VGND,li1,67.3900,54.4000,0.000003
PHY_EDGE_ROW_15_Right_15,VGND,li1,67.3900,54.4000,0.000003
PHY_EDGE_ROW_14_Right_14,VGND,li1,67.3900,48.9600,0.000006
PHY_EDGE_ROW_13_Right_13,VGND,li1,67.3900,48.9600,0.000006
PHY_EDGE_ROW_12_Right_12,VGND,li1,67.3900,43.5200,0.000005
PHY_EDGE_ROW_11_Right_11,VGND,li1,67.3900,43.5200,0.000005
PHY_EDGE_ROW_10_Right_10,VGND,li1,67.3900,38.0800,0.000009
PHY_EDGE_ROW_9_Right_9,VGND,li1,67.3900,38.0800,0.000009
PHY_EDGE_ROW_8_Right_8,VGND,li1,67.3900,32.6400,0.000001
PHY_EDGE_ROW_7_Right_7,VGND,li1,67.3900,32.6400,0.000001
PHY_EDGE_ROW_6_Right_6,VGND,li1,67.3900,27.2000,0.000019
PHY_EDGE_ROW_5_Right_5,VGND,li1,67.3900,27.2000,0.000019
PHY_EDGE_ROW_4_Right_4,VGND,li1,67.3900,21.7600,0.000005
PHY_EDGE_ROW_3_Right_3,VGND,li1,67.3900,21.7600,0.000005
PHY_EDGE_ROW_2_Right_2,VGND,li1,67.3900,16.3200,0.000004
PHY_EDGE_ROW_1_Right_1,VGND,li1,67.3900,16.3200,0.000004
PHY_EDGE_ROW_0_Right_0,VGND,li1,67.3900,10.8800,0.000000
_371_,VGND,li1,66.0100,54.4000,0.000003
_369_,VGND,li1,26.6800,43.5200,0.000020
_368_,VGND,li1,13.8000,48.9600,0.000013
_367_,VGND,li1,11.9600,54.4000,0.000023
_366_,VGND,li1,14.2600,48.9600,0.000013
_365_,VGND,li1,12.8800,32.6400,0.000015
_364_,VGND,li1,11.5000,32.6400,0.000015
_363_,VGND,li1,11.9600,21.7600,0.000008
_362_,VGND,li1,18.4000,16.3200,0.000010
_361_,VGND,li1,23.4600,16.3200,0.000012
_360_,VGND,li1,36.3400,21.7600,0.000006
_359_,VGND,li1,33.3500,16.3200,0.000011
_358_,VGND,li1,34.5000,32.6400,0.000006
_357_,VGND,li1,23.0000,59.8400,0.000012
_356_,VGND,li1,23.9200,65.2800,0.000008
_355_,VGND,li1,23.9200,65.2800,0.000008
_354_,VGND,li1,34.9600,59.8400,0.000018
_353_,VGND,li1,39.5600,65.2800,0.000013
_352_,VGND,li1,42.3200,65.2800,0.000013
_351_,VGND,li1,43.2400,48.9600,0.000010
_350_,VGND,li1,49.2200,48.9600,0.000008
_349_,VGND,li1,45.5400,38.0800,0.000009
_348_,VGND,li1,61.1800,38.0800,0.000011
_347_,VGND,li1,62.1000,38.0800,0.000011
_346_,VGND,li1,60.7200,27.2000,0.000024
_345_,VGND,li1,49.2200,27.2000,0.000028
_344_,VGND,li1,49.2200,16.3200,0.000009
_343_,VGND,li1,62.1000,21.7600,0.000005
_342_,VGND,li1,46.0000,16.3200,0.000010
_341_,VGND,li1,52.2100,65.2800,0.000014
_340_,VGND,li1,60.0300,48.9600,0.000008
_339_,VGND,li1,54.2800,65.2800,0.000013
_338_,VGND,li1,31.0500,38.0800,0.000005
_337_,VGND,li1,14.4900,43.5200,0.000010
_336_,VGND,li1,8.5100,48.9600,0.000013
_335_,VGND,li1,13.1100,43.5200,0.000010
_334_,VGND,li1,16.7900,32.6400,0.000009
_333_,VGND,li1,11.7300,38.0800,0.000003
_332_,VGND,li1,17.2500,21.7600,0.000005
_331_,VGND,li1,16.3300,16.3200,0.000009
_330_,VGND,li1,24.6100,16.3200,0.000012
_329_,VGND,li1,34.2700,16.3200,0.000011
_328_,VGND,li1,35.6500,16.3200,0.000011
_327_,VGND,li1,34.0400,38.0800,0.000006
_326_,VGND,li1,38.8700,38.0800,0.000008
_325_,VGND,li1,28.7500,54.4000,0.000022
_324_,VGND,li1,30.5900,65.2800,0.000008
_323_,VGND,li1,29.2100,65.2800,0.000008
_322_,VGND,li1,32.4300,65.2800,0.000008
_321_,VGND,li1,45.3100,65.2800,0.000012
_320_,VGND,li1,43.4700,59.8400,0.000026
_319_,VGND,li1,51.7500,48.9600,0.000008
_318_,VGND,li1,46.2300,54.4000,0.000008
_317_,VGND,li1,46.6900,32.6400,0.000002
_316_,VGND,li1,36.8000,38.0800,0.000007
_315_,VGND,li1,61.8700,43.5200,0.000007
_314_,VGND,li1,61.8700,32.6400,0.000001
_313_,VGND,li1,61.4100,27.2000,0.000024
_312_,VGND,li1,45.7700,27.2000,0.000027
_311_,VGND,li1,46.2300,10.8800,0.000000
_310_,VGND,li1,60.9500,16.3200,0.000004
_309_,VGND,li1,51.2900,16.3200,0.000008
_308_,VGND,li1,58.1900,65.2800,0.000011
_307_,VGND,li1,59.5700,48.9600,0.000008
_306_,VGND,li1,63.2500,65.2800,0.000007
_305_,VGND,li1,39.5600,38.0800,0.000008
_304_,VGND,li1,60.9500,65.2800,0.000009
_303_,VGND,li1,63.7100,48.9600,0.000006
_302_,VGND,li1,61.6400,48.9600,0.000007
_301_,VGND,li1,61.8700,65.2800,0.000009
_300_,VGND,li1,60.0300,65.2800,0.000010
_299_,VGND,li1,66.0100,54.4000,0.000003
_298_,VGND,li1,64.1700,54.4000,0.000003
_297_,VGND,li1,61.6400,59.8400,0.000011
_296_,VGND,li1,63.4800,54.4000,0.000003
_295_,VGND,li1,61.6400,54.4000,0.000003
_294_,VGND,li1,20.2400,48.9600,0.000009
_293_,VGND,li1,20.7000,54.4000,0.000029
_292_,VGND,li1,26.4500,54.4000,0.000026
_291_,VGND,li1,11.7300,43.5200,0.000010
_290_,VGND,li1,16.7900,43.5200,0.000010
_289_,VGND,li1,17.7100,43.5200,0.000010
_288_,VGND,li1,20.4700,43.5200,0.000014
_287_,VGND,li1,14.2600,38.0800,0.000002
_286_,VGND,li1,23.6900,38.0800,0.000004
_285_,VGND,li1,21.8500,38.0800,0.000003
_284_,VGND,li1,10.3500,38.0800,0.000003
_283_,VGND,li1,21.3900,38.0800,0.000003
_282_,VGND,li1,23.6900,32.6400,0.000008
_281_,VGND,li1,16.3300,38.0800,0.000002
_280_,VGND,li1,12.1900,27.2000,0.000016
_279_,VGND,li1,16.3300,27.2000,0.000016
_278_,VGND,li1,20.4700,27.2000,0.000024
_277_,VGND,li1,20.9300,32.6400,0.000008
_276_,VGND,li1,17.7100,16.3200,0.000010
_275_,VGND,li1,22.3100,21.7600,0.000005
_274_,VGND,li1,18.1700,21.7600,0.000005
_273_,VGND,li1,20.0100,21.7600,0.000005
_272_,VGND,li1,24.1500,21.7600,0.000005
_271_,VGND,li1,21.8500,21.7600,0.000005
_270_,VGND,li1,26.9100,21.7600,0.000005
_269_,VGND,li1,20.9300,27.2000,0.000024
_268_,VGND,li1,26.9100,27.2000,0.000034
_267_,VGND,li1,30.3600,21.7600,0.000004
_266_,VGND,li1,34.9600,27.2000,0.000025
_265_,VGND,li1,32.4300,16.3200,0.000009
_264_,VGND,li1,29.6700,21.7600,0.000004
_263_,VGND,li1,37.2600,21.7600,0.000006
_262_,VGND,li1,39.7900,21.7600,0.000005
_261_,VGND,li1,29.2100,32.6400,0.000006
_260_,VGND,li1,36.5700,38.0800,0.000007
_259_,VGND,li1,27.8300,32.6400,0.000006
_258_,VGND,li1,32.8900,32.6400,0.000006
_257_,VGND,li1,21.3900,59.8400,0.000012
_256_,VGND,li1,24.1500,54.4000,0.000033
_255_,VGND,li1,25.0700,59.8400,0.000012
_254_,VGND,li1,26.6800,48.9600,0.000007
_253_,VGND,li1,28.5200,48.9600,0.000007
_252_,VGND,li1,20.7000,70.7200,0.000000
_251_,VGND,li1,18.1700,70.7200,0.000000
_250_,VGND,li1,23.6900,70.7200,0.000000
_249_,VGND,li1,25.0700,70.7200,0.000000
_248_,VGND,li1,17.2500,65.2800,0.000005
_247_,VGND,li1,29.6700,65.2800,0.000008
_246_,VGND,li1,18.6300,65.2800,0.000006
_245_,VGND,li1,32.4300,65.2800,0.000008
_244_,VGND,li1,28.7500,59.8400,0.000013
_243_,VGND,li1,41.1700,59.8400,0.000022
_242_,VGND,li1,30.5900,54.4000,0.000017
_241_,VGND,li1,35.6500,54.4000,0.000015
_240_,VGND,li1,40.2500,54.4000,0.000013
_239_,VGND,li1,34.2700,65.2800,0.000009
_238_,VGND,li1,42.0900,70.7200,0.000000
_237_,VGND,li1,37.9500,70.7200,0.000000
_236_,VGND,li1,39.7900,70.7200,0.000000
_235_,VGND,li1,33.8100,65.2800,0.000009
_234_,VGND,li1,36.1100,65.2800,0.000011
_233_,VGND,li1,39.7900,59.8400,0.000022
_232_,VGND,li1,45.7700,59.8400,0.000027
_231_,VGND,li1,37.9500,48.9600,0.000008
_230_,VGND,li1,39.7900,48.9600,0.000009
_229_,VGND,li1,42.5500,43.5200,0.000022
_228_,VGND,li1,49.4500,48.9600,0.000008
_227_,VGND,li1,44.8500,54.4000,0.000010
_226_,VGND,li1,43.0100,48.9600,0.000010
_225_,VGND,li1,46.2300,43.5200,0.000015
_224_,VGND,li1,45.3100,32.6400,0.000003
_223_,VGND,li1,45.7700,38.0800,0.000009
_222_,VGND,li1,50.1400,38.0800,0.000008
_221_,VGND,li1,60.4900,43.5200,0.000007
_220_,VGND,li1,58.6500,43.5200,0.000008
_219_,VGND,li1,55.8900,43.5200,0.000010
_218_,VGND,li1,55.4300,38.0800,0.000009
_217_,VGND,li1,57.7300,32.6400,0.000001
_216_,VGND,li1,54.9700,38.0800,0.000009
_215_,VGND,li1,55.6600,32.6400,0.000002
_214_,VGND,li1,52.2100,38.0800,0.000009
_213_,VGND,li1,55.4300,27.2000,0.000032
_212_,VGND,li1,55.8900,32.6400,0.000001
_211_,VGND,li1,58.6500,32.6400,0.000001
_210_,VGND,li1,54.0500,32.6400,0.000002
_209_,VGND,li1,44.3900,27.2000,0.000027
_208_,VGND,li1,42.5500,27.2000,0.000027
_207_,VGND,li1,46.6900,21.7600,0.000003
_206_,VGND,li1,43.4700,16.3200,0.000010
_205_,VGND,li1,50.8300,21.7600,0.000004
_204_,VGND,li1,48.3000,21.7600,0.000003
_203_,VGND,li1,43.2400,21.7600,0.000005
_202_,VGND,li1,57.2700,16.3200,0.000006
_201_,VGND,li1,55.4300,16.3200,0.000007
_200_,VGND,li1,54.5100,21.7600,0.000004
_199_,VGND,li1,40.0200,32.6400,0.000004
_198_,VGND,li1,56.3500,21.7600,0.000004
_197_,VGND,li1,42.0900,16.3200,0.000010
_196_,VGND,li1,45.5400,21.7600,0.000004
_195_,VGND,li1,48.0700,65.2800,0.000012
_194_,VGND,li1,41.8600,32.6400,0.000004
_193_,VGND,li1,35.6500,48.9600,0.000008
_192_,VGND,li1,54.5100,48.9600,0.000008
_191_,VGND,li1,59.5700,54.4000,0.000004
_190_,VGND,li1,55.6600,54.4000,0.000005
_189_,VGND,li1,58.8800,54.4000,0.000004
_188_,VGND,li1,52.2100,59.8400,0.000018
_187_,VGND,li1,55.4300,59.8400,0.000015
_186_,VGND,li1,55.2000,48.9600,0.000008
_185_,VGND,li1,33.1200,48.9600,0.000007
_184_,VGND,li1,34.2700,48.9600,0.000007
_183_,VGND,li1,44.8500,43.5200,0.000018
_182_,VGND,li1,53.1300,38.0800,0.000009
_181_,VGND,li1,50.1400,21.7600,0.000004
_180_,VGND,li1,30.3600,43.5200,0.000021
_179_,VGND,li1,20.7000,43.5200,0.000014
_178_,VGND,li1,33.5800,38.0800,0.000005
_177_,VGND,li1,29.6700,27.2000,0.000028
_176_,VGND,li1,28.7500,32.6400,0.000006
_175_,VGND,li1,19.0900,32.6400,0.000009
_174_,VGND,li1,32.8900,27.2000,0.000024
_173_,VGND,li1,31.2800,48.9600,0.000006
_172_,VGND,li1,28.5200,59.8400,0.000013
_171_,VGND,li1,43.0100,54.4000,0.000012
_170_,VGND,li1,37.4900,54.4000,0.000014
_169_,VGND,li1,23.9200,48.9600,0.000008
_168_,VGND,li1,25.0700,48.9600,0.000008
_167_,VGND,li1,58.8800,59.8400,0.000013
