Instance,Terminal,Layer,X location,Y location,Voltage
FILLER_0_22_125,VPWR,li1,64.8600,73.4400,1.800000
FILLER_0_22_113,VPWR,li1,60.2600,73.4400,1.800000
FILLER_0_22_109,VPWR,li1,56.3500,73.4400,1.800000
FILLER_0_22_97,VPWR,li1,52.9000,73.4400,1.800000
FILLER_0_22_85,VPWR,li1,47.3800,73.4400,1.800000
FILLER_0_22_81,VPWR,li1,43.4700,73.4400,1.800000
FILLER_0_22_69,VPWR,li1,40.0200,73.4400,1.800000
FILLER_0_22_57,VPWR,li1,34.5000,73.4400,1.800000
FILLER_0_22_53,VPWR,li1,30.5900,73.4400,1.800000
FILLER_0_22_41,VPWR,li1,27.1400,73.4400,1.800000
FILLER_0_22_29,VPWR,li1,21.6200,73.4400,1.800000
FILLER_0_22_27,VPWR,li1,18.1700,73.4400,1.800000
FILLER_0_22_15,VPWR,li1,15.1800,73.4400,1.800000
FILLER_0_22_3,VPWR,li1,9.6600,73.4400,1.800000
FILLER_0_21_125,VPWR,li1,63.9400,68.0000,1.799996
FILLER_0_21_113,VPWR,li1,60.2600,68.0000,1.799996
FILLER_0_21_102,VPWR,li1,52.9000,68.0000,1.799993
FILLER_0_21_94,VPWR,li1,50.6000,68.0000,1.799993
FILLER_0_21_82,VPWR,li1,46.0000,68.0000,1.799994
FILLER_0_21_57,VPWR,li1,34.5000,68.0000,1.799994
FILLER_0_21_44,VPWR,li1,28.5200,68.0000,1.799995
FILLER_0_21_37,VPWR,li1,22.7700,68.0000,1.799993
FILLER_0_21_23,VPWR,li1,16.7900,68.0000,1.799995
FILLER_0_21_15,VPWR,li1,14.2600,68.0000,1.799997
FILLER_0_21_3,VPWR,li1,9.6600,68.0000,1.799997
FILLER_0_20_128,VPWR,li1,64.6300,68.0000,1.799996
FILLER_0_20_124,VPWR,li1,63.4800,68.0000,1.799996
FILLER_0_20_88,VPWR,li1,46.2300,68.0000,1.799994
FILLER_0_20_60,VPWR,li1,33.3500,68.0000,1.799994
FILLER_0_20_56,VPWR,li1,31.5100,68.0000,1.799994
FILLER_0_20_29,VPWR,li1,19.0900,68.0000,1.799995
FILLER_0_20_15,VPWR,li1,14.2600,68.0000,1.799997
FILLER_0_20_3,VPWR,li1,9.6600,68.0000,1.799997
FILLER_0_19_127,VPWR,li1,64.4000,62.5600,1.799997
FILLER_0_19_116,VPWR,li1,59.1100,62.5600,1.799998
FILLER_0_19_90,VPWR,li1,47.1500,62.5600,1.799995
FILLER_0_19_55,VPWR,li1,31.0500,62.5600,1.799992
FILLER_0_19_15,VPWR,li1,15.1800,62.5600,1.799996
FILLER_0_19_3,VPWR,li1,9.6600,62.5600,1.799996
FILLER_0_18_125,VPWR,li1,64.8600,62.5600,1.799997
FILLER_0_18_103,VPWR,li1,53.1300,62.5600,1.799996
FILLER_0_18_98,VPWR,li1,51.0600,62.5600,1.799996
FILLER_0_18_90,VPWR,li1,48.7600,62.5600,1.799995
FILLER_0_18_46,VPWR,li1,26.9100,62.5600,1.799993
FILLER_0_18_36,VPWR,li1,22.7700,62.5600,1.799993
FILLER_0_18_29,VPWR,li1,19.7800,62.5600,1.799995
FILLER_0_18_27,VPWR,li1,18.1700,62.5600,1.799995
FILLER_0_18_15,VPWR,li1,15.1800,62.5600,1.799996
FILLER_0_18_3,VPWR,li1,9.6600,62.5600,1.799996
FILLER_0_17_113,VPWR,li1,60.2600,57.1200,1.799988
FILLER_0_17_109,VPWR,li1,56.3500,57.1200,1.799985
FILLER_0_17_97,VPWR,li1,52.9000,57.1200,1.799981
FILLER_0_17_69,VPWR,li1,37.9500,57.1200,1.799972
FILLER_0_17_57,VPWR,li1,34.5000,57.1200,1.799973
FILLER_0_17_52,VPWR,li1,30.3600,57.1200,1.799974
FILLER_0_17_27,VPWR,li1,18.1700,57.1200,1.799972
FILLER_0_17_15,VPWR,li1,15.1800,57.1200,1.799977
FILLER_0_17_3,VPWR,li1,9.6600,57.1200,1.799981
FILLER_0_16_109,VPWR,li1,56.5800,57.1200,1.799985
FILLER_0_16_97,VPWR,li1,52.9000,57.1200,1.799981
FILLER_0_16_85,VPWR,li1,47.3800,57.1200,1.799975
FILLER_0_16_83,VPWR,li1,43.9300,57.1200,1.799970
FILLER_0_16_76,VPWR,li1,40.7100,57.1200,1.799971
FILLER_0_16_64,VPWR,li1,37.7200,57.1200,1.799972
FILLER_0_16_52,VPWR,li1,32.2000,57.1200,1.799973
FILLER_0_16_26,VPWR,li1,17.9400,57.1200,1.799972
FILLER_0_16_15,VPWR,li1,13.1100,57.1200,1.799981
FILLER_0_16_3,VPWR,li1,9.6600,57.1200,1.799981
FILLER_0_15_111,VPWR,li1,56.8100,51.6800,1.799993
FILLER_0_15_106,VPWR,li1,54.5100,51.6800,1.799993
FILLER_0_15_102,VPWR,li1,53.3600,51.6800,1.799993
FILLER_0_15_90,VPWR,li1,49.6800,51.6800,1.799993
FILLER_0_15_63,VPWR,li1,34.7300,51.6800,1.799996
FILLER_0_15_57,VPWR,li1,33.1200,51.6800,1.799996
FILLER_0_15_47,VPWR,li1,28.5200,51.6800,1.799996
FILLER_0_15_28,VPWR,li1,18.6300,51.6800,1.799992
FILLER_0_15_24,VPWR,li1,16.7900,51.6800,1.799991
FILLER_0_15_3,VPWR,li1,7.1300,51.6800,1.799991
FILLER_0_14_78,VPWR,li1,41.6300,51.6800,1.799995
FILLER_0_14_65,VPWR,li1,36.8000,51.6800,1.799995
FILLER_0_14_44,VPWR,li1,26.6800,51.6800,1.799995
FILLER_0_14_29,VPWR,li1,19.7800,51.6800,1.799992
FILLER_0_14_3,VPWR,li1,7.3600,51.6800,1.799991
FILLER_0_13_128,VPWR,li1,64.6300,46.2400,1.799998
FILLER_0_13_113,VPWR,li1,58.1900,46.2400,1.799998
FILLER_0_13_102,VPWR,li1,52.9000,46.2400,1.799997
FILLER_0_13_68,VPWR,li1,37.0300,46.2400,1.799997
FILLER_0_13_48,VPWR,li1,29.4400,46.2400,1.799997
FILLER_0_13_35,VPWR,li1,21.8500,46.2400,1.799996
FILLER_0_13_3,VPWR,li1,8.2800,46.2400,1.799995
FILLER_0_12_132,VPWR,li1,66.4700,46.2400,1.799998
FILLER_0_12_128,VPWR,li1,65.3200,46.2400,1.799998
FILLER_0_12_116,VPWR,li1,61.6400,46.2400,1.799998
FILLER_0_12_104,VPWR,li1,56.1200,46.2400,1.799998
FILLER_0_12_92,VPWR,li1,50.6000,46.2400,1.799997
FILLER_0_12_74,VPWR,li1,40.2500,46.2400,1.799996
FILLER_0_12_62,VPWR,li1,36.8000,46.2400,1.799997
FILLER_0_12_44,VPWR,li1,26.2200,46.2400,1.799997
FILLER_0_12_36,VPWR,li1,23.9200,46.2400,1.799997
FILLER_0_12_29,VPWR,li1,19.0900,46.2400,1.799996
FILLER_0_12_11,VPWR,li1,10.8100,46.2400,1.799995
FILLER_0_12_3,VPWR,li1,8.7400,46.2400,1.799995
FILLER_0_11_132,VPWR,li1,66.4700,40.8000,1.799989
FILLER_0_11_124,VPWR,li1,64.4000,40.8000,1.799989
FILLER_0_11_99,VPWR,li1,52.9000,40.8000,1.799985
FILLER_0_11_87,VPWR,li1,48.3000,40.8000,1.799982
FILLER_0_11_83,VPWR,li1,43.9300,40.8000,1.799980
FILLER_0_11_79,VPWR,li1,42.7800,40.8000,1.799974
FILLER_0_11_57,VPWR,li1,32.2000,40.8000,1.799975
FILLER_0_11_23,VPWR,li1,16.3300,40.8000,1.799989
FILLER_0_11_15,VPWR,li1,14.2600,40.8000,1.799991
FILLER_0_11_3,VPWR,li1,9.6600,40.8000,1.799991
FILLER_0_10_131,VPWR,li1,66.2400,40.8000,1.799989
FILLER_0_10_110,VPWR,li1,56.3500,40.8000,1.799986
FILLER_0_10_90,VPWR,li1,47.8400,40.8000,1.799982
FILLER_0_10_82,VPWR,li1,43.7000,40.8000,1.799980
FILLER_0_10_74,VPWR,li1,41.4000,40.8000,1.799974
FILLER_0_10_53,VPWR,li1,30.1300,40.8000,1.799980
FILLER_0_10_45,VPWR,li1,28.0600,40.8000,1.799980
FILLER_0_10_38,VPWR,li1,23.9200,40.8000,1.799983
FILLER_0_10_29,VPWR,li1,19.7800,40.8000,1.799987
FILLER_0_10_26,VPWR,li1,17.9400,40.8000,1.799989
FILLER_0_10_18,VPWR,li1,14.4900,40.8000,1.799991
FILLER_0_10_6,VPWR,li1,11.0400,40.8000,1.799991
FILLER_0_9_111,VPWR,li1,56.8100,35.3600,1.799993
FILLER_0_9_97,VPWR,li1,50.6000,35.3600,1.799992
FILLER_0_9_70,VPWR,li1,37.9500,35.3600,1.799990
FILLER_0_9_57,VPWR,li1,32.2000,35.3600,1.799992
FILLER_0_9_53,VPWR,li1,30.5900,35.3600,1.799992
FILLER_0_9_41,VPWR,li1,27.1400,35.3600,1.799994
FILLER_0_9_3,VPWR,li1,8.2800,35.3600,1.799994
FILLER_0_8_132,VPWR,li1,66.4700,35.3600,1.799992
FILLER_0_8_124,VPWR,li1,64.4000,35.3600,1.799992
FILLER_0_8_115,VPWR,li1,59.8000,35.3600,1.799993
FILLER_0_8_103,VPWR,li1,53.5900,35.3600,1.799992
FILLER_0_8_91,VPWR,li1,50.1400,35.3600,1.799992
FILLER_0_8_81,VPWR,li1,43.4700,35.3600,1.799991
FILLER_0_8_46,VPWR,li1,26.9100,35.3600,1.799994
FILLER_0_8_42,VPWR,li1,25.7600,35.3600,1.799994
FILLER_0_8_29,VPWR,li1,19.0900,35.3600,1.799994
FILLER_0_8_26,VPWR,li1,17.9400,35.3600,1.799994
FILLER_0_8_3,VPWR,li1,7.5900,35.3600,1.799994
FILLER_0_7_130,VPWR,li1,66.0100,29.9200,1.799990
FILLER_0_7_118,VPWR,li1,62.5600,29.9200,1.799990
FILLER_0_7_98,VPWR,li1,51.9800,29.9200,1.799990
FILLER_0_7_86,VPWR,li1,47.8400,29.9200,1.799989
FILLER_0_7_74,VPWR,li1,42.3200,29.9200,1.799988
FILLER_0_7_62,VPWR,li1,36.8000,29.9200,1.799983
FILLER_0_7_55,VPWR,li1,31.0500,29.9200,1.799980
FILLER_0_7_45,VPWR,li1,26.4500,29.9200,1.799972
FILLER_0_7_33,VPWR,li1,23.4600,29.9200,1.799975
FILLER_0_6_130,VPWR,li1,66.0100,29.9200,1.799990
FILLER_0_6_105,VPWR,li1,54.2800,29.9200,1.799990
FILLER_0_6_71,VPWR,li1,39.5600,29.9200,1.799986
FILLER_0_6_59,VPWR,li1,35.4200,29.9200,1.799983
FILLER_0_6_27,VPWR,li1,18.1700,29.9200,1.799980
FILLER_0_6_19,VPWR,li1,14.4900,29.9200,1.799984
FILLER_0_6_15,VPWR,li1,13.3400,29.9200,1.799984
FILLER_0_6_3,VPWR,li1,9.6600,29.9200,1.799983
FILLER_0_5_131,VPWR,li1,66.2400,24.4800,1.799985
FILLER_0_5_123,VPWR,li1,63.9400,24.4800,1.799985
FILLER_0_5_119,VPWR,li1,60.4900,24.4800,1.799985
FILLER_0_5_113,VPWR,li1,58.8800,24.4800,1.799981
FILLER_0_5_109,VPWR,li1,56.3500,24.4800,1.799977
FILLER_0_5_82,VPWR,li1,43.4700,24.4800,1.799985
FILLER_0_5_78,VPWR,li1,42.3200,24.4800,1.799985
FILLER_0_5_66,VPWR,li1,38.6400,24.4800,1.799987
FILLER_0_5_36,VPWR,li1,23.9200,24.4800,1.799994
FILLER_0_5_28,VPWR,li1,19.0900,24.4800,1.799994
FILLER_0_5_16,VPWR,li1,15.6400,24.4800,1.799994
FILLER_0_5_11,VPWR,li1,11.0400,24.4800,1.799992
FILLER_0_5_3,VPWR,li1,8.7400,24.4800,1.799992
FILLER_0_4_125,VPWR,li1,64.8600,24.4800,1.799985
FILLER_0_4_113,VPWR,li1,60.2600,24.4800,1.799985
FILLER_0_4_101,VPWR,li1,54.7400,24.4800,1.799977
FILLER_0_4_85,VPWR,li1,44.8500,24.4800,1.799984
FILLER_0_4_83,VPWR,li1,43.9300,24.4800,1.799985
FILLER_0_4_77,VPWR,li1,42.3200,24.4800,1.799985
FILLER_0_4_39,VPWR,li1,24.3800,24.4800,1.799994
FILLER_0_4_29,VPWR,li1,19.5500,24.4800,1.799994
FILLER_0_4_27,VPWR,li1,18.1700,24.4800,1.799994
FILLER_0_4_3,VPWR,li1,7.1300,24.4800,1.799992
FILLER_0_3_101,VPWR,li1,52.6700,19.0400,1.799991
FILLER_0_3_77,VPWR,li1,41.6300,19.0400,1.799991
FILLER_0_3_48,VPWR,li1,27.8300,19.0400,1.799992
FILLER_0_3_42,VPWR,li1,26.2200,19.0400,1.799992
FILLER_0_3_23,VPWR,li1,16.7900,19.0400,1.799994
FILLER_0_3_15,VPWR,li1,14.2600,19.0400,1.799995
FILLER_0_3_3,VPWR,li1,9.6600,19.0400,1.799995
FILLER_0_2_130,VPWR,li1,66.0100,19.0400,1.799991
FILLER_0_2_122,VPWR,li1,63.4800,19.0400,1.799991
FILLER_0_2_118,VPWR,li1,60.0300,19.0400,1.799992
FILLER_0_2_114,VPWR,li1,58.8800,19.0400,1.799992
FILLER_0_2_105,VPWR,li1,54.0500,19.0400,1.799991
FILLER_0_2_77,VPWR,li1,41.1700,19.0400,1.799990
FILLER_0_2_71,VPWR,li1,39.5600,19.0400,1.799990
FILLER_0_2_49,VPWR,li1,28.2900,19.0400,1.799992
FILLER_0_2_21,VPWR,li1,15.4100,19.0400,1.799994
FILLER_0_2_15,VPWR,li1,13.8000,19.0400,1.799995
FILLER_0_2_3,VPWR,li1,9.6600,19.0400,1.799995
FILLER_0_1_125,VPWR,li1,64.8600,13.6000,1.799998
FILLER_0_1_113,VPWR,li1,60.2600,13.6000,1.799998
FILLER_0_1_109,VPWR,li1,56.3500,13.6000,1.799997
FILLER_0_1_101,VPWR,li1,53.8200,13.6000,1.799997
FILLER_0_1_75,VPWR,li1,40.7100,13.6000,1.799996
FILLER_0_1_67,VPWR,li1,38.1800,13.6000,1.799996
FILLER_0_1_60,VPWR,li1,33.3500,13.6000,1.799997
FILLER_0_1_55,VPWR,li1,31.0500,13.6000,1.799997
FILLER_0_1_43,VPWR,li1,28.0600,13.6000,1.799996
FILLER_0_1_38,VPWR,li1,23.4600,13.6000,1.799996
FILLER_0_1_15,VPWR,li1,13.1100,13.6000,1.799996
FILLER_0_1_3,VPWR,li1,9.6600,13.6000,1.799996
FILLER_0_0_125,VPWR,li1,64.8600,13.6000,1.799998
FILLER_0_0_113,VPWR,li1,60.2600,13.6000,1.799998
FILLER_0_0_110,VPWR,li1,56.5800,13.6000,1.799997
FILLER_0_0_102,VPWR,li1,54.2800,13.6000,1.799997
FILLER_0_0_90,VPWR,li1,49.6800,13.6000,1.799996
FILLER_0_0_85,VPWR,li1,45.0800,13.6000,1.799996
FILLER_0_0_81,VPWR,li1,43.4700,13.6000,1.799996
FILLER_0_0_69,VPWR,li1,40.0200,13.6000,1.799996
FILLER_0_0_57,VPWR,li1,34.5000,13.6000,1.799997
FILLER_0_0_53,VPWR,li1,30.5900,13.6000,1.799997
FILLER_0_0_41,VPWR,li1,27.1400,13.6000,1.799996
FILLER_0_0_29,VPWR,li1,21.6200,13.6000,1.799995
FILLER_0_0_27,VPWR,li1,18.1700,13.6000,1.799994
FILLER_0_0_15,VPWR,li1,15.1800,13.6000,1.799996
FILLER_0_0_3,VPWR,li1,9.6600,13.6000,1.799996
hold5,VPWR,li1,15.6400,57.1200,1.799977
hold4,VPWR,li1,55.2000,68.0000,1.799994
hold3,VPWR,li1,22.5400,51.6800,1.799994
hold2,VPWR,li1,34.0400,24.4800,1.799990
hold1,VPWR,li1,17.9400,35.3600,1.799994
clkload2,VPWR,li1,42.3200,57.1200,1.799970
clkload1,VPWR,li1,17.7100,51.6800,1.799991
clkload0,VPWR,li1,22.7700,29.9200,1.799975
clkbuf_2_3__f_clk,VPWR,li1,45.5400,57.1200,1.799971
clkbuf_2_2__f_clk,VPWR,li1,23.4600,57.1200,1.799962
clkbuf_2_1__f_clk,VPWR,li1,51.0600,24.4800,1.799971
clkbuf_2_0__f_clk,VPWR,li1,28.0600,29.9200,1.799972
clkbuf_0_clk,VPWR,li1,37.2600,40.8000,1.799962
_369__9,VPWR,li1,25.5300,40.8000,1.799983
output8,VPWR,li1,65.7800,68.0000,1.799996
output7,VPWR,li1,65.7800,46.2400,1.799998
output6,VPWR,li1,65.7800,68.0000,1.799996
output5,VPWR,li1,65.7800,57.1200,1.799988
output4,VPWR,li1,65.7800,51.6800,1.799993
output3,VPWR,li1,65.7800,62.5600,1.799997
output2,VPWR,li1,63.9400,57.1200,1.799988
input1,VPWR,li1,7.5900,40.8000,1.799991
TAP_TAPCELL_ROW_22_95,VPWR,li1,57.2700,73.1330,1.800000
TAP_TAPCELL_ROW_22_94,VPWR,li1,44.3900,73.1330,1.800000
TAP_TAPCELL_ROW_22_93,VPWR,li1,31.5100,73.1330,1.800000
TAP_TAPCELL_ROW_22_92,VPWR,li1,18.6300,73.1330,1.800000
TAP_TAPCELL_ROW_21_91,VPWR,li1,57.2700,68.3060,1.799995
TAP_TAPCELL_ROW_21_90,VPWR,li1,31.5100,68.3060,1.799994
TAP_TAPCELL_ROW_20_89,VPWR,li1,44.3900,67.6930,1.799994
TAP_TAPCELL_ROW_20_88,VPWR,li1,18.6300,67.6930,1.799995
TAP_TAPCELL_ROW_19_87,VPWR,li1,57.2700,62.8660,1.799997
TAP_TAPCELL_ROW_19_86,VPWR,li1,31.5100,62.8660,1.799992
TAP_TAPCELL_ROW_18_85,VPWR,li1,44.3900,62.2530,1.799994
TAP_TAPCELL_ROW_18_84,VPWR,li1,18.6300,62.2530,1.799995
TAP_TAPCELL_ROW_17_83,VPWR,li1,57.2700,57.4260,1.799985
TAP_TAPCELL_ROW_17_82,VPWR,li1,31.5100,57.4260,1.799974
TAP_TAPCELL_ROW_16_81,VPWR,li1,44.3900,56.8130,1.799971
TAP_TAPCELL_ROW_16_80,VPWR,li1,18.6300,56.8130,1.799972
TAP_TAPCELL_ROW_15_79,VPWR,li1,57.2700,51.9860,1.799993
TAP_TAPCELL_ROW_15_78,VPWR,li1,31.5100,51.9860,1.799996
TAP_TAPCELL_ROW_14_77,VPWR,li1,44.3900,51.3730,1.799995
TAP_TAPCELL_ROW_14_76,VPWR,li1,18.6300,51.3730,1.799992
TAP_TAPCELL_ROW_13_75,VPWR,li1,57.2700,46.5460,1.799998
TAP_TAPCELL_ROW_13_74,VPWR,li1,31.5100,46.5460,1.799997
TAP_TAPCELL_ROW_12_73,VPWR,li1,44.3900,45.9330,1.799997
TAP_TAPCELL_ROW_12_72,VPWR,li1,18.6300,45.9330,1.799996
TAP_TAPCELL_ROW_11_71,VPWR,li1,57.2700,41.1060,1.799987
TAP_TAPCELL_ROW_11_70,VPWR,li1,31.5100,41.1060,1.799975
TAP_TAPCELL_ROW_10_69,VPWR,li1,44.3900,40.4930,1.799980
TAP_TAPCELL_ROW_10_68,VPWR,li1,18.6300,40.4930,1.799987
TAP_TAPCELL_ROW_9_67,VPWR,li1,57.2700,35.6660,1.799993
TAP_TAPCELL_ROW_9_66,VPWR,li1,31.5100,35.6660,1.799992
TAP_TAPCELL_ROW_8_65,VPWR,li1,44.3900,35.0530,1.799992
TAP_TAPCELL_ROW_8_64,VPWR,li1,18.6300,35.0530,1.799994
TAP_TAPCELL_ROW_7_63,VPWR,li1,57.2700,30.2260,1.799991
TAP_TAPCELL_ROW_7_62,VPWR,li1,31.5100,30.2260,1.799980
TAP_TAPCELL_ROW_6_61,VPWR,li1,44.3900,29.6130,1.799990
TAP_TAPCELL_ROW_6_60,VPWR,li1,18.6300,29.6130,1.799980
TAP_TAPCELL_ROW_5_59,VPWR,li1,57.2700,24.7860,1.799981
TAP_TAPCELL_ROW_5_58,VPWR,li1,31.5100,24.7860,1.799992
TAP_TAPCELL_ROW_4_57,VPWR,li1,44.3900,24.1730,1.799984
TAP_TAPCELL_ROW_4_56,VPWR,li1,18.6300,24.1730,1.799994
TAP_TAPCELL_ROW_3_55,VPWR,li1,57.2700,19.3460,1.799991
TAP_TAPCELL_ROW_3_54,VPWR,li1,31.5100,19.3460,1.799990
TAP_TAPCELL_ROW_2_53,VPWR,li1,44.3900,18.7330,1.799991
TAP_TAPCELL_ROW_2_52,VPWR,li1,18.6300,18.7330,1.799993
TAP_TAPCELL_ROW_1_51,VPWR,li1,57.2700,13.9060,1.799997
TAP_TAPCELL_ROW_1_50,VPWR,li1,31.5100,13.9060,1.799997
TAP_TAPCELL_ROW_0_49,VPWR,li1,57.2700,13.2930,1.799997
TAP_TAPCELL_ROW_0_48,VPWR,li1,44.3900,13.2930,1.799996
TAP_TAPCELL_ROW_0_47,VPWR,li1,31.5100,13.2930,1.799997
TAP_TAPCELL_ROW_0_46,VPWR,li1,18.6300,13.2930,1.799994
PHY_EDGE_ROW_22_Left_45,VPWR,li1,6.2100,73.4400,1.800000
PHY_EDGE_ROW_21_Left_44,VPWR,li1,6.2100,68.0000,1.799997
PHY_EDGE_ROW_20_Left_43,VPWR,li1,6.2100,68.0000,1.799997
PHY_EDGE_ROW_19_Left_42,VPWR,li1,6.2100,62.5600,1.799996
PHY_EDGE_ROW_18_Left_41,VPWR,li1,6.2100,62.5600,1.799996
PHY_EDGE_ROW_17_Left_40,VPWR,li1,6.2100,57.1200,1.799981
PHY_EDGE_ROW_16_Left_39,VPWR,li1,6.2100,57.1200,1.799981
PHY_EDGE_ROW_15_Left_38,VPWR,li1,6.2100,51.6800,1.799991
PHY_EDGE_ROW_14_Left_37,VPWR,li1,6.2100,51.6800,1.799991
PHY_EDGE_ROW_13_Left_36,VPWR,li1,6.2100,46.2400,1.799995
PHY_EDGE_ROW_12_Left_35,VPWR,li1,6.2100,46.2400,1.799995
PHY_EDGE_ROW_11_Left_34,VPWR,li1,6.2100,40.8000,1.799991
PHY_EDGE_ROW_10_Left_33,VPWR,li1,6.2100,40.8000,1.799991
PHY_EDGE_ROW_9_Left_32,VPWR,li1,6.2100,35.3600,1.799994
PHY_EDGE_ROW_8_Left_31,VPWR,li1,6.2100,35.3600,1.799994
PHY_EDGE_ROW_7_Left_30,VPWR,li1,6.2100,29.9200,1.799983
PHY_EDGE_ROW_6_Left_29,VPWR,li1,6.2100,29.9200,1.799983
PHY_EDGE_ROW_5_Left_28,VPWR,li1,6.2100,24.4800,1.799992
PHY_EDGE_ROW_4_Left_27,VPWR,li1,6.2100,24.4800,1.799992
PHY_EDGE_ROW_3_Left_26,VPWR,li1,6.2100,19.0400,1.799995
PHY_EDGE_ROW_2_Left_25,VPWR,li1,6.2100,19.0400,1.799995
PHY_EDGE_ROW_1_Left_24,VPWR,li1,6.2100,13.6000,1.799996
PHY_EDGE_ROW_0_Left_23,VPWR,li1,6.2100,13.6000,1.799996
PHY_EDGE_ROW_22_Right_22,VPWR,li1,67.3900,73.4400,1.800000
PHY_EDGE_ROW_21_Right_21,VPWR,li1,67.3900,68.0000,1.799996
PHY_EDGE_ROW_20_Right_20,VPWR,li1,67.3900,68.0000,1.799996
PHY_EDGE_ROW_19_Right_19,VPWR,li1,67.3900,62.5600,1.799997
PHY_EDGE_ROW_18_Right_18,VPWR,li1,67.3900,62.5600,1.799997
PHY_EDGE_ROW_17_Right_17,VPWR,li1,67.3900,57.1200,1.799988
PHY_EDGE_ROW_16_Right_16,VPWR,li1,67.3900,57.1200,1.799988
PHY_EDGE_ROW_15_Right_15,VPWR,li1,67.3900,51.6800,1.799993
PHY_EDGE_ROW_14_Right_14,VPWR,li1,67.3900,51.6800,1.799993
PHY_EDGE_ROW_13_Right_13,VPWR,li1,67.3900,46.2400,1.799998
PHY_EDGE_ROW_12_Right_12,VPWR,li1,67.3900,46.2400,1.799998
PHY_EDGE_ROW_11_Right_11,VPWR,li1,67.3900,40.8000,1.799989
PHY_EDGE_ROW_10_Right_10,VPWR,li1,67.3900,40.8000,1.799989
PHY_EDGE_ROW_9_Right_9,VPWR,li1,67.3900,35.3600,1.799992
PHY_EDGE_ROW_8_Right_8,VPWR,li1,67.3900,35.3600,1.799992
PHY_EDGE_ROW_7_Right_7,VPWR,li1,67.3900,29.9200,1.799990
PHY_EDGE_ROW_6_Right_6,VPWR,li1,67.3900,29.9200,1.799990
PHY_EDGE_ROW_5_Right_5,VPWR,li1,67.3900,24.4800,1.799985
PHY_EDGE_ROW_4_Right_4,VPWR,li1,67.3900,24.4800,1.799985
PHY_EDGE_ROW_3_Right_3,VPWR,li1,67.3900,19.0400,1.799991
PHY_EDGE_ROW_2_Right_2,VPWR,li1,67.3900,19.0400,1.799991
PHY_EDGE_ROW_1_Right_1,VPWR,li1,67.3900,13.6000,1.799998
PHY_EDGE_ROW_0_Right_0,VPWR,li1,67.3900,13.6000,1.799998
_371_,VPWR,li1,66.0100,51.6800,1.799993
_369_,VPWR,li1,26.6800,40.8000,1.799980
_368_,VPWR,li1,13.8000,51.6800,1.799991
_367_,VPWR,li1,11.9600,51.6800,1.799991
_366_,VPWR,li1,14.2600,46.2400,1.799995
_365_,VPWR,li1,12.8800,35.3600,1.799994
_364_,VPWR,li1,11.5000,29.9200,1.799983
_363_,VPWR,li1,11.9600,24.4800,1.799992
_362_,VPWR,li1,18.4000,13.6000,1.799994
_361_,VPWR,li1,23.4600,19.0400,1.799991
_360_,VPWR,li1,36.3400,19.0400,1.799988
_359_,VPWR,li1,33.3500,19.0400,1.799988
_358_,VPWR,li1,34.5000,35.3600,1.799990
_357_,VPWR,li1,23.0000,57.1200,1.799962
_356_,VPWR,li1,23.9200,62.5600,1.799992
_355_,VPWR,li1,23.9200,68.0000,1.799993
_354_,VPWR,li1,34.9600,62.5600,1.799991
_353_,VPWR,li1,39.5600,68.0000,1.799993
_352_,VPWR,li1,42.3200,62.5600,1.799993
_351_,VPWR,li1,43.2400,46.2400,1.799996
_350_,VPWR,li1,49.2200,51.6800,1.799993
_349_,VPWR,li1,45.5400,35.3600,1.799992
_348_,VPWR,li1,61.1800,40.8000,1.799989
_347_,VPWR,li1,62.1000,35.3600,1.799992
_346_,VPWR,li1,60.7200,29.9200,1.799990
_345_,VPWR,li1,49.2200,29.9200,1.799989
_344_,VPWR,li1,49.2200,19.0400,1.799990
_343_,VPWR,li1,62.1000,19.0400,1.799991
_342_,VPWR,li1,46.0000,13.6000,1.799995
_341_,VPWR,li1,52.2100,62.5600,1.799996
_340_,VPWR,li1,60.0300,51.6800,1.799993
_339_,VPWR,li1,54.2800,68.0000,1.799993
_338_,VPWR,li1,31.0500,40.8000,1.799975
_337_,VPWR,li1,14.4900,46.2400,1.799995
_336_,VPWR,li1,8.5100,51.6800,1.799991
_335_,VPWR,li1,13.1100,46.2400,1.799995
_334_,VPWR,li1,16.7900,29.9200,1.799981
_333_,VPWR,li1,11.7300,35.3600,1.799994
_332_,VPWR,li1,17.2500,24.4800,1.799994
_331_,VPWR,li1,16.3300,19.0400,1.799994
_330_,VPWR,li1,24.6100,13.6000,1.799996
_329_,VPWR,li1,34.2700,13.6000,1.799997
_328_,VPWR,li1,35.6500,13.6000,1.799996
_327_,VPWR,li1,34.0400,35.3600,1.799990
_326_,VPWR,li1,38.8700,40.8000,1.799968
_325_,VPWR,li1,28.7500,57.1200,1.799974
_324_,VPWR,li1,30.5900,68.0000,1.799994
_323_,VPWR,li1,29.2100,68.0000,1.799995
_322_,VPWR,li1,32.4300,62.5600,1.799992
_321_,VPWR,li1,45.3100,68.0000,1.799994
_320_,VPWR,li1,43.4700,62.5600,1.799994
_319_,VPWR,li1,51.7500,46.2400,1.799997
_318_,VPWR,li1,46.2300,51.6800,1.799994
_317_,VPWR,li1,46.6900,35.3600,1.799992
_316_,VPWR,li1,36.8000,40.8000,1.799962
_315_,VPWR,li1,61.8700,40.8000,1.799989
_314_,VPWR,li1,61.8700,35.3600,1.799992
_313_,VPWR,li1,61.4100,24.4800,1.799985
_312_,VPWR,li1,45.7700,24.4800,1.799984
_311_,VPWR,li1,46.2300,13.6000,1.799995
_310_,VPWR,li1,60.9500,19.0400,1.799991
_309_,VPWR,li1,51.2900,13.6000,1.799996
_308_,VPWR,li1,58.1900,62.5600,1.799997
_307_,VPWR,li1,59.5700,46.2400,1.799998
_306_,VPWR,li1,63.2500,62.5600,1.799997
_305_,VPWR,li1,39.5600,35.3600,1.799990
_304_,VPWR,li1,60.9500,62.5600,1.799998
_303_,VPWR,li1,63.7100,46.2400,1.799998
_302_,VPWR,li1,61.6400,46.2400,1.799998
_301_,VPWR,li1,61.8700,68.0000,1.799996
_300_,VPWR,li1,60.0300,68.0000,1.799996
_299_,VPWR,li1,66.0100,57.1200,1.799988
_298_,VPWR,li1,64.1700,57.1200,1.799988
_297_,VPWR,li1,61.6400,62.5600,1.799998
_296_,VPWR,li1,63.4800,51.6800,1.799993
_295_,VPWR,li1,61.6400,57.1200,1.799988
_294_,VPWR,li1,20.2400,46.2400,1.799996
_293_,VPWR,li1,20.7000,51.6800,1.799993
_292_,VPWR,li1,26.4500,51.6800,1.799995
_291_,VPWR,li1,11.7300,46.2400,1.799995
_290_,VPWR,li1,16.7900,46.2400,1.799996
_289_,VPWR,li1,17.7100,40.8000,1.799989
_288_,VPWR,li1,20.4700,40.8000,1.799985
_287_,VPWR,li1,14.2600,35.3600,1.799994
_286_,VPWR,li1,23.6900,35.3600,1.799994
_285_,VPWR,li1,21.8500,40.8000,1.799985
_284_,VPWR,li1,10.3500,35.3600,1.799994
_283_,VPWR,li1,21.3900,35.3600,1.799994
_282_,VPWR,li1,23.6900,35.3600,1.799994
_281_,VPWR,li1,16.3300,40.8000,1.799989
_280_,VPWR,li1,12.1900,24.4800,1.799992
_279_,VPWR,li1,16.3300,29.9200,1.799981
_278_,VPWR,li1,20.4700,29.9200,1.799978
_277_,VPWR,li1,20.9300,35.3600,1.799994
_276_,VPWR,li1,17.7100,19.0400,1.799993
_275_,VPWR,li1,22.3100,19.0400,1.799991
_274_,VPWR,li1,18.1700,19.0400,1.799993
_273_,VPWR,li1,20.0100,19.0400,1.799992
_272_,VPWR,li1,24.1500,19.0400,1.799991
_271_,VPWR,li1,21.8500,24.4800,1.799994
_270_,VPWR,li1,26.9100,24.4800,1.799994
_269_,VPWR,li1,20.9300,24.4800,1.799994
_268_,VPWR,li1,26.9100,24.4800,1.799994
_267_,VPWR,li1,30.3600,24.4800,1.799994
_266_,VPWR,li1,34.9600,24.4800,1.799990
_265_,VPWR,li1,32.4300,13.6000,1.799997
_264_,VPWR,li1,29.6700,19.0400,1.799992
_263_,VPWR,li1,37.2600,24.4800,1.799989
_262_,VPWR,li1,39.7900,24.4800,1.799987
_261_,VPWR,li1,29.2100,35.3600,1.799994
_260_,VPWR,li1,36.5700,35.3600,1.799990
_259_,VPWR,li1,27.8300,35.3600,1.799994
_258_,VPWR,li1,32.8900,29.9200,1.799982
_257_,VPWR,li1,21.3900,62.5600,1.799993
_256_,VPWR,li1,24.1500,51.6800,1.799994
_255_,VPWR,li1,25.0700,62.5600,1.799992
_254_,VPWR,li1,26.6800,46.2400,1.799997
_253_,VPWR,li1,28.5200,51.6800,1.799996
_252_,VPWR,li1,20.7000,68.0000,1.799994
_251_,VPWR,li1,18.1700,68.0000,1.799995
_250_,VPWR,li1,23.6900,68.0000,1.799993
_249_,VPWR,li1,25.0700,68.0000,1.799994
_248_,VPWR,li1,17.2500,68.0000,1.799995
_247_,VPWR,li1,29.6700,62.5600,1.799993
_246_,VPWR,li1,18.6300,62.5600,1.799995
_245_,VPWR,li1,32.4300,68.0000,1.799994
_244_,VPWR,li1,28.7500,62.5600,1.799993
_243_,VPWR,li1,41.1700,62.5600,1.799993
_242_,VPWR,li1,30.5900,51.6800,1.799996
_241_,VPWR,li1,35.6500,51.6800,1.799995
_240_,VPWR,li1,40.2500,51.6800,1.799995
_239_,VPWR,li1,34.2700,68.0000,1.799994
_238_,VPWR,li1,42.0900,68.0000,1.799993
_237_,VPWR,li1,37.9500,68.0000,1.799993
_236_,VPWR,li1,39.7900,68.0000,1.799993
_235_,VPWR,li1,33.8100,62.5600,1.799991
_234_,VPWR,li1,36.1100,62.5600,1.799992
_233_,VPWR,li1,39.7900,57.1200,1.799971
_232_,VPWR,li1,45.7700,62.5600,1.799995
_231_,VPWR,li1,37.9500,46.2400,1.799996
_230_,VPWR,li1,39.7900,51.6800,1.799995
_229_,VPWR,li1,42.5500,46.2400,1.799996
_228_,VPWR,li1,49.4500,46.2400,1.799997
_227_,VPWR,li1,44.8500,51.6800,1.799995
_226_,VPWR,li1,43.0100,51.6800,1.799995
_225_,VPWR,li1,46.2300,46.2400,1.799997
_224_,VPWR,li1,45.3100,35.3600,1.799992
_223_,VPWR,li1,45.7700,40.8000,1.799981
_222_,VPWR,li1,50.1400,40.8000,1.799983
_221_,VPWR,li1,60.4900,40.8000,1.799989
_220_,VPWR,li1,58.6500,40.8000,1.799987
_219_,VPWR,li1,55.8900,40.8000,1.799986
_218_,VPWR,li1,55.4300,40.8000,1.799986
_217_,VPWR,li1,57.7300,35.3600,1.799993
_216_,VPWR,li1,54.9700,35.3600,1.799993
_215_,VPWR,li1,55.6600,35.3600,1.799993
_214_,VPWR,li1,52.2100,35.3600,1.799992
_213_,VPWR,li1,55.4300,29.9200,1.799990
_212_,VPWR,li1,55.8900,29.9200,1.799991
_211_,VPWR,li1,58.6500,29.9200,1.799991
_210_,VPWR,li1,54.0500,29.9200,1.799990
_209_,VPWR,li1,44.3900,24.4800,1.799984
_208_,VPWR,li1,42.5500,29.9200,1.799988
_207_,VPWR,li1,46.6900,24.4800,1.799978
_206_,VPWR,li1,43.4700,19.0400,1.799991
_205_,VPWR,li1,50.8300,19.0400,1.799990
_204_,VPWR,li1,48.3000,19.0400,1.799990
_203_,VPWR,li1,43.2400,19.0400,1.799991
_202_,VPWR,li1,57.2700,19.0400,1.799991
_201_,VPWR,li1,55.4300,19.0400,1.799991
_200_,VPWR,li1,54.5100,19.0400,1.799991
_199_,VPWR,li1,40.0200,35.3600,1.799990
_198_,VPWR,li1,56.3500,19.0400,1.799991
_197_,VPWR,li1,42.0900,19.0400,1.799991
_196_,VPWR,li1,45.5400,19.0400,1.799991
_195_,VPWR,li1,48.0700,68.0000,1.799994
_194_,VPWR,li1,41.8600,35.3600,1.799991
_193_,VPWR,li1,35.6500,46.2400,1.799997
_192_,VPWR,li1,54.5100,51.6800,1.799993
_191_,VPWR,li1,59.5700,51.6800,1.799993
_190_,VPWR,li1,55.6600,51.6800,1.799993
_189_,VPWR,li1,58.8800,57.1200,1.799988
_188_,VPWR,li1,52.2100,62.5600,1.799996
_187_,VPWR,li1,55.4300,62.5600,1.799997
_186_,VPWR,li1,55.2000,46.2400,1.799998
_185_,VPWR,li1,33.1200,46.2400,1.799997
_184_,VPWR,li1,34.2700,51.6800,1.799996
_183_,VPWR,li1,44.8500,40.8000,1.799980
_182_,VPWR,li1,53.1300,40.8000,1.799985
_181_,VPWR,li1,50.1400,24.4800,1.799971
_180_,VPWR,li1,30.3600,46.2400,1.799997
_179_,VPWR,li1,20.7000,46.2400,1.799996
_178_,VPWR,li1,33.5800,40.8000,1.799970
_177_,VPWR,li1,29.6700,24.4800,1.799994
_176_,VPWR,li1,28.7500,29.9200,1.799979
_175_,VPWR,li1,19.0900,29.9200,1.799980
_174_,VPWR,li1,32.8900,24.4800,1.799992
_173_,VPWR,li1,31.2800,51.6800,1.799996
_172_,VPWR,li1,28.5200,57.1200,1.799974
_171_,VPWR,li1,43.0100,51.6800,1.799995
_170_,VPWR,li1,37.4900,51.6800,1.799995
_169_,VPWR,li1,23.9200,46.2400,1.799997
_168_,VPWR,li1,25.0700,51.6800,1.799995
_167_,VPWR,li1,58.8800,62.5600,1.799997
