
===========================================================================
 report_power
============================================================================
======================= Fastest Corner ===================================

Group                  Internal  Switching    Leakage      Total
                          Power      Power      Power      Power (Watts)
----------------------------------------------------------------
Sequential             6.07e-04   1.92e-03   3.57e-08   2.53e-03  10.6%
Combinational          3.22e-03   1.73e-02   1.04e-07   2.05e-02  85.7%
Clock                  4.52e-04   4.40e-04   6.24e-08   8.92e-04   3.7%
Macro                  0.00e+00   0.00e+00   0.00e+00   0.00e+00   0.0%
Pad                    0.00e+00   0.00e+00   0.00e+00   0.00e+00   0.0%
----------------------------------------------------------------
Total                  4.28e-03   1.96e-02   2.02e-07   2.39e-02 100.0%
                          17.9%      82.1%       0.0%

======================= Slowest Corner ===================================

Group                  Internal  Switching    Leakage      Total
                          Power      Power      Power      Power (Watts)
----------------------------------------------------------------
Sequential             4.23e-04   1.30e-03   6.72e-06   1.73e-03  10.6%
Combinational          2.27e-03   1.16e-02   2.75e-05   1.39e-02  85.6%
Clock                  3.22e-04   2.94e-04   2.54e-06   6.19e-04   3.8%
Macro                  0.00e+00   0.00e+00   0.00e+00   0.00e+00   0.0%
Pad                    0.00e+00   0.00e+00   0.00e+00   0.00e+00   0.0%
----------------------------------------------------------------
Total                  3.01e-03   1.32e-02   3.67e-05   1.63e-02 100.0%
                          18.5%      81.3%       0.2%

======================= Typical Corner ===================================

Group                  Internal  Switching    Leakage      Total
                          Power      Power      Power      Power (Watts)
----------------------------------------------------------------
Sequential             5.30e-04   1.64e-03   2.65e-08   2.17e-03  10.6%
Combinational          2.82e-03   1.47e-02   1.96e-08   1.75e-02  85.6%
Clock                  3.96e-04   3.74e-04   5.67e-08   7.70e-04   3.8%
Macro                  0.00e+00   0.00e+00   0.00e+00   0.00e+00   0.0%
Pad                    0.00e+00   0.00e+00   0.00e+00   0.00e+00   0.0%
----------------------------------------------------------------
Total                  3.74e-03   1.67e-02   1.03e-07   2.05e-02 100.0%
                          18.3%      81.7%       0.0%

