
===========================================================================
 report_power
============================================================================
======================= Fastest Corner ===================================

Group                  Internal  Switching    Leakage      Total
                          Power      Power      Power      Power (Watts)
----------------------------------------------------------------
Sequential             6.54e-03   1.29e-03   1.64e-08   7.83e-03  38.4%
Combinational          4.11e-03   3.77e-03   5.60e-08   7.88e-03  38.6%
Clock                  1.89e-03   2.80e-03   1.72e-08   4.69e-03  23.0%
Macro                  0.00e+00   0.00e+00   0.00e+00   0.00e+00   0.0%
Pad                    0.00e+00   0.00e+00   0.00e+00   0.00e+00   0.0%
----------------------------------------------------------------
Total                  1.25e-02   7.86e-03   8.96e-08   2.04e-02 100.0%
                          61.5%      38.5%       0.0%

======================= Slowest Corner ===================================

Group                  Internal  Switching    Leakage      Total
                          Power      Power      Power      Power (Watts)
----------------------------------------------------------------
Sequential             4.44e-03   8.36e-04   1.63e-05   5.29e-03  38.0%
Combinational          2.90e-03   2.51e-03   3.94e-05   5.44e-03  39.1%
Clock                  1.35e-03   1.82e-03   2.29e-06   3.18e-03  22.8%
Macro                  0.00e+00   0.00e+00   0.00e+00   0.00e+00   0.0%
Pad                    0.00e+00   0.00e+00   0.00e+00   0.00e+00   0.0%
----------------------------------------------------------------
Total                  8.68e-03   5.17e-03   5.80e-05   1.39e-02 100.0%
                          62.4%      37.2%       0.4%

======================= Typical Corner ===================================

Group                  Internal  Switching    Leakage      Total
                          Power      Power      Power      Power (Watts)
----------------------------------------------------------------
Sequential             5.67e-03   1.08e-03   9.39e-09   6.74e-03  38.4%
Combinational          3.63e-03   3.19e-03   2.81e-08   6.82e-03  38.8%
Clock                  1.65e-03   2.37e-03   1.19e-08   4.01e-03  22.8%
Macro                  0.00e+00   0.00e+00   0.00e+00   0.00e+00   0.0%
Pad                    0.00e+00   0.00e+00   0.00e+00   0.00e+00   0.0%
----------------------------------------------------------------
Total                  1.09e-02   6.63e-03   4.93e-08   1.76e-02 100.0%
                          62.3%      37.7%       0.0%

