Instance,Terminal,Layer,X location,Y location,Voltage
FILLER_0_9_44,VGND,li1,28.5200,38.0800,0.000001
FILLER_0_9_37,VGND,li1,22.7700,38.0800,0.000002
FILLER_0_9_29,VGND,li1,19.3200,38.0800,0.000001
FILLER_0_9_27,VGND,li1,18.1700,38.0800,0.000001
FILLER_0_9_20,VGND,li1,15.6400,38.0800,0.000001
FILLER_0_9_9,VGND,li1,11.5000,38.0800,0.000001
FILLER_0_8_56,VGND,li1,31.5100,32.6400,0.000000
FILLER_0_8_50,VGND,li1,29.9000,32.6400,0.000000
FILLER_0_8_38,VGND,li1,25.7600,32.6400,0.000000
FILLER_0_8_29,VGND,li1,20.2400,32.6400,0.000000
FILLER_0_8_27,VGND,li1,18.1700,32.6400,0.000001
FILLER_0_8_15,VGND,li1,15.1800,32.6400,0.000001
FILLER_0_8_3,VGND,li1,9.6600,32.6400,0.000001
FILLER_0_7_55,VGND,li1,31.0500,32.6400,0.000000
FILLER_0_7_51,VGND,li1,29.9000,32.6400,0.000000
FILLER_0_7_39,VGND,li1,26.2200,32.6400,0.000000
FILLER_0_7_14,VGND,li1,12.4200,32.6400,0.000001
FILLER_0_7_3,VGND,li1,7.1300,32.6400,0.000001
FILLER_0_6_53,VGND,li1,30.1300,27.2000,0.000001
FILLER_0_6_41,VGND,li1,27.1400,27.2000,0.000001
FILLER_0_6_29,VGND,li1,21.6200,27.2000,0.000001
FILLER_0_6_22,VGND,li1,17.0200,27.2000,0.000001
FILLER_0_6_17,VGND,li1,13.5700,27.2000,0.000002
FILLER_0_6_11,VGND,li1,11.9600,27.2000,0.000002
FILLER_0_5_50,VGND,li1,28.9800,27.2000,0.000001
FILLER_0_5_39,VGND,li1,24.3800,27.2000,0.000001
FILLER_0_5_27,VGND,li1,20.7000,27.2000,0.000001
FILLER_0_5_15,VGND,li1,15.1800,27.2000,0.000001
FILLER_0_5_3,VGND,li1,9.6600,27.2000,0.000002
FILLER_0_4_53,VGND,li1,30.1300,21.7600,0.000000
FILLER_0_4_41,VGND,li1,27.1400,21.7600,0.000000
FILLER_0_4_29,VGND,li1,21.6200,21.7600,0.000000
FILLER_0_4_27,VGND,li1,18.1700,21.7600,0.000000
FILLER_0_4_15,VGND,li1,15.1800,21.7600,0.000000
FILLER_0_4_3,VGND,li1,9.6600,21.7600,0.000000
FILLER_0_3_54,VGND,li1,30.8200,21.7600,0.000000
FILLER_0_3_46,VGND,li1,28.5200,21.7600,0.000000
FILLER_0_3_34,VGND,li1,23.9200,21.7600,0.000000
FILLER_0_3_22,VGND,li1,18.4000,21.7600,0.000000
FILLER_0_3_15,VGND,li1,13.3400,21.7600,0.000000
FILLER_0_3_3,VGND,li1,9.6600,21.7600,0.000000
FILLER_0_2_51,VGND,li1,29.4400,16.3200,0.000001
FILLER_0_2_47,VGND,li1,27.3700,16.3200,0.000001
FILLER_0_2_37,VGND,li1,23.4600,16.3200,0.000001
FILLER_0_2_29,VGND,li1,19.0900,16.3200,0.000001
FILLER_0_2_26,VGND,li1,17.9400,16.3200,0.000001
FILLER_0_2_11,VGND,li1,11.2700,16.3200,0.000001
FILLER_0_2_3,VGND,li1,8.7400,16.3200,0.000001
FILLER_0_1_55,VGND,li1,31.0500,16.3200,0.000001
FILLER_0_1_51,VGND,li1,29.9000,16.3200,0.000001
FILLER_0_1_39,VGND,li1,26.2200,16.3200,0.000001
FILLER_0_1_31,VGND,li1,20.2400,16.3200,0.000001
FILLER_0_1_23,VGND,li1,17.9400,16.3200,0.000001
FILLER_0_1_19,VGND,li1,14.4900,16.3200,0.000001
FILLER_0_1_15,VGND,li1,13.3400,16.3200,0.000001
FILLER_0_1_3,VGND,li1,9.6600,16.3200,0.000001
FILLER_0_0_53,VGND,li1,30.5900,10.8800,0.000000
FILLER_0_0_41,VGND,li1,27.1400,10.8800,0.000001
FILLER_0_0_35,VGND,li1,22.3100,10.8800,0.000001
FILLER_0_0_29,VGND,li1,19.3200,10.8800,0.000001
FILLER_0_0_27,VGND,li1,18.1700,10.8800,0.000001
FILLER_0_0_21,VGND,li1,15.8700,10.8800,0.000001
FILLER_0_0_15,VGND,li1,12.8800,10.8800,0.000001
FILLER_0_0_3,VGND,li1,9.6600,10.8800,0.000001
output16,VGND,li1,30.3600,27.2000,0.000001
output15,VGND,li1,30.8200,16.3200,0.000001
output14,VGND,li1,20.7000,10.8800,0.000001
output13,VGND,li1,14.2600,10.8800,0.000001
output12,VGND,li1,21.1600,38.0800,0.000002
output11,VGND,li1,24.3800,38.0800,0.000001
output10,VGND,li1,9.6600,27.2000,0.000002
output9,VGND,li1,7.8200,27.2000,0.000003
input8,VGND,li1,31.0500,27.2000,0.000001
input7,VGND,li1,31.0500,21.7600,0.000000
input6,VGND,li1,17.2500,10.8800,0.000001
input5,VGND,li1,23.6900,10.8800,0.000001
input4,VGND,li1,17.2500,38.0800,0.000001
input3,VGND,li1,14.0300,38.0800,0.000001
input2,VGND,li1,8.9700,38.0800,0.000001
input1,VGND,li1,7.5900,38.0800,0.000002
TAP_TAPCELL_ROW_9_31,VGND,li1,31.5100,37.7880,0.000001
TAP_TAPCELL_ROW_9_30,VGND,li1,18.6300,37.7880,0.000001
TAP_TAPCELL_ROW_8_29,VGND,li1,18.6300,32.9310,0.000000
TAP_TAPCELL_ROW_7_28,VGND,li1,31.5100,32.3480,0.000000
TAP_TAPCELL_ROW_6_27,VGND,li1,18.6300,27.4910,0.000001
TAP_TAPCELL_ROW_5_26,VGND,li1,31.5100,26.9080,0.000001
TAP_TAPCELL_ROW_4_25,VGND,li1,18.6300,22.0510,0.000000
TAP_TAPCELL_ROW_3_24,VGND,li1,31.5100,21.4680,0.000000
TAP_TAPCELL_ROW_2_23,VGND,li1,18.6300,16.6110,0.000001
TAP_TAPCELL_ROW_1_22,VGND,li1,31.5100,16.0280,0.000001
TAP_TAPCELL_ROW_0_21,VGND,li1,31.5100,11.1710,0.000000
TAP_TAPCELL_ROW_0_20,VGND,li1,18.6300,11.1710,0.000001
PHY_EDGE_ROW_9_Left_19,VGND,li1,6.2100,38.0800,0.000002
PHY_EDGE_ROW_8_Left_18,VGND,li1,6.2100,32.6400,0.000001
PHY_EDGE_ROW_7_Left_17,VGND,li1,6.2100,32.6400,0.000001
PHY_EDGE_ROW_6_Left_16,VGND,li1,6.2100,27.2000,0.000003
PHY_EDGE_ROW_5_Left_15,VGND,li1,6.2100,27.2000,0.000003
PHY_EDGE_ROW_4_Left_14,VGND,li1,6.2100,21.7600,0.000000
PHY_EDGE_ROW_3_Left_13,VGND,li1,6.2100,21.7600,0.000000
PHY_EDGE_ROW_2_Left_12,VGND,li1,6.2100,16.3200,0.000001
PHY_EDGE_ROW_1_Left_11,VGND,li1,6.2100,16.3200,0.000001
PHY_EDGE_ROW_0_Left_10,VGND,li1,6.2100,10.8800,0.000001
PHY_EDGE_ROW_9_Right_9,VGND,li1,32.4300,38.0800,0.000001
PHY_EDGE_ROW_8_Right_8,VGND,li1,32.4300,32.6400,0.000000
PHY_EDGE_ROW_7_Right_7,VGND,li1,32.4300,32.6400,0.000000
PHY_EDGE_ROW_6_Right_6,VGND,li1,32.4300,27.2000,0.000001
PHY_EDGE_ROW_5_Right_5,VGND,li1,32.4300,27.2000,0.000001
PHY_EDGE_ROW_4_Right_4,VGND,li1,32.4300,21.7600,0.000000
PHY_EDGE_ROW_3_Right_3,VGND,li1,32.4300,21.7600,0.000000
PHY_EDGE_ROW_2_Right_2,VGND,li1,32.4300,16.3200,0.000001
PHY_EDGE_ROW_1_Right_1,VGND,li1,32.4300,16.3200,0.000001
PHY_EDGE_ROW_0_Right_0,VGND,li1,32.4300,10.8800,0.000000
_25_,VGND,li1,11.2700,32.6400,0.000001
_24_,VGND,li1,19.7800,32.6400,0.000000
_23_,VGND,li1,22.3100,32.6400,0.000000
_22_,VGND,li1,22.3100,32.6400,0.000000
_21_,VGND,li1,14.7200,27.2000,0.000001
_20_,VGND,li1,14.0300,32.6400,0.000001
_19_,VGND,li1,8.9700,32.6400,0.000001
_18_,VGND,li1,26.9100,27.2000,0.000001
_17_,VGND,li1,28.2900,16.3200,0.000001
_16_,VGND,li1,25.7600,16.3200,0.000001
_15_,VGND,li1,22.0800,16.3200,0.000001
_14_,VGND,li1,20.9300,16.3200,0.000001
_13_,VGND,li1,15.8700,16.3200,0.000001
_12_,VGND,li1,14.9500,21.7600,0.000000
_11_,VGND,li1,13.1100,16.3200,0.000001
_10_,VGND,li1,15.4100,16.3200,0.000001
_09_,VGND,li1,16.7900,32.6400,0.000001
