Instance,Terminal,Layer,X location,Y location,Voltage
FILLER_0_9_44,VPWR,li1,28.5200,35.3600,1.799999
FILLER_0_9_37,VPWR,li1,22.7700,35.3600,1.799998
FILLER_0_9_29,VPWR,li1,19.3200,35.3600,1.799998
FILLER_0_9_27,VPWR,li1,18.1700,35.3600,1.799998
FILLER_0_9_20,VPWR,li1,15.6400,35.3600,1.799999
FILLER_0_9_9,VPWR,li1,11.5000,35.3600,1.799999
FILLER_0_8_56,VPWR,li1,31.5100,35.3600,1.799999
FILLER_0_8_50,VPWR,li1,29.9000,35.3600,1.799999
FILLER_0_8_38,VPWR,li1,25.7600,35.3600,1.799998
FILLER_0_8_29,VPWR,li1,20.2400,35.3600,1.799998
FILLER_0_8_27,VPWR,li1,18.1700,35.3600,1.799998
FILLER_0_8_15,VPWR,li1,15.1800,35.3600,1.799999
FILLER_0_8_3,VPWR,li1,9.6600,35.3600,1.799999
FILLER_0_7_55,VPWR,li1,31.0500,29.9200,1.799999
FILLER_0_7_51,VPWR,li1,29.9000,29.9200,1.799999
FILLER_0_7_39,VPWR,li1,26.2200,29.9200,1.799999
FILLER_0_7_14,VPWR,li1,12.4200,29.9200,1.799998
FILLER_0_7_3,VPWR,li1,7.1300,29.9200,1.799998
FILLER_0_6_53,VPWR,li1,30.1300,29.9200,1.799999
FILLER_0_6_41,VPWR,li1,27.1400,29.9200,1.799999
FILLER_0_6_29,VPWR,li1,21.6200,29.9200,1.799999
FILLER_0_6_22,VPWR,li1,17.0200,29.9200,1.799999
FILLER_0_6_17,VPWR,li1,13.5700,29.9200,1.799998
FILLER_0_6_11,VPWR,li1,11.9600,29.9200,1.799998
FILLER_0_5_50,VPWR,li1,28.9800,24.4800,1.799999
FILLER_0_5_39,VPWR,li1,24.3800,24.4800,1.800000
FILLER_0_5_27,VPWR,li1,20.7000,24.4800,1.800000
FILLER_0_5_15,VPWR,li1,15.1800,24.4800,1.800000
FILLER_0_5_3,VPWR,li1,9.6600,24.4800,1.800000
FILLER_0_4_53,VPWR,li1,30.1300,24.4800,1.799999
FILLER_0_4_41,VPWR,li1,27.1400,24.4800,1.799999
FILLER_0_4_29,VPWR,li1,21.6200,24.4800,1.800000
FILLER_0_4_27,VPWR,li1,18.1700,24.4800,1.800000
FILLER_0_4_15,VPWR,li1,15.1800,24.4800,1.800000
FILLER_0_4_3,VPWR,li1,9.6600,24.4800,1.800000
FILLER_0_3_54,VPWR,li1,30.8200,19.0400,1.800000
FILLER_0_3_46,VPWR,li1,28.5200,19.0400,1.800000
FILLER_0_3_34,VPWR,li1,23.9200,19.0400,1.799999
FILLER_0_3_22,VPWR,li1,18.4000,19.0400,1.799999
FILLER_0_3_15,VPWR,li1,13.3400,19.0400,1.800000
FILLER_0_3_3,VPWR,li1,9.6600,19.0400,1.800000
FILLER_0_2_51,VPWR,li1,29.4400,19.0400,1.800000
FILLER_0_2_47,VPWR,li1,27.3700,19.0400,1.799999
FILLER_0_2_37,VPWR,li1,23.4600,19.0400,1.799999
FILLER_0_2_29,VPWR,li1,19.0900,19.0400,1.799999
FILLER_0_2_26,VPWR,li1,17.9400,19.0400,1.799999
FILLER_0_2_11,VPWR,li1,11.2700,19.0400,1.800000
FILLER_0_2_3,VPWR,li1,8.7400,19.0400,1.800000
FILLER_0_1_55,VPWR,li1,31.0500,13.6000,1.799999
FILLER_0_1_51,VPWR,li1,29.9000,13.6000,1.799999
FILLER_0_1_39,VPWR,li1,26.2200,13.6000,1.799999
FILLER_0_1_31,VPWR,li1,20.2400,13.6000,1.799999
FILLER_0_1_23,VPWR,li1,17.9400,13.6000,1.799999
FILLER_0_1_19,VPWR,li1,14.4900,13.6000,1.799999
FILLER_0_1_15,VPWR,li1,13.3400,13.6000,1.799999
FILLER_0_1_3,VPWR,li1,9.6600,13.6000,1.799999
FILLER_0_0_53,VPWR,li1,30.5900,13.6000,1.799999
FILLER_0_0_41,VPWR,li1,27.1400,13.6000,1.799999
FILLER_0_0_35,VPWR,li1,22.3100,13.6000,1.799999
FILLER_0_0_29,VPWR,li1,19.3200,13.6000,1.799999
FILLER_0_0_27,VPWR,li1,18.1700,13.6000,1.799999
FILLER_0_0_21,VPWR,li1,15.8700,13.6000,1.799999
FILLER_0_0_15,VPWR,li1,12.8800,13.6000,1.799999
FILLER_0_0_3,VPWR,li1,9.6600,13.6000,1.799999
output16,VPWR,li1,30.3600,24.4800,1.799999
output15,VPWR,li1,30.8200,19.0400,1.800000
output14,VPWR,li1,20.7000,13.6000,1.799999
output13,VPWR,li1,14.2600,13.6000,1.799999
output12,VPWR,li1,21.1600,35.3600,1.799998
output11,VPWR,li1,24.3800,35.3600,1.799998
output10,VPWR,li1,9.6600,29.9200,1.799998
output9,VPWR,li1,7.8200,29.9200,1.799998
input8,VPWR,li1,31.0500,29.9200,1.799999
input7,VPWR,li1,31.0500,24.4800,1.799999
input6,VPWR,li1,17.2500,13.6000,1.799999
input5,VPWR,li1,23.6900,13.6000,1.799999
input4,VPWR,li1,17.2500,35.3600,1.799999
input3,VPWR,li1,14.0300,35.3600,1.799999
input2,VPWR,li1,8.9700,35.3600,1.799999
input1,VPWR,li1,7.5900,35.3600,1.799999
TAP_TAPCELL_ROW_9_31,VPWR,li1,31.5100,35.6660,1.799999
TAP_TAPCELL_ROW_9_30,VPWR,li1,18.6300,35.6660,1.799998
TAP_TAPCELL_ROW_8_29,VPWR,li1,18.6300,35.0530,1.799998
TAP_TAPCELL_ROW_7_28,VPWR,li1,31.5100,30.2260,1.799999
TAP_TAPCELL_ROW_6_27,VPWR,li1,18.6300,29.6130,1.799999
TAP_TAPCELL_ROW_5_26,VPWR,li1,31.5100,24.7860,1.799999
TAP_TAPCELL_ROW_4_25,VPWR,li1,18.6300,24.1730,1.800000
TAP_TAPCELL_ROW_3_24,VPWR,li1,31.5100,19.3460,1.800000
TAP_TAPCELL_ROW_2_23,VPWR,li1,18.6300,18.7330,1.799999
TAP_TAPCELL_ROW_1_22,VPWR,li1,31.5100,13.9060,1.799999
TAP_TAPCELL_ROW_0_21,VPWR,li1,31.5100,13.2930,1.799999
TAP_TAPCELL_ROW_0_20,VPWR,li1,18.6300,13.2930,1.799999
PHY_EDGE_ROW_9_Left_19,VPWR,li1,6.2100,35.3600,1.799999
PHY_EDGE_ROW_8_Left_18,VPWR,li1,6.2100,35.3600,1.799999
PHY_EDGE_ROW_7_Left_17,VPWR,li1,6.2100,29.9200,1.799998
PHY_EDGE_ROW_6_Left_16,VPWR,li1,6.2100,29.9200,1.799998
PHY_EDGE_ROW_5_Left_15,VPWR,li1,6.2100,24.4800,1.800000
PHY_EDGE_ROW_4_Left_14,VPWR,li1,6.2100,24.4800,1.800000
PHY_EDGE_ROW_3_Left_13,VPWR,li1,6.2100,19.0400,1.800000
PHY_EDGE_ROW_2_Left_12,VPWR,li1,6.2100,19.0400,1.800000
PHY_EDGE_ROW_1_Left_11,VPWR,li1,6.2100,13.6000,1.799999
PHY_EDGE_ROW_0_Left_10,VPWR,li1,6.2100,13.6000,1.799999
PHY_EDGE_ROW_9_Right_9,VPWR,li1,32.4300,35.3600,1.799999
PHY_EDGE_ROW_8_Right_8,VPWR,li1,32.4300,35.3600,1.799999
PHY_EDGE_ROW_7_Right_7,VPWR,li1,32.4300,29.9200,1.799999
PHY_EDGE_ROW_6_Right_6,VPWR,li1,32.4300,29.9200,1.799999
PHY_EDGE_ROW_5_Right_5,VPWR,li1,32.4300,24.4800,1.799999
PHY_EDGE_ROW_4_Right_4,VPWR,li1,32.4300,24.4800,1.799999
PHY_EDGE_ROW_3_Right_3,VPWR,li1,32.4300,19.0400,1.800000
PHY_EDGE_ROW_2_Right_2,VPWR,li1,32.4300,19.0400,1.800000
PHY_EDGE_ROW_1_Right_1,VPWR,li1,32.4300,13.6000,1.799999
PHY_EDGE_ROW_0_Right_0,VPWR,li1,32.4300,13.6000,1.799999
_25_,VPWR,li1,11.2700,29.9200,1.799998
_24_,VPWR,li1,19.7800,29.9200,1.799999
_23_,VPWR,li1,22.3100,35.3600,1.799998
_22_,VPWR,li1,22.3100,29.9200,1.799999
_21_,VPWR,li1,14.7200,29.9200,1.799998
_20_,VPWR,li1,14.0300,29.9200,1.799998
_19_,VPWR,li1,8.9700,29.9200,1.799998
_18_,VPWR,li1,26.9100,24.4800,1.799999
_17_,VPWR,li1,28.2900,19.0400,1.800000
_16_,VPWR,li1,25.7600,19.0400,1.799999
_15_,VPWR,li1,22.0800,13.6000,1.799999
_14_,VPWR,li1,20.9300,19.0400,1.799999
_13_,VPWR,li1,15.8700,19.0400,1.799999
_12_,VPWR,li1,14.9500,19.0400,1.799999
_11_,VPWR,li1,13.1100,19.0400,1.800000
_10_,VPWR,li1,15.4100,13.6000,1.799999
_09_,VPWR,li1,16.7900,29.9200,1.799999
