
===========================================================================
 report_power
============================================================================
======================= Fastest Corner ===================================

Group                  Internal  Switching    Leakage      Total
                          Power      Power      Power      Power (Watts)
----------------------------------------------------------------
Sequential             3.33e-04   1.07e-03   2.00e-08   1.40e-03  11.1%
Combinational          1.70e-03   9.13e-03   6.38e-08   1.08e-02  85.5%
Clock                  1.77e-04   2.54e-04   5.49e-08   4.31e-04   3.4%
Macro                  0.00e+00   0.00e+00   0.00e+00   0.00e+00   0.0%
Pad                    0.00e+00   0.00e+00   0.00e+00   0.00e+00   0.0%
----------------------------------------------------------------
Total                  2.21e-03   1.05e-02   1.39e-07   1.27e-02 100.0%
                          17.4%      82.6%       0.0%

======================= Slowest Corner ===================================

Group                  Internal  Switching    Leakage      Total
                          Power      Power      Power      Power (Watts)
----------------------------------------------------------------
Sequential             2.30e-04   7.21e-04   3.59e-06   9.55e-04  11.1%
Combinational          1.20e-03   6.16e-03   1.67e-05   7.38e-03  85.5%
Clock                  1.26e-04   1.70e-04   1.02e-06   2.97e-04   3.4%
Macro                  0.00e+00   0.00e+00   0.00e+00   0.00e+00   0.0%
Pad                    0.00e+00   0.00e+00   0.00e+00   0.00e+00   0.0%
----------------------------------------------------------------
Total                  1.56e-03   7.05e-03   2.13e-05   8.63e-03 100.0%
                          18.1%      81.7%       0.2%

======================= Typical Corner ===================================

Group                  Internal  Switching    Leakage      Total
                          Power      Power      Power      Power (Watts)
----------------------------------------------------------------
Sequential             2.89e-04   9.11e-04   1.54e-08   1.20e-03  11.1%
Combinational          1.48e-03   7.79e-03   1.19e-08   9.27e-03  85.5%
Clock                  1.54e-04   2.16e-04   5.27e-08   3.70e-04   3.4%
Macro                  0.00e+00   0.00e+00   0.00e+00   0.00e+00   0.0%
Pad                    0.00e+00   0.00e+00   0.00e+00   0.00e+00   0.0%
----------------------------------------------------------------
Total                  1.93e-03   8.92e-03   8.00e-08   1.08e-02 100.0%
                          17.8%      82.2%       0.0%

