
===========================================================================
report_checks -unconstrained
===========================================================================
======================= Typical Corner ===================================

Startpoint: B[1] (input port clocked by __VIRTUAL_CLK__)
Endpoint: out[7] (output port clocked by __VIRTUAL_CLK__)
Path Group: __VIRTUAL_CLK__
Path Type: max

Fanout     Cap    Slew   Delay    Time   Description
-----------------------------------------------------------------------------
                  0.00    0.00    0.00   clock __VIRTUAL_CLK__ (rise edge)
                          0.00    0.00   clock network delay (ideal)
                          2.00    2.00 v input external delay
     1    0.01    0.02    0.01    2.01 v B[1] (in)
                                         B[1] (net)
                  0.02    0.00    2.01 v input10/A (sky130_fd_sc_hd__buf_6)
     4    0.02    0.03    0.11    2.13 v input10/X (sky130_fd_sc_hd__buf_6)
                                         net10 (net)
                  0.03    0.00    2.13 v _266_/A (sky130_fd_sc_hd__buf_6)
     7    0.02    0.03    0.12    2.25 v _266_/X (sky130_fd_sc_hd__buf_6)
                                         _196_ (net)
                  0.03    0.00    2.25 v _383_/A2 (sky130_fd_sc_hd__a22o_1)
     3    0.01    0.07    0.26    2.51 v _383_/X (sky130_fd_sc_hd__a22o_1)
                                         _061_ (net)
                  0.07    0.00    2.52 v _385_/A1 (sky130_fd_sc_hd__a21o_1)
     2    0.01    0.05    0.18    2.70 v _385_/X (sky130_fd_sc_hd__a21o_1)
                                         _063_ (net)
                  0.05    0.00    2.70 v _389_/A2 (sky130_fd_sc_hd__a21o_1)
     3    0.01    0.06    0.21    2.91 v _389_/X (sky130_fd_sc_hd__a21o_1)
                                         _067_ (net)
                  0.06    0.00    2.91 v _395_/A1 (sky130_fd_sc_hd__a21o_1)
     3    0.01    0.06    0.19    3.11 v _395_/X (sky130_fd_sc_hd__a21o_1)
                                         _073_ (net)
                  0.06    0.00    3.11 v _398_/C (sky130_fd_sc_hd__and3_1)
     2    0.01    0.05    0.21    3.32 v _398_/X (sky130_fd_sc_hd__and3_1)
                                         _076_ (net)
                  0.05    0.00    3.32 v _401_/C (sky130_fd_sc_hd__or3_4)
     4    0.01    0.08    0.37    3.69 v _401_/X (sky130_fd_sc_hd__or3_4)
                                         _079_ (net)
                  0.08    0.00    3.69 v _465_/A1 (sky130_fd_sc_hd__a211o_1)
     2    0.01    0.07    0.30    3.99 v _465_/X (sky130_fd_sc_hd__a211o_1)
                                         _141_ (net)
                  0.07    0.00    3.99 v _494_/C (sky130_fd_sc_hd__or3_4)
     2    0.01    0.07    0.35    4.34 v _494_/X (sky130_fd_sc_hd__or3_4)
                                         _170_ (net)
                  0.07    0.00    4.34 v _496_/A (sky130_fd_sc_hd__and3_1)
     1    0.00    0.04    0.16    4.50 v _496_/X (sky130_fd_sc_hd__and3_1)
                                         _172_ (net)
                  0.04    0.00    4.50 v _498_/A2 (sky130_fd_sc_hd__o21a_1)
     1    0.00    0.04    0.17    4.67 v _498_/X (sky130_fd_sc_hd__o21a_1)
                                         _174_ (net)
                  0.04    0.00    4.67 v _503_/A3 (sky130_fd_sc_hd__o32a_1)
     1    0.01    0.06    0.31    4.97 v _503_/X (sky130_fd_sc_hd__o32a_1)
                                         net27 (net)
                  0.06    0.00    4.97 v output27/A (sky130_fd_sc_hd__buf_6)
     1    0.03    0.04    0.15    5.13 v output27/X (sky130_fd_sc_hd__buf_6)
                                         out[7] (net)
                  0.04    0.00    5.13 v out[7] (out)
                                  5.13   data arrival time

                  0.00   10.00   10.00   clock __VIRTUAL_CLK__ (rise edge)
                          0.00   10.00   clock network delay (ideal)
                         -0.25    9.75   clock uncertainty
                          0.00    9.75   clock reconvergence pessimism
                         -2.00    7.75   output external delay
                                  7.75   data required time
-----------------------------------------------------------------------------
                                  7.75   data required time
                                 -5.13   data arrival time
-----------------------------------------------------------------------------
                                  2.62   slack (MET)




===========================================================================
report_checks --slack_max -0.01
============================================================================
======================= Typical Corner ===================================

No paths found.


===========================================================================
 report_check_types -max_slew -max_cap -max_fanout -violators
============================================================================
======================= Typical Corner ===================================


max slew violations count Typical: 0
max fanout violations count Typical: 0
max cap violations count Typical: 0

===========================================================================
report_parasitic_annotation -report_unannotated
============================================================================
Found 0 unannotated drivers.
Found 49 partially unannotated drivers.
 A[7]
 opcode[0]
 _248_/X
 _251_/X
 _256_/Y
 _258_/Y
 _263_/X
 _266_/X
 _267_/X
 _274_/X
 _284_/X
 _288_/X
 _289_/X
 _294_/X
 _301_/X
 _304_/Y
 _307_/X
 _310_/X
 _313_/X
 _340_/X
 _355_/Y
 _360_/X
 _362_/Y
 _371_/X
 _373_/X
 _374_/X
 _377_/Y
 _399_/Y
 _402_/Y
 _408_/X
 _410_/Y
 _411_/Y
 _428_/X
 _433_/X
 _436_/Y
 _437_/X
 _441_/X
 _445_/X
 _453_/Y
 _459_/Y
 _464_/X
 _474_/X
 _488_/Y
 _495_/Y
 input12/X
 input13/X
 input6/X
 output20/X
 rebuffer1/X

===========================================================================
max slew violation count 0
max fanout violation count 0
max cap violation count 0
============================================================================

===========================================================================
check_setup -verbose -unconstrained_endpoints -multiple_clock -no_clock -no_input_delay -loops -generated_clocks
===========================================================================
