Tue Apr 29 09:06:47 +0000 2025 - Executing "{openroad -exit -no_init -python /openlane/scripts/odbpy/lefutil.py get_metal_layers -o /openlane/designs/alu/runs/RUN_2025.04.29_09.06.46/tmp/layers.list /Users/keremkuscu/.volare/sky130A/libs.ref/sky130_fd_sc_hd/techlef/sky130_fd_sc_hd__nom.tlef}"

Tue Apr 29 09:06:47 +0000 2025 - Executing "{/openlane/scripts/mergeLef.py -o /openlane/designs/alu/runs/RUN_2025.04.29_09.06.46/tmp/merged.nom.lef -i /Users/keremkuscu/.volare/sky130A/libs.ref/sky130_fd_sc_hd/techlef/sky130_fd_sc_hd__nom.tlef {/Users/keremkuscu/.volare/sky130A/libs.ref/sky130_fd_sc_hd/lef/sky130_ef_sc_hd.lef /Users/keremkuscu/.volare/sky130A/libs.ref/sky130_fd_sc_hd/lef/sky130_fd_sc_hd.lef} |& tee /dev/null}"

Tue Apr 29 09:06:47 +0000 2025 - Executing "{/openlane/scripts/mergeLef.py -o /openlane/designs/alu/runs/RUN_2025.04.29_09.06.46/tmp/merged.min.lef -i /Users/keremkuscu/.volare/sky130A/libs.ref/sky130_fd_sc_hd/techlef/sky130_fd_sc_hd__min.tlef {/Users/keremkuscu/.volare/sky130A/libs.ref/sky130_fd_sc_hd/lef/sky130_ef_sc_hd.lef /Users/keremkuscu/.volare/sky130A/libs.ref/sky130_fd_sc_hd/lef/sky130_fd_sc_hd.lef} |& tee /dev/null}"

Tue Apr 29 09:06:47 +0000 2025 - Executing "{/openlane/scripts/mergeLef.py -o /openlane/designs/alu/runs/RUN_2025.04.29_09.06.46/tmp/merged.max.lef -i /Users/keremkuscu/.volare/sky130A/libs.ref/sky130_fd_sc_hd/techlef/sky130_fd_sc_hd__max.tlef {/Users/keremkuscu/.volare/sky130A/libs.ref/sky130_fd_sc_hd/lef/sky130_ef_sc_hd.lef /Users/keremkuscu/.volare/sky130A/libs.ref/sky130_fd_sc_hd/lef/sky130_fd_sc_hd.lef} |& tee /dev/null}"

Tue Apr 29 09:06:47 +0000 2025 - Executing "{python3 /openlane/scripts/mergeLib.py --output /openlane/designs/alu/runs/RUN_2025.04.29_09.06.46/tmp/synthesis/merged.lib --name sky130A_merged /Users/keremkuscu/.volare/sky130A/libs.ref/sky130_fd_sc_hd/lib/sky130_fd_sc_hd__tt_025C_1v80.lib}"

Tue Apr 29 09:06:48 +0000 2025 - Executing "{python3 /openlane/scripts/libtrim.py --cell-file /openlane/designs/alu/runs/RUN_2025.04.29_09.06.46/tmp/synthesis/trimmed.lib.exclude.list --output /openlane/designs/alu/runs/RUN_2025.04.29_09.06.46/tmp/synthesis/trimmed.lib /openlane/designs/alu/runs/RUN_2025.04.29_09.06.46/tmp/synthesis/merged.lib}"

Tue Apr 29 09:06:48 +0000 2025 - Executing "{python3 /openlane/scripts/libtrim.py --cell-file /openlane/designs/alu/runs/RUN_2025.04.29_09.06.46/tmp/cts/cts.lib.exclude.list --output /openlane/designs/alu/runs/RUN_2025.04.29_09.06.46/tmp/cts/cts.lib /Users/keremkuscu/.volare/sky130A/libs.ref/sky130_fd_sc_hd/lib/sky130_fd_sc_hd__tt_025C_1v80.lib}"

Tue Apr 29 09:06:48 +0000 2025 - Executing "{python3 /openlane/scripts/libtrim.py --cell-file /openlane/designs/alu/runs/RUN_2025.04.29_09.06.46/tmp/cts/cts-fastest.lib.exclude.list --output /openlane/designs/alu/runs/RUN_2025.04.29_09.06.46/tmp/cts/cts-fastest.lib /Users/keremkuscu/.volare/sky130A/libs.ref/sky130_fd_sc_hd/lib/sky130_fd_sc_hd__ff_n40C_1v95.lib}"

Tue Apr 29 09:06:50 +0000 2025 - Executing "{python3 /openlane/scripts/libtrim.py --cell-file /openlane/designs/alu/runs/RUN_2025.04.29_09.06.46/tmp/cts/cts-slowest.lib.exclude.list --output /openlane/designs/alu/runs/RUN_2025.04.29_09.06.46/tmp/cts/cts-slowest.lib /Users/keremkuscu/.volare/sky130A/libs.ref/sky130_fd_sc_hd/lib/sky130_fd_sc_hd__ss_100C_1v60.lib}"

Tue Apr 29 09:06:50 +0000 2025 - Executing "{python3 /openlane/scripts/new_tracks.py -i /Users/keremkuscu/.volare/sky130A/libs.tech/openlane/sky130_fd_sc_hd/tracks.info -o /openlane/designs/alu/runs/RUN_2025.04.29_09.06.46/tmp/routing/config.tracks}"

Tue Apr 29 09:06:50 +0000 2025 - Executing "{echo {OpenLane e73fb3c57e687a0023fcd4dcfd1566ecd478362a} > /openlane/designs/alu/runs/RUN_2025.04.29_09.06.46/OPENLANE_COMMIT}"

Tue Apr 29 09:06:50 +0000 2025 - Executing "{yosys -c /openlane/scripts/yosys/blackbox.tcl}"

Tue Apr 29 09:06:50 +0000 2025 - Executing "{verilator -Wall --lint-only --Wno-DECLFILENAME --top-module alu /openlane/designs/alu/runs/RUN_2025.04.29_09.06.46/tmp/synthesis/blackbox/sky130_fd_sc_hd__blackbox.v /openlane/designs/alu/src/alu.v -Wno-fatal --relative-includes |& tee /openlane/designs/alu/runs/RUN_2025.04.29_09.06.46/logs/synthesis/linter.log /dev/null}"

Tue Apr 29 09:06:50 +0000 2025 - Executing "{sed -E {s/^([[:space:]]+)pg_pin(.*)/\1pin\2\n\1    direction : "inout";/g} /Users/keremkuscu/.volare/sky130A/libs.ref/sky130_fd_sc_hd/lib/sky130_fd_sc_hd__tt_025C_1v80.lib > /openlane/designs/alu/runs/RUN_2025.04.29_09.06.46/tmp/synthesis/1-sky130_fd_sc_hd__tt_025C_1v80.no_pg.lib}"

Tue Apr 29 09:06:50 +0000 2025 - Executing "{sed -E {s/^([[:space:]]+)pg_pin(.*)/\1pin\2\n\1    direction : "inout";/g} /openlane/designs/alu/runs/RUN_2025.04.29_09.06.46/tmp/synthesis/trimmed.lib > /openlane/designs/alu/runs/RUN_2025.04.29_09.06.46/tmp/synthesis/1-trimmed.no_pg.lib}"

Tue Apr 29 09:06:51 +0000 2025 - Executing "yosys -c /openlane/scripts/yosys/synth.tcl |& tee /dev/null /openlane/designs/alu/runs/RUN_2025.04.29_09.06.46/logs/synthesis/1-synthesis.log"

Tue Apr 29 09:06:51 +0000 2025 - Executing "{yosys -c /openlane/scripts/yosys/synth.tcl |& tee /dev/null /openlane/designs/alu/runs/RUN_2025.04.29_09.06.46/logs/synthesis/1-synthesis.log}"

Tue Apr 29 09:06:52 +0000 2025 - Executing "{sed -i.bak -e {s/\(set ::env(CURRENT_NETLIST)\).*/\1 \/openlane\/designs\/alu\/runs\/RUN_2025.04.29_09.06.46\/results\/synthesis\/alu.v/} /openlane/designs/alu/runs/RUN_2025.04.29_09.06.46/config.tcl}"

Tue Apr 29 09:06:52 +0000 2025 - Executing "{sed -i.bak /defparam/d /openlane/designs/alu/runs/RUN_2025.04.29_09.06.46/results/synthesis/alu.v}"

Tue Apr 29 09:06:52 +0000 2025 - Executing "sta -exit -no_init /openlane/scripts/openroad/sta/multi_corner.tcl |& tee /dev/null /openlane/designs/alu/runs/RUN_2025.04.29_09.06.46/logs/synthesis/2-sta.log"

Tue Apr 29 09:06:52 +0000 2025 - Executing "{sta -exit -no_init /openlane/scripts/openroad/sta/multi_corner.tcl |& tee /dev/null /openlane/designs/alu/runs/RUN_2025.04.29_09.06.46/logs/synthesis/2-sta.log}"

Tue Apr 29 09:06:52 +0000 2025 - Executing "openroad -exit /openlane/scripts/openroad/floorplan.tcl |& tee /dev/null /openlane/designs/alu/runs/RUN_2025.04.29_09.06.46/logs/floorplan/3-initial_fp.log"

Tue Apr 29 09:06:52 +0000 2025 - Executing "{openroad -exit /openlane/scripts/openroad/floorplan.tcl |& tee /dev/null /openlane/designs/alu/runs/RUN_2025.04.29_09.06.46/logs/floorplan/3-initial_fp.log}"

Tue Apr 29 09:06:53 +0000 2025 - Executing "{openroad -exit -no_init -python /openlane/scripts/odbpy/snap_to_grid.py --output /openlane/designs/alu/runs/RUN_2025.04.29_09.06.46/tmp/floorplan/3-minimized_pdn.txt --input-lef /openlane/designs/alu/runs/RUN_2025.04.29_09.06.46/tmp/merged.nom.lef 13.3975 13.26 26.795 26.52}"

Tue Apr 29 09:06:53 +0000 2025 - Executing "{openroad -exit -no_init -python /openlane/scripts/odbpy/defutil.py extract_core_dims --output-data /openlane/designs/alu/runs/RUN_2025.04.29_09.06.46/tmp/dimensions.txt --input-lef /openlane/designs/alu/runs/RUN_2025.04.29_09.06.46/tmp/merged.nom.lef /openlane/designs/alu/runs/RUN_2025.04.29_09.06.46/tmp/floorplan/3-initial_fp.def}"

Tue Apr 29 09:06:54 +0000 2025 - Executing "openroad -exit /openlane/scripts/openroad/ioplacer.tcl |& tee /dev/null /openlane/designs/alu/runs/RUN_2025.04.29_09.06.46/logs/floorplan/4-io.log"

Tue Apr 29 09:06:54 +0000 2025 - Executing "{openroad -exit /openlane/scripts/openroad/ioplacer.tcl |& tee /dev/null /openlane/designs/alu/runs/RUN_2025.04.29_09.06.46/logs/floorplan/4-io.log}"

Tue Apr 29 09:06:54 +0000 2025 - Executing "openroad -exit /openlane/scripts/openroad/tapcell.tcl |& tee /dev/null /openlane/designs/alu/runs/RUN_2025.04.29_09.06.46/logs/floorplan/5-tap.log"

Tue Apr 29 09:06:54 +0000 2025 - Executing "{openroad -exit /openlane/scripts/openroad/tapcell.tcl |& tee /dev/null /openlane/designs/alu/runs/RUN_2025.04.29_09.06.46/logs/floorplan/5-tap.log}"

Tue Apr 29 09:06:55 +0000 2025 - Executing "openroad -exit /openlane/scripts/openroad/pdn.tcl |& tee /dev/null /openlane/designs/alu/runs/RUN_2025.04.29_09.06.46/logs/floorplan/6-pdn.log"

Tue Apr 29 09:06:55 +0000 2025 - Executing "{openroad -exit /openlane/scripts/openroad/pdn.tcl |& tee /dev/null /openlane/designs/alu/runs/RUN_2025.04.29_09.06.46/logs/floorplan/6-pdn.log}"

Tue Apr 29 09:06:55 +0000 2025 - Executing "openroad -exit /openlane/scripts/openroad/gpl.tcl |& tee /dev/null /openlane/designs/alu/runs/RUN_2025.04.29_09.06.46/logs/placement/6-global_skip_io.log"

Tue Apr 29 09:06:56 +0000 2025 - Executing "{openroad -exit /openlane/scripts/openroad/gpl.tcl |& tee /dev/null /openlane/designs/alu/runs/RUN_2025.04.29_09.06.46/logs/placement/6-global_skip_io.log}"

Tue Apr 29 09:06:56 +0000 2025 - Executing "{sed -i.bak -e {s/\(set ::env(CURRENT_NETLIST)\).*/\1 \/openlane\/designs\/alu\/runs\/RUN_2025.04.29_09.06.46\/tmp\/placement\/7-global_skip_io.nl.v/} /openlane/designs/alu/runs/RUN_2025.04.29_09.06.46/config.tcl}"

Tue Apr 29 09:06:56 +0000 2025 - Executing "openroad -exit /openlane/scripts/openroad/sta/multi_corner.tcl |& tee /dev/null /openlane/designs/alu/runs/RUN_2025.04.29_09.06.46/logs/placement/8-gpl_sta.log"

Tue Apr 29 09:06:56 +0000 2025 - Executing "{openroad -exit /openlane/scripts/openroad/sta/multi_corner.tcl |& tee /dev/null /openlane/designs/alu/runs/RUN_2025.04.29_09.06.46/logs/placement/8-gpl_sta.log}"

Tue Apr 29 09:06:57 +0000 2025 - Executing "openroad -exit /openlane/scripts/openroad/ioplacer.tcl |& tee /dev/null /openlane/designs/alu/runs/RUN_2025.04.29_09.06.46/logs/placement/9-io.log"

Tue Apr 29 09:06:57 +0000 2025 - Executing "{openroad -exit /openlane/scripts/openroad/ioplacer.tcl |& tee /dev/null /openlane/designs/alu/runs/RUN_2025.04.29_09.06.46/logs/placement/9-io.log}"

Tue Apr 29 09:06:57 +0000 2025 - Executing "openroad -exit /openlane/scripts/openroad/gpl.tcl |& tee /dev/null /openlane/designs/alu/runs/RUN_2025.04.29_09.06.46/logs/placement/9-global.log"

Tue Apr 29 09:06:57 +0000 2025 - Executing "{openroad -exit /openlane/scripts/openroad/gpl.tcl |& tee /dev/null /openlane/designs/alu/runs/RUN_2025.04.29_09.06.46/logs/placement/9-global.log}"

Tue Apr 29 09:06:58 +0000 2025 - Executing "{sed -i.bak -e {s/\(set ::env(CURRENT_NETLIST)\).*/\1 \/openlane\/designs\/alu\/runs\/RUN_2025.04.29_09.06.46\/tmp\/placement\/10-global.nl.v/} /openlane/designs/alu/runs/RUN_2025.04.29_09.06.46/config.tcl}"

Tue Apr 29 09:06:58 +0000 2025 - Executing "openroad -exit /openlane/scripts/openroad/sta/multi_corner.tcl |& tee /dev/null /openlane/designs/alu/runs/RUN_2025.04.29_09.06.46/logs/placement/11-gpl_sta.log"

Tue Apr 29 09:06:58 +0000 2025 - Executing "{openroad -exit /openlane/scripts/openroad/sta/multi_corner.tcl |& tee /dev/null /openlane/designs/alu/runs/RUN_2025.04.29_09.06.46/logs/placement/11-gpl_sta.log}"

Tue Apr 29 09:06:58 +0000 2025 - Executing "openroad -exit /openlane/scripts/openroad/resizer.tcl |& tee /dev/null /openlane/designs/alu/runs/RUN_2025.04.29_09.06.46/logs/placement/12-resizer.log"

Tue Apr 29 09:06:58 +0000 2025 - Executing "{openroad -exit /openlane/scripts/openroad/resizer.tcl |& tee /dev/null /openlane/designs/alu/runs/RUN_2025.04.29_09.06.46/logs/placement/12-resizer.log}"

Tue Apr 29 09:07:01 +0000 2025 - Executing "{sed -i.bak -e {s/\(set ::env(CURRENT_NETLIST)\).*/\1 \/openlane\/designs\/alu\/runs\/RUN_2025.04.29_09.06.46\/tmp\/placement\/12-resizer.nl.v/} /openlane/designs/alu/runs/RUN_2025.04.29_09.06.46/config.tcl}"

Tue Apr 29 09:07:01 +0000 2025 - Executing "openroad -exit /openlane/scripts/openroad/dpl.tcl |& tee /dev/null /openlane/designs/alu/runs/RUN_2025.04.29_09.06.46/logs/placement/13-detailed.log"

Tue Apr 29 09:07:01 +0000 2025 - Executing "{openroad -exit /openlane/scripts/openroad/dpl.tcl |& tee /dev/null /openlane/designs/alu/runs/RUN_2025.04.29_09.06.46/logs/placement/13-detailed.log}"

Tue Apr 29 09:07:01 +0000 2025 - Executing "{sed -i.bak -e {s/\(set ::env(CURRENT_NETLIST)\).*/\1 \/openlane\/designs\/alu\/runs\/RUN_2025.04.29_09.06.46\/results\/placement\/alu.nl.v/} /openlane/designs/alu/runs/RUN_2025.04.29_09.06.46/config.tcl}"

Tue Apr 29 09:07:01 +0000 2025 - Executing "openroad -exit /openlane/scripts/openroad/sta/multi_corner.tcl |& tee /dev/null /openlane/designs/alu/runs/RUN_2025.04.29_09.06.46/logs/placement/14-dpl_sta.log"

Tue Apr 29 09:07:01 +0000 2025 - Executing "{openroad -exit /openlane/scripts/openroad/sta/multi_corner.tcl |& tee /dev/null /openlane/designs/alu/runs/RUN_2025.04.29_09.06.46/logs/placement/14-dpl_sta.log}"

Tue Apr 29 09:07:02 +0000 2025 - Executing "openroad -exit /openlane/scripts/openroad/resizer_timing.tcl |& tee /dev/null /openlane/designs/alu/runs/RUN_2025.04.29_09.06.46/logs/cts/15-resizer.log"

Tue Apr 29 09:07:02 +0000 2025 - Executing "{openroad -exit /openlane/scripts/openroad/resizer_timing.tcl |& tee /dev/null /openlane/designs/alu/runs/RUN_2025.04.29_09.06.46/logs/cts/15-resizer.log}"

Tue Apr 29 09:07:04 +0000 2025 - Executing "{sed -i.bak -e {s/\(set ::env(CURRENT_NETLIST)\).*/\1 \/openlane\/designs\/alu\/runs\/RUN_2025.04.29_09.06.46\/tmp\/cts\/15-alu.resized.nl.v/} /openlane/designs/alu/runs/RUN_2025.04.29_09.06.46/config.tcl}"

Tue Apr 29 09:07:04 +0000 2025 - Executing "openroad -exit /openlane/scripts/openroad/resizer_routing_design.tcl |& tee /dev/null /openlane/designs/alu/runs/RUN_2025.04.29_09.06.46/logs/routing/16-resizer_design.log"

Tue Apr 29 09:07:04 +0000 2025 - Executing "{openroad -exit /openlane/scripts/openroad/resizer_routing_design.tcl |& tee /dev/null /openlane/designs/alu/runs/RUN_2025.04.29_09.06.46/logs/routing/16-resizer_design.log}"

Tue Apr 29 09:07:06 +0000 2025 - Executing "{sed -i.bak -e {s/\(set ::env(CURRENT_NETLIST)\).*/\1 \/openlane\/designs\/alu\/runs\/RUN_2025.04.29_09.06.46\/tmp\/16-alu.nl.v/} /openlane/designs/alu/runs/RUN_2025.04.29_09.06.46/config.tcl}"

Tue Apr 29 09:07:07 +0000 2025 - Executing "openroad -exit /openlane/scripts/openroad/sta/multi_corner.tcl |& tee /dev/null /openlane/designs/alu/runs/RUN_2025.04.29_09.06.46/logs/routing/17-rsz_design_sta.log"

Tue Apr 29 09:07:07 +0000 2025 - Executing "{openroad -exit /openlane/scripts/openroad/sta/multi_corner.tcl |& tee /dev/null /openlane/designs/alu/runs/RUN_2025.04.29_09.06.46/logs/routing/17-rsz_design_sta.log}"

Tue Apr 29 09:07:07 +0000 2025 - Executing "openroad -exit /openlane/scripts/openroad/resizer_routing_timing.tcl |& tee /dev/null /openlane/designs/alu/runs/RUN_2025.04.29_09.06.46/logs/routing/18-resizer_timing.log"

Tue Apr 29 09:07:07 +0000 2025 - Executing "{openroad -exit /openlane/scripts/openroad/resizer_routing_timing.tcl |& tee /dev/null /openlane/designs/alu/runs/RUN_2025.04.29_09.06.46/logs/routing/18-resizer_timing.log}"

Tue Apr 29 09:07:09 +0000 2025 - Executing "{sed -i.bak -e {s/\(set ::env(CURRENT_NETLIST)\).*/\1 \/openlane\/designs\/alu\/runs\/RUN_2025.04.29_09.06.46\/tmp\/18-alu.nl.v/} /openlane/designs/alu/runs/RUN_2025.04.29_09.06.46/config.tcl}"

Tue Apr 29 09:07:09 +0000 2025 - Executing "openroad -exit /openlane/scripts/openroad/sta/multi_corner.tcl |& tee /dev/null /openlane/designs/alu/runs/RUN_2025.04.29_09.06.46/logs/routing/19-rsz_timing_sta.log"

Tue Apr 29 09:07:09 +0000 2025 - Executing "{openroad -exit /openlane/scripts/openroad/sta/multi_corner.tcl |& tee /dev/null /openlane/designs/alu/runs/RUN_2025.04.29_09.06.46/logs/routing/19-rsz_timing_sta.log}"

Tue Apr 29 09:07:10 +0000 2025 - Executing "openroad -exit /openlane/scripts/openroad/repair_antennas.tcl |& tee /dev/null /openlane/designs/alu/runs/RUN_2025.04.29_09.06.46/logs/routing/20-global.log"

Tue Apr 29 09:07:10 +0000 2025 - Executing "{openroad -exit /openlane/scripts/openroad/repair_antennas.tcl |& tee /dev/null /openlane/designs/alu/runs/RUN_2025.04.29_09.06.46/logs/routing/20-global.log}"

Tue Apr 29 09:07:11 +0000 2025 - Executing "openroad -exit /openlane/scripts/openroad/write_views.tcl |& tee /dev/null /openlane/designs/alu/runs/RUN_2025.04.29_09.06.46/logs/routing/20-global_write_netlist.log"

Tue Apr 29 09:07:11 +0000 2025 - Executing "{openroad -exit /openlane/scripts/openroad/write_views.tcl |& tee /dev/null /openlane/designs/alu/runs/RUN_2025.04.29_09.06.46/logs/routing/20-global_write_netlist.log}"

Tue Apr 29 09:07:11 +0000 2025 - Executing "{sed -i.bak -e {s/\(set ::env(CURRENT_NETLIST)\).*/\1 \/openlane\/designs\/alu\/runs\/RUN_2025.04.29_09.06.46\/tmp\/routing\/global.nl.v/} /openlane/designs/alu/runs/RUN_2025.04.29_09.06.46/config.tcl}"

Tue Apr 29 09:07:11 +0000 2025 - Executing "openroad -exit /openlane/scripts/openroad/sta/multi_corner.tcl |& tee /dev/null /openlane/designs/alu/runs/RUN_2025.04.29_09.06.46/logs/routing/22-grt_sta.log"

Tue Apr 29 09:07:11 +0000 2025 - Executing "{openroad -exit /openlane/scripts/openroad/sta/multi_corner.tcl |& tee /dev/null /openlane/designs/alu/runs/RUN_2025.04.29_09.06.46/logs/routing/22-grt_sta.log}"

Tue Apr 29 09:07:12 +0000 2025 - Executing "openroad -exit /openlane/scripts/openroad/fill.tcl |& tee /dev/null /openlane/designs/alu/runs/RUN_2025.04.29_09.06.46/logs/routing/23-fill.log"

Tue Apr 29 09:07:12 +0000 2025 - Executing "{openroad -exit /openlane/scripts/openroad/fill.tcl |& tee /dev/null /openlane/designs/alu/runs/RUN_2025.04.29_09.06.46/logs/routing/23-fill.log}"

Tue Apr 29 09:07:12 +0000 2025 - Executing "{sed -i.bak -e {s/\(set ::env(CURRENT_NETLIST)\).*/\1 \/openlane\/designs\/alu\/runs\/RUN_2025.04.29_09.06.46\/tmp\/routing\/23-fill.nl.v/} /openlane/designs/alu/runs/RUN_2025.04.29_09.06.46/config.tcl}"

Tue Apr 29 09:07:12 +0000 2025 - Executing "openroad -exit -metrics /openlane/designs/alu/runs/RUN_2025.04.29_09.06.46/reports/routing/24-drt_metrics.json /openlane/scripts/openroad/droute.tcl |& tee /dev/null /openlane/designs/alu/runs/RUN_2025.04.29_09.06.46/logs/routing/24-detailed.log"

Tue Apr 29 09:07:12 +0000 2025 - Executing "{openroad -exit -metrics /openlane/designs/alu/runs/RUN_2025.04.29_09.06.46/reports/routing/24-drt_metrics.json /openlane/scripts/openroad/droute.tcl |& tee /dev/null /openlane/designs/alu/runs/RUN_2025.04.29_09.06.46/logs/routing/24-detailed.log}"

Tue Apr 29 09:07:26 +0000 2025 - Executing "{sed -i.bak -e {s/\(set ::env(CURRENT_NETLIST)\).*/\1 \/openlane\/designs\/alu\/runs\/RUN_2025.04.29_09.06.46\/results\/routing\/alu.nl.v/} /openlane/designs/alu/runs/RUN_2025.04.29_09.06.46/config.tcl}"

Tue Apr 29 09:07:26 +0000 2025 - Executing "{python3 /openlane/scripts/drc_rosetta.py tr to_klayout -o /openlane/designs/alu/runs/RUN_2025.04.29_09.06.46/reports/routing/drt.klayout.xml --design-name alu /openlane/designs/alu/runs/RUN_2025.04.29_09.06.46/reports/routing/drt.drc}"

Tue Apr 29 09:07:26 +0000 2025 - Executing "{openroad -exit -no_init -python /openlane/scripts/odbpy/wire_lengths.py --report-out /openlane/designs/alu/runs/RUN_2025.04.29_09.06.46/reports/routing/25-wire_lengths.csv --input-lef /openlane/designs/alu/runs/RUN_2025.04.29_09.06.46/tmp/merged.nom.lef --output-def /openlane/designs/alu/runs/RUN_2025.04.29_09.06.46/results/routing/alu.def --output /openlane/designs/alu/runs/RUN_2025.04.29_09.06.46/results/routing/alu.odb /openlane/designs/alu/runs/RUN_2025.04.29_09.06.46/results/routing/alu.odb |& tee /dev/null /openlane/designs/alu/runs/RUN_2025.04.29_09.06.46/logs/routing/25-wire_lengths.log}"

Tue Apr 29 09:07:27 +0000 2025 - Executing "openroad -exit /openlane/scripts/openroad/rcx.tcl |& tee /dev/null /openlane/designs/alu/runs/RUN_2025.04.29_09.06.46/logs/signoff/26-parasitics_extraction.min.log"

Tue Apr 29 09:07:27 +0000 2025 - Executing "{openroad -exit /openlane/scripts/openroad/rcx.tcl |& tee /dev/null /openlane/designs/alu/runs/RUN_2025.04.29_09.06.46/logs/signoff/26-parasitics_extraction.min.log}"

Tue Apr 29 09:07:27 +0000 2025 - Executing "sta -exit -no_init /openlane/scripts/openroad/sta/multi_corner.tcl |& tee /dev/null /openlane/designs/alu/runs/RUN_2025.04.29_09.06.46/logs/signoff/27-rcx_mcsta.min.log"

Tue Apr 29 09:07:27 +0000 2025 - Executing "{sta -exit -no_init /openlane/scripts/openroad/sta/multi_corner.tcl |& tee /dev/null /openlane/designs/alu/runs/RUN_2025.04.29_09.06.46/logs/signoff/27-rcx_mcsta.min.log}"

Tue Apr 29 09:07:30 +0000 2025 - Executing "openroad -exit /openlane/scripts/openroad/rcx.tcl |& tee /dev/null /openlane/designs/alu/runs/RUN_2025.04.29_09.06.46/logs/signoff/28-parasitics_extraction.max.log"

Tue Apr 29 09:07:30 +0000 2025 - Executing "{openroad -exit /openlane/scripts/openroad/rcx.tcl |& tee /dev/null /openlane/designs/alu/runs/RUN_2025.04.29_09.06.46/logs/signoff/28-parasitics_extraction.max.log}"

Tue Apr 29 09:07:30 +0000 2025 - Executing "sta -exit -no_init /openlane/scripts/openroad/sta/multi_corner.tcl |& tee /dev/null /openlane/designs/alu/runs/RUN_2025.04.29_09.06.46/logs/signoff/29-rcx_mcsta.max.log"

Tue Apr 29 09:07:30 +0000 2025 - Executing "{sta -exit -no_init /openlane/scripts/openroad/sta/multi_corner.tcl |& tee /dev/null /openlane/designs/alu/runs/RUN_2025.04.29_09.06.46/logs/signoff/29-rcx_mcsta.max.log}"

Tue Apr 29 09:07:33 +0000 2025 - Executing "openroad -exit /openlane/scripts/openroad/rcx.tcl |& tee /dev/null /openlane/designs/alu/runs/RUN_2025.04.29_09.06.46/logs/signoff/30-parasitics_extraction.nom.log"

Tue Apr 29 09:07:33 +0000 2025 - Executing "{openroad -exit /openlane/scripts/openroad/rcx.tcl |& tee /dev/null /openlane/designs/alu/runs/RUN_2025.04.29_09.06.46/logs/signoff/30-parasitics_extraction.nom.log}"

Tue Apr 29 09:07:33 +0000 2025 - Executing "sta -exit -no_init /openlane/scripts/openroad/sta/multi_corner.tcl |& tee /dev/null /openlane/designs/alu/runs/RUN_2025.04.29_09.06.46/logs/signoff/31-rcx_mcsta.nom.log"

Tue Apr 29 09:07:33 +0000 2025 - Executing "{sta -exit -no_init /openlane/scripts/openroad/sta/multi_corner.tcl |& tee /dev/null /openlane/designs/alu/runs/RUN_2025.04.29_09.06.46/logs/signoff/31-rcx_mcsta.nom.log}"

Tue Apr 29 09:07:36 +0000 2025 - Executing "openroad -exit /openlane/scripts/openroad/irdrop.tcl |& tee /dev/null /openlane/designs/alu/runs/RUN_2025.04.29_09.06.46/logs/signoff/32-irdrop.log"

Tue Apr 29 09:07:36 +0000 2025 - Executing "{openroad -exit /openlane/scripts/openroad/irdrop.tcl |& tee /dev/null /openlane/designs/alu/runs/RUN_2025.04.29_09.06.46/logs/signoff/32-irdrop.log}"

Tue Apr 29 09:07:37 +0000 2025 - Executing "magic -noconsole -dnull -rcfile /Users/keremkuscu/.volare/sky130A/libs.tech/magic/sky130A.magicrc < /openlane/scripts/magic/wrapper.tcl |& tee /dev/null /openlane/designs/alu/runs/RUN_2025.04.29_09.06.46/logs/signoff/33-gdsii.log"

Tue Apr 29 09:07:37 +0000 2025 - Executing "{magic -noconsole -dnull -rcfile /Users/keremkuscu/.volare/sky130A/libs.tech/magic/sky130A.magicrc < /openlane/scripts/magic/wrapper.tcl |& tee /dev/null /openlane/designs/alu/runs/RUN_2025.04.29_09.06.46/logs/signoff/33-gdsii.log}"

Tue Apr 29 09:07:37 +0000 2025 - Executing "magic -noconsole -dnull -rcfile /Users/keremkuscu/.volare/sky130A/libs.tech/magic/sky130A.magicrc < /openlane/scripts/magic/wrapper.tcl |& tee /dev/null /openlane/designs/alu/runs/RUN_2025.04.29_09.06.46/logs/signoff/33-gds_ptrs.log"

Tue Apr 29 09:07:37 +0000 2025 - Executing "{magic -noconsole -dnull -rcfile /Users/keremkuscu/.volare/sky130A/libs.tech/magic/sky130A.magicrc < /openlane/scripts/magic/wrapper.tcl |& tee /dev/null /openlane/designs/alu/runs/RUN_2025.04.29_09.06.46/logs/signoff/33-gds_ptrs.log}"

Tue Apr 29 09:07:37 +0000 2025 - Executing "{sed -i.bak -n {/^<< properties >>/,/^<< end >>/p} /openlane/designs/alu/runs/RUN_2025.04.29_09.06.46/tmp/signoff/gds_ptrs.mag}"

Tue Apr 29 09:07:37 +0000 2025 - Executing "magic -noconsole -dnull -rcfile /Users/keremkuscu/.volare/sky130A/libs.tech/magic/sky130A.magicrc < /openlane/scripts/magic/wrapper.tcl |& tee /dev/null /openlane/designs/alu/runs/RUN_2025.04.29_09.06.46/logs/signoff/33-lef.log"

Tue Apr 29 09:07:37 +0000 2025 - Executing "{magic -noconsole -dnull -rcfile /Users/keremkuscu/.volare/sky130A/libs.tech/magic/sky130A.magicrc < /openlane/scripts/magic/wrapper.tcl |& tee /dev/null /openlane/designs/alu/runs/RUN_2025.04.29_09.06.46/logs/signoff/33-lef.log}"

Tue Apr 29 09:07:38 +0000 2025 - Executing "magic -noconsole -dnull -rcfile /Users/keremkuscu/.volare/sky130A/libs.tech/magic/sky130A.magicrc < /openlane/scripts/magic/wrapper.tcl |& tee /dev/null /openlane/designs/alu/runs/RUN_2025.04.29_09.06.46/logs/signoff/33-maglef.log"

Tue Apr 29 09:07:38 +0000 2025 - Executing "{magic -noconsole -dnull -rcfile /Users/keremkuscu/.volare/sky130A/libs.tech/magic/sky130A.magicrc < /openlane/scripts/magic/wrapper.tcl |& tee /dev/null /openlane/designs/alu/runs/RUN_2025.04.29_09.06.46/logs/signoff/33-maglef.log}"

Tue Apr 29 09:07:38 +0000 2025 - Executing "{python3 /openlane/scripts/klayout/stream_out.py --output /openlane/designs/alu/runs/RUN_2025.04.29_09.06.46/results/signoff/alu.klayout.gds --lyt /Users/keremkuscu/.volare/sky130A/libs.tech/klayout/tech/sky130A.lyt --lym /Users/keremkuscu/.volare/sky130A/libs.tech/klayout/tech/sky130A.map --lyp /Users/keremkuscu/.volare/sky130A/libs.tech/klayout/tech/sky130A.lyp --top alu --with-gds-file /Users/keremkuscu/.volare/sky130A/libs.ref/sky130_fd_sc_hd/gds/sky130_fd_sc_hd.gds --input-lef /openlane/designs/alu/runs/RUN_2025.04.29_09.06.46/tmp/merged.nom.lef /openlane/designs/alu/runs/RUN_2025.04.29_09.06.46/results/routing/alu.def |& tee /dev/null /openlane/designs/alu/runs/RUN_2025.04.29_09.06.46/logs/signoff/34-gdsii-klayout.log}"

Tue Apr 29 09:07:39 +0000 2025 - Executing "{klayout -b -r /openlane/scripts/klayout/xor.drc -rd a=/openlane/designs/alu/runs/RUN_2025.04.29_09.06.46/results/signoff/alu.gds -rd b=/openlane/designs/alu/runs/RUN_2025.04.29_09.06.46/results/signoff/alu.klayout.gds -rd jobs=1 -rd rdb_out=/openlane/designs/alu/runs/RUN_2025.04.29_09.06.46/reports/signoff/35-xor.xml -rd ignore=81/14 -rd rpt_out=/openlane/designs/alu/runs/RUN_2025.04.29_09.06.46/reports/signoff/35-xor.rpt |& tee /dev/null /openlane/designs/alu/runs/RUN_2025.04.29_09.06.46/logs/signoff/35-xor.log}"

Tue Apr 29 09:07:40 +0000 2025 - Executing "magic -noconsole -dnull -rcfile /Users/keremkuscu/.volare/sky130A/libs.tech/magic/sky130A.magicrc < /openlane/scripts/magic/wrapper.tcl |& tee /dev/null /openlane/designs/alu/runs/RUN_2025.04.29_09.06.46/logs/signoff/36-spice.log"

Tue Apr 29 09:07:40 +0000 2025 - Executing "{magic -noconsole -dnull -rcfile /Users/keremkuscu/.volare/sky130A/libs.tech/magic/sky130A.magicrc < /openlane/scripts/magic/wrapper.tcl |& tee /dev/null /openlane/designs/alu/runs/RUN_2025.04.29_09.06.46/logs/signoff/36-spice.log}"

Tue Apr 29 09:07:42 +0000 2025 - Executing "{openroad -exit -no_init -python /openlane/scripts/odbpy/power_utils.py write_powered_def --output /openlane/designs/alu/runs/RUN_2025.04.29_09.06.46/tmp/signoff/36-alu.p.def --input-lef /openlane/designs/alu/runs/RUN_2025.04.29_09.06.46/tmp/merged.nom.lef --power-port VPWR --ground-port VGND --powered-netlist {} /openlane/designs/alu/runs/RUN_2025.04.29_09.06.46/results/routing/alu.def |& tee /dev/null /openlane/designs/alu/runs/RUN_2025.04.29_09.06.46/logs/signoff/37-write_powered_def.log}"

Tue Apr 29 09:07:43 +0000 2025 - Executing "openroad -exit /openlane/scripts/openroad/write_views.tcl |& tee /dev/null /openlane/designs/alu/runs/RUN_2025.04.29_09.06.46/logs/signoff/37-write_powered_verilog.log"

Tue Apr 29 09:07:43 +0000 2025 - Executing "{openroad -exit /openlane/scripts/openroad/write_views.tcl |& tee /dev/null /openlane/designs/alu/runs/RUN_2025.04.29_09.06.46/logs/signoff/37-write_powered_verilog.log}"

Tue Apr 29 09:07:43 +0000 2025 - Executing "{sed -i.bak -e {s/\(set ::env(CURRENT_NETLIST)\).*/\1 \/openlane\/designs\/alu\/runs\/RUN_2025.04.29_09.06.46\/tmp\/signoff\/36-alu.nl.v/} /openlane/designs/alu/runs/RUN_2025.04.29_09.06.46/config.tcl}"

Tue Apr 29 09:07:44 +0000 2025 - Executing "{netgen -batch source /openlane/designs/alu/runs/RUN_2025.04.29_09.06.46/tmp/signoff/39-setup_file.lef.lvs |& tee /dev/null /openlane/designs/alu/runs/RUN_2025.04.29_09.06.46/logs/signoff/39-lvs.lef.log}"

Tue Apr 29 09:07:44 +0000 2025 - Executing "magic -noconsole -dnull -rcfile /Users/keremkuscu/.volare/sky130A/libs.tech/magic/sky130A.magicrc < /openlane/scripts/magic/wrapper.tcl |& tee /dev/null /openlane/designs/alu/runs/RUN_2025.04.29_09.06.46/logs/signoff/40-drc.log"

Tue Apr 29 09:07:44 +0000 2025 - Executing "{magic -noconsole -dnull -rcfile /Users/keremkuscu/.volare/sky130A/libs.tech/magic/sky130A.magicrc < /openlane/scripts/magic/wrapper.tcl |& tee /dev/null /openlane/designs/alu/runs/RUN_2025.04.29_09.06.46/logs/signoff/40-drc.log}"

Tue Apr 29 09:07:45 +0000 2025 - Executing "{python3 /openlane/scripts/drc_rosetta.py magic to_tcl -o /openlane/designs/alu/runs/RUN_2025.04.29_09.06.46/reports/signoff/drc.tcl /openlane/designs/alu/runs/RUN_2025.04.29_09.06.46/reports/signoff/drc.rpt}"

Tue Apr 29 09:07:45 +0000 2025 - Executing "{python3 /openlane/scripts/drc_rosetta.py magic to_tr -o /openlane/designs/alu/runs/RUN_2025.04.29_09.06.46/reports/signoff/drc.tr /openlane/designs/alu/runs/RUN_2025.04.29_09.06.46/reports/signoff/drc.rpt}"

Tue Apr 29 09:07:45 +0000 2025 - Executing "{python3 /openlane/scripts/drc_rosetta.py tr to_klayout -o /openlane/designs/alu/runs/RUN_2025.04.29_09.06.46/reports/signoff/drc.klayout.xml --design-name alu /openlane/designs/alu/runs/RUN_2025.04.29_09.06.46/reports/signoff/drc.tr}"

Tue Apr 29 09:07:45 +0000 2025 - Executing "{python3 /openlane/scripts/drc_rosetta.py magic to_rdb -o /openlane/designs/alu/runs/RUN_2025.04.29_09.06.46/reports/signoff/drc.rdb /openlane/designs/alu/runs/RUN_2025.04.29_09.06.46/reports/signoff/drc.rpt}"

Tue Apr 29 09:07:45 +0000 2025 - Executing "{klayout -b -zz -r /Users/keremkuscu/.volare/sky130A/libs.tech/klayout/drc/sky130A_mr.drc -rd topcell=alu -rd input=/openlane/designs/alu/runs/RUN_2025.04.29_09.06.46/results/signoff/alu.gds -rd report=/openlane/designs/alu/runs/RUN_2025.04.29_09.06.46/reports/signoff/violations.xml -rd feol=true -rd beol=true -rd floating_metal=false -rd seal=true -rd thread=1 |& tee /dev/null /openlane/designs/alu/runs/RUN_2025.04.29_09.06.46/logs/signoff/41-drc-klayout.log}"

Tue Apr 29 09:07:48 +0000 2025 - Executing "{python3 /openlane/scripts/klayout/xml_drc_report_to_json.py --xml-file /openlane/designs/alu/runs/RUN_2025.04.29_09.06.46/reports/signoff/violations.xml --json-file /openlane/designs/alu/runs/RUN_2025.04.29_09.06.46/reports/signoff/violations.json}"

Tue Apr 29 09:07:48 +0000 2025 - Executing "openroad -exit /openlane/scripts/openroad/antenna_check.tcl |& tee /dev/null /openlane/designs/alu/runs/RUN_2025.04.29_09.06.46/logs/signoff/42-arc.log"

Tue Apr 29 09:07:48 +0000 2025 - Executing "{openroad -exit /openlane/scripts/openroad/antenna_check.tcl |& tee /dev/null /openlane/designs/alu/runs/RUN_2025.04.29_09.06.46/logs/signoff/42-arc.log}"

Tue Apr 29 09:07:48 +0000 2025 - Executing "{python3 /openlane/scripts/extract_antenna_violators.py --output /openlane/designs/alu/runs/RUN_2025.04.29_09.06.46/reports/signoff/42-antenna_violators.rpt --plain-out /openlane/designs/alu/runs/RUN_2025.04.29_09.06.46/reports/signoff/42-antenna_violators_pins.txt /openlane/designs/alu/runs/RUN_2025.04.29_09.06.46/logs/signoff/42-arc.log}"

Tue Apr 29 09:07:49 +0000 2025 - Executing "{python3 /openlane/scripts/write_runtime.py --conclude --seconds --time-in 1745917669 {flow completed}}"

Tue Apr 29 09:07:49 +0000 2025 - Executing "{python3 /openlane/scripts/generate_reports.py -d /openlane/designs/alu --design_name alu --tag RUN_2025.04.29_09.06.46 --output_file /openlane/designs/alu/runs/RUN_2025.04.29_09.06.46/reports/metrics.csv --man_report /openlane/designs/alu/runs/RUN_2025.04.29_09.06.46/reports/manufacturability.rpt --run_path /openlane/designs/alu/runs/RUN_2025.04.29_09.06.46}"

