
===========================================================================
report_checks -unconstrained
===========================================================================
======================= Typical Corner ===================================

Startpoint: reset (input port clocked by clk)
Endpoint: _2805_ (recovery check against rising-edge clock clk)
Path Group: asynchronous
Path Type: max

Fanout     Cap    Slew   Delay    Time   Description
-----------------------------------------------------------------------------
                  0.15    0.00    0.00   clock clk (rise edge)
                          0.00    0.00   clock network delay (ideal)
                         10.00   10.00 v input external delay
     1    0.01    0.02    0.01   10.01 v reset (in)
                                         reset (net)
                  0.02    0.00   10.01 v input2/A (sky130_fd_sc_hd__buf_8)
     3    0.11    0.08    0.15   10.16 v input2/X (sky130_fd_sc_hd__buf_8)
                                         net2 (net)
                  0.11    0.04   10.20 v _1685_/A (sky130_fd_sc_hd__inv_4)
     1    0.06    0.16    0.18   10.38 ^ _1685_/Y (sky130_fd_sc_hd__inv_4)
                                         _0000_ (net)
                  0.17    0.02   10.40 ^ _2805_/RESET_B (sky130_fd_sc_hd__dfrtp_4)
                                 10.40   data arrival time

                  0.15   50.00   50.00   clock clk (rise edge)
                          0.00   50.00   clock network delay (ideal)
                         -0.25   49.75   clock uncertainty
                          0.00   49.75   clock reconvergence pessimism
                                 49.75 ^ _2805_/CLK (sky130_fd_sc_hd__dfrtp_4)
                          0.21   49.96   library recovery time
                                 49.96   data required time
-----------------------------------------------------------------------------
                                 49.96   data required time
                                -10.40   data arrival time
-----------------------------------------------------------------------------
                                 39.56   slack (MET)


Startpoint: control (input port clocked by clk)
Endpoint: seg_out[0] (output port clocked by clk)
Path Group: clk
Path Type: max

Fanout     Cap    Slew   Delay    Time   Description
-----------------------------------------------------------------------------
                  0.15    0.00    0.00   clock clk (rise edge)
                          0.00    0.00   clock network delay (ideal)
                         10.00   10.00 ^ input external delay
     1    0.01    0.05    0.04   10.04 ^ control (in)
                                         control (net)
                  0.05    0.00   10.04 ^ input1/A (sky130_fd_sc_hd__buf_12)
     5    0.14    0.16    0.16   10.20 ^ input1/X (sky130_fd_sc_hd__buf_12)
                                         net1 (net)
                  0.18    0.04   10.24 ^ _1756_/A (sky130_fd_sc_hd__nand2_1)
     1    0.01    0.09    0.13   10.37 v _1756_/Y (sky130_fd_sc_hd__nand2_1)
                                         _0220_ (net)
                  0.09    0.00   10.37 v wire443/A (sky130_fd_sc_hd__buf_12)
     5    0.17    0.08    0.18   10.54 v wire443/X (sky130_fd_sc_hd__buf_12)
                                         net443 (net)
                  0.18    0.08   10.63 v _1758_/A (sky130_fd_sc_hd__or2_4)
     1    0.09    0.14    0.42   11.05 v _1758_/X (sky130_fd_sc_hd__or2_4)
                                         _0222_ (net)
                  0.16    0.04   11.09 v _1759_/A (sky130_fd_sc_hd__buf_12)
     9    0.21    0.09    0.23   11.32 v _1759_/X (sky130_fd_sc_hd__buf_12)
                                         _0223_ (net)
                  0.17    0.07   11.40 v _1825_/B (sky130_fd_sc_hd__nor2_1)
     1    0.01    0.26    0.28   11.67 ^ _1825_/Y (sky130_fd_sc_hd__nor2_1)
                                         _0282_ (net)
                  0.26    0.00   11.67 ^ wire401/A (sky130_fd_sc_hd__buf_8)
     2    0.10    0.17    0.24   11.91 ^ wire401/X (sky130_fd_sc_hd__buf_8)
                                         net401 (net)
                  0.17    0.03   11.94 ^ _1862_/B1 (sky130_fd_sc_hd__a31oi_4)
     1    0.02    0.12    0.08   12.01 v _1862_/Y (sky130_fd_sc_hd__a31oi_4)
                                         _0318_ (net)
                  0.12    0.00   12.02 v wire378/A (sky130_fd_sc_hd__buf_4)
     3    0.04    0.07    0.22   12.24 v wire378/X (sky130_fd_sc_hd__buf_4)
                                         net378 (net)
                  0.07    0.00   12.24 v wire377/A (sky130_fd_sc_hd__buf_4)
     3    0.04    0.07    0.19   12.43 v wire377/X (sky130_fd_sc_hd__buf_4)
                                         net377 (net)
                  0.07    0.01   12.44 v wire374/A (sky130_fd_sc_hd__buf_4)
     2    0.04    0.07    0.19   12.64 v wire374/X (sky130_fd_sc_hd__buf_4)
                                         net374 (net)
                  0.07    0.01   12.64 v _1863_/B (sky130_fd_sc_hd__or4_4)
     2    0.03    0.13    0.62   13.26 v _1863_/X (sky130_fd_sc_hd__or4_4)
                                         _0319_ (net)
                  0.13    0.00   13.26 v wire353/A (sky130_fd_sc_hd__clkbuf_16)
     4    0.11    0.07    0.22   13.49 v wire353/X (sky130_fd_sc_hd__clkbuf_16)
                                         net353 (net)
                  0.11    0.04   13.53 v _1864_/A (sky130_fd_sc_hd__buf_12)
    10    0.24    0.11    0.22   13.75 v _1864_/X (sky130_fd_sc_hd__buf_12)
                                         _0320_ (net)
                  0.12    0.02   13.77 v _1970_/A1 (sky130_fd_sc_hd__o31ai_2)
     1    0.01    0.30    0.38   14.15 ^ _1970_/Y (sky130_fd_sc_hd__o31ai_2)
                                         _0420_ (net)
                  0.30    0.00   14.15 ^ wire303/A (sky130_fd_sc_hd__clkbuf_4)
     1    0.03    0.09    0.27   14.41 ^ wire303/X (sky130_fd_sc_hd__clkbuf_4)
                                         net303 (net)
                  0.09    0.00   14.42 ^ _1973_/A1 (sky130_fd_sc_hd__a21oi_2)
     1    0.01    0.08    0.09   14.51 v _1973_/Y (sky130_fd_sc_hd__a21oi_2)
                                         _0423_ (net)
                  0.08    0.00   14.51 v wire274/A (sky130_fd_sc_hd__buf_4)
     1    0.05    0.08    0.20   14.71 v wire274/X (sky130_fd_sc_hd__buf_4)
                                         net274 (net)
                  0.08    0.01   14.72 v wire273/A (sky130_fd_sc_hd__buf_8)
     2    0.05    0.05    0.16   14.88 v wire273/X (sky130_fd_sc_hd__buf_8)
                                         net273 (net)
                  0.05    0.01   14.89 v _1977_/C (sky130_fd_sc_hd__or3_2)
     1    0.01    0.10    0.47   15.36 v _1977_/X (sky130_fd_sc_hd__or3_2)
                                         _0427_ (net)
                  0.10    0.00   15.36 v wire243/A (sky130_fd_sc_hd__clkbuf_16)
     2    0.12    0.08    0.21   15.57 v wire243/X (sky130_fd_sc_hd__clkbuf_16)
                                         net243 (net)
                  0.13    0.05   15.63 v _2013_/B1_N (sky130_fd_sc_hd__a21bo_4)
     1    0.08    0.26    0.38   16.00 ^ _2013_/X (sky130_fd_sc_hd__a21bo_4)
                                         _0462_ (net)
                  0.27    0.04   16.04 ^ _2014_/B1 (sky130_fd_sc_hd__o31ai_4)
     1    0.02    0.10    0.15   16.19 v _2014_/Y (sky130_fd_sc_hd__o31ai_4)
                                         _0463_ (net)
                  0.10    0.00   16.19 v wire197/A (sky130_fd_sc_hd__clkbuf_4)
     1    0.03    0.06    0.20   16.40 v wire197/X (sky130_fd_sc_hd__clkbuf_4)
                                         net197 (net)
                  0.06    0.00   16.40 v wire196/A (sky130_fd_sc_hd__buf_4)
     1    0.03    0.05    0.17   16.58 v wire196/X (sky130_fd_sc_hd__buf_4)
                                         net196 (net)
                  0.05    0.00   16.58 v wire195/A (sky130_fd_sc_hd__buf_6)
     1    0.03    0.04    0.14   16.72 v wire195/X (sky130_fd_sc_hd__buf_6)
                                         net195 (net)
                  0.04    0.00   16.72 v wire194/A (sky130_fd_sc_hd__buf_8)
     1    0.03    0.03    0.13   16.85 v wire194/X (sky130_fd_sc_hd__buf_8)
                                         net194 (net)
                  0.03    0.00   16.85 v _2015_/B1 (sky130_fd_sc_hd__a31o_4)
     3    0.05    0.09    0.27   17.13 v _2015_/X (sky130_fd_sc_hd__a31o_4)
                                         _0464_ (net)
                  0.09    0.01   17.14 v wire159/A (sky130_fd_sc_hd__clkbuf_16)
     2    0.11    0.08    0.21   17.35 v wire159/X (sky130_fd_sc_hd__clkbuf_16)
                                         net159 (net)
                  0.12    0.05   17.40 v _2059_/A1 (sky130_fd_sc_hd__a211oi_1)
     1    0.00    0.21    0.26   17.66 ^ _2059_/Y (sky130_fd_sc_hd__a211oi_1)
                                         _0507_ (net)
                  0.21    0.00   17.66 ^ wire135/A (sky130_fd_sc_hd__buf_2)
     2    0.03    0.14    0.24   17.89 ^ wire135/X (sky130_fd_sc_hd__buf_2)
                                         net135 (net)
                  0.14    0.00   17.90 ^ wire134/A (sky130_fd_sc_hd__buf_2)
     2    0.03    0.13    0.21   18.11 ^ wire134/X (sky130_fd_sc_hd__buf_2)
                                         net134 (net)
                  0.13    0.00   18.11 ^ max_cap133/A (sky130_fd_sc_hd__buf_2)
     1    0.03    0.13    0.21   18.32 ^ max_cap133/X (sky130_fd_sc_hd__buf_2)
                                         net133 (net)
                  0.13    0.00   18.32 ^ wire132/A (sky130_fd_sc_hd__buf_4)
     2    0.03    0.08    0.18   18.50 ^ wire132/X (sky130_fd_sc_hd__buf_4)
                                         net132 (net)
                  0.08    0.00   18.51 ^ wire129/A (sky130_fd_sc_hd__clkbuf_4)
     1    0.03    0.09    0.19   18.70 ^ wire129/X (sky130_fd_sc_hd__clkbuf_4)
                                         net129 (net)
                  0.09    0.00   18.70 ^ _2093_/A (sky130_fd_sc_hd__nor2_8)
     3    0.07    0.07    0.08   18.78 v _2093_/Y (sky130_fd_sc_hd__nor2_8)
                                         _0541_ (net)
                  0.08    0.02   18.80 v _2110_/A1 (sky130_fd_sc_hd__o21a_4)
     3    0.07    0.11    0.31   19.11 v _2110_/X (sky130_fd_sc_hd__o21a_4)
                                         _0558_ (net)
                  0.11    0.01   19.12 v _2184_/C (sky130_fd_sc_hd__or3_4)
     1    0.03    0.11    0.43   19.55 v _2184_/X (sky130_fd_sc_hd__or3_4)
                                         _0627_ (net)
                  0.11    0.01   19.56 v _2191_/A2 (sky130_fd_sc_hd__a32o_4)
     1    0.05    0.10    0.42   19.98 v _2191_/X (sky130_fd_sc_hd__a32o_4)
                                         _0634_ (net)
                  0.11    0.02   20.00 v _2192_/A (sky130_fd_sc_hd__buf_12)
     7    0.20    0.07    0.19   20.19 v _2192_/X (sky130_fd_sc_hd__buf_12)
                                         net13 (net)
                  0.26    0.13   20.31 v _2193_/C (sky130_fd_sc_hd__and3_4)
     1    0.07    0.10    0.37   20.68 v _2193_/X (sky130_fd_sc_hd__and3_4)
                                         _0635_ (net)
                  0.11    0.03   20.71 v _2204_/A1 (sky130_fd_sc_hd__o32ai_4)
     1    0.02    0.35    0.42   21.13 ^ _2204_/Y (sky130_fd_sc_hd__o32ai_4)
                                         _0645_ (net)
                  0.35    0.00   21.13 ^ wire53/A (sky130_fd_sc_hd__clkbuf_4)
     2    0.02    0.09    0.27   21.41 ^ wire53/X (sky130_fd_sc_hd__clkbuf_4)
                                         net53 (net)
                  0.09    0.00   21.41 ^ wire52/A (sky130_fd_sc_hd__clkbuf_2)
     1    0.02    0.14    0.19   21.60 ^ wire52/X (sky130_fd_sc_hd__clkbuf_2)
                                         net52 (net)
                  0.14    0.00   21.61 ^ wire51/A (sky130_fd_sc_hd__buf_4)
     1    0.02    0.08    0.18   21.78 ^ wire51/X (sky130_fd_sc_hd__buf_4)
                                         net51 (net)
                  0.08    0.00   21.79 ^ wire50/A (sky130_fd_sc_hd__clkbuf_8)
     1    0.02    0.06    0.16   21.94 ^ wire50/X (sky130_fd_sc_hd__clkbuf_8)
                                         net50 (net)
                  0.06    0.00   21.95 ^ _2205_/A (sky130_fd_sc_hd__buf_12)
    10    0.24    0.26    0.22   22.17 ^ _2205_/X (sky130_fd_sc_hd__buf_12)
                                         _0646_ (net)
                  0.33    0.11   22.27 ^ _2206_/B1_N (sky130_fd_sc_hd__o21ba_4)
     2    0.08    0.12    0.30   22.58 v _2206_/X (sky130_fd_sc_hd__o21ba_4)
                                         _0647_ (net)
                  0.12    0.01   22.59 v _2214_/A1_N (sky130_fd_sc_hd__a2bb2o_4)
     1    0.10    0.31    0.44   23.03 ^ _2214_/X (sky130_fd_sc_hd__a2bb2o_4)
                                         net39 (net)
                  0.33    0.06   23.08 ^ output39/A (sky130_fd_sc_hd__buf_2)
     1    0.03    0.17    0.29   23.37 ^ output39/X (sky130_fd_sc_hd__buf_2)
                                         seg_out[0] (net)
                  0.17    0.00   23.37 ^ seg_out[0] (out)
                                 23.37   data arrival time

                  0.15   50.00   50.00   clock clk (rise edge)
                          0.00   50.00   clock network delay (ideal)
                         -0.25   49.75   clock uncertainty
                          0.00   49.75   clock reconvergence pessimism
                        -10.00   39.75   output external delay
                                 39.75   data required time
-----------------------------------------------------------------------------
                                 39.75   data required time
                                -23.37   data arrival time
-----------------------------------------------------------------------------
                                 16.38   slack (MET)




===========================================================================
report_checks --slack_max -0.01
============================================================================
======================= Typical Corner ===================================

No paths found.


===========================================================================
 report_check_types -max_slew -max_cap -max_fanout -violators
============================================================================
======================= Typical Corner ===================================


max slew violations count Typical: 0
max fanout violations count Typical: 0
max cap violations count Typical: 0

===========================================================================
report_parasitic_annotation -report_unannotated
============================================================================
Found 1 unannotated drivers.
 clk
Found 0 partially unannotated drivers.

===========================================================================
max slew violation count 0
max fanout violation count 0
max cap violation count 0
============================================================================

===========================================================================
check_setup -verbose -unconstrained_endpoints -multiple_clock -no_clock -no_input_delay -loops -generated_clocks
===========================================================================
