Reading /openlane/designs/lab5_project/runs/RUN_2025.05.31_15.34.51/results/signoff/top_module_project5.gds ..
Reading /openlane/designs/lab5_project/runs/RUN_2025.05.31_15.34.51/results/signoff/top_module_project5.klayout.gds ..
--- Running XOR for layer 122/16 ---
"input" in: xor.drc:94
    Polygons (raw): 89370 (flat)  146 (hierarchical)
    Elapsed: 0.010s  Memory: 419.00M
"input" in: xor.drc:94
    Polygons (raw): 89370 (flat)  146 (hierarchical)
    Elapsed: 0.000s  Memory: 419.00M
"^" in: xor.drc:94
    Polygons (raw): 0 (flat)  0 (hierarchical)
    Elapsed: 0.960s  Memory: 419.00M
XOR differences: 0
"output" in: xor.drc:69
    Polygons (raw): 0 (flat)  0 (hierarchical)
    Elapsed: 0.010s  Memory: 419.00M
--- Running XOR for layer 235/4 ---
"input" in: xor.drc:94
    Polygons (raw): 1 (flat)  1 (hierarchical)
    Elapsed: 0.000s  Memory: 419.00M
"input" in: xor.drc:94
    Polygons (raw): 1 (flat)  1 (hierarchical)
    Elapsed: 0.000s  Memory: 419.00M
"^" in: xor.drc:94
    Polygons (raw): 0 (flat)  0 (hierarchical)
    Elapsed: 0.070s  Memory: 419.00M
XOR differences: 0
"output" in: xor.drc:69
    Polygons (raw): 0 (flat)  0 (hierarchical)
    Elapsed: 0.000s  Memory: 419.00M
--- Running XOR for layer 236/0 ---
"input" in: xor.drc:94
    Polygons (raw): 73391 (flat)  140 (hierarchical)
    Elapsed: 0.000s  Memory: 419.00M
"input" in: xor.drc:94
    Polygons (raw): 73391 (flat)  140 (hierarchical)
    Elapsed: 0.000s  Memory: 419.00M
"^" in: xor.drc:94
    Polygons (raw): 0 (flat)  0 (hierarchical)
    Elapsed: 0.720s  Memory: 464.00M
XOR differences: 0
"output" in: xor.drc:69
    Polygons (raw): 0 (flat)  0 (hierarchical)
    Elapsed: 0.000s  Memory: 464.00M
--- Running XOR for layer 64/16 ---
"input" in: xor.drc:94
    Polygons (raw): 89370 (flat)  146 (hierarchical)
    Elapsed: 0.000s  Memory: 464.00M
"input" in: xor.drc:94
    Polygons (raw): 89370 (flat)  146 (hierarchical)
    Elapsed: 0.000s  Memory: 464.00M
"^" in: xor.drc:94
    Polygons (raw): 0 (flat)  0 (hierarchical)
    Elapsed: 0.680s  Memory: 464.00M
XOR differences: 0
"output" in: xor.drc:69
    Polygons (raw): 0 (flat)  0 (hierarchical)
    Elapsed: 0.000s  Memory: 464.00M
--- Running XOR for layer 64/20 ---
"input" in: xor.drc:94
    Polygons (raw): 102846 (flat)  143 (hierarchical)
    Elapsed: 0.000s  Memory: 464.00M
"input" in: xor.drc:94
    Polygons (raw): 102846 (flat)  143 (hierarchical)
    Elapsed: 0.000s  Memory: 464.00M
"^" in: xor.drc:94
    Polygons (raw): 0 (flat)  0 (hierarchical)
    Elapsed: 1.190s  Memory: 499.00M
XOR differences: 0
"output" in: xor.drc:69
    Polygons (raw): 0 (flat)  0 (hierarchical)
    Elapsed: 0.010s  Memory: 499.00M
--- Running XOR for layer 64/5 ---
"input" in: xor.drc:94
    Polygons (raw): 0 (flat)  0 (hierarchical)
    Elapsed: 0.000s  Memory: 499.00M
"input" in: xor.drc:94
    Polygons (raw): 0 (flat)  0 (hierarchical)
    Elapsed: 0.000s  Memory: 499.00M
"^" in: xor.drc:94
    Polygons (raw): 0 (flat)  0 (hierarchical)
    Elapsed: 0.200s  Memory: 499.00M
XOR differences: 0
"output" in: xor.drc:69
    Polygons (raw): 0 (flat)  0 (hierarchical)
    Elapsed: 0.000s  Memory: 499.00M
--- Running XOR for layer 64/59 ---
"input" in: xor.drc:94
    Polygons (raw): 0 (flat)  0 (hierarchical)
    Elapsed: 0.000s  Memory: 499.00M
"input" in: xor.drc:94
    Polygons (raw): 0 (flat)  0 (hierarchical)
    Elapsed: 0.010s  Memory: 499.00M
"^" in: xor.drc:94
    Polygons (raw): 0 (flat)  0 (hierarchical)
    Elapsed: 0.180s  Memory: 499.00M
XOR differences: 0
"output" in: xor.drc:69
    Polygons (raw): 0 (flat)  0 (hierarchical)
    Elapsed: 0.000s  Memory: 499.00M
--- Running XOR for layer 65/20 ---
"input" in: xor.drc:94
    Polygons (raw): 144202 (flat)  399 (hierarchical)
    Elapsed: 0.000s  Memory: 499.00M
"input" in: xor.drc:94
    Polygons (raw): 144202 (flat)  399 (hierarchical)
    Elapsed: 0.000s  Memory: 499.00M
"^" in: xor.drc:94
    Polygons (raw): 0 (flat)  0 (hierarchical)
    Elapsed: 0.910s  Memory: 499.00M
XOR differences: 0
"output" in: xor.drc:69
    Polygons (raw): 0 (flat)  0 (hierarchical)
    Elapsed: 0.000s  Memory: 499.00M
--- Running XOR for layer 65/44 ---
"input" in: xor.drc:94
    Polygons (raw): 27436 (flat)  2 (hierarchical)
    Elapsed: 0.000s  Memory: 499.00M
"input" in: xor.drc:94
    Polygons (raw): 27436 (flat)  2 (hierarchical)
    Elapsed: 0.000s  Memory: 499.00M
"^" in: xor.drc:94
    Polygons (raw): 0 (flat)  0 (hierarchical)
    Elapsed: 0.200s  Memory: 426.00M
XOR differences: 0
"output" in: xor.drc:69
    Polygons (raw): 0 (flat)  0 (hierarchical)
    Elapsed: 0.000s  Memory: 426.00M
--- Running XOR for layer 66/20 ---
"input" in: xor.drc:94
    Polygons (raw): 145124 (flat)  624 (hierarchical)
    Elapsed: 0.000s  Memory: 426.00M
"input" in: xor.drc:94
    Polygons (raw): 145124 (flat)  624 (hierarchical)
    Elapsed: 0.000s  Memory: 426.00M
"^" in: xor.drc:94
    Polygons (raw): 0 (flat)  0 (hierarchical)
    Elapsed: 1.370s  Memory: 426.00M
XOR differences: 0
"output" in: xor.drc:69
    Polygons (raw): 0 (flat)  0 (hierarchical)
    Elapsed: 0.000s  Memory: 426.00M
--- Running XOR for layer 66/44 ---
"input" in: xor.drc:94
    Polygons (raw): 615754 (flat)  5084 (hierarchical)
    Elapsed: 0.000s  Memory: 426.00M
"input" in: xor.drc:94
    Polygons (raw): 615754 (flat)  5084 (hierarchical)
    Elapsed: 0.000s  Memory: 426.00M
"^" in: xor.drc:94
    Polygons (raw): 0 (flat)  0 (hierarchical)
    Elapsed: 3.560s  Memory: 433.00M
XOR differences: 0
"output" in: xor.drc:69
    Polygons (raw): 0 (flat)  0 (hierarchical)
    Elapsed: 0.010s  Memory: 433.00M
--- Running XOR for layer 67/16 ---
"input" in: xor.drc:94
    Polygons (raw): 62529 (flat)  1009 (hierarchical)
    Elapsed: 0.000s  Memory: 433.00M
"input" in: xor.drc:94
    Polygons (raw): 62529 (flat)  1009 (hierarchical)
    Elapsed: 0.000s  Memory: 433.00M
"^" in: xor.drc:94
    Polygons (raw): 0 (flat)  0 (hierarchical)
    Elapsed: 0.350s  Memory: 435.00M
XOR differences: 0
"output" in: xor.drc:69
    Polygons (raw): 0 (flat)  0 (hierarchical)
    Elapsed: 0.000s  Memory: 435.00M
--- Running XOR for layer 67/20 ---
"input" in: xor.drc:94
    Polygons (raw): 465773 (flat)  11073 (hierarchical)
    Elapsed: 0.010s  Memory: 435.00M
"input" in: xor.drc:94
    Polygons (raw): 465773 (flat)  1145 (hierarchical)
    Elapsed: 0.000s  Memory: 435.00M
"^" in: xor.drc:94
    Polygons (raw): 0 (flat)  0 (hierarchical)
    Elapsed: 4.620s  Memory: 486.00M
XOR differences: 0
"output" in: xor.drc:69
    Polygons (raw): 0 (flat)  0 (hierarchical)
    Elapsed: 0.010s  Memory: 486.00M
--- Running XOR for layer 67/44 ---
"input" in: xor.drc:94
    Polygons (raw): 1555951 (flat)  12825 (hierarchical)
    Elapsed: 0.000s  Memory: 486.00M
"input" in: xor.drc:94
    Polygons (raw): 1555951 (flat)  2897 (hierarchical)
    Elapsed: 0.000s  Memory: 486.00M
"^" in: xor.drc:94
    Polygons (raw): 0 (flat)  0 (hierarchical)
    Elapsed: 9.280s  Memory: 486.00M
XOR differences: 0
"output" in: xor.drc:69
    Polygons (raw): 0 (flat)  0 (hierarchical)
    Elapsed: 0.010s  Memory: 486.00M
--- Running XOR for layer 67/5 ---
"input" in: xor.drc:94
    Polygons (raw): 0 (flat)  0 (hierarchical)
    Elapsed: 0.000s  Memory: 486.00M
"input" in: xor.drc:94
    Polygons (raw): 0 (flat)  0 (hierarchical)
    Elapsed: 0.000s  Memory: 486.00M
"^" in: xor.drc:94
    Polygons (raw): 0 (flat)  0 (hierarchical)
    Elapsed: 0.070s  Memory: 486.00M
XOR differences: 0
"output" in: xor.drc:69
    Polygons (raw): 0 (flat)  0 (hierarchical)
    Elapsed: 0.000s  Memory: 486.00M
--- Running XOR for layer 68/16 ---
"input" in: xor.drc:94
    Polygons (raw): 206274 (flat)  292 (hierarchical)
    Elapsed: 0.000s  Memory: 486.00M
"input" in: xor.drc:94
    Polygons (raw): 206274 (flat)  292 (hierarchical)
    Elapsed: 0.000s  Memory: 486.00M
"^" in: xor.drc:94
    Polygons (raw): 0 (flat)  0 (hierarchical)
    Elapsed: 1.440s  Memory: 486.00M
XOR differences: 0
"output" in: xor.drc:69
    Polygons (raw): 0 (flat)  0 (hierarchical)
    Elapsed: 0.010s  Memory: 486.00M
--- Running XOR for layer 68/20 ---
"input" in: xor.drc:94
    Polygons (raw): 266211 (flat)  59507 (hierarchical)
    Elapsed: 0.000s  Memory: 486.00M
"input" in: xor.drc:94
    Polygons (raw): 254815 (flat)  19777 (hierarchical)
    Elapsed: 0.000s  Memory: 486.00M
"^" in: xor.drc:94
    Polygons (raw): 0 (flat)  0 (hierarchical)
    Elapsed: 2.690s  Memory: 501.00M
XOR differences: 0
"output" in: xor.drc:69
    Polygons (raw): 0 (flat)  0 (hierarchical)
    Elapsed: 0.010s  Memory: 501.00M
--- Running XOR for layer 68/44 ---
"input" in: xor.drc:94
    Polygons (raw): 28489 (flat)  28489 (hierarchical)
    Elapsed: 0.000s  Memory: 501.00M
"input" in: xor.drc:94
    Polygons (raw): 28489 (flat)  7 (hierarchical)
    Elapsed: 0.000s  Memory: 501.00M
"^" in: xor.drc:94
    Polygons (raw): 0 (flat)  0 (hierarchical)
    Elapsed: 0.190s  Memory: 501.00M
XOR differences: 0
"output" in: xor.drc:69
    Polygons (raw): 0 (flat)  0 (hierarchical)
    Elapsed: 0.000s  Memory: 501.00M
--- Running XOR for layer 68/5 ---
"input" in: xor.drc:94
    Polygons (raw): 0 (flat)  0 (hierarchical)
    Elapsed: 0.000s  Memory: 501.00M
"input" in: xor.drc:94
    Polygons (raw): 0 (flat)  0 (hierarchical)
    Elapsed: 0.000s  Memory: 501.00M
"^" in: xor.drc:94
    Polygons (raw): 0 (flat)  0 (hierarchical)
    Elapsed: 0.250s  Memory: 501.00M
XOR differences: 0
"output" in: xor.drc:69
    Polygons (raw): 0 (flat)  0 (hierarchical)
    Elapsed: 0.000s  Memory: 501.00M
--- Running XOR for layer 69/20 ---
"input" in: xor.drc:94
    Polygons (raw): 30006 (flat)  30006 (hierarchical)
    Elapsed: 0.000s  Memory: 501.00M
"input" in: xor.drc:94
    Polygons (raw): 34698 (flat)  13112 (hierarchical)
    Elapsed: 0.000s  Memory: 501.00M
"^" in: xor.drc:94
    Polygons (raw): 0 (flat)  0 (hierarchical)
    Elapsed: 0.640s  Memory: 501.00M
XOR differences: 0
"output" in: xor.drc:69
    Polygons (raw): 0 (flat)  0 (hierarchical)
    Elapsed: 0.010s  Memory: 501.00M
--- Running XOR for layer 69/44 ---
"input" in: xor.drc:94
    Polygons (raw): 10742 (flat)  10742 (hierarchical)
    Elapsed: 0.000s  Memory: 501.00M
"input" in: xor.drc:94
    Polygons (raw): 10742 (flat)  5 (hierarchical)
    Elapsed: 0.000s  Memory: 501.00M
"^" in: xor.drc:94
    Polygons (raw): 0 (flat)  0 (hierarchical)
    Elapsed: 0.110s  Memory: 501.00M
XOR differences: 0
"output" in: xor.drc:69
    Polygons (raw): 0 (flat)  0 (hierarchical)
    Elapsed: 0.000s  Memory: 501.00M
--- Running XOR for layer 69/5 ---
"input" in: xor.drc:94
    Polygons (raw): 0 (flat)  0 (hierarchical)
    Elapsed: 0.000s  Memory: 501.00M
"input" in: xor.drc:94
    Polygons (raw): 0 (flat)  0 (hierarchical)
    Elapsed: 0.000s  Memory: 501.00M
"^" in: xor.drc:94
    Polygons (raw): 0 (flat)  0 (hierarchical)
    Elapsed: 0.000s  Memory: 501.00M
XOR differences: 0
"output" in: xor.drc:69
    Polygons (raw): 0 (flat)  0 (hierarchical)
    Elapsed: 0.020s  Memory: 501.00M
--- Running XOR for layer 70/16 ---
"input" in: xor.drc:94
    Polygons (raw): 46 (flat)  46 (hierarchical)
    Elapsed: 0.000s  Memory: 501.00M
"input" in: xor.drc:94
    Polygons (raw): 46 (flat)  46 (hierarchical)
    Elapsed: 0.000s  Memory: 501.00M
"^" in: xor.drc:94
    Polygons (raw): 0 (flat)  0 (hierarchical)
    Elapsed: 0.060s  Memory: 501.00M
XOR differences: 0
"output" in: xor.drc:69
    Polygons (raw): 0 (flat)  0 (hierarchical)
    Elapsed: 0.000s  Memory: 501.00M
--- Running XOR for layer 70/20 ---
"input" in: xor.drc:94
    Polygons (raw): 5077 (flat)  5077 (hierarchical)
    Elapsed: 0.000s  Memory: 501.00M
"input" in: xor.drc:94
    Polygons (raw): 9209 (flat)  3200 (hierarchical)
    Elapsed: 0.000s  Memory: 501.00M
"^" in: xor.drc:94
    Polygons (raw): 0 (flat)  0 (hierarchical)
    Elapsed: 0.120s  Memory: 501.00M
XOR differences: 0
"output" in: xor.drc:69
    Polygons (raw): 0 (flat)  0 (hierarchical)
    Elapsed: 0.000s  Memory: 501.00M
--- Running XOR for layer 70/44 ---
"input" in: xor.drc:94
    Polygons (raw): 10391 (flat)  10391 (hierarchical)
    Elapsed: 0.000s  Memory: 501.00M
"input" in: xor.drc:94
    Polygons (raw): 10391 (flat)  5 (hierarchical)
    Elapsed: 0.000s  Memory: 501.00M
"^" in: xor.drc:94
    Polygons (raw): 0 (flat)  0 (hierarchical)
    Elapsed: 0.100s  Memory: 501.00M
XOR differences: 0
"output" in: xor.drc:69
    Polygons (raw): 0 (flat)  0 (hierarchical)
    Elapsed: 0.000s  Memory: 501.00M
--- Running XOR for layer 70/5 ---
"input" in: xor.drc:94
    Polygons (raw): 0 (flat)  0 (hierarchical)
    Elapsed: 0.000s  Memory: 501.00M
"input" in: xor.drc:94
    Polygons (raw): 0 (flat)  0 (hierarchical)
    Elapsed: 0.000s  Memory: 501.00M
"^" in: xor.drc:94
    Polygons (raw): 0 (flat)  0 (hierarchical)
    Elapsed: 0.050s  Memory: 501.00M
XOR differences: 0
"output" in: xor.drc:69
    Polygons (raw): 0 (flat)  0 (hierarchical)
    Elapsed: 0.000s  Memory: 501.00M
--- Running XOR for layer 71/16 ---
"input" in: xor.drc:94
    Polygons (raw): 14 (flat)  14 (hierarchical)
    Elapsed: 0.000s  Memory: 501.00M
"input" in: xor.drc:94
    Polygons (raw): 14 (flat)  14 (hierarchical)
    Elapsed: 0.000s  Memory: 501.00M
"^" in: xor.drc:94
    Polygons (raw): 0 (flat)  0 (hierarchical)
    Elapsed: 0.060s  Memory: 501.00M
XOR differences: 0
"output" in: xor.drc:69
    Polygons (raw): 0 (flat)  0 (hierarchical)
    Elapsed: 0.000s  Memory: 501.00M
--- Running XOR for layer 71/20 ---
"input" in: xor.drc:94
    Polygons (raw): 496 (flat)  496 (hierarchical)
    Elapsed: 0.000s  Memory: 501.00M
"input" in: xor.drc:94
    Polygons (raw): 3128 (flat)  202 (hierarchical)
    Elapsed: 0.000s  Memory: 501.00M
"^" in: xor.drc:94
    Polygons (raw): 0 (flat)  0 (hierarchical)
    Elapsed: 0.110s  Memory: 501.00M
XOR differences: 0
"output" in: xor.drc:69
    Polygons (raw): 0 (flat)  0 (hierarchical)
    Elapsed: 0.000s  Memory: 501.00M
--- Running XOR for layer 71/44 ---
"input" in: xor.drc:94
    Polygons (raw): 98 (flat)  98 (hierarchical)
    Elapsed: 0.000s  Memory: 501.00M
"input" in: xor.drc:94
    Polygons (raw): 98 (flat)  1 (hierarchical)
    Elapsed: 0.000s  Memory: 501.00M
"^" in: xor.drc:94
    Polygons (raw): 0 (flat)  0 (hierarchical)
    Elapsed: 0.060s  Memory: 501.00M
XOR differences: 0
"output" in: xor.drc:69
    Polygons (raw): 0 (flat)  0 (hierarchical)
    Elapsed: 0.000s  Memory: 501.00M
--- Running XOR for layer 71/5 ---
"input" in: xor.drc:94
    Polygons (raw): 0 (flat)  0 (hierarchical)
    Elapsed: 0.000s  Memory: 501.00M
"input" in: xor.drc:94
    Polygons (raw): 0 (flat)  0 (hierarchical)
    Elapsed: 0.000s  Memory: 501.00M
"^" in: xor.drc:94
    Polygons (raw): 0 (flat)  0 (hierarchical)
    Elapsed: 0.050s  Memory: 501.00M
XOR differences: 0
"output" in: xor.drc:69
    Polygons (raw): 0 (flat)  0 (hierarchical)
    Elapsed: 0.000s  Memory: 501.00M
--- Running XOR for layer 72/16 ---
"input" in: xor.drc:94
    Polygons (raw): 14 (flat)  14 (hierarchical)
    Elapsed: 0.000s  Memory: 501.00M
"input" in: xor.drc:94
    Polygons (raw): 14 (flat)  14 (hierarchical)
    Elapsed: 0.000s  Memory: 501.00M
"^" in: xor.drc:94
    Polygons (raw): 0 (flat)  0 (hierarchical)
    Elapsed: 0.070s  Memory: 501.00M
XOR differences: 0
"output" in: xor.drc:69
    Polygons (raw): 0 (flat)  0 (hierarchical)
    Elapsed: 0.000s  Memory: 501.00M
--- Running XOR for layer 72/20 ---
"input" in: xor.drc:94
    Polygons (raw): 14 (flat)  14 (hierarchical)
    Elapsed: 0.000s  Memory: 501.00M
"input" in: xor.drc:94
    Polygons (raw): 126 (flat)  29 (hierarchical)
    Elapsed: 0.000s  Memory: 501.00M
"^" in: xor.drc:94
    Polygons (raw): 0 (flat)  0 (hierarchical)
    Elapsed: 0.060s  Memory: 501.00M
XOR differences: 0
"output" in: xor.drc:69
    Polygons (raw): 0 (flat)  0 (hierarchical)
    Elapsed: 0.000s  Memory: 501.00M
--- Running XOR for layer 72/5 ---
"input" in: xor.drc:94
    Polygons (raw): 0 (flat)  0 (hierarchical)
    Elapsed: 0.000s  Memory: 501.00M
"input" in: xor.drc:94
    Polygons (raw): 0 (flat)  0 (hierarchical)
    Elapsed: 0.000s  Memory: 501.00M
"^" in: xor.drc:94
    Polygons (raw): 0 (flat)  0 (hierarchical)
    Elapsed: 0.050s  Memory: 501.00M
XOR differences: 0
"output" in: xor.drc:69
    Polygons (raw): 0 (flat)  0 (hierarchical)
    Elapsed: 0.000s  Memory: 501.00M
--- Running XOR for layer 78/44 ---
"input" in: xor.drc:94
    Polygons (raw): 102921 (flat)  148 (hierarchical)
    Elapsed: 0.000s  Memory: 501.00M
"input" in: xor.drc:94
    Polygons (raw): 102921 (flat)  148 (hierarchical)
    Elapsed: 0.000s  Memory: 501.00M
"^" in: xor.drc:94
    Polygons (raw): 0 (flat)  0 (hierarchical)
    Elapsed: 1.030s  Memory: 501.00M
XOR differences: 0
"output" in: xor.drc:69
    Polygons (raw): 0 (flat)  0 (hierarchical)
    Elapsed: 0.000s  Memory: 501.00M
Warning: Skipping 81/14
--- Running XOR for layer 81/23 ---
"input" in: xor.drc:94
    Polygons (raw): 4081 (flat)  1 (hierarchical)
    Elapsed: 0.000s  Memory: 501.00M
"input" in: xor.drc:94
    Polygons (raw): 4081 (flat)  1 (hierarchical)
    Elapsed: 0.000s  Memory: 501.00M
"^" in: xor.drc:94
    Polygons (raw): 0 (flat)  0 (hierarchical)
    Elapsed: 0.090s  Memory: 501.00M
XOR differences: 0
"output" in: xor.drc:69
    Polygons (raw): 0 (flat)  0 (hierarchical)
    Elapsed: 0.000s  Memory: 501.00M
--- Running XOR for layer 81/4 ---
"input" in: xor.drc:94
    Polygons (raw): 102846 (flat)  143 (hierarchical)
    Elapsed: 0.000s  Memory: 501.00M
"input" in: xor.drc:94
    Polygons (raw): 102846 (flat)  143 (hierarchical)
    Elapsed: 0.010s  Memory: 501.00M
"^" in: xor.drc:94
    Polygons (raw): 0 (flat)  0 (hierarchical)
    Elapsed: 0.930s  Memory: 501.00M
XOR differences: 0
"output" in: xor.drc:69
    Polygons (raw): 0 (flat)  0 (hierarchical)
    Elapsed: 0.000s  Memory: 501.00M
--- Running XOR for layer 83/44 ---
"input" in: xor.drc:94
    Polygons (raw): 0 (flat)  0 (hierarchical)
    Elapsed: 0.000s  Memory: 501.00M
"input" in: xor.drc:94
    Polygons (raw): 0 (flat)  0 (hierarchical)
    Elapsed: 0.000s  Memory: 501.00M
"^" in: xor.drc:94
    Polygons (raw): 0 (flat)  0 (hierarchical)
    Elapsed: 0.230s  Memory: 501.00M
XOR differences: 0
"output" in: xor.drc:69
    Polygons (raw): 0 (flat)  0 (hierarchical)
    Elapsed: 0.000s  Memory: 501.00M
--- Running XOR for layer 93/44 ---
"input" in: xor.drc:94
    Polygons (raw): 116564 (flat)  144 (hierarchical)
    Elapsed: 0.000s  Memory: 501.00M
"input" in: xor.drc:94
    Polygons (raw): 116564 (flat)  144 (hierarchical)
    Elapsed: 0.000s  Memory: 501.00M
"^" in: xor.drc:94
    Polygons (raw): 0 (flat)  0 (hierarchical)
    Elapsed: 1.180s  Memory: 448.00M
XOR differences: 0
"output" in: xor.drc:69
    Polygons (raw): 0 (flat)  0 (hierarchical)
    Elapsed: 0.010s  Memory: 448.00M
--- Running XOR for layer 94/20 ---
"input" in: xor.drc:94
    Polygons (raw): 116564 (flat)  144 (hierarchical)
    Elapsed: 0.000s  Memory: 448.00M
"input" in: xor.drc:94
    Polygons (raw): 116564 (flat)  144 (hierarchical)
    Elapsed: 0.000s  Memory: 448.00M
"^" in: xor.drc:94
    Polygons (raw): 0 (flat)  0 (hierarchical)
    Elapsed: 1.180s  Memory: 476.00M
XOR differences: 0
"output" in: xor.drc:69
    Polygons (raw): 0 (flat)  0 (hierarchical)
    Elapsed: 0.010s  Memory: 476.00M
--- Running XOR for layer 95/20 ---
"input" in: xor.drc:94
    Polygons (raw): 69318 (flat)  145 (hierarchical)
    Elapsed: 0.000s  Memory: 476.00M
"input" in: xor.drc:94
    Polygons (raw): 69318 (flat)  145 (hierarchical)
    Elapsed: 0.000s  Memory: 476.00M
"^" in: xor.drc:94
    Polygons (raw): 0 (flat)  0 (hierarchical)
    Elapsed: 0.690s  Memory: 476.00M
XOR differences: 0
"output" in: xor.drc:69
    Polygons (raw): 0 (flat)  0 (hierarchical)
    Elapsed: 0.010s  Memory: 476.00M
---
Total XOR differences: 0
Writing report database: /openlane/designs/lab5_project/runs/RUN_2025.05.31_15.34.51/reports/signoff/35-xor.xml ..
Total elapsed: 37.830s  Memory: 476.00M
