
===========================================================================
report_checks -unconstrained
===========================================================================
======================= Fastest Corner ===================================

Startpoint: rst (input port clocked by clk)
Endpoint: _341_ (recovery check against rising-edge clock clk)
Path Group: asynchronous
Path Type: max
Corner: Fastest

Fanout     Cap    Slew   Delay    Time   Description
-----------------------------------------------------------------------------
                          0.00    0.00   clock clk (rise edge)
                          0.00    0.00   clock network delay (propagated)
                          2.00    2.00 v input external delay
     1    0.00    0.00    0.00    2.00 v rst (in)
                                         rst (net)
                  0.00    0.00    2.00 v input1/A (sky130_fd_sc_hd__buf_1)
     4    0.02    0.07    0.09    2.09 v input1/X (sky130_fd_sc_hd__buf_1)
                                         net1 (net)
                  0.07    0.00    2.09 v _305_/A (sky130_fd_sc_hd__buf_4)
    10    0.06    0.06    0.15    2.24 v _305_/X (sky130_fd_sc_hd__buf_4)
                                         _164_ (net)
                  0.07    0.01    2.25 v _308_/A (sky130_fd_sc_hd__inv_2)
     1    0.00    0.03    0.04    2.29 ^ _308_/Y (sky130_fd_sc_hd__inv_2)
                                         _030_ (net)
                  0.03    0.00    2.29 ^ _341_/RESET_B (sky130_fd_sc_hd__dfrtp_2)
                                  2.29   data arrival time

                         10.00   10.00   clock clk (rise edge)
                          0.00   10.00   clock source latency
     1    0.02    0.06    0.04   10.04 ^ clk (in)
                                         clk (net)
                  0.06    0.00   10.04 ^ clkbuf_0_clk/A (sky130_fd_sc_hd__clkbuf_16)
     4    0.04    0.05    0.10   10.14 ^ clkbuf_0_clk/X (sky130_fd_sc_hd__clkbuf_16)
                                         clknet_0_clk (net)
                  0.05    0.00   10.14 ^ clkbuf_2_3__f_clk/A (sky130_fd_sc_hd__clkbuf_16)
     9    0.03    0.04    0.09   10.23 ^ clkbuf_2_3__f_clk/X (sky130_fd_sc_hd__clkbuf_16)
                                         clknet_2_3__leaf_clk (net)
                  0.04    0.00   10.24 ^ _341_/CLK (sky130_fd_sc_hd__dfrtp_2)
                         -0.25    9.99   clock uncertainty
                          0.00    9.99   clock reconvergence pessimism
                          0.14   10.12   library recovery time
                                 10.12   data required time
-----------------------------------------------------------------------------
                                 10.12   data required time
                                 -2.29   data arrival time
-----------------------------------------------------------------------------
                                  7.83   slack (MET)


Startpoint: _341_ (rising edge-triggered flip-flop clocked by clk)
Endpoint: seg[0] (output port clocked by clk)
Path Group: clk
Path Type: max
Corner: Fastest

Fanout     Cap    Slew   Delay    Time   Description
-----------------------------------------------------------------------------
                          0.00    0.00   clock clk (rise edge)
                          0.00    0.00   clock source latency
     1    0.02    0.06    0.04    0.04 ^ clk (in)
                                         clk (net)
                  0.06    0.00    0.04 ^ clkbuf_0_clk/A (sky130_fd_sc_hd__clkbuf_16)
     4    0.04    0.05    0.11    0.16 ^ clkbuf_0_clk/X (sky130_fd_sc_hd__clkbuf_16)
                                         clknet_0_clk (net)
                  0.05    0.00    0.16 ^ clkbuf_2_3__f_clk/A (sky130_fd_sc_hd__clkbuf_16)
     9    0.03    0.04    0.10    0.26 ^ clkbuf_2_3__f_clk/X (sky130_fd_sc_hd__clkbuf_16)
                                         clknet_2_3__leaf_clk (net)
                  0.04    0.00    0.26 ^ _341_/CLK (sky130_fd_sc_hd__dfrtp_2)
     7    0.02    0.06    0.29    0.55 v _341_/Q (sky130_fd_sc_hd__dfrtp_2)
                                         num[2] (net)
                  0.06    0.00    0.55 v _189_/A (sky130_fd_sc_hd__or2b_1)
     4    0.01    0.06    0.17    0.73 v _189_/X (sky130_fd_sc_hd__or2b_1)
                                         _083_ (net)
                  0.06    0.00    0.73 v _296_/A2_N (sky130_fd_sc_hd__a2bb2o_1)
     2    0.01    0.05    0.17    0.90 ^ _296_/X (sky130_fd_sc_hd__a2bb2o_1)
                                         net5 (net)
                  0.05    0.00    0.90 ^ _371_/A (sky130_fd_sc_hd__clkbuf_1)
     1    0.00    0.03    0.06    0.96 ^ _371_/X (sky130_fd_sc_hd__clkbuf_1)
                                         net2 (net)
                  0.03    0.00    0.96 ^ output2/A (sky130_fd_sc_hd__buf_2)
     1    0.03    0.13    0.14    1.10 ^ output2/X (sky130_fd_sc_hd__buf_2)
                                         seg[0] (net)
                  0.13    0.00    1.11 ^ seg[0] (out)
                                  1.11   data arrival time

                         10.00   10.00   clock clk (rise edge)
                          0.00   10.00   clock network delay (propagated)
                         -0.25    9.75   clock uncertainty
                          0.00    9.75   clock reconvergence pessimism
                         -2.00    7.75   output external delay
                                  7.75   data required time
-----------------------------------------------------------------------------
                                  7.75   data required time
                                 -1.11   data arrival time
-----------------------------------------------------------------------------
                                  6.64   slack (MET)



======================= Slowest Corner ===================================

Startpoint: rst (input port clocked by clk)
Endpoint: _341_ (recovery check against rising-edge clock clk)
Path Group: asynchronous
Path Type: max
Corner: Slowest

Fanout     Cap    Slew   Delay    Time   Description
-----------------------------------------------------------------------------
                          0.00    0.00   clock clk (rise edge)
                          0.00    0.00   clock network delay (propagated)
                          2.00    2.00 v input external delay
     1    0.00    0.02    0.01    2.01 v rst (in)
                                         rst (net)
                  0.02    0.00    2.01 v input1/A (sky130_fd_sc_hd__buf_1)
     4    0.02    0.19    0.26    2.27 v input1/X (sky130_fd_sc_hd__buf_1)
                                         net1 (net)
                  0.19    0.00    2.27 v _305_/A (sky130_fd_sc_hd__buf_4)
    10    0.06    0.15    0.42    2.69 v _305_/X (sky130_fd_sc_hd__buf_4)
                                         _164_ (net)
                  0.15    0.01    2.70 v _308_/A (sky130_fd_sc_hd__inv_2)
     1    0.00    0.06    0.11    2.81 ^ _308_/Y (sky130_fd_sc_hd__inv_2)
                                         _030_ (net)
                  0.06    0.00    2.81 ^ _341_/RESET_B (sky130_fd_sc_hd__dfrtp_2)
                                  2.81   data arrival time

                         10.00   10.00   clock clk (rise edge)
                          0.00   10.00   clock source latency
     1    0.02    0.13    0.08   10.08 ^ clk (in)
                                         clk (net)
                  0.13    0.00   10.08 ^ clkbuf_0_clk/A (sky130_fd_sc_hd__clkbuf_16)
     4    0.04    0.10    0.27   10.35 ^ clkbuf_0_clk/X (sky130_fd_sc_hd__clkbuf_16)
                                         clknet_0_clk (net)
                  0.10    0.00   10.35 ^ clkbuf_2_3__f_clk/A (sky130_fd_sc_hd__clkbuf_16)
     9    0.03    0.08    0.23   10.58 ^ clkbuf_2_3__f_clk/X (sky130_fd_sc_hd__clkbuf_16)
                                         clknet_2_3__leaf_clk (net)
                  0.08    0.00   10.58 ^ _341_/CLK (sky130_fd_sc_hd__dfrtp_2)
                         -0.25   10.33   clock uncertainty
                          0.00   10.33   clock reconvergence pessimism
                          0.45   10.79   library recovery time
                                 10.79   data required time
-----------------------------------------------------------------------------
                                 10.79   data required time
                                 -2.81   data arrival time
-----------------------------------------------------------------------------
                                  7.98   slack (MET)


Startpoint: _368_ (rising edge-triggered flip-flop clocked by clk)
Endpoint: _354_ (rising edge-triggered flip-flop clocked by clk)
Path Group: clk
Path Type: max
Corner: Slowest

Fanout     Cap    Slew   Delay    Time   Description
-----------------------------------------------------------------------------
                          0.00    0.00   clock clk (rise edge)
                          0.00    0.00   clock source latency
     1    0.02    0.13    0.09    0.09 ^ clk (in)
                                         clk (net)
                  0.13    0.00    0.09 ^ clkbuf_0_clk/A (sky130_fd_sc_hd__clkbuf_16)
     4    0.04    0.10    0.29    0.38 ^ clkbuf_0_clk/X (sky130_fd_sc_hd__clkbuf_16)
                                         clknet_0_clk (net)
                  0.10    0.00    0.39 ^ clkbuf_2_2__f_clk/A (sky130_fd_sc_hd__clkbuf_16)
     8    0.02    0.07    0.25    0.64 ^ clkbuf_2_2__f_clk/X (sky130_fd_sc_hd__clkbuf_16)
                                         clknet_2_2__leaf_clk (net)
                  0.07    0.00    0.64 ^ _368_/CLK (sky130_fd_sc_hd__dfrtp_1)
     2    0.01    0.11    0.71    1.35 ^ _368_/Q (sky130_fd_sc_hd__dfrtp_1)
                                         count[26] (net)
                  0.11    0.00    1.35 ^ hold3/A (sky130_fd_sc_hd__dlygate4sd3_1)
     1    0.00    0.12    1.14    2.49 ^ hold3/X (sky130_fd_sc_hd__dlygate4sd3_1)
                                         net12 (net)
                  0.12    0.00    2.49 ^ _168_/A (sky130_fd_sc_hd__inv_2)
     2    0.00    0.04    0.08    2.57 v _168_/Y (sky130_fd_sc_hd__inv_2)
                                         _063_ (net)
                  0.04    0.00    2.57 v _169_/B (sky130_fd_sc_hd__or4b_2)
     2    0.01    0.28    1.69    4.26 v _169_/X (sky130_fd_sc_hd__or4b_2)
                                         _064_ (net)
                  0.28    0.00    4.26 v _185_/A (sky130_fd_sc_hd__or4_1)
     4    0.01    0.30    1.55    5.81 v _185_/X (sky130_fd_sc_hd__or4_1)
                                         _080_ (net)
                  0.30    0.00    5.81 v _193_/B (sky130_fd_sc_hd__and2_1)
     7    0.02    0.24    0.61    6.42 v _193_/X (sky130_fd_sc_hd__and2_1)
                                         _086_ (net)
                  0.24    0.00    6.42 v _199_/A (sky130_fd_sc_hd__clkbuf_2)
    10    0.04    0.26    0.45    6.87 v _199_/X (sky130_fd_sc_hd__clkbuf_2)
                                         _090_ (net)
                  0.26    0.00    6.87 v _244_/B (sky130_fd_sc_hd__and3b_1)
     1    0.00    0.08    0.45    7.32 v _244_/X (sky130_fd_sc_hd__and3b_1)
                                         _124_ (net)
                  0.08    0.00    7.32 v _245_/A (sky130_fd_sc_hd__clkbuf_1)
     1    0.00    0.06    0.18    7.50 v _245_/X (sky130_fd_sc_hd__clkbuf_1)
                                         _003_ (net)
                  0.06    0.00    7.50 v _354_/D (sky130_fd_sc_hd__dfrtp_1)
                                  7.50   data arrival time

                         10.00   10.00   clock clk (rise edge)
                          0.00   10.00   clock source latency
     1    0.02    0.13    0.08   10.08 ^ clk (in)
                                         clk (net)
                  0.13    0.00   10.08 ^ clkbuf_0_clk/A (sky130_fd_sc_hd__clkbuf_16)
     4    0.04    0.10    0.27   10.35 ^ clkbuf_0_clk/X (sky130_fd_sc_hd__clkbuf_16)
                                         clknet_0_clk (net)
                  0.10    0.00   10.35 ^ clkbuf_2_3__f_clk/A (sky130_fd_sc_hd__clkbuf_16)
     9    0.03    0.08    0.23   10.58 ^ clkbuf_2_3__f_clk/X (sky130_fd_sc_hd__clkbuf_16)
                                         clknet_2_3__leaf_clk (net)
                  0.08    0.00   10.58 ^ _354_/CLK (sky130_fd_sc_hd__dfrtp_1)
                         -0.25   10.33   clock uncertainty
                          0.04   10.37   clock reconvergence pessimism
                         -0.27   10.10   library setup time
                                 10.10   data required time
-----------------------------------------------------------------------------
                                 10.10   data required time
                                 -7.50   data arrival time
-----------------------------------------------------------------------------
                                  2.60   slack (MET)



======================= Typical Corner ===================================

Startpoint: rst (input port clocked by clk)
Endpoint: _341_ (recovery check against rising-edge clock clk)
Path Group: asynchronous
Path Type: max
Corner: Typical

Fanout     Cap    Slew   Delay    Time   Description
-----------------------------------------------------------------------------
                          0.00    0.00   clock clk (rise edge)
                          0.00    0.00   clock network delay (propagated)
                          2.00    2.00 v input external delay
     1    0.00    0.01    0.00    2.00 v rst (in)
                                         rst (net)
                  0.01    0.00    2.00 v input1/A (sky130_fd_sc_hd__buf_1)
     4    0.02    0.10    0.14    2.14 v input1/X (sky130_fd_sc_hd__buf_1)
                                         net1 (net)
                  0.10    0.00    2.14 v _305_/A (sky130_fd_sc_hd__buf_4)
    10    0.06    0.08    0.22    2.37 v _305_/X (sky130_fd_sc_hd__buf_4)
                                         _164_ (net)
                  0.08    0.01    2.37 v _308_/A (sky130_fd_sc_hd__inv_2)
     1    0.00    0.03    0.06    2.44 ^ _308_/Y (sky130_fd_sc_hd__inv_2)
                                         _030_ (net)
                  0.03    0.00    2.44 ^ _341_/RESET_B (sky130_fd_sc_hd__dfrtp_2)
                                  2.44   data arrival time

                         10.00   10.00   clock clk (rise edge)
                          0.00   10.00   clock source latency
     1    0.02    0.08    0.05   10.05 ^ clk (in)
                                         clk (net)
                  0.08    0.00   10.05 ^ clkbuf_0_clk/A (sky130_fd_sc_hd__clkbuf_16)
     4    0.04    0.06    0.15   10.20 ^ clkbuf_0_clk/X (sky130_fd_sc_hd__clkbuf_16)
                                         clknet_0_clk (net)
                  0.06    0.00   10.20 ^ clkbuf_2_3__f_clk/A (sky130_fd_sc_hd__clkbuf_16)
     9    0.03    0.05    0.13   10.34 ^ clkbuf_2_3__f_clk/X (sky130_fd_sc_hd__clkbuf_16)
                                         clknet_2_3__leaf_clk (net)
                  0.05    0.00   10.34 ^ _341_/CLK (sky130_fd_sc_hd__dfrtp_2)
                         -0.25   10.09   clock uncertainty
                          0.00   10.09   clock reconvergence pessimism
                          0.22   10.31   library recovery time
                                 10.31   data required time
-----------------------------------------------------------------------------
                                 10.31   data required time
                                 -2.44   data arrival time
-----------------------------------------------------------------------------
                                  7.87   slack (MET)


Startpoint: _341_ (rising edge-triggered flip-flop clocked by clk)
Endpoint: seg[0] (output port clocked by clk)
Path Group: clk
Path Type: max
Corner: Typical

Fanout     Cap    Slew   Delay    Time   Description
-----------------------------------------------------------------------------
                          0.00    0.00   clock clk (rise edge)
                          0.00    0.00   clock source latency
     1    0.02    0.08    0.06    0.06 ^ clk (in)
                                         clk (net)
                  0.08    0.00    0.06 ^ clkbuf_0_clk/A (sky130_fd_sc_hd__clkbuf_16)
     4    0.04    0.06    0.16    0.22 ^ clkbuf_0_clk/X (sky130_fd_sc_hd__clkbuf_16)
                                         clknet_0_clk (net)
                  0.06    0.00    0.23 ^ clkbuf_2_3__f_clk/A (sky130_fd_sc_hd__clkbuf_16)
     9    0.03    0.05    0.15    0.37 ^ clkbuf_2_3__f_clk/X (sky130_fd_sc_hd__clkbuf_16)
                                         clknet_2_3__leaf_clk (net)
                  0.05    0.00    0.37 ^ _341_/CLK (sky130_fd_sc_hd__dfrtp_2)
     7    0.02    0.08    0.46    0.83 v _341_/Q (sky130_fd_sc_hd__dfrtp_2)
                                         num[2] (net)
                  0.08    0.00    0.83 v _189_/A (sky130_fd_sc_hd__or2b_1)
     4    0.01    0.08    0.28    1.11 v _189_/X (sky130_fd_sc_hd__or2b_1)
                                         _083_ (net)
                  0.08    0.00    1.11 v _296_/A2_N (sky130_fd_sc_hd__a2bb2o_1)
     2    0.01    0.07    0.28    1.39 ^ _296_/X (sky130_fd_sc_hd__a2bb2o_1)
                                         net5 (net)
                  0.07    0.00    1.39 ^ _371_/A (sky130_fd_sc_hd__clkbuf_1)
     1    0.00    0.04    0.09    1.48 ^ _371_/X (sky130_fd_sc_hd__clkbuf_1)
                                         net2 (net)
                  0.04    0.00    1.48 ^ output2/A (sky130_fd_sc_hd__buf_2)
     1    0.03    0.17    0.21    1.69 ^ output2/X (sky130_fd_sc_hd__buf_2)
                                         seg[0] (net)
                  0.17    0.00    1.69 ^ seg[0] (out)
                                  1.69   data arrival time

                         10.00   10.00   clock clk (rise edge)
                          0.00   10.00   clock network delay (propagated)
                         -0.25    9.75   clock uncertainty
                          0.00    9.75   clock reconvergence pessimism
                         -2.00    7.75   output external delay
                                  7.75   data required time
-----------------------------------------------------------------------------
                                  7.75   data required time
                                 -1.69   data arrival time
-----------------------------------------------------------------------------
                                  6.06   slack (MET)




===========================================================================
report_checks --slack_max -0.01
============================================================================
======================= Fastest Corner ===================================

No paths found.

======================= Slowest Corner ===================================

No paths found.

======================= Typical Corner ===================================

No paths found.


===========================================================================
 report_check_types -max_slew -max_cap -max_fanout -violators
============================================================================
======================= Fastest Corner ===================================


max slew violations count Fastest: 0
max fanout violations count Fastest: 0
max cap violations count Fastest: 0
======================= Slowest Corner ===================================


max slew violations count Slowest: 0
max fanout violations count Slowest: 0
max cap violations count Slowest: 0
======================= Typical Corner ===================================


max slew violations count Typical: 0
max fanout violations count Typical: 0
max cap violations count Typical: 0

===========================================================================
report_parasitic_annotation -report_unannotated
============================================================================
Found 4 unannotated drivers.
 _369__9/HI
 clkload0/Y
 clkload1/Y
 clkload2/X
Found 0 partially unannotated drivers.

===========================================================================
max slew violation count 0
max fanout violation count 0
max cap violation count 0
============================================================================

===========================================================================
check_setup -verbose -unconstrained_endpoints -multiple_clock -no_clock -no_input_delay -loops -generated_clocks
===========================================================================
Warning: There is 1 unconstrained endpoint.
  _369_/D
