
===========================================================================
 report_power
============================================================================
======================= Fastest Corner ===================================

Group                  Internal  Switching    Leakage      Total
                          Power      Power      Power      Power (Watts)
----------------------------------------------------------------
Sequential             6.06e-04   2.36e-03   3.57e-08   2.97e-03  10.5%
Combinational          3.25e-03   2.10e-02   1.04e-07   2.42e-02  86.1%
Clock                  4.53e-04   5.07e-04   6.24e-08   9.61e-04   3.4%
Macro                  0.00e+00   0.00e+00   0.00e+00   0.00e+00   0.0%
Pad                    0.00e+00   0.00e+00   0.00e+00   0.00e+00   0.0%
----------------------------------------------------------------
Total                  4.31e-03   2.39e-02   2.02e-07   2.82e-02 100.0%
                          15.3%      84.7%       0.0%

======================= Slowest Corner ===================================

Group                  Internal  Switching    Leakage      Total
                          Power      Power      Power      Power (Watts)
----------------------------------------------------------------
Sequential             4.22e-04   1.59e-03   6.72e-06   2.02e-03  10.6%
Combinational          2.26e-03   1.42e-02   2.75e-05   1.64e-02  86.0%
Clock                  3.23e-04   3.39e-04   2.54e-06   6.65e-04   3.5%
Macro                  0.00e+00   0.00e+00   0.00e+00   0.00e+00   0.0%
Pad                    0.00e+00   0.00e+00   0.00e+00   0.00e+00   0.0%
----------------------------------------------------------------
Total                  3.00e-03   1.61e-02   3.67e-05   1.91e-02 100.0%
                          15.7%      84.1%       0.2%

======================= Typical Corner ===================================

Group                  Internal  Switching    Leakage      Total
                          Power      Power      Power      Power (Watts)
----------------------------------------------------------------
Sequential             5.29e-04   2.01e-03   2.65e-08   2.54e-03  10.6%
Combinational          2.81e-03   1.79e-02   1.96e-08   2.07e-02  86.0%
Clock                  3.96e-04   4.31e-04   5.67e-08   8.27e-04   3.4%
Macro                  0.00e+00   0.00e+00   0.00e+00   0.00e+00   0.0%
Pad                    0.00e+00   0.00e+00   0.00e+00   0.00e+00   0.0%
----------------------------------------------------------------
Total                  3.74e-03   2.03e-02   1.03e-07   2.41e-02 100.0%
                          15.5%      84.5%       0.0%

