
===========================================================================
report_checks -unconstrained
===========================================================================
======================= Typical Corner ===================================

Startpoint: inputB[9] (input port clocked by clk)
Endpoint: _10606_ (rising edge-triggered flip-flop clocked by clk)
Path Group: clk
Path Type: max

Fanout     Cap    Slew   Delay    Time   Description
-----------------------------------------------------------------------------
                  0.15    0.00    0.00   clock clk (rise edge)
                          0.00    0.00   clock network delay (ideal)
                          2.00    2.00 v input external delay
     4    0.01    0.03    0.02    2.02 v inputB[9] (in)
                                         inputB[9] (net)
                  0.03    0.00    2.02 v _05116_/A (sky130_fd_sc_hd__or4_2)
     4    0.01    0.13    0.75    2.77 v _05116_/X (sky130_fd_sc_hd__or4_2)
                                         _01137_ (net)
                  0.13    0.00    2.77 v _05526_/B (sky130_fd_sc_hd__or4_2)
     1    0.00    0.10    0.69    3.47 v _05526_/X (sky130_fd_sc_hd__or4_2)
                                         _01532_ (net)
                  0.10    0.00    3.47 v _05527_/A (sky130_fd_sc_hd__buf_1)
     8    0.02    0.13    0.21    3.67 v _05527_/X (sky130_fd_sc_hd__buf_1)
                                         _01533_ (net)
                  0.13    0.00    3.67 v _05580_/A4 (sky130_fd_sc_hd__o41a_2)
     1    0.01    0.08    0.44    4.11 v _05580_/X (sky130_fd_sc_hd__o41a_2)
                                         _01583_ (net)
                  0.08    0.00    4.11 v _05581_/B (sky130_fd_sc_hd__xor2_2)
     2    0.01    0.05    0.17    4.28 v _05581_/X (sky130_fd_sc_hd__xor2_2)
                                         _01584_ (net)
                  0.05    0.00    4.28 v _05583_/B (sky130_fd_sc_hd__and2_2)
     1    0.00    0.03    0.19    4.47 v _05583_/X (sky130_fd_sc_hd__and2_2)
                                         _01586_ (net)
                  0.03    0.00    4.47 v _05584_/B (sky130_fd_sc_hd__or2_2)
     4    0.02    0.09    0.34    4.81 v _05584_/X (sky130_fd_sc_hd__or2_2)
                                         _01587_ (net)
                  0.09    0.00    4.81 v _05609_/C (sky130_fd_sc_hd__or4_2)
     2    0.01    0.13    0.69    5.50 v _05609_/X (sky130_fd_sc_hd__or4_2)
                                         _01610_ (net)
                  0.13    0.00    5.50 v _05674_/A (sky130_fd_sc_hd__nor2_2)
     1    0.00    0.06    0.13    5.63 ^ _05674_/Y (sky130_fd_sc_hd__nor2_2)
                                         _01671_ (net)
                  0.06    0.00    5.63 ^ _05675_/A2_N (sky130_fd_sc_hd__o2bb2a_2)
     3    0.01    0.06    0.24    5.87 v _05675_/X (sky130_fd_sc_hd__o2bb2a_2)
                                         _01672_ (net)
                  0.06    0.00    5.87 v _05742_/A1 (sky130_fd_sc_hd__a2111o_2)
     1    0.00    0.06    0.44    6.31 v _05742_/X (sky130_fd_sc_hd__a2111o_2)
                                         _01735_ (net)
                  0.06    0.00    6.31 v _05745_/B1 (sky130_fd_sc_hd__o211a_2)
     4    0.01    0.06    0.17    6.48 v _05745_/X (sky130_fd_sc_hd__o211a_2)
                                         _01738_ (net)
                  0.06    0.00    6.48 v _05776_/A2 (sky130_fd_sc_hd__o311a_2)
     2    0.01    0.08    0.44    6.92 v _05776_/X (sky130_fd_sc_hd__o311a_2)
                                         _01767_ (net)
                  0.08    0.00    6.92 v _05784_/A2 (sky130_fd_sc_hd__o21ai_2)
     1    0.01    0.15    0.17    7.09 ^ _05784_/Y (sky130_fd_sc_hd__o21ai_2)
                                         _01774_ (net)
                  0.15    0.00    7.09 ^ _05788_/A (sky130_fd_sc_hd__xnor2_2)
     1    0.01    0.13    0.14    7.23 ^ _05788_/Y (sky130_fd_sc_hd__xnor2_2)
                                         _01778_ (net)
                  0.13    0.00    7.23 ^ _05794_/A2 (sky130_fd_sc_hd__o21ai_2)
     1    0.00    0.07    0.06    7.29 v _05794_/Y (sky130_fd_sc_hd__o21ai_2)
                                         _01112_ (net)
                  0.07    0.00    7.29 v _10606_/D (sky130_fd_sc_hd__dfxtp_2)
                                  7.29   data arrival time

                  0.15   10.00   10.00   clock clk (rise edge)
                          0.00   10.00   clock network delay (ideal)
                         -0.25    9.75   clock uncertainty
                          0.00    9.75   clock reconvergence pessimism
                                  9.75 ^ _10606_/CLK (sky130_fd_sc_hd__dfxtp_2)
                         -0.10    9.65   library setup time
                                  9.65   data required time
-----------------------------------------------------------------------------
                                  9.65   data required time
                                 -7.29   data arrival time
-----------------------------------------------------------------------------
                                  2.36   slack (MET)




===========================================================================
report_checks --slack_max -0.01
============================================================================
======================= Typical Corner ===================================

No paths found.


===========================================================================
 report_check_types -max_slew -max_cap -max_fanout -violators
============================================================================
======================= Typical Corner ===================================

max slew

Pin                                    Limit    Slew   Slack
------------------------------------------------------------
_09069_/S0                              0.75    1.22   -0.47 (VIOLATED)
_09191_/S0                              0.75    1.22   -0.47 (VIOLATED)
_09130_/S0                              0.75    1.22   -0.47 (VIOLATED)
_08784_/S0                              0.75    1.22   -0.47 (VIOLATED)
_08845_/S0                              0.75    1.22   -0.47 (VIOLATED)
_09449_/S0                              0.75    1.22   -0.47 (VIOLATED)
_09505_/S0                              0.75    1.22   -0.47 (VIOLATED)
_09393_/S0                              0.75    1.22   -0.47 (VIOLATED)
_08778_/S0                              0.75    1.22   -0.47 (VIOLATED)
_08712_/S0                              0.75    1.22   -0.47 (VIOLATED)
_08710_/X                               0.75    1.22   -0.47 (VIOLATED)
_07937_/S0                              0.75    1.20   -0.45 (VIOLATED)
_07964_/S0                              0.75    1.20   -0.45 (VIOLATED)
_07992_/S0                              0.75    1.20   -0.45 (VIOLATED)
_07680_/S0                              0.75    1.20   -0.45 (VIOLATED)
_07808_/S0                              0.75    1.20   -0.45 (VIOLATED)
_07642_/S0                              0.75    1.20   -0.45 (VIOLATED)
_07958_/S0                              0.75    1.20   -0.45 (VIOLATED)
_07931_/S0                              0.75    1.20   -0.45 (VIOLATED)
_08242_/S0                              0.75    1.20   -0.45 (VIOLATED)
_08215_/S0                              0.75    1.20   -0.45 (VIOLATED)
_07640_/X                               0.75    1.20   -0.45 (VIOLATED)
_09443_/S0                              0.75    1.12   -0.37 (VIOLATED)
_09499_/S0                              0.75    1.12   -0.37 (VIOLATED)
_09387_/S0                              0.75    1.12   -0.37 (VIOLATED)
_08772_/S0                              0.75    1.12   -0.37 (VIOLATED)
_08833_/S0                              0.75    1.12   -0.37 (VIOLATED)
_09185_/S0                              0.75    1.12   -0.37 (VIOLATED)
_08702_/S0                              0.75    1.12   -0.37 (VIOLATED)
_09124_/S0                              0.75    1.12   -0.37 (VIOLATED)
_08839_/S0                              0.75    1.12   -0.37 (VIOLATED)
_09063_/S0                              0.75    1.12   -0.37 (VIOLATED)
_08700_/X                               0.75    1.12   -0.37 (VIOLATED)
_07674_/S0                              0.75    1.11   -0.36 (VIOLATED)
_07802_/S0                              0.75    1.11   -0.36 (VIOLATED)
_07778_/A                               0.75    1.11   -0.36 (VIOLATED)
_07925_/S0                              0.75    1.11   -0.36 (VIOLATED)
_07980_/S0                              0.75    1.11   -0.36 (VIOLATED)
_07952_/S0                              0.75    1.11   -0.36 (VIOLATED)
_08203_/S0                              0.75    1.11   -0.36 (VIOLATED)
_08230_/S0                              0.75    1.11   -0.36 (VIOLATED)
_07508_/A                               0.75    1.11   -0.36 (VIOLATED)
_07663_/S0                              0.75    1.11   -0.36 (VIOLATED)
_07507_/X                               0.75    1.11   -0.36 (VIOLATED)
_08248_/S0                              0.75    1.08   -0.33 (VIOLATED)
_08221_/S0                              0.75    1.08   -0.33 (VIOLATED)
_07998_/S0                              0.75    1.08   -0.33 (VIOLATED)
_07970_/S0                              0.75    1.08   -0.33 (VIOLATED)
_07943_/S0                              0.75    1.08   -0.33 (VIOLATED)
_07820_/S0                              0.75    1.08   -0.33 (VIOLATED)
_07814_/S0                              0.75    1.08   -0.33 (VIOLATED)
_07692_/S0                              0.75    1.08   -0.33 (VIOLATED)
_07686_/S0                              0.75    1.08   -0.33 (VIOLATED)
_07654_/S0                              0.75    1.08   -0.33 (VIOLATED)
_07652_/X                               0.75    1.08   -0.33 (VIOLATED)
_08784_/S1                              0.75    1.07   -0.32 (VIOLATED)
_08845_/S1                              0.75    1.07   -0.32 (VIOLATED)
_09069_/S1                              0.75    1.07   -0.32 (VIOLATED)
_08723_/S1                              0.75    1.07   -0.32 (VIOLATED)
_09130_/S1                              0.75    1.07   -0.32 (VIOLATED)
_09191_/S1                              0.75    1.07   -0.32 (VIOLATED)
_09173_/S1                              0.75    1.07   -0.32 (VIOLATED)
_09375_/S1                              0.75    1.07   -0.32 (VIOLATED)
_09487_/S1                              0.75    1.07   -0.32 (VIOLATED)
_09431_/S1                              0.75    1.07   -0.32 (VIOLATED)
_08722_/X                               0.75    1.07   -0.32 (VIOLATED)
_07826_/S0                              0.75    1.06   -0.31 (VIOLATED)
_07949_/S0                              0.75    1.06   -0.31 (VIOLATED)
_07976_/S0                              0.75    1.06   -0.31 (VIOLATED)
_08004_/S0                              0.75    1.06   -0.31 (VIOLATED)
_08516_/S                               0.75    1.06   -0.31 (VIOLATED)
_07698_/S0                              0.75    1.06   -0.31 (VIOLATED)
_08227_/S0                              0.75    1.06   -0.31 (VIOLATED)
_07671_/S0                              0.75    1.06   -0.31 (VIOLATED)
_07493_/X                               0.75    1.06   -0.31 (VIOLATED)
_07494_/A                               0.75    1.06   -0.31 (VIOLATED)
_07866_/A                               0.75    1.06   -0.31 (VIOLATED)
_08286_/S0                              0.75    1.03   -0.28 (VIOLATED)
_08257_/S0                              0.75    1.03   -0.28 (VIOLATED)
_08173_/S0                              0.75    1.03   -0.28 (VIOLATED)
_08344_/S0                              0.75    1.03   -0.28 (VIOLATED)
_08402_/S0                              0.75    1.03   -0.28 (VIOLATED)
_08373_/S0                              0.75    1.03   -0.28 (VIOLATED)
_08076_/S0                              0.75    1.03   -0.28 (VIOLATED)
_08143_/S0                              0.75    1.03   -0.28 (VIOLATED)
_08041_/X                               0.75    1.03   -0.28 (VIOLATED)
_08042_/S0                              0.75    1.03   -0.28 (VIOLATED)
_08108_/S0                              0.75    1.03   -0.28 (VIOLATED)
_08305_/A1                              0.75    1.02   -0.27 (VIOLATED)
_08276_/A1                              0.75    1.02   -0.27 (VIOLATED)
_08363_/A1                              0.75    1.02   -0.27 (VIOLATED)
_08451_/A1                              0.75    1.02   -0.27 (VIOLATED)
_08480_/A1                              0.75    1.02   -0.27 (VIOLATED)
_08162_/A1                              0.75    1.02   -0.27 (VIOLATED)
_08131_/A1                              0.75    1.02   -0.27 (VIOLATED)
_07731_/A1                              0.75    1.02   -0.27 (VIOLATED)
_07765_/A1                              0.75    1.02   -0.27 (VIOLATED)
_07855_/A1                              0.75    1.02   -0.27 (VIOLATED)
_07723_/X                               0.75    1.02   -0.27 (VIOLATED)
_08029_/S0                              0.75    1.01   -0.26 (VIOLATED)
_08099_/S0                              0.75    1.01   -0.26 (VIOLATED)
_08163_/S0                              0.75    1.01   -0.26 (VIOLATED)
_08066_/S0                              0.75    1.01   -0.26 (VIOLATED)
_08132_/S0                              0.75    1.01   -0.26 (VIOLATED)
_08306_/S0                              0.75    1.01   -0.26 (VIOLATED)
_08277_/S0                              0.75    1.01   -0.26 (VIOLATED)
_08193_/S0                              0.75    1.01   -0.26 (VIOLATED)
_08364_/S0                              0.75    1.01   -0.26 (VIOLATED)
_08593_/A1                              0.75    1.01   -0.26 (VIOLATED)
_08678_/A1                              0.75    1.01   -0.26 (VIOLATED)
_08755_/A1                              0.75    1.01   -0.26 (VIOLATED)
_08905_/A1                              0.75    1.01   -0.26 (VIOLATED)
_08393_/S0                              0.75    1.01   -0.26 (VIOLATED)
_09463_/A1                              0.75    1.01   -0.26 (VIOLATED)
_08972_/A1                              0.75    1.01   -0.26 (VIOLATED)
_09548_/A1                              0.75    1.01   -0.26 (VIOLATED)
_09519_/A1                              0.75    1.01   -0.26 (VIOLATED)
_09040_/A1                              0.75    1.01   -0.26 (VIOLATED)
_08576_/X                               0.75    1.01   -0.26 (VIOLATED)
_09249_/A1                              0.75    1.01   -0.26 (VIOLATED)
_08027_/X                               0.75    1.01   -0.26 (VIOLATED)
_08766_/S0                              0.75    1.01   -0.26 (VIOLATED)
_08827_/S0                              0.75    1.01   -0.26 (VIOLATED)
_08862_/A                               0.75    1.01   -0.26 (VIOLATED)
_09173_/S0                              0.75    1.01   -0.26 (VIOLATED)
_09112_/S0                              0.75    1.01   -0.26 (VIOLATED)
_09051_/S0                              0.75    1.01   -0.26 (VIOLATED)
_09431_/S0                              0.75    1.01   -0.26 (VIOLATED)
_09487_/S0                              0.75    1.01   -0.26 (VIOLATED)
_09375_/S0                              0.75    1.01   -0.26 (VIOLATED)
_08721_/X                               0.75    1.01   -0.26 (VIOLATED)
_08723_/S0                              0.75    1.01   -0.26 (VIOLATED)
_09402_/S0                              0.75    1.01   -0.26 (VIOLATED)
_09230_/S0                              0.75    1.01   -0.26 (VIOLATED)
_09317_/S0                              0.75    1.01   -0.26 (VIOLATED)
_09346_/S0                              0.75    1.01   -0.26 (VIOLATED)
_09288_/S0                              0.75    1.01   -0.26 (VIOLATED)
_09259_/S0                              0.75    1.01   -0.26 (VIOLATED)
_09139_/S0                              0.75    1.01   -0.26 (VIOLATED)
_09200_/S0                              0.75    1.01   -0.26 (VIOLATED)
_09017_/S0                              0.75    1.01   -0.26 (VIOLATED)
_09078_/S0                              0.75    1.01   -0.26 (VIOLATED)
_09016_/X                               0.75    1.01   -0.26 (VIOLATED)
_08300_/S0                              0.75    1.01   -0.26 (VIOLATED)
_08271_/S0                              0.75    1.01   -0.26 (VIOLATED)
_08187_/S0                              0.75    1.01   -0.26 (VIOLATED)
_08358_/S0                              0.75    1.01   -0.26 (VIOLATED)
_08475_/S0                              0.75    1.01   -0.26 (VIOLATED)
_08416_/S0                              0.75    1.01   -0.26 (VIOLATED)
_08446_/S0                              0.75    1.01   -0.26 (VIOLATED)
_08387_/S0                              0.75    1.01   -0.26 (VIOLATED)
_08157_/S0                              0.75    1.01   -0.26 (VIOLATED)
_08126_/S0                              0.75    1.01   -0.26 (VIOLATED)
_08124_/X                               0.75    1.01   -0.26 (VIOLATED)
_08437_/A1                              0.75    1.00   -0.25 (VIOLATED)
_08466_/A1                              0.75    1.00   -0.25 (VIOLATED)
_08495_/A1                              0.75    1.00   -0.25 (VIOLATED)
_08392_/A1                              0.75    1.00   -0.25 (VIOLATED)
_08192_/A1                              0.75    1.00   -0.25 (VIOLATED)
_08065_/A1                              0.75    1.00   -0.25 (VIOLATED)
_08098_/A1                              0.75    1.00   -0.25 (VIOLATED)
_07722_/A1                              0.75    1.00   -0.25 (VIOLATED)
_07758_/A1                              0.75    1.00   -0.25 (VIOLATED)
_07849_/A1                              0.75    1.00   -0.25 (VIOLATED)
_07715_/X                               0.75    1.00   -0.25 (VIOLATED)
_08601_/S0                              0.75    1.00   -0.25 (VIOLATED)
_08644_/S0                              0.75    1.00   -0.25 (VIOLATED)
_08756_/S0                              0.75    1.00   -0.25 (VIOLATED)
_08679_/S0                              0.75    1.00   -0.25 (VIOLATED)
_08906_/S0                              0.75    1.00   -0.25 (VIOLATED)
_08817_/S0                              0.75    1.00   -0.25 (VIOLATED)
_08875_/S0                              0.75    1.00   -0.25 (VIOLATED)
_08973_/S0                              0.75    1.00   -0.25 (VIOLATED)
_08942_/S0                              0.75    1.00   -0.25 (VIOLATED)
_08599_/X                               0.75    1.00   -0.25 (VIOLATED)
_09557_/S0                              0.75    1.00   -0.25 (VIOLATED)
_09329_/A                               0.75    0.99   -0.24 (VIOLATED)
_09358_/A                               0.75    0.99   -0.24 (VIOLATED)
_09414_/A                               0.75    0.99   -0.24 (VIOLATED)
_08520_/A                               0.75    0.99   -0.24 (VIOLATED)
_09014_/A                               0.75    0.99   -0.24 (VIOLATED)
_09470_/A                               0.75    0.99   -0.24 (VIOLATED)
_09526_/A                               0.75    0.99   -0.24 (VIOLATED)
_09555_/A                               0.75    0.99   -0.24 (VIOLATED)
_08614_/S                               0.75    0.99   -0.24 (VIOLATED)
_08651_/S                               0.75    0.99   -0.24 (VIOLATED)
_08519_/X                               0.75    0.99   -0.24 (VIOLATED)
_09352_/S0                              0.75    0.99   -0.24 (VIOLATED)
_09323_/S0                              0.75    0.99   -0.24 (VIOLATED)
_09236_/S0                              0.75    0.99   -0.24 (VIOLATED)
_09265_/S0                              0.75    0.99   -0.24 (VIOLATED)
_09464_/S0                              0.75    0.99   -0.24 (VIOLATED)
_09408_/S0                              0.75    0.99   -0.24 (VIOLATED)
_09294_/S0                              0.75    0.99   -0.24 (VIOLATED)
_09520_/S0                              0.75    0.99   -0.24 (VIOLATED)
_09549_/S0                              0.75    0.99   -0.24 (VIOLATED)
_08541_/A_N                             0.75    0.99   -0.24 (VIOLATED)
_08540_/X                               0.75    0.99   -0.24 (VIOLATED)
_08642_/A1                              0.75    0.98   -0.23 (VIOLATED)
_08816_/A1                              0.75    0.98   -0.23 (VIOLATED)
_08874_/A1                              0.75    0.98   -0.23 (VIOLATED)
_09002_/A1                              0.75    0.98   -0.23 (VIOLATED)
_08941_/A1                              0.75    0.98   -0.23 (VIOLATED)
_09101_/A1                              0.75    0.98   -0.23 (VIOLATED)
_09162_/A1                              0.75    0.98   -0.23 (VIOLATED)
_09469_/A1                              0.75    0.98   -0.23 (VIOLATED)
_09554_/A1                              0.75    0.98   -0.23 (VIOLATED)
_09525_/A1                              0.75    0.98   -0.23 (VIOLATED)
_08634_/X                               0.75    0.98   -0.23 (VIOLATED)
_08421_/A1                              0.75    0.98   -0.23 (VIOLATED)
_08509_/A1                              0.75    0.98   -0.23 (VIOLATED)
_08138_/A1                              0.75    0.98   -0.23 (VIOLATED)
_08034_/A1                              0.75    0.98   -0.23 (VIOLATED)
_07890_/A1                              0.75    0.98   -0.23 (VIOLATED)
_07557_/A1                              0.75    0.98   -0.23 (VIOLATED)
_07591_/A1                              0.75    0.98   -0.23 (VIOLATED)
_07921_/A1                              0.75    0.98   -0.23 (VIOLATED)
_07625_/A1                              0.75    0.98   -0.23 (VIOLATED)
_07542_/X                               0.75    0.98   -0.23 (VIOLATED)
_07798_/A1                              0.75    0.98   -0.23 (VIOLATED)
_07821_/S                               0.75    0.98   -0.23 (VIOLATED)
_07548_/A                               0.75    0.98   -0.23 (VIOLATED)
_07693_/S                               0.75    0.98   -0.23 (VIOLATED)
_07953_/S                               0.75    0.98   -0.23 (VIOLATED)
_07981_/S                               0.75    0.98   -0.23 (VIOLATED)
_07664_/S                               0.75    0.98   -0.23 (VIOLATED)
_08204_/S                               0.75    0.98   -0.23 (VIOLATED)
_08231_/S                               0.75    0.98   -0.23 (VIOLATED)
_08067_/A                               0.75    0.98   -0.23 (VIOLATED)
_07530_/A                               0.75    0.98   -0.23 (VIOLATED)
_07529_/X                               0.75    0.98   -0.23 (VIOLATED)
_07540_/A1                              0.75    0.97   -0.22 (VIOLATED)
_07585_/A1                              0.75    0.97   -0.22 (VIOLATED)
_07618_/A1                              0.75    0.97   -0.22 (VIOLATED)
_07791_/A1                              0.75    0.97   -0.22 (VIOLATED)
_07915_/A1                              0.75    0.97   -0.22 (VIOLATED)
_07884_/A1                              0.75    0.97   -0.22 (VIOLATED)
_08026_/A1                              0.75    0.97   -0.22 (VIOLATED)
_08443_/A1                              0.75    0.97   -0.22 (VIOLATED)
_08472_/A1                              0.75    0.97   -0.22 (VIOLATED)
_08501_/A1                              0.75    0.97   -0.22 (VIOLATED)
_07521_/X                               0.75    0.97   -0.22 (VIOLATED)
_08179_/S0                              0.75    0.96   -0.21 (VIOLATED)
_08263_/S0                              0.75    0.96   -0.21 (VIOLATED)
_08292_/S0                              0.75    0.96   -0.21 (VIOLATED)
_08350_/S0                              0.75    0.96   -0.21 (VIOLATED)
_08408_/S0                              0.75    0.96   -0.21 (VIOLATED)
_08379_/S0                              0.75    0.96   -0.21 (VIOLATED)
_08438_/S0                              0.75    0.96   -0.21 (VIOLATED)
_08467_/S0                              0.75    0.96   -0.21 (VIOLATED)
_08496_/S0                              0.75    0.96   -0.21 (VIOLATED)
_07511_/A1                              0.75    0.96   -0.21 (VIOLATED)
_07510_/X                               0.75    0.96   -0.21 (VIOLATED)
_09307_/A1                              0.75    0.96   -0.21 (VIOLATED)
_09365_/A1                              0.75    0.96   -0.21 (VIOLATED)
_09562_/A1                              0.75    0.96   -0.21 (VIOLATED)
_09168_/A1                              0.75    0.96   -0.21 (VIOLATED)
_09107_/A1                              0.75    0.96   -0.21 (VIOLATED)
_09010_/A1                              0.75    0.96   -0.21 (VIOLATED)
_08947_/A1                              0.75    0.96   -0.21 (VIOLATED)
_08650_/A1                              0.75    0.96   -0.21 (VIOLATED)
_08823_/A1                              0.75    0.96   -0.21 (VIOLATED)
_08643_/X                               0.75    0.96   -0.21 (VIOLATED)
_08881_/A1                              0.75    0.96   -0.21 (VIOLATED)
_08371_/B1                              0.75    0.95   -0.20 (VIOLATED)
_08400_/B1                              0.75    0.95   -0.20 (VIOLATED)
_08429_/B1                              0.75    0.95   -0.20 (VIOLATED)
_08459_/B1                              0.75    0.95   -0.20 (VIOLATED)
_08488_/B1                              0.75    0.95   -0.20 (VIOLATED)
_08517_/B1                              0.75    0.95   -0.20 (VIOLATED)
_08615_/B1                              0.75    0.95   -0.20 (VIOLATED)
_08284_/B1                              0.75    0.95   -0.20 (VIOLATED)
_08313_/B1                              0.75    0.95   -0.20 (VIOLATED)
_08201_/B1                              0.75    0.95   -0.20 (VIOLATED)
_08200_/X                               0.75    0.95   -0.20 (VIOLATED)
_07613_/S0                              0.75    0.95   -0.20 (VIOLATED)
_07752_/S0                              0.75    0.95   -0.20 (VIOLATED)
_07843_/S0                              0.75    0.95   -0.20 (VIOLATED)
_07716_/S0                              0.75    0.95   -0.20 (VIOLATED)
_07785_/S0                              0.75    0.95   -0.20 (VIOLATED)
_07909_/S0                              0.75    0.95   -0.20 (VIOLATED)
_07878_/S0                              0.75    0.95   -0.20 (VIOLATED)
_08021_/S0                              0.75    0.95   -0.20 (VIOLATED)
_07611_/X                               0.75    0.95   -0.20 (VIOLATED)
_08060_/S0                              0.75    0.95   -0.20 (VIOLATED)
_08093_/S0                              0.75    0.95   -0.20 (VIOLATED)
_07461_/A                               0.75    0.94   -0.19 (VIOLATED)
_08502_/A                               0.75    0.94   -0.19 (VIOLATED)
_08356_/A                               0.75    0.94   -0.19 (VIOLATED)
_08414_/A                               0.75    0.94   -0.19 (VIOLATED)
_08385_/A                               0.75    0.94   -0.19 (VIOLATED)
_08039_/A                               0.75    0.94   -0.19 (VIOLATED)
_08444_/A                               0.75    0.94   -0.19 (VIOLATED)
_08473_/A                               0.75    0.94   -0.19 (VIOLATED)
_07558_/S                               0.75    0.94   -0.19 (VIOLATED)
_07592_/S                               0.75    0.94   -0.19 (VIOLATED)
_07460_/X                               0.75    0.94   -0.19 (VIOLATED)
_09336_/A1                              0.75    0.94   -0.19 (VIOLATED)
_09421_/A1                              0.75    0.94   -0.19 (VIOLATED)
_09477_/A1                              0.75    0.94   -0.19 (VIOLATED)
_09533_/A1                              0.75    0.94   -0.19 (VIOLATED)
_09278_/A1                              0.75    0.94   -0.19 (VIOLATED)
_09219_/A1                              0.75    0.94   -0.19 (VIOLATED)
_08613_/A1                              0.75    0.94   -0.19 (VIOLATED)
_08684_/A1                              0.75    0.94   -0.19 (VIOLATED)
_08911_/A1                              0.75    0.94   -0.19 (VIOLATED)
_08762_/A1                              0.75    0.94   -0.19 (VIOLATED)
_08597_/X                               0.75    0.94   -0.19 (VIOLATED)
_08979_/A1                              0.75    0.94   -0.19 (VIOLATED)
_09047_/A1                              0.75    0.94   -0.19 (VIOLATED)
_08622_/C1                              0.75    0.94   -0.19 (VIOLATED)
_08547_/C1                              0.75    0.94   -0.19 (VIOLATED)
_08660_/C1                              0.75    0.94   -0.19 (VIOLATED)
_08740_/C1                              0.75    0.94   -0.19 (VIOLATED)
_09313_/A1                              0.75    0.94   -0.19 (VIOLATED)
_09371_/A1                              0.75    0.94   -0.19 (VIOLATED)
_09255_/A1                              0.75    0.94   -0.19 (VIOLATED)
_09568_/A1                              0.75    0.94   -0.19 (VIOLATED)
_08546_/X                               0.75    0.94   -0.19 (VIOLATED)
_09005_/S0                              0.75    0.94   -0.19 (VIOLATED)
_09041_/S0                              0.75    0.94   -0.19 (VIOLATED)
_09102_/S0                              0.75    0.94   -0.19 (VIOLATED)
_09220_/S0                              0.75    0.94   -0.19 (VIOLATED)
_09279_/S0                              0.75    0.94   -0.19 (VIOLATED)
_09163_/S0                              0.75    0.94   -0.19 (VIOLATED)
_09308_/S0                              0.75    0.94   -0.19 (VIOLATED)
_09337_/S0                              0.75    0.94   -0.19 (VIOLATED)
_09366_/S0                              0.75    0.94   -0.19 (VIOLATED)
_09250_/S0                              0.75    0.94   -0.19 (VIOLATED)
_09003_/X                               0.75    0.94   -0.19 (VIOLATED)
_07792_/S0                              0.75    0.94   -0.19 (VIOLATED)
_07546_/S0                              0.75    0.94   -0.19 (VIOLATED)
_07586_/S0                              0.75    0.94   -0.19 (VIOLATED)
_07619_/S0                              0.75    0.94   -0.19 (VIOLATED)
_07759_/S0                              0.75    0.94   -0.19 (VIOLATED)
_07850_/S0                              0.75    0.94   -0.19 (VIOLATED)
_07724_/S0                              0.75    0.94   -0.19 (VIOLATED)
_07916_/S0                              0.75    0.94   -0.19 (VIOLATED)
_07885_/S0                              0.75    0.94   -0.19 (VIOLATED)
_07544_/X                               0.75    0.94   -0.19 (VIOLATED)
_08504_/S0                              0.75    0.94   -0.19 (VIOLATED)
_07937_/S1                              0.75    0.92   -0.17 (VIOLATED)
_07964_/S1                              0.75    0.92   -0.17 (VIOLATED)
_07992_/S1                              0.75    0.92   -0.17 (VIOLATED)
_07680_/S1                              0.75    0.92   -0.17 (VIOLATED)
_07808_/S1                              0.75    0.92   -0.17 (VIOLATED)
_07958_/S1                              0.75    0.92   -0.17 (VIOLATED)
_07642_/S1                              0.75    0.92   -0.17 (VIOLATED)
_07931_/S1                              0.75    0.92   -0.17 (VIOLATED)
_08242_/S1                              0.75    0.92   -0.17 (VIOLATED)
_08215_/S1                              0.75    0.92   -0.17 (VIOLATED)
_07641_/X                               0.75    0.92   -0.17 (VIOLATED)
_08851_/S0                              0.75    0.91   -0.16 (VIOLATED)
_08733_/S0                              0.75    0.91   -0.16 (VIOLATED)
_08790_/S0                              0.75    0.91   -0.16 (VIOLATED)
_09075_/S0                              0.75    0.91   -0.16 (VIOLATED)
_09136_/S0                              0.75    0.91   -0.16 (VIOLATED)
_09569_/S                               0.75    0.91   -0.16 (VIOLATED)
_09197_/S0                              0.75    0.91   -0.16 (VIOLATED)
_09399_/S0                              0.75    0.91   -0.16 (VIOLATED)
_08550_/A                               0.75    0.91   -0.16 (VIOLATED)
_08549_/X                               0.75    0.91   -0.16 (VIOLATED)
_08923_/A                               0.75    0.91   -0.16 (VIOLATED)
_08655_/S0                              0.75    0.91   -0.16 (VIOLATED)
_08617_/S0                              0.75    0.91   -0.16 (VIOLATED)
_08794_/S0                              0.75    0.91   -0.16 (VIOLATED)
_08854_/S0                              0.75    0.91   -0.16 (VIOLATED)
_08530_/S0                              0.75    0.91   -0.16 (VIOLATED)
_08736_/S0                              0.75    0.91   -0.16 (VIOLATED)
_08885_/S0                              0.75    0.91   -0.16 (VIOLATED)
_08983_/S0                              0.75    0.91   -0.16 (VIOLATED)
_08526_/X                               0.75    0.91   -0.16 (VIOLATED)
_08916_/S0                              0.75    0.91   -0.16 (VIOLATED)
_08951_/S0                              0.75    0.91   -0.16 (VIOLATED)
_08072_/A1                              0.75    0.91   -0.16 (VIOLATED)
_08104_/A1                              0.75    0.91   -0.16 (VIOLATED)
_08198_/A1                              0.75    0.91   -0.16 (VIOLATED)
_08427_/A1                              0.75    0.91   -0.16 (VIOLATED)
_08398_/A1                              0.75    0.91   -0.16 (VIOLATED)
_07567_/C1                              0.75    0.91   -0.16 (VIOLATED)
_07491_/C1                              0.75    0.91   -0.16 (VIOLATED)
_07600_/C1                              0.75    0.91   -0.16 (VIOLATED)
_08515_/A1                              0.75    0.91   -0.16 (VIOLATED)
_07705_/C1                              0.75    0.91   -0.16 (VIOLATED)
_07490_/X                               0.75    0.91   -0.16 (VIOLATED)
_09226_/A1                              0.75    0.91   -0.16 (VIOLATED)
_09284_/A1                              0.75    0.91   -0.16 (VIOLATED)
_09342_/A1                              0.75    0.91   -0.16 (VIOLATED)
_09427_/A1                              0.75    0.91   -0.16 (VIOLATED)
_09483_/A1                              0.75    0.91   -0.16 (VIOLATED)
_09539_/A1                              0.75    0.91   -0.16 (VIOLATED)
_08523_/A                               0.75    0.91   -0.16 (VIOLATED)
_08630_/C1                              0.75    0.91   -0.16 (VIOLATED)
_08568_/C1                              0.75    0.91   -0.16 (VIOLATED)
_08522_/X                               0.75    0.91   -0.16 (VIOLATED)
_09015_/A                               0.75    0.91   -0.16 (VIOLATED)
_08007_/S0                              0.75    0.91   -0.16 (VIOLATED)
_07859_/S0                              0.75    0.91   -0.16 (VIOLATED)
_07894_/S0                              0.75    0.91   -0.16 (VIOLATED)
_07829_/S0                              0.75    0.91   -0.16 (VIOLATED)
_07563_/S0                              0.75    0.91   -0.16 (VIOLATED)
_07472_/S0                              0.75    0.91   -0.16 (VIOLATED)
_07468_/X                               0.75    0.91   -0.16 (VIOLATED)
_07595_/S0                              0.75    0.91   -0.16 (VIOLATED)
_07701_/S0                              0.75    0.91   -0.16 (VIOLATED)
_07736_/S0                              0.75    0.91   -0.16 (VIOLATED)
_07770_/S0                              0.75    0.91   -0.16 (VIOLATED)
_09493_/S0                              0.75    0.91   -0.16 (VIOLATED)
_09437_/S0                              0.75    0.91   -0.16 (VIOLATED)
_09155_/A                               0.75    0.91   -0.16 (VIOLATED)
_09381_/S0                              0.75    0.91   -0.16 (VIOLATED)
_09003_/A                               0.75    0.91   -0.16 (VIOLATED)
_08599_/A                               0.75    0.91   -0.16 (VIOLATED)
_09179_/S0                              0.75    0.91   -0.16 (VIOLATED)
_08671_/A                               0.75    0.91   -0.16 (VIOLATED)
_09118_/S0                              0.75    0.91   -0.16 (VIOLATED)
_08598_/X                               0.75    0.91   -0.16 (VIOLATED)
_09057_/S0                              0.75    0.91   -0.16 (VIOLATED)
_08673_/S0                              0.75    0.90   -0.15 (VIOLATED)
_08750_/S0                              0.75    0.90   -0.15 (VIOLATED)
_08899_/S0                              0.75    0.90   -0.15 (VIOLATED)
_08810_/S0                              0.75    0.90   -0.15 (VIOLATED)
_08869_/S0                              0.75    0.90   -0.15 (VIOLATED)
_08997_/S0                              0.75    0.90   -0.15 (VIOLATED)
_08966_/S0                              0.75    0.90   -0.15 (VIOLATED)
_08935_/S0                              0.75    0.90   -0.15 (VIOLATED)
_08671_/X                               0.75    0.90   -0.15 (VIOLATED)
_09035_/S0                              0.75    0.90   -0.15 (VIOLATED)
_09095_/S0                              0.75    0.90   -0.15 (VIOLATED)
_09302_/S0                              0.75    0.90   -0.15 (VIOLATED)
_09273_/S0                              0.75    0.90   -0.15 (VIOLATED)
_09157_/S0                              0.75    0.90   -0.15 (VIOLATED)
_09214_/S0                              0.75    0.90   -0.15 (VIOLATED)
_09528_/S0                              0.75    0.90   -0.15 (VIOLATED)
_09472_/S0                              0.75    0.90   -0.15 (VIOLATED)
_09416_/S0                              0.75    0.90   -0.15 (VIOLATED)
_09244_/S0                              0.75    0.90   -0.15 (VIOLATED)
_09360_/S0                              0.75    0.90   -0.15 (VIOLATED)
_09155_/X                               0.75    0.90   -0.15 (VIOLATED)
_09331_/S0                              0.75    0.90   -0.15 (VIOLATED)
_08169_/A1                              0.75    0.89   -0.14 (VIOLATED)
_08282_/A1                              0.75    0.89   -0.14 (VIOLATED)
_08311_/A1                              0.75    0.89   -0.14 (VIOLATED)
_08369_/A1                              0.75    0.89   -0.14 (VIOLATED)
_08486_/A1                              0.75    0.89   -0.14 (VIOLATED)
_08457_/A1                              0.75    0.89   -0.14 (VIOLATED)
_07465_/A                               0.75    0.89   -0.14 (VIOLATED)
_07576_/C1                              0.75    0.89   -0.14 (VIOLATED)
_07512_/C1                              0.75    0.89   -0.14 (VIOLATED)
_08040_/A                               0.75    0.89   -0.14 (VIOLATED)
_07464_/X                               0.75    0.89   -0.14 (VIOLATED)
_08051_/S0                              0.75    0.87   -0.12 (VIOLATED)
_08115_/S0                              0.75    0.87   -0.12 (VIOLATED)
_08083_/S0                              0.75    0.87   -0.12 (VIOLATED)
_08149_/S0                              0.75    0.87   -0.12 (VIOLATED)
_08013_/S0                              0.75    0.87   -0.12 (VIOLATED)
_07867_/S0                              0.75    0.87   -0.12 (VIOLATED)
_07901_/S0                              0.75    0.87   -0.12 (VIOLATED)
_07744_/S0                              0.75    0.87   -0.12 (VIOLATED)
_07835_/S0                              0.75    0.87   -0.12 (VIOLATED)
_07743_/X                               0.75    0.87   -0.12 (VIOLATED)
_07776_/S0                              0.75    0.87   -0.12 (VIOLATED)
_09174_/S                               0.75    0.87   -0.12 (VIOLATED)
_09113_/S                               0.75    0.87   -0.12 (VIOLATED)
_09432_/S                               0.75    0.87   -0.12 (VIOLATED)
_09488_/S                               0.75    0.87   -0.12 (VIOLATED)
_09042_/A                               0.75    0.87   -0.12 (VIOLATED)
_08828_/S                               0.75    0.87   -0.12 (VIOLATED)
_09376_/S                               0.75    0.87   -0.12 (VIOLATED)
_09052_/S                               0.75    0.87   -0.12 (VIOLATED)
_08585_/A                               0.75    0.87   -0.12 (VIOLATED)
_08584_/X                               0.75    0.87   -0.12 (VIOLATED)
_08603_/A                               0.75    0.87   -0.12 (VIOLATED)
_07674_/S1                              0.75    0.86   -0.11 (VIOLATED)
_07802_/S1                              0.75    0.86   -0.11 (VIOLATED)
_07631_/S1                              0.75    0.86   -0.11 (VIOLATED)
_07925_/S1                              0.75    0.86   -0.11 (VIOLATED)
_07980_/S1                              0.75    0.86   -0.11 (VIOLATED)
_07952_/S1                              0.75    0.86   -0.11 (VIOLATED)
_08203_/S1                              0.75    0.86   -0.11 (VIOLATED)
_08230_/S1                              0.75    0.86   -0.11 (VIOLATED)
_07663_/S1                              0.75    0.86   -0.11 (VIOLATED)
_07630_/X                               0.75    0.86   -0.11 (VIOLATED)
_08513_/B1_N                            0.75    0.86   -0.11 (VIOLATED)
_09156_/A                               0.75    0.85   -0.10 (VIOLATED)
_09004_/A                               0.75    0.85   -0.10 (VIOLATED)
_08579_/A                               0.75    0.85   -0.10 (VIOLATED)
_08672_/A                               0.75    0.85   -0.10 (VIOLATED)
_08600_/A                               0.75    0.85   -0.10 (VIOLATED)
_09493_/S1                              0.75    0.85   -0.10 (VIOLATED)
_09142_/A                               0.75    0.85   -0.10 (VIOLATED)
_08658_/A                               0.75    0.85   -0.10 (VIOLATED)
_08532_/A                               0.75    0.85   -0.10 (VIOLATED)
_08531_/X                               0.75    0.85   -0.10 (VIOLATED)
_08928_/A                               0.75    0.85   -0.10 (VIOLATED)
_09146_/S0                              0.75    0.83   -0.08 (VIOLATED)
_09206_/S0                              0.75    0.83   -0.08 (VIOLATED)
_09086_/S0                              0.75    0.83   -0.08 (VIOLATED)
_08802_/S0                              0.75    0.83   -0.08 (VIOLATED)
_09026_/S0                              0.75    0.83   -0.08 (VIOLATED)
_08891_/S0                              0.75    0.83   -0.08 (VIOLATED)
_08860_/S0                              0.75    0.83   -0.08 (VIOLATED)
_08924_/S0                              0.75    0.83   -0.08 (VIOLATED)
_08989_/S0                              0.75    0.83   -0.08 (VIOLATED)
_08957_/S0                              0.75    0.83   -0.08 (VIOLATED)
_08801_/X                               0.75    0.83   -0.08 (VIOLATED)
_08248_/S1                              0.75    0.83   -0.08 (VIOLATED)
_08221_/S1                              0.75    0.83   -0.08 (VIOLATED)
_07998_/S1                              0.75    0.83   -0.08 (VIOLATED)
_07970_/S1                              0.75    0.83   -0.08 (VIOLATED)
_07943_/S1                              0.75    0.83   -0.08 (VIOLATED)
_07820_/S1                              0.75    0.83   -0.08 (VIOLATED)
_07814_/S1                              0.75    0.83   -0.08 (VIOLATED)
_07692_/S1                              0.75    0.83   -0.08 (VIOLATED)
_07686_/S1                              0.75    0.83   -0.08 (VIOLATED)
_07654_/S1                              0.75    0.83   -0.08 (VIOLATED)
_08003_/A1                              0.75    0.83   -0.08 (VIOLATED)
_07975_/A1                              0.75    0.83   -0.08 (VIOLATED)
_07948_/A1                              0.75    0.83   -0.08 (VIOLATED)
_07653_/X                               0.75    0.83   -0.08 (VIOLATED)
_07825_/A1                              0.75    0.83   -0.08 (VIOLATED)
_07542_/A                               0.75    0.83   -0.08 (VIOLATED)
_07715_/A                               0.75    0.83   -0.08 (VIOLATED)
_07697_/A1                              0.75    0.83   -0.08 (VIOLATED)
_07670_/A1                              0.75    0.83   -0.08 (VIOLATED)
_08500_/C1                              0.75    0.83   -0.08 (VIOLATED)
_08226_/A1                              0.75    0.83   -0.08 (VIOLATED)
_07541_/X                               0.75    0.83   -0.08 (VIOLATED)
_07753_/A                               0.75    0.83   -0.08 (VIOLATED)
_07550_/A                               0.75    0.83   -0.08 (VIOLATED)
_07761_/A                               0.75    0.83   -0.08 (VIOLATED)
_07880_/A                               0.75    0.83   -0.08 (VIOLATED)
_07675_/S                               0.75    0.83   -0.08 (VIOLATED)
_07803_/S                               0.75    0.83   -0.08 (VIOLATED)
_07523_/A                               0.75    0.83   -0.08 (VIOLATED)
_07632_/S                               0.75    0.83   -0.08 (VIOLATED)
_07926_/S                               0.75    0.83   -0.08 (VIOLATED)
_08238_/A_N                             0.75    0.83   -0.08 (VIOLATED)
_07522_/X                               0.75    0.83   -0.08 (VIOLATED)
_08801_/A                               0.75    0.82   -0.07 (VIOLATED)
_08540_/A                               0.75    0.82   -0.07 (VIOLATED)
_08690_/S0                              0.75    0.82   -0.07 (VIOLATED)
_08619_/A                               0.75    0.82   -0.07 (VIOLATED)
_09080_/A                               0.75    0.82   -0.07 (VIOLATED)
_08566_/A                               0.75    0.82   -0.07 (VIOLATED)
_08960_/A                               0.75    0.82   -0.07 (VIOLATED)
_09564_/S                               0.75    0.82   -0.07 (VIOLATED)
_09535_/S                               0.75    0.82   -0.07 (VIOLATED)
_09479_/S                               0.75    0.82   -0.07 (VIOLATED)
_08539_/X                               0.75    0.82   -0.07 (VIOLATED)
_07497_/A                               0.75    0.82   -0.07 (VIOLATED)
_08249_/S                               0.75    0.82   -0.07 (VIOLATED)
_08222_/S                               0.75    0.82   -0.07 (VIOLATED)
_07999_/S                               0.75    0.82   -0.07 (VIOLATED)
_07971_/S                               0.75    0.82   -0.07 (VIOLATED)
_07944_/S                               0.75    0.82   -0.07 (VIOLATED)
_07815_/S                               0.75    0.82   -0.07 (VIOLATED)
_07467_/A                               0.75    0.82   -0.07 (VIOLATED)
_07687_/S                               0.75    0.82   -0.07 (VIOLATED)
_07656_/S                               0.75    0.82   -0.07 (VIOLATED)
_07466_/X                               0.75    0.82   -0.07 (VIOLATED)
_08076_/S1                              0.75    0.81   -0.06 (VIOLATED)
_08143_/S1                              0.75    0.81   -0.06 (VIOLATED)
_08108_/S1                              0.75    0.81   -0.06 (VIOLATED)
_08042_/S1                              0.75    0.81   -0.06 (VIOLATED)
_08007_/S1                              0.75    0.81   -0.06 (VIOLATED)
_07894_/S1                              0.75    0.81   -0.06 (VIOLATED)
_07859_/S1                              0.75    0.81   -0.06 (VIOLATED)
_07770_/S1                              0.75    0.81   -0.06 (VIOLATED)
_07736_/S1                              0.75    0.81   -0.06 (VIOLATED)
_07735_/X                               0.75    0.81   -0.06 (VIOLATED)
_07829_/S1                              0.75    0.81   -0.06 (VIOLATED)
_08252_/A1                              0.75    0.81   -0.06 (VIOLATED)
_08225_/A1                              0.75    0.81   -0.06 (VIOLATED)
_08002_/A1                              0.75    0.81   -0.06 (VIOLATED)
_07974_/A1                              0.75    0.81   -0.06 (VIOLATED)
_07947_/A1                              0.75    0.81   -0.06 (VIOLATED)
_07824_/A1                              0.75    0.81   -0.06 (VIOLATED)
_07696_/A1                              0.75    0.81   -0.06 (VIOLATED)
_07661_/A1                              0.75    0.81   -0.06 (VIOLATED)
_07669_/A1                              0.75    0.81   -0.06 (VIOLATED)
_07655_/X                               0.75    0.81   -0.06 (VIOLATED)
_08234_/A1                              0.75    0.81   -0.06 (VIOLATED)
_07757_/C1                              0.75    0.80   -0.05 (VIOLATED)
_07848_/C1                              0.75    0.80   -0.05 (VIOLATED)
_07721_/C1                              0.75    0.80   -0.05 (VIOLATED)
_08064_/C1                              0.75    0.80   -0.05 (VIOLATED)
_08235_/A1                              0.75    0.80   -0.05 (VIOLATED)
_08391_/C1                              0.75    0.80   -0.05 (VIOLATED)
_08508_/C1                              0.75    0.80   -0.05 (VIOLATED)
_08420_/C1                              0.75    0.80   -0.05 (VIOLATED)
_08097_/C1                              0.75    0.80   -0.05 (VIOLATED)
_07720_/X                               0.75    0.80   -0.05 (VIOLATED)
_08191_/C1                              0.75    0.80   -0.05 (VIOLATED)
_09192_/S                               0.75    0.80   -0.05 (VIOLATED)
_09131_/S                               0.75    0.80   -0.05 (VIOLATED)
_09070_/S                               0.75    0.80   -0.05 (VIOLATED)
_08785_/S                               0.75    0.80   -0.05 (VIOLATED)
_08846_/S                               0.75    0.80   -0.05 (VIOLATED)
_09450_/S                               0.75    0.80   -0.05 (VIOLATED)
_09506_/S                               0.75    0.80   -0.05 (VIOLATED)
_08554_/A                               0.75    0.80   -0.05 (VIOLATED)
_09394_/S                               0.75    0.80   -0.05 (VIOLATED)
_08553_/X                               0.75    0.80   -0.05 (VIOLATED)
_08725_/S                               0.75    0.80   -0.05 (VIOLATED)
_08306_/S1                              0.75    0.79   -0.04 (VIOLATED)
_08277_/S1                              0.75    0.79   -0.04 (VIOLATED)
_08132_/S1                              0.75    0.79   -0.04 (VIOLATED)
_08193_/S1                              0.75    0.79   -0.04 (VIOLATED)
_08364_/S1                              0.75    0.79   -0.04 (VIOLATED)
_08163_/S1                              0.75    0.79   -0.04 (VIOLATED)
_08099_/S1                              0.75    0.79   -0.04 (VIOLATED)
_08029_/S1                              0.75    0.79   -0.04 (VIOLATED)
_08393_/S1                              0.75    0.79   -0.04 (VIOLATED)
_08066_/S1                              0.75    0.79   -0.04 (VIOLATED)
_08028_/X                               0.75    0.79   -0.04 (VIOLATED)
_09422_/S0                              0.75    0.79   -0.04 (VIOLATED)
_09478_/S0                              0.75    0.79   -0.04 (VIOLATED)
_09534_/S0                              0.75    0.79   -0.04 (VIOLATED)
_09563_/S0                              0.75    0.79   -0.04 (VIOLATED)
_08590_/A2                              0.75    0.79   -0.04 (VIOLATED)
_08753_/A2                              0.75    0.79   -0.04 (VIOLATED)
_08639_/A2                              0.75    0.79   -0.04 (VIOLATED)
_08676_/A2                              0.75    0.79   -0.04 (VIOLATED)
_08814_/A2                              0.75    0.79   -0.04 (VIOLATED)
_08872_/A2                              0.75    0.79   -0.04 (VIOLATED)
_08588_/X                               0.75    0.79   -0.04 (VIOLATED)
_08481_/S0                              0.75    0.78   -0.03 (VIOLATED)
_08422_/S0                              0.75    0.78   -0.03 (VIOLATED)
_08452_/S0                              0.75    0.78   -0.03 (VIOLATED)
_07616_/A1                              0.75    0.78   -0.03 (VIOLATED)
_07537_/A1                              0.75    0.78   -0.03 (VIOLATED)
_07583_/A1                              0.75    0.78   -0.03 (VIOLATED)
_07756_/A1                              0.75    0.78   -0.03 (VIOLATED)
_07789_/A1                              0.75    0.78   -0.03 (VIOLATED)
_07719_/A1                              0.75    0.78   -0.03 (VIOLATED)
_08510_/S0                              0.75    0.78   -0.03 (VIOLATED)
_07534_/X                               0.75    0.78   -0.03 (VIOLATED)
_09543_/S1                              0.75    0.78   -0.03 (VIOLATED)
_08559_/S1                              0.75    0.78   -0.03 (VIOLATED)
_09514_/S1                              0.75    0.78   -0.03 (VIOLATED)
_09458_/S1                              0.75    0.78   -0.03 (VIOLATED)
_09402_/S1                              0.75    0.78   -0.03 (VIOLATED)
_09230_/S1                              0.75    0.78   -0.03 (VIOLATED)
_09259_/S1                              0.75    0.78   -0.03 (VIOLATED)
_09317_/S1                              0.75    0.78   -0.03 (VIOLATED)
_09288_/S1                              0.75    0.78   -0.03 (VIOLATED)
_08558_/X                               0.75    0.78   -0.03 (VIOLATED)
_09346_/S1                              0.75    0.78   -0.03 (VIOLATED)
_08286_/S1                              0.75    0.78   -0.03 (VIOLATED)
_08257_/S1                              0.75    0.78   -0.03 (VIOLATED)
_08173_/S1                              0.75    0.78   -0.03 (VIOLATED)
_07502_/S1                              0.75    0.78   -0.03 (VIOLATED)
_08344_/S1                              0.75    0.78   -0.03 (VIOLATED)
_08402_/S1                              0.75    0.78   -0.03 (VIOLATED)
_08432_/S1                              0.75    0.78   -0.03 (VIOLATED)
_08373_/S1                              0.75    0.78   -0.03 (VIOLATED)
_08490_/S1                              0.75    0.78   -0.03 (VIOLATED)
_08461_/S1                              0.75    0.78   -0.03 (VIOLATED)
_07501_/X                               0.75    0.78   -0.03 (VIOLATED)
_09139_/S1                              0.75    0.78   -0.03 (VIOLATED)
_09200_/S1                              0.75    0.78   -0.03 (VIOLATED)
_09017_/S1                              0.75    0.78   -0.03 (VIOLATED)
_09078_/S1                              0.75    0.78   -0.03 (VIOLATED)
_08916_/S1                              0.75    0.78   -0.03 (VIOLATED)
_08951_/S1                              0.75    0.78   -0.03 (VIOLATED)
_08983_/S1                              0.75    0.78   -0.03 (VIOLATED)
_08854_/S1                              0.75    0.78   -0.03 (VIOLATED)
_08794_/S1                              0.75    0.78   -0.03 (VIOLATED)
_08885_/S1                              0.75    0.78   -0.03 (VIOLATED)
_08793_/X                               0.75    0.78   -0.03 (VIOLATED)
_08216_/S                               0.75    0.77   -0.02 (VIOLATED)
_08243_/S                               0.75    0.77   -0.02 (VIOLATED)
_07938_/S                               0.75    0.77   -0.02 (VIOLATED)
_07809_/S                               0.75    0.77   -0.02 (VIOLATED)
_07681_/S                               0.75    0.77   -0.02 (VIOLATED)
_07965_/S                               0.75    0.77   -0.02 (VIOLATED)
_07645_/S                               0.75    0.77   -0.02 (VIOLATED)
_07932_/S                               0.75    0.77   -0.02 (VIOLATED)
_07959_/S                               0.75    0.77   -0.02 (VIOLATED)
_07993_/S                               0.75    0.77   -0.02 (VIOLATED)
_07644_/X                               0.75    0.77   -0.02 (VIOLATED)
_08662_/S0                              0.75    0.77   -0.02 (VIOLATED)
_08625_/S0                              0.75    0.77   -0.02 (VIOLATED)
_08559_/S0                              0.75    0.77   -0.02 (VIOLATED)
_08742_/S0                              0.75    0.77   -0.02 (VIOLATED)
_09546_/A2                              0.75    0.77   -0.02 (VIOLATED)
_09517_/A2                              0.75    0.77   -0.02 (VIOLATED)
_09349_/A2                              0.75    0.77   -0.02 (VIOLATED)
_08555_/X                               0.75    0.77   -0.02 (VIOLATED)
_09320_/A2                              0.75    0.77   -0.02 (VIOLATED)
_09405_/A2                              0.75    0.77   -0.02 (VIOLATED)
_09461_/A2                              0.75    0.77   -0.02 (VIOLATED)
_07513_/A1                              0.75    0.76   -0.01 (VIOLATED)
_07577_/A1                              0.75    0.76   -0.01 (VIOLATED)
_07608_/A1                              0.75    0.76   -0.01 (VIOLATED)
_07749_/A1                              0.75    0.76   -0.01 (VIOLATED)
_07840_/A1                              0.75    0.76   -0.01 (VIOLATED)
_07712_/A1                              0.75    0.76   -0.01 (VIOLATED)
_07782_/A1                              0.75    0.76   -0.01 (VIOLATED)
_07906_/A1                              0.75    0.76   -0.01 (VIOLATED)
_07874_/A1                              0.75    0.76   -0.01 (VIOLATED)
_08018_/A1                              0.75    0.76   -0.01 (VIOLATED)
_07496_/X                               0.75    0.76   -0.01 (VIOLATED)
_07486_/B1_N                            0.75    0.76   -0.01 (VIOLATED)
_07566_/B1_N                            0.75    0.76   -0.01 (VIOLATED)
_07476_/A                               0.75    0.76   -0.01 (VIOLATED)
_07503_/A                               0.75    0.76   -0.01 (VIOLATED)
_08043_/A                               0.75    0.76   -0.01 (VIOLATED)
_07868_/A                               0.75    0.76   -0.01 (VIOLATED)
_08452_/S1                              0.75    0.76   -0.01 (VIOLATED)
_08510_/S1                              0.75    0.76   -0.01 (VIOLATED)
_07475_/X                               0.75    0.76   -0.01 (VIOLATED)
_08422_/S1                              0.75    0.76   -0.01 (VIOLATED)
_08481_/S1                              0.75    0.76   -0.01 (VIOLATED)
_05850_/S                               0.75    0.75   -0.00 (VIOLATED)
_05853_/S                               0.75    0.75   -0.00 (VIOLATED)
_05847_/S                               0.75    0.75   -0.00 (VIOLATED)
_05841_/S                               0.75    0.75   -0.00 (VIOLATED)
_05859_/S                               0.75    0.75   -0.00 (VIOLATED)
_05844_/S                               0.75    0.75   -0.00 (VIOLATED)
_05838_/S                               0.75    0.75   -0.00 (VIOLATED)
_05832_/S                               0.75    0.75   -0.00 (VIOLATED)
_05835_/S                               0.75    0.75   -0.00 (VIOLATED)
_05856_/S                               0.75    0.75   -0.00 (VIOLATED)
_05831_/X                               0.75    0.75   -0.00 (VIOLATED)
_07602_/S0                              0.75    0.75   -0.00 (VIOLATED)
_07570_/S0                              0.75    0.75   -0.00 (VIOLATED)
_07502_/S0                              0.75    0.75   -0.00 (VIOLATED)
_07707_/S0                              0.75    0.75   -0.00 (VIOLATED)
_08493_/A1                              0.75    0.75   -0.00 (VIOLATED)
_08464_/A1                              0.75    0.75   -0.00 (VIOLATED)
_08435_/A1                              0.75    0.75   -0.00 (VIOLATED)
_07498_/X                               0.75    0.75   -0.00 (VIOLATED)
_08347_/A1                              0.75    0.75   -0.00 (VIOLATED)
_08376_/A1                              0.75    0.75   -0.00 (VIOLATED)
_08405_/A1                              0.75    0.75   -0.00 (VIOLATED)
_07063_/S                               0.75    0.75   -0.00 (VIOLATED)
_07069_/S                               0.75    0.75   -0.00 (VIOLATED)
_07067_/S                               0.75    0.75   -0.00 (VIOLATED)
_07061_/S                               0.75    0.75   -0.00 (VIOLATED)
_07065_/S                               0.75    0.75   -0.00 (VIOLATED)
_07051_/S                               0.75    0.75   -0.00 (VIOLATED)
_07055_/S                               0.75    0.75   -0.00 (VIOLATED)
_07053_/S                               0.75    0.75   -0.00 (VIOLATED)
_07059_/S                               0.75    0.75   -0.00 (VIOLATED)
_07057_/S                               0.75    0.75   -0.00 (VIOLATED)
_07050_/X                               0.75    0.75   -0.00 (VIOLATED)


max slew violations count Typical: 748
max fanout violations count Typical: 0
max cap violations count Typical: 0

===========================================================================
report_parasitic_annotation -report_unannotated
============================================================================
Found 1 unannotated drivers.
 clk
Found 0 partially unannotated drivers.

===========================================================================
max slew violation count 748
max fanout violation count 0
max cap violation count 0
============================================================================

===========================================================================
check_setup -verbose -unconstrained_endpoints -multiple_clock -no_clock -no_input_delay -loops -generated_clocks
===========================================================================
