
===========================================================================
 report_power
============================================================================
======================= Fastest Corner ===================================

Group                  Internal  Switching    Leakage      Total
                          Power      Power      Power      Power (Watts)
----------------------------------------------------------------
Sequential             6.07e-04   2.15e-03   3.57e-08   2.76e-03  10.6%
Combinational          3.23e-03   1.92e-02   1.04e-07   2.24e-02  85.9%
Clock                  4.53e-04   4.74e-04   6.24e-08   9.27e-04   3.6%
Macro                  0.00e+00   0.00e+00   0.00e+00   0.00e+00   0.0%
Pad                    0.00e+00   0.00e+00   0.00e+00   0.00e+00   0.0%
----------------------------------------------------------------
Total                  4.29e-03   2.18e-02   2.02e-07   2.61e-02 100.0%
                          16.4%      83.6%       0.0%

======================= Slowest Corner ===================================

Group                  Internal  Switching    Leakage      Total
                          Power      Power      Power      Power (Watts)
----------------------------------------------------------------
Sequential             4.22e-04   1.45e-03   6.72e-06   1.88e-03  10.6%
Combinational          2.26e-03   1.29e-02   2.75e-05   1.52e-02  85.8%
Clock                  3.23e-04   3.17e-04   2.54e-06   6.42e-04   3.6%
Macro                  0.00e+00   0.00e+00   0.00e+00   0.00e+00   0.0%
Pad                    0.00e+00   0.00e+00   0.00e+00   0.00e+00   0.0%
----------------------------------------------------------------
Total                  3.01e-03   1.47e-02   3.67e-05   1.78e-02 100.0%
                          17.0%      82.8%       0.2%

======================= Typical Corner ===================================

Group                  Internal  Switching    Leakage      Total
                          Power      Power      Power      Power (Watts)
----------------------------------------------------------------
Sequential             5.29e-04   1.83e-03   2.65e-08   2.36e-03  10.6%
Combinational          2.82e-03   1.64e-02   1.96e-08   1.92e-02  85.8%
Clock                  3.96e-04   4.02e-04   5.67e-08   7.99e-04   3.6%
Macro                  0.00e+00   0.00e+00   0.00e+00   0.00e+00   0.0%
Pad                    0.00e+00   0.00e+00   0.00e+00   0.00e+00   0.0%
----------------------------------------------------------------
Total                  3.74e-03   1.86e-02   1.03e-07   2.23e-02 100.0%
                          16.7%      83.3%       0.0%

