Sat May 03 17:12:16 +0000 2025 - Executing "{openroad -exit -no_init -python /Users/andacerdogan/OpenLane/scripts/odbpy/lefutil.py get_metal_layers -o /Users/andacerdogan/OpenLane/designs/alu/runs/RUN_2025.05.03_17.12.16/tmp/layers.list /Users/andacerdogan/.volare/sky130A/libs.ref/sky130_fd_sc_hd/techlef/sky130_fd_sc_hd__nom.tlef}"

Sat May 03 17:12:16 +0000 2025 - Executing "{/Users/andacerdogan/OpenLane/scripts/mergeLef.py -o /Users/andacerdogan/OpenLane/designs/alu/runs/RUN_2025.05.03_17.12.16/tmp/merged.nom.lef -i /Users/andacerdogan/.volare/sky130A/libs.ref/sky130_fd_sc_hd/techlef/sky130_fd_sc_hd__nom.tlef {/Users/andacerdogan/.volare/sky130A/libs.ref/sky130_fd_sc_hd/lef/sky130_ef_sc_hd.lef /Users/andacerdogan/.volare/sky130A/libs.ref/sky130_fd_sc_hd/lef/sky130_fd_sc_hd.lef} |& tee /dev/null}"

Sat May 03 17:12:16 +0000 2025 - Executing "{/Users/andacerdogan/OpenLane/scripts/mergeLef.py -o /Users/andacerdogan/OpenLane/designs/alu/runs/RUN_2025.05.03_17.12.16/tmp/merged.min.lef -i /Users/andacerdogan/.volare/sky130A/libs.ref/sky130_fd_sc_hd/techlef/sky130_fd_sc_hd__min.tlef {/Users/andacerdogan/.volare/sky130A/libs.ref/sky130_fd_sc_hd/lef/sky130_ef_sc_hd.lef /Users/andacerdogan/.volare/sky130A/libs.ref/sky130_fd_sc_hd/lef/sky130_fd_sc_hd.lef} |& tee /dev/null}"

Sat May 03 17:12:16 +0000 2025 - Executing "{/Users/andacerdogan/OpenLane/scripts/mergeLef.py -o /Users/andacerdogan/OpenLane/designs/alu/runs/RUN_2025.05.03_17.12.16/tmp/merged.max.lef -i /Users/andacerdogan/.volare/sky130A/libs.ref/sky130_fd_sc_hd/techlef/sky130_fd_sc_hd__max.tlef {/Users/andacerdogan/.volare/sky130A/libs.ref/sky130_fd_sc_hd/lef/sky130_ef_sc_hd.lef /Users/andacerdogan/.volare/sky130A/libs.ref/sky130_fd_sc_hd/lef/sky130_fd_sc_hd.lef} |& tee /dev/null}"

Sat May 03 17:12:16 +0000 2025 - Executing "{python3 /Users/andacerdogan/OpenLane/scripts/mergeLib.py --output /Users/andacerdogan/OpenLane/designs/alu/runs/RUN_2025.05.03_17.12.16/tmp/synthesis/merged.lib --name sky130A_merged /Users/andacerdogan/.volare/sky130A/libs.ref/sky130_fd_sc_hd/lib/sky130_fd_sc_hd__tt_025C_1v80.lib}"

Sat May 03 17:12:16 +0000 2025 - Executing "{python3 /Users/andacerdogan/OpenLane/scripts/libtrim.py --cell-file /Users/andacerdogan/OpenLane/designs/alu/runs/RUN_2025.05.03_17.12.16/tmp/synthesis/trimmed.lib.exclude.list --output /Users/andacerdogan/OpenLane/designs/alu/runs/RUN_2025.05.03_17.12.16/tmp/synthesis/trimmed.lib /Users/andacerdogan/OpenLane/designs/alu/runs/RUN_2025.05.03_17.12.16/tmp/synthesis/merged.lib}"

Sat May 03 17:12:16 +0000 2025 - Executing "{python3 /Users/andacerdogan/OpenLane/scripts/libtrim.py --cell-file /Users/andacerdogan/OpenLane/designs/alu/runs/RUN_2025.05.03_17.12.16/tmp/cts/cts.lib.exclude.list --output /Users/andacerdogan/OpenLane/designs/alu/runs/RUN_2025.05.03_17.12.16/tmp/cts/cts.lib /Users/andacerdogan/.volare/sky130A/libs.ref/sky130_fd_sc_hd/lib/sky130_fd_sc_hd__tt_025C_1v80.lib}"

Sat May 03 17:12:16 +0000 2025 - Executing "{python3 /Users/andacerdogan/OpenLane/scripts/libtrim.py --cell-file /Users/andacerdogan/OpenLane/designs/alu/runs/RUN_2025.05.03_17.12.16/tmp/cts/cts-fastest.lib.exclude.list --output /Users/andacerdogan/OpenLane/designs/alu/runs/RUN_2025.05.03_17.12.16/tmp/cts/cts-fastest.lib /Users/andacerdogan/.volare/sky130A/libs.ref/sky130_fd_sc_hd/lib/sky130_fd_sc_hd__ff_n40C_1v95.lib}"

Sat May 03 17:12:17 +0000 2025 - Executing "{python3 /Users/andacerdogan/OpenLane/scripts/libtrim.py --cell-file /Users/andacerdogan/OpenLane/designs/alu/runs/RUN_2025.05.03_17.12.16/tmp/cts/cts-slowest.lib.exclude.list --output /Users/andacerdogan/OpenLane/designs/alu/runs/RUN_2025.05.03_17.12.16/tmp/cts/cts-slowest.lib /Users/andacerdogan/.volare/sky130A/libs.ref/sky130_fd_sc_hd/lib/sky130_fd_sc_hd__ss_100C_1v60.lib}"

Sat May 03 17:12:17 +0000 2025 - Executing "{python3 /Users/andacerdogan/OpenLane/scripts/new_tracks.py -i /Users/andacerdogan/.volare/sky130A/libs.tech/openlane/sky130_fd_sc_hd/tracks.info -o /Users/andacerdogan/OpenLane/designs/alu/runs/RUN_2025.05.03_17.12.16/tmp/routing/config.tracks}"

Sat May 03 17:12:17 +0000 2025 - Executing "{echo {OpenLane e73fb3c57e687a0023fcd4dcfd1566ecd478362a} > /Users/andacerdogan/OpenLane/designs/alu/runs/RUN_2025.05.03_17.12.16/OPENLANE_COMMIT}"

Sat May 03 17:12:17 +0000 2025 - Executing "{yosys -c /Users/andacerdogan/OpenLane/scripts/yosys/blackbox.tcl}"

Sat May 03 17:12:17 +0000 2025 - Executing "{verilator -Wall --lint-only --Wno-DECLFILENAME --top-module alu /Users/andacerdogan/OpenLane/designs/alu/runs/RUN_2025.05.03_17.12.16/tmp/synthesis/blackbox/sky130_fd_sc_hd__blackbox.v /Users/andacerdogan/OpenLane/designs/alu/src/alu.v -Wno-fatal --relative-includes |& tee /Users/andacerdogan/OpenLane/designs/alu/runs/RUN_2025.05.03_17.12.16/logs/synthesis/linter.log /dev/null}"

Sat May 03 17:12:17 +0000 2025 - Executing "{sed -E {s/^([[:space:]]+)pg_pin(.*)/\1pin\2\n\1    direction : "inout";/g} /Users/andacerdogan/.volare/sky130A/libs.ref/sky130_fd_sc_hd/lib/sky130_fd_sc_hd__tt_025C_1v80.lib > /Users/andacerdogan/OpenLane/designs/alu/runs/RUN_2025.05.03_17.12.16/tmp/synthesis/1-sky130_fd_sc_hd__tt_025C_1v80.no_pg.lib}"

Sat May 03 17:12:18 +0000 2025 - Executing "{sed -E {s/^([[:space:]]+)pg_pin(.*)/\1pin\2\n\1    direction : "inout";/g} /Users/andacerdogan/OpenLane/designs/alu/runs/RUN_2025.05.03_17.12.16/tmp/synthesis/trimmed.lib > /Users/andacerdogan/OpenLane/designs/alu/runs/RUN_2025.05.03_17.12.16/tmp/synthesis/1-trimmed.no_pg.lib}"

Sat May 03 17:12:18 +0000 2025 - Executing "yosys -c /Users/andacerdogan/OpenLane/scripts/yosys/synth.tcl |& tee /dev/null /Users/andacerdogan/OpenLane/designs/alu/runs/RUN_2025.05.03_17.12.16/logs/synthesis/1-synthesis.log"

Sat May 03 17:12:18 +0000 2025 - Executing "{yosys -c /Users/andacerdogan/OpenLane/scripts/yosys/synth.tcl |& tee /dev/null /Users/andacerdogan/OpenLane/designs/alu/runs/RUN_2025.05.03_17.12.16/logs/synthesis/1-synthesis.log}"

Sat May 03 17:12:18 +0000 2025 - Executing "{sed -i.bak -e {s/\(set ::env(CURRENT_NETLIST)\).*/\1 \/Users\/andacerdogan\/OpenLane\/designs\/alu\/runs\/RUN_2025.05.03_17.12.16\/results\/synthesis\/alu.v/} /Users/andacerdogan/OpenLane/designs/alu/runs/RUN_2025.05.03_17.12.16/config.tcl}"

Sat May 03 17:12:18 +0000 2025 - Executing "{sed -i.bak /defparam/d /Users/andacerdogan/OpenLane/designs/alu/runs/RUN_2025.05.03_17.12.16/results/synthesis/alu.v}"

Sat May 03 17:12:18 +0000 2025 - Executing "sta -exit -no_init /Users/andacerdogan/OpenLane/scripts/openroad/sta/multi_corner.tcl |& tee /dev/null /Users/andacerdogan/OpenLane/designs/alu/runs/RUN_2025.05.03_17.12.16/logs/synthesis/2-sta.log"

Sat May 03 17:12:18 +0000 2025 - Executing "{sta -exit -no_init /Users/andacerdogan/OpenLane/scripts/openroad/sta/multi_corner.tcl |& tee /dev/null /Users/andacerdogan/OpenLane/designs/alu/runs/RUN_2025.05.03_17.12.16/logs/synthesis/2-sta.log}"

Sat May 03 17:12:18 +0000 2025 - Executing "openroad -exit /Users/andacerdogan/OpenLane/scripts/openroad/floorplan.tcl |& tee /dev/null /Users/andacerdogan/OpenLane/designs/alu/runs/RUN_2025.05.03_17.12.16/logs/floorplan/3-initial_fp.log"

Sat May 03 17:12:18 +0000 2025 - Executing "{openroad -exit /Users/andacerdogan/OpenLane/scripts/openroad/floorplan.tcl |& tee /dev/null /Users/andacerdogan/OpenLane/designs/alu/runs/RUN_2025.05.03_17.12.16/logs/floorplan/3-initial_fp.log}"

Sat May 03 17:12:19 +0000 2025 - Executing "{openroad -exit -no_init -python /Users/andacerdogan/OpenLane/scripts/odbpy/snap_to_grid.py --output /Users/andacerdogan/OpenLane/designs/alu/runs/RUN_2025.05.03_17.12.16/tmp/floorplan/3-minimized_pdn.txt --input-lef /Users/andacerdogan/OpenLane/designs/alu/runs/RUN_2025.05.03_17.12.16/tmp/merged.nom.lef 13.3975 13.26 26.795 26.52}"

Sat May 03 17:12:19 +0000 2025 - Executing "{openroad -exit -no_init -python /Users/andacerdogan/OpenLane/scripts/odbpy/defutil.py extract_core_dims --output-data /Users/andacerdogan/OpenLane/designs/alu/runs/RUN_2025.05.03_17.12.16/tmp/dimensions.txt --input-lef /Users/andacerdogan/OpenLane/designs/alu/runs/RUN_2025.05.03_17.12.16/tmp/merged.nom.lef /Users/andacerdogan/OpenLane/designs/alu/runs/RUN_2025.05.03_17.12.16/tmp/floorplan/3-initial_fp.def}"

Sat May 03 17:12:19 +0000 2025 - Executing "openroad -exit /Users/andacerdogan/OpenLane/scripts/openroad/ioplacer.tcl |& tee /dev/null /Users/andacerdogan/OpenLane/designs/alu/runs/RUN_2025.05.03_17.12.16/logs/floorplan/4-io.log"

Sat May 03 17:12:19 +0000 2025 - Executing "{openroad -exit /Users/andacerdogan/OpenLane/scripts/openroad/ioplacer.tcl |& tee /dev/null /Users/andacerdogan/OpenLane/designs/alu/runs/RUN_2025.05.03_17.12.16/logs/floorplan/4-io.log}"

Sat May 03 17:12:19 +0000 2025 - Executing "openroad -exit /Users/andacerdogan/OpenLane/scripts/openroad/tapcell.tcl |& tee /dev/null /Users/andacerdogan/OpenLane/designs/alu/runs/RUN_2025.05.03_17.12.16/logs/floorplan/5-tap.log"

Sat May 03 17:12:19 +0000 2025 - Executing "{openroad -exit /Users/andacerdogan/OpenLane/scripts/openroad/tapcell.tcl |& tee /dev/null /Users/andacerdogan/OpenLane/designs/alu/runs/RUN_2025.05.03_17.12.16/logs/floorplan/5-tap.log}"

Sat May 03 17:12:20 +0000 2025 - Executing "openroad -exit /Users/andacerdogan/OpenLane/scripts/openroad/pdn.tcl |& tee /dev/null /Users/andacerdogan/OpenLane/designs/alu/runs/RUN_2025.05.03_17.12.16/logs/floorplan/6-pdn.log"

Sat May 03 17:12:20 +0000 2025 - Executing "{openroad -exit /Users/andacerdogan/OpenLane/scripts/openroad/pdn.tcl |& tee /dev/null /Users/andacerdogan/OpenLane/designs/alu/runs/RUN_2025.05.03_17.12.16/logs/floorplan/6-pdn.log}"

Sat May 03 17:12:20 +0000 2025 - Executing "openroad -exit /Users/andacerdogan/OpenLane/scripts/openroad/gpl.tcl |& tee /dev/null /Users/andacerdogan/OpenLane/designs/alu/runs/RUN_2025.05.03_17.12.16/logs/placement/6-global_skip_io.log"

Sat May 03 17:12:20 +0000 2025 - Executing "{openroad -exit /Users/andacerdogan/OpenLane/scripts/openroad/gpl.tcl |& tee /dev/null /Users/andacerdogan/OpenLane/designs/alu/runs/RUN_2025.05.03_17.12.16/logs/placement/6-global_skip_io.log}"

Sat May 03 17:12:20 +0000 2025 - Executing "{sed -i.bak -e {s/\(set ::env(CURRENT_NETLIST)\).*/\1 \/Users\/andacerdogan\/OpenLane\/designs\/alu\/runs\/RUN_2025.05.03_17.12.16\/tmp\/placement\/7-global_skip_io.nl.v/} /Users/andacerdogan/OpenLane/designs/alu/runs/RUN_2025.05.03_17.12.16/config.tcl}"

Sat May 03 17:12:20 +0000 2025 - Executing "openroad -exit /Users/andacerdogan/OpenLane/scripts/openroad/sta/multi_corner.tcl |& tee /dev/null /Users/andacerdogan/OpenLane/designs/alu/runs/RUN_2025.05.03_17.12.16/logs/placement/8-gpl_sta.log"

Sat May 03 17:12:20 +0000 2025 - Executing "{openroad -exit /Users/andacerdogan/OpenLane/scripts/openroad/sta/multi_corner.tcl |& tee /dev/null /Users/andacerdogan/OpenLane/designs/alu/runs/RUN_2025.05.03_17.12.16/logs/placement/8-gpl_sta.log}"

Sat May 03 17:12:20 +0000 2025 - Executing "openroad -exit /Users/andacerdogan/OpenLane/scripts/openroad/ioplacer.tcl |& tee /dev/null /Users/andacerdogan/OpenLane/designs/alu/runs/RUN_2025.05.03_17.12.16/logs/placement/9-io.log"

Sat May 03 17:12:20 +0000 2025 - Executing "{openroad -exit /Users/andacerdogan/OpenLane/scripts/openroad/ioplacer.tcl |& tee /dev/null /Users/andacerdogan/OpenLane/designs/alu/runs/RUN_2025.05.03_17.12.16/logs/placement/9-io.log}"

Sat May 03 17:12:21 +0000 2025 - Executing "openroad -exit /Users/andacerdogan/OpenLane/scripts/openroad/gpl.tcl |& tee /dev/null /Users/andacerdogan/OpenLane/designs/alu/runs/RUN_2025.05.03_17.12.16/logs/placement/9-global.log"

Sat May 03 17:12:21 +0000 2025 - Executing "{openroad -exit /Users/andacerdogan/OpenLane/scripts/openroad/gpl.tcl |& tee /dev/null /Users/andacerdogan/OpenLane/designs/alu/runs/RUN_2025.05.03_17.12.16/logs/placement/9-global.log}"

Sat May 03 17:12:21 +0000 2025 - Executing "{sed -i.bak -e {s/\(set ::env(CURRENT_NETLIST)\).*/\1 \/Users\/andacerdogan\/OpenLane\/designs\/alu\/runs\/RUN_2025.05.03_17.12.16\/tmp\/placement\/10-global.nl.v/} /Users/andacerdogan/OpenLane/designs/alu/runs/RUN_2025.05.03_17.12.16/config.tcl}"

Sat May 03 17:12:21 +0000 2025 - Executing "openroad -exit /Users/andacerdogan/OpenLane/scripts/openroad/sta/multi_corner.tcl |& tee /dev/null /Users/andacerdogan/OpenLane/designs/alu/runs/RUN_2025.05.03_17.12.16/logs/placement/11-gpl_sta.log"

Sat May 03 17:12:21 +0000 2025 - Executing "{openroad -exit /Users/andacerdogan/OpenLane/scripts/openroad/sta/multi_corner.tcl |& tee /dev/null /Users/andacerdogan/OpenLane/designs/alu/runs/RUN_2025.05.03_17.12.16/logs/placement/11-gpl_sta.log}"

Sat May 03 17:12:21 +0000 2025 - Executing "openroad -exit /Users/andacerdogan/OpenLane/scripts/openroad/resizer.tcl |& tee /dev/null /Users/andacerdogan/OpenLane/designs/alu/runs/RUN_2025.05.03_17.12.16/logs/placement/12-resizer.log"

Sat May 03 17:12:21 +0000 2025 - Executing "{openroad -exit /Users/andacerdogan/OpenLane/scripts/openroad/resizer.tcl |& tee /dev/null /Users/andacerdogan/OpenLane/designs/alu/runs/RUN_2025.05.03_17.12.16/logs/placement/12-resizer.log}"

Sat May 03 17:12:22 +0000 2025 - Executing "{sed -i.bak -e {s/\(set ::env(CURRENT_NETLIST)\).*/\1 \/Users\/andacerdogan\/OpenLane\/designs\/alu\/runs\/RUN_2025.05.03_17.12.16\/tmp\/placement\/12-resizer.nl.v/} /Users/andacerdogan/OpenLane/designs/alu/runs/RUN_2025.05.03_17.12.16/config.tcl}"

Sat May 03 17:12:22 +0000 2025 - Executing "openroad -exit /Users/andacerdogan/OpenLane/scripts/openroad/dpl.tcl |& tee /dev/null /Users/andacerdogan/OpenLane/designs/alu/runs/RUN_2025.05.03_17.12.16/logs/placement/13-detailed.log"

Sat May 03 17:12:22 +0000 2025 - Executing "{openroad -exit /Users/andacerdogan/OpenLane/scripts/openroad/dpl.tcl |& tee /dev/null /Users/andacerdogan/OpenLane/designs/alu/runs/RUN_2025.05.03_17.12.16/logs/placement/13-detailed.log}"

Sat May 03 17:12:22 +0000 2025 - Executing "{sed -i.bak -e {s/\(set ::env(CURRENT_NETLIST)\).*/\1 \/Users\/andacerdogan\/OpenLane\/designs\/alu\/runs\/RUN_2025.05.03_17.12.16\/results\/placement\/alu.nl.v/} /Users/andacerdogan/OpenLane/designs/alu/runs/RUN_2025.05.03_17.12.16/config.tcl}"

Sat May 03 17:12:22 +0000 2025 - Executing "openroad -exit /Users/andacerdogan/OpenLane/scripts/openroad/sta/multi_corner.tcl |& tee /dev/null /Users/andacerdogan/OpenLane/designs/alu/runs/RUN_2025.05.03_17.12.16/logs/placement/14-dpl_sta.log"

Sat May 03 17:12:22 +0000 2025 - Executing "{openroad -exit /Users/andacerdogan/OpenLane/scripts/openroad/sta/multi_corner.tcl |& tee /dev/null /Users/andacerdogan/OpenLane/designs/alu/runs/RUN_2025.05.03_17.12.16/logs/placement/14-dpl_sta.log}"

Sat May 03 17:12:23 +0000 2025 - Executing "openroad -exit /Users/andacerdogan/OpenLane/scripts/openroad/resizer_timing.tcl |& tee /dev/null /Users/andacerdogan/OpenLane/designs/alu/runs/RUN_2025.05.03_17.12.16/logs/cts/15-resizer.log"

Sat May 03 17:12:23 +0000 2025 - Executing "{openroad -exit /Users/andacerdogan/OpenLane/scripts/openroad/resizer_timing.tcl |& tee /dev/null /Users/andacerdogan/OpenLane/designs/alu/runs/RUN_2025.05.03_17.12.16/logs/cts/15-resizer.log}"

Sat May 03 17:12:24 +0000 2025 - Executing "{sed -i.bak -e {s/\(set ::env(CURRENT_NETLIST)\).*/\1 \/Users\/andacerdogan\/OpenLane\/designs\/alu\/runs\/RUN_2025.05.03_17.12.16\/tmp\/cts\/15-alu.resized.nl.v/} /Users/andacerdogan/OpenLane/designs/alu/runs/RUN_2025.05.03_17.12.16/config.tcl}"

Sat May 03 17:12:24 +0000 2025 - Executing "openroad -exit /Users/andacerdogan/OpenLane/scripts/openroad/resizer_routing_design.tcl |& tee /dev/null /Users/andacerdogan/OpenLane/designs/alu/runs/RUN_2025.05.03_17.12.16/logs/routing/16-resizer_design.log"

Sat May 03 17:12:24 +0000 2025 - Executing "{openroad -exit /Users/andacerdogan/OpenLane/scripts/openroad/resizer_routing_design.tcl |& tee /dev/null /Users/andacerdogan/OpenLane/designs/alu/runs/RUN_2025.05.03_17.12.16/logs/routing/16-resizer_design.log}"

Sat May 03 17:12:25 +0000 2025 - Executing "{sed -i.bak -e {s/\(set ::env(CURRENT_NETLIST)\).*/\1 \/Users\/andacerdogan\/OpenLane\/designs\/alu\/runs\/RUN_2025.05.03_17.12.16\/tmp\/16-alu.nl.v/} /Users/andacerdogan/OpenLane/designs/alu/runs/RUN_2025.05.03_17.12.16/config.tcl}"

Sat May 03 17:12:25 +0000 2025 - Executing "openroad -exit /Users/andacerdogan/OpenLane/scripts/openroad/sta/multi_corner.tcl |& tee /dev/null /Users/andacerdogan/OpenLane/designs/alu/runs/RUN_2025.05.03_17.12.16/logs/routing/17-rsz_design_sta.log"

Sat May 03 17:12:25 +0000 2025 - Executing "{openroad -exit /Users/andacerdogan/OpenLane/scripts/openroad/sta/multi_corner.tcl |& tee /dev/null /Users/andacerdogan/OpenLane/designs/alu/runs/RUN_2025.05.03_17.12.16/logs/routing/17-rsz_design_sta.log}"

Sat May 03 17:12:25 +0000 2025 - Executing "openroad -exit /Users/andacerdogan/OpenLane/scripts/openroad/resizer_routing_timing.tcl |& tee /dev/null /Users/andacerdogan/OpenLane/designs/alu/runs/RUN_2025.05.03_17.12.16/logs/routing/18-resizer_timing.log"

Sat May 03 17:12:25 +0000 2025 - Executing "{openroad -exit /Users/andacerdogan/OpenLane/scripts/openroad/resizer_routing_timing.tcl |& tee /dev/null /Users/andacerdogan/OpenLane/designs/alu/runs/RUN_2025.05.03_17.12.16/logs/routing/18-resizer_timing.log}"

Sat May 03 17:12:26 +0000 2025 - Executing "{sed -i.bak -e {s/\(set ::env(CURRENT_NETLIST)\).*/\1 \/Users\/andacerdogan\/OpenLane\/designs\/alu\/runs\/RUN_2025.05.03_17.12.16\/tmp\/18-alu.nl.v/} /Users/andacerdogan/OpenLane/designs/alu/runs/RUN_2025.05.03_17.12.16/config.tcl}"

Sat May 03 17:12:26 +0000 2025 - Executing "openroad -exit /Users/andacerdogan/OpenLane/scripts/openroad/sta/multi_corner.tcl |& tee /dev/null /Users/andacerdogan/OpenLane/designs/alu/runs/RUN_2025.05.03_17.12.16/logs/routing/19-rsz_timing_sta.log"

Sat May 03 17:12:26 +0000 2025 - Executing "{openroad -exit /Users/andacerdogan/OpenLane/scripts/openroad/sta/multi_corner.tcl |& tee /dev/null /Users/andacerdogan/OpenLane/designs/alu/runs/RUN_2025.05.03_17.12.16/logs/routing/19-rsz_timing_sta.log}"

Sat May 03 17:12:26 +0000 2025 - Executing "openroad -exit /Users/andacerdogan/OpenLane/scripts/openroad/repair_antennas.tcl |& tee /dev/null /Users/andacerdogan/OpenLane/designs/alu/runs/RUN_2025.05.03_17.12.16/logs/routing/20-global.log"

Sat May 03 17:12:26 +0000 2025 - Executing "{openroad -exit /Users/andacerdogan/OpenLane/scripts/openroad/repair_antennas.tcl |& tee /dev/null /Users/andacerdogan/OpenLane/designs/alu/runs/RUN_2025.05.03_17.12.16/logs/routing/20-global.log}"

Sat May 03 17:12:27 +0000 2025 - Executing "openroad -exit /Users/andacerdogan/OpenLane/scripts/openroad/write_views.tcl |& tee /dev/null /Users/andacerdogan/OpenLane/designs/alu/runs/RUN_2025.05.03_17.12.16/logs/routing/20-global_write_netlist.log"

Sat May 03 17:12:27 +0000 2025 - Executing "{openroad -exit /Users/andacerdogan/OpenLane/scripts/openroad/write_views.tcl |& tee /dev/null /Users/andacerdogan/OpenLane/designs/alu/runs/RUN_2025.05.03_17.12.16/logs/routing/20-global_write_netlist.log}"

Sat May 03 17:12:27 +0000 2025 - Executing "{sed -i.bak -e {s/\(set ::env(CURRENT_NETLIST)\).*/\1 \/Users\/andacerdogan\/OpenLane\/designs\/alu\/runs\/RUN_2025.05.03_17.12.16\/tmp\/routing\/global.nl.v/} /Users/andacerdogan/OpenLane/designs/alu/runs/RUN_2025.05.03_17.12.16/config.tcl}"

Sat May 03 17:12:27 +0000 2025 - Executing "openroad -exit /Users/andacerdogan/OpenLane/scripts/openroad/sta/multi_corner.tcl |& tee /dev/null /Users/andacerdogan/OpenLane/designs/alu/runs/RUN_2025.05.03_17.12.16/logs/routing/22-grt_sta.log"

Sat May 03 17:12:27 +0000 2025 - Executing "{openroad -exit /Users/andacerdogan/OpenLane/scripts/openroad/sta/multi_corner.tcl |& tee /dev/null /Users/andacerdogan/OpenLane/designs/alu/runs/RUN_2025.05.03_17.12.16/logs/routing/22-grt_sta.log}"

Sat May 03 17:12:27 +0000 2025 - Executing "openroad -exit /Users/andacerdogan/OpenLane/scripts/openroad/fill.tcl |& tee /dev/null /Users/andacerdogan/OpenLane/designs/alu/runs/RUN_2025.05.03_17.12.16/logs/routing/23-fill.log"

Sat May 03 17:12:27 +0000 2025 - Executing "{openroad -exit /Users/andacerdogan/OpenLane/scripts/openroad/fill.tcl |& tee /dev/null /Users/andacerdogan/OpenLane/designs/alu/runs/RUN_2025.05.03_17.12.16/logs/routing/23-fill.log}"

Sat May 03 17:12:27 +0000 2025 - Executing "{sed -i.bak -e {s/\(set ::env(CURRENT_NETLIST)\).*/\1 \/Users\/andacerdogan\/OpenLane\/designs\/alu\/runs\/RUN_2025.05.03_17.12.16\/tmp\/routing\/23-fill.nl.v/} /Users/andacerdogan/OpenLane/designs/alu/runs/RUN_2025.05.03_17.12.16/config.tcl}"

Sat May 03 17:12:27 +0000 2025 - Executing "openroad -exit -metrics /Users/andacerdogan/OpenLane/designs/alu/runs/RUN_2025.05.03_17.12.16/reports/routing/24-drt_metrics.json /Users/andacerdogan/OpenLane/scripts/openroad/droute.tcl |& tee /dev/null /Users/andacerdogan/OpenLane/designs/alu/runs/RUN_2025.05.03_17.12.16/logs/routing/24-detailed.log"

Sat May 03 17:12:27 +0000 2025 - Executing "{openroad -exit -metrics /Users/andacerdogan/OpenLane/designs/alu/runs/RUN_2025.05.03_17.12.16/reports/routing/24-drt_metrics.json /Users/andacerdogan/OpenLane/scripts/openroad/droute.tcl |& tee /dev/null /Users/andacerdogan/OpenLane/designs/alu/runs/RUN_2025.05.03_17.12.16/logs/routing/24-detailed.log}"

Sat May 03 17:12:33 +0000 2025 - Executing "{sed -i.bak -e {s/\(set ::env(CURRENT_NETLIST)\).*/\1 \/Users\/andacerdogan\/OpenLane\/designs\/alu\/runs\/RUN_2025.05.03_17.12.16\/results\/routing\/alu.nl.v/} /Users/andacerdogan/OpenLane/designs/alu/runs/RUN_2025.05.03_17.12.16/config.tcl}"

Sat May 03 17:12:33 +0000 2025 - Executing "{python3 /Users/andacerdogan/OpenLane/scripts/drc_rosetta.py tr to_klayout -o /Users/andacerdogan/OpenLane/designs/alu/runs/RUN_2025.05.03_17.12.16/reports/routing/drt.klayout.xml --design-name alu /Users/andacerdogan/OpenLane/designs/alu/runs/RUN_2025.05.03_17.12.16/reports/routing/drt.drc}"

Sat May 03 17:12:33 +0000 2025 - Executing "{openroad -exit -no_init -python /Users/andacerdogan/OpenLane/scripts/odbpy/wire_lengths.py --report-out /Users/andacerdogan/OpenLane/designs/alu/runs/RUN_2025.05.03_17.12.16/reports/routing/25-wire_lengths.csv --input-lef /Users/andacerdogan/OpenLane/designs/alu/runs/RUN_2025.05.03_17.12.16/tmp/merged.nom.lef --output-def /Users/andacerdogan/OpenLane/designs/alu/runs/RUN_2025.05.03_17.12.16/results/routing/alu.def --output /Users/andacerdogan/OpenLane/designs/alu/runs/RUN_2025.05.03_17.12.16/results/routing/alu.odb /Users/andacerdogan/OpenLane/designs/alu/runs/RUN_2025.05.03_17.12.16/results/routing/alu.odb |& tee /dev/null /Users/andacerdogan/OpenLane/designs/alu/runs/RUN_2025.05.03_17.12.16/logs/routing/25-wire_lengths.log}"

Sat May 03 17:12:34 +0000 2025 - Executing "openroad -exit /Users/andacerdogan/OpenLane/scripts/openroad/rcx.tcl |& tee /dev/null /Users/andacerdogan/OpenLane/designs/alu/runs/RUN_2025.05.03_17.12.16/logs/signoff/26-parasitics_extraction.min.log"

Sat May 03 17:12:34 +0000 2025 - Executing "{openroad -exit /Users/andacerdogan/OpenLane/scripts/openroad/rcx.tcl |& tee /dev/null /Users/andacerdogan/OpenLane/designs/alu/runs/RUN_2025.05.03_17.12.16/logs/signoff/26-parasitics_extraction.min.log}"

Sat May 03 17:12:34 +0000 2025 - Executing "sta -exit -no_init /Users/andacerdogan/OpenLane/scripts/openroad/sta/multi_corner.tcl |& tee /dev/null /Users/andacerdogan/OpenLane/designs/alu/runs/RUN_2025.05.03_17.12.16/logs/signoff/27-rcx_mcsta.min.log"

Sat May 03 17:12:34 +0000 2025 - Executing "{sta -exit -no_init /Users/andacerdogan/OpenLane/scripts/openroad/sta/multi_corner.tcl |& tee /dev/null /Users/andacerdogan/OpenLane/designs/alu/runs/RUN_2025.05.03_17.12.16/logs/signoff/27-rcx_mcsta.min.log}"

Sat May 03 17:12:35 +0000 2025 - Executing "openroad -exit /Users/andacerdogan/OpenLane/scripts/openroad/rcx.tcl |& tee /dev/null /Users/andacerdogan/OpenLane/designs/alu/runs/RUN_2025.05.03_17.12.16/logs/signoff/28-parasitics_extraction.max.log"

Sat May 03 17:12:35 +0000 2025 - Executing "{openroad -exit /Users/andacerdogan/OpenLane/scripts/openroad/rcx.tcl |& tee /dev/null /Users/andacerdogan/OpenLane/designs/alu/runs/RUN_2025.05.03_17.12.16/logs/signoff/28-parasitics_extraction.max.log}"

Sat May 03 17:12:35 +0000 2025 - Executing "sta -exit -no_init /Users/andacerdogan/OpenLane/scripts/openroad/sta/multi_corner.tcl |& tee /dev/null /Users/andacerdogan/OpenLane/designs/alu/runs/RUN_2025.05.03_17.12.16/logs/signoff/29-rcx_mcsta.max.log"

Sat May 03 17:12:35 +0000 2025 - Executing "{sta -exit -no_init /Users/andacerdogan/OpenLane/scripts/openroad/sta/multi_corner.tcl |& tee /dev/null /Users/andacerdogan/OpenLane/designs/alu/runs/RUN_2025.05.03_17.12.16/logs/signoff/29-rcx_mcsta.max.log}"

Sat May 03 17:12:36 +0000 2025 - Executing "openroad -exit /Users/andacerdogan/OpenLane/scripts/openroad/rcx.tcl |& tee /dev/null /Users/andacerdogan/OpenLane/designs/alu/runs/RUN_2025.05.03_17.12.16/logs/signoff/30-parasitics_extraction.nom.log"

Sat May 03 17:12:36 +0000 2025 - Executing "{openroad -exit /Users/andacerdogan/OpenLane/scripts/openroad/rcx.tcl |& tee /dev/null /Users/andacerdogan/OpenLane/designs/alu/runs/RUN_2025.05.03_17.12.16/logs/signoff/30-parasitics_extraction.nom.log}"

Sat May 03 17:12:37 +0000 2025 - Executing "sta -exit -no_init /Users/andacerdogan/OpenLane/scripts/openroad/sta/multi_corner.tcl |& tee /dev/null /Users/andacerdogan/OpenLane/designs/alu/runs/RUN_2025.05.03_17.12.16/logs/signoff/31-rcx_mcsta.nom.log"

Sat May 03 17:12:37 +0000 2025 - Executing "{sta -exit -no_init /Users/andacerdogan/OpenLane/scripts/openroad/sta/multi_corner.tcl |& tee /dev/null /Users/andacerdogan/OpenLane/designs/alu/runs/RUN_2025.05.03_17.12.16/logs/signoff/31-rcx_mcsta.nom.log}"

Sat May 03 17:12:38 +0000 2025 - Executing "openroad -exit /Users/andacerdogan/OpenLane/scripts/openroad/irdrop.tcl |& tee /dev/null /Users/andacerdogan/OpenLane/designs/alu/runs/RUN_2025.05.03_17.12.16/logs/signoff/32-irdrop.log"

Sat May 03 17:12:38 +0000 2025 - Executing "{openroad -exit /Users/andacerdogan/OpenLane/scripts/openroad/irdrop.tcl |& tee /dev/null /Users/andacerdogan/OpenLane/designs/alu/runs/RUN_2025.05.03_17.12.16/logs/signoff/32-irdrop.log}"

Sat May 03 17:12:38 +0000 2025 - Executing "magic -noconsole -dnull -rcfile /Users/andacerdogan/.volare/sky130A/libs.tech/magic/sky130A.magicrc < /Users/andacerdogan/OpenLane/scripts/magic/wrapper.tcl |& tee /dev/null /Users/andacerdogan/OpenLane/designs/alu/runs/RUN_2025.05.03_17.12.16/logs/signoff/33-gdsii.log"

Sat May 03 17:12:38 +0000 2025 - Executing "{magic -noconsole -dnull -rcfile /Users/andacerdogan/.volare/sky130A/libs.tech/magic/sky130A.magicrc < /Users/andacerdogan/OpenLane/scripts/magic/wrapper.tcl |& tee /dev/null /Users/andacerdogan/OpenLane/designs/alu/runs/RUN_2025.05.03_17.12.16/logs/signoff/33-gdsii.log}"

Sat May 03 17:12:38 +0000 2025 - Executing "magic -noconsole -dnull -rcfile /Users/andacerdogan/.volare/sky130A/libs.tech/magic/sky130A.magicrc < /Users/andacerdogan/OpenLane/scripts/magic/wrapper.tcl |& tee /dev/null /Users/andacerdogan/OpenLane/designs/alu/runs/RUN_2025.05.03_17.12.16/logs/signoff/33-gds_ptrs.log"

Sat May 03 17:12:38 +0000 2025 - Executing "{magic -noconsole -dnull -rcfile /Users/andacerdogan/.volare/sky130A/libs.tech/magic/sky130A.magicrc < /Users/andacerdogan/OpenLane/scripts/magic/wrapper.tcl |& tee /dev/null /Users/andacerdogan/OpenLane/designs/alu/runs/RUN_2025.05.03_17.12.16/logs/signoff/33-gds_ptrs.log}"

Sat May 03 17:12:39 +0000 2025 - Executing "{sed -i.bak -n {/^<< properties >>/,/^<< end >>/p} /Users/andacerdogan/OpenLane/designs/alu/runs/RUN_2025.05.03_17.12.16/tmp/signoff/gds_ptrs.mag}"

Sat May 03 17:12:39 +0000 2025 - Executing "magic -noconsole -dnull -rcfile /Users/andacerdogan/.volare/sky130A/libs.tech/magic/sky130A.magicrc < /Users/andacerdogan/OpenLane/scripts/magic/wrapper.tcl |& tee /dev/null /Users/andacerdogan/OpenLane/designs/alu/runs/RUN_2025.05.03_17.12.16/logs/signoff/33-lef.log"

Sat May 03 17:12:39 +0000 2025 - Executing "{magic -noconsole -dnull -rcfile /Users/andacerdogan/.volare/sky130A/libs.tech/magic/sky130A.magicrc < /Users/andacerdogan/OpenLane/scripts/magic/wrapper.tcl |& tee /dev/null /Users/andacerdogan/OpenLane/designs/alu/runs/RUN_2025.05.03_17.12.16/logs/signoff/33-lef.log}"

Sat May 03 17:12:39 +0000 2025 - Executing "magic -noconsole -dnull -rcfile /Users/andacerdogan/.volare/sky130A/libs.tech/magic/sky130A.magicrc < /Users/andacerdogan/OpenLane/scripts/magic/wrapper.tcl |& tee /dev/null /Users/andacerdogan/OpenLane/designs/alu/runs/RUN_2025.05.03_17.12.16/logs/signoff/33-maglef.log"

Sat May 03 17:12:39 +0000 2025 - Executing "{magic -noconsole -dnull -rcfile /Users/andacerdogan/.volare/sky130A/libs.tech/magic/sky130A.magicrc < /Users/andacerdogan/OpenLane/scripts/magic/wrapper.tcl |& tee /dev/null /Users/andacerdogan/OpenLane/designs/alu/runs/RUN_2025.05.03_17.12.16/logs/signoff/33-maglef.log}"

Sat May 03 17:12:39 +0000 2025 - Executing "{python3 /Users/andacerdogan/OpenLane/scripts/klayout/stream_out.py --output /Users/andacerdogan/OpenLane/designs/alu/runs/RUN_2025.05.03_17.12.16/results/signoff/alu.klayout.gds --lyt /Users/andacerdogan/.volare/sky130A/libs.tech/klayout/tech/sky130A.lyt --lym /Users/andacerdogan/.volare/sky130A/libs.tech/klayout/tech/sky130A.map --lyp /Users/andacerdogan/.volare/sky130A/libs.tech/klayout/tech/sky130A.lyp --top alu --with-gds-file /Users/andacerdogan/.volare/sky130A/libs.ref/sky130_fd_sc_hd/gds/sky130_fd_sc_hd.gds --input-lef /Users/andacerdogan/OpenLane/designs/alu/runs/RUN_2025.05.03_17.12.16/tmp/merged.nom.lef /Users/andacerdogan/OpenLane/designs/alu/runs/RUN_2025.05.03_17.12.16/results/routing/alu.def |& tee /dev/null /Users/andacerdogan/OpenLane/designs/alu/runs/RUN_2025.05.03_17.12.16/logs/signoff/34-gdsii-klayout.log}"

Sat May 03 17:12:39 +0000 2025 - Executing "{klayout -b -r /Users/andacerdogan/OpenLane/scripts/klayout/xor.drc -rd a=/Users/andacerdogan/OpenLane/designs/alu/runs/RUN_2025.05.03_17.12.16/results/signoff/alu.gds -rd b=/Users/andacerdogan/OpenLane/designs/alu/runs/RUN_2025.05.03_17.12.16/results/signoff/alu.klayout.gds -rd jobs=1 -rd rdb_out=/Users/andacerdogan/OpenLane/designs/alu/runs/RUN_2025.05.03_17.12.16/reports/signoff/35-xor.xml -rd ignore=81/14 -rd rpt_out=/Users/andacerdogan/OpenLane/designs/alu/runs/RUN_2025.05.03_17.12.16/reports/signoff/35-xor.rpt |& tee /dev/null /Users/andacerdogan/OpenLane/designs/alu/runs/RUN_2025.05.03_17.12.16/logs/signoff/35-xor.log}"

Sat May 03 17:12:39 +0000 2025 - Executing "magic -noconsole -dnull -rcfile /Users/andacerdogan/.volare/sky130A/libs.tech/magic/sky130A.magicrc < /Users/andacerdogan/OpenLane/scripts/magic/wrapper.tcl |& tee /dev/null /Users/andacerdogan/OpenLane/designs/alu/runs/RUN_2025.05.03_17.12.16/logs/signoff/36-spice.log"

Sat May 03 17:12:39 +0000 2025 - Executing "{magic -noconsole -dnull -rcfile /Users/andacerdogan/.volare/sky130A/libs.tech/magic/sky130A.magicrc < /Users/andacerdogan/OpenLane/scripts/magic/wrapper.tcl |& tee /dev/null /Users/andacerdogan/OpenLane/designs/alu/runs/RUN_2025.05.03_17.12.16/logs/signoff/36-spice.log}"

Sat May 03 17:12:41 +0000 2025 - Executing "{openroad -exit -no_init -python /Users/andacerdogan/OpenLane/scripts/odbpy/power_utils.py write_powered_def --output /Users/andacerdogan/OpenLane/designs/alu/runs/RUN_2025.05.03_17.12.16/tmp/signoff/36-alu.p.def --input-lef /Users/andacerdogan/OpenLane/designs/alu/runs/RUN_2025.05.03_17.12.16/tmp/merged.nom.lef --power-port VPWR --ground-port VGND --powered-netlist {} /Users/andacerdogan/OpenLane/designs/alu/runs/RUN_2025.05.03_17.12.16/results/routing/alu.def |& tee /dev/null /Users/andacerdogan/OpenLane/designs/alu/runs/RUN_2025.05.03_17.12.16/logs/signoff/37-write_powered_def.log}"

Sat May 03 17:12:41 +0000 2025 - Executing "openroad -exit /Users/andacerdogan/OpenLane/scripts/openroad/write_views.tcl |& tee /dev/null /Users/andacerdogan/OpenLane/designs/alu/runs/RUN_2025.05.03_17.12.16/logs/signoff/37-write_powered_verilog.log"

Sat May 03 17:12:41 +0000 2025 - Executing "{openroad -exit /Users/andacerdogan/OpenLane/scripts/openroad/write_views.tcl |& tee /dev/null /Users/andacerdogan/OpenLane/designs/alu/runs/RUN_2025.05.03_17.12.16/logs/signoff/37-write_powered_verilog.log}"

Sat May 03 17:12:41 +0000 2025 - Executing "{sed -i.bak -e {s/\(set ::env(CURRENT_NETLIST)\).*/\1 \/Users\/andacerdogan\/OpenLane\/designs\/alu\/runs\/RUN_2025.05.03_17.12.16\/tmp\/signoff\/36-alu.nl.v/} /Users/andacerdogan/OpenLane/designs/alu/runs/RUN_2025.05.03_17.12.16/config.tcl}"

Sat May 03 17:12:41 +0000 2025 - Executing "{netgen -batch source /Users/andacerdogan/OpenLane/designs/alu/runs/RUN_2025.05.03_17.12.16/tmp/signoff/39-setup_file.lef.lvs |& tee /dev/null /Users/andacerdogan/OpenLane/designs/alu/runs/RUN_2025.05.03_17.12.16/logs/signoff/39-lvs.lef.log}"

Sat May 03 17:12:42 +0000 2025 - Executing "magic -noconsole -dnull -rcfile /Users/andacerdogan/.volare/sky130A/libs.tech/magic/sky130A.magicrc < /Users/andacerdogan/OpenLane/scripts/magic/wrapper.tcl |& tee /dev/null /Users/andacerdogan/OpenLane/designs/alu/runs/RUN_2025.05.03_17.12.16/logs/signoff/40-drc.log"

Sat May 03 17:12:42 +0000 2025 - Executing "{magic -noconsole -dnull -rcfile /Users/andacerdogan/.volare/sky130A/libs.tech/magic/sky130A.magicrc < /Users/andacerdogan/OpenLane/scripts/magic/wrapper.tcl |& tee /dev/null /Users/andacerdogan/OpenLane/designs/alu/runs/RUN_2025.05.03_17.12.16/logs/signoff/40-drc.log}"

Sat May 03 17:12:42 +0000 2025 - Executing "{python3 /Users/andacerdogan/OpenLane/scripts/drc_rosetta.py magic to_tcl -o /Users/andacerdogan/OpenLane/designs/alu/runs/RUN_2025.05.03_17.12.16/reports/signoff/drc.tcl /Users/andacerdogan/OpenLane/designs/alu/runs/RUN_2025.05.03_17.12.16/reports/signoff/drc.rpt}"

Sat May 03 17:12:42 +0000 2025 - Executing "{python3 /Users/andacerdogan/OpenLane/scripts/drc_rosetta.py magic to_tr -o /Users/andacerdogan/OpenLane/designs/alu/runs/RUN_2025.05.03_17.12.16/reports/signoff/drc.tr /Users/andacerdogan/OpenLane/designs/alu/runs/RUN_2025.05.03_17.12.16/reports/signoff/drc.rpt}"

Sat May 03 17:12:42 +0000 2025 - Executing "{python3 /Users/andacerdogan/OpenLane/scripts/drc_rosetta.py tr to_klayout -o /Users/andacerdogan/OpenLane/designs/alu/runs/RUN_2025.05.03_17.12.16/reports/signoff/drc.klayout.xml --design-name alu /Users/andacerdogan/OpenLane/designs/alu/runs/RUN_2025.05.03_17.12.16/reports/signoff/drc.tr}"

Sat May 03 17:12:42 +0000 2025 - Executing "{python3 /Users/andacerdogan/OpenLane/scripts/drc_rosetta.py magic to_rdb -o /Users/andacerdogan/OpenLane/designs/alu/runs/RUN_2025.05.03_17.12.16/reports/signoff/drc.rdb /Users/andacerdogan/OpenLane/designs/alu/runs/RUN_2025.05.03_17.12.16/reports/signoff/drc.rpt}"

Sat May 03 17:12:42 +0000 2025 - Executing "{klayout -b -zz -r /Users/andacerdogan/.volare/sky130A/libs.tech/klayout/drc/sky130A_mr.drc -rd topcell=alu -rd input=/Users/andacerdogan/OpenLane/designs/alu/runs/RUN_2025.05.03_17.12.16/results/signoff/alu.gds -rd report=/Users/andacerdogan/OpenLane/designs/alu/runs/RUN_2025.05.03_17.12.16/reports/signoff/violations.xml -rd feol=true -rd beol=true -rd floating_metal=false -rd seal=true -rd thread=1 |& tee /dev/null /Users/andacerdogan/OpenLane/designs/alu/runs/RUN_2025.05.03_17.12.16/logs/signoff/41-drc-klayout.log}"

Sat May 03 17:12:43 +0000 2025 - Executing "{python3 /Users/andacerdogan/OpenLane/scripts/klayout/xml_drc_report_to_json.py --xml-file /Users/andacerdogan/OpenLane/designs/alu/runs/RUN_2025.05.03_17.12.16/reports/signoff/violations.xml --json-file /Users/andacerdogan/OpenLane/designs/alu/runs/RUN_2025.05.03_17.12.16/reports/signoff/violations.json}"

Sat May 03 17:12:43 +0000 2025 - Executing "openroad -exit /Users/andacerdogan/OpenLane/scripts/openroad/antenna_check.tcl |& tee /dev/null /Users/andacerdogan/OpenLane/designs/alu/runs/RUN_2025.05.03_17.12.16/logs/signoff/42-arc.log"

Sat May 03 17:12:43 +0000 2025 - Executing "{openroad -exit /Users/andacerdogan/OpenLane/scripts/openroad/antenna_check.tcl |& tee /dev/null /Users/andacerdogan/OpenLane/designs/alu/runs/RUN_2025.05.03_17.12.16/logs/signoff/42-arc.log}"

Sat May 03 17:12:44 +0000 2025 - Executing "{python3 /Users/andacerdogan/OpenLane/scripts/extract_antenna_violators.py --output /Users/andacerdogan/OpenLane/designs/alu/runs/RUN_2025.05.03_17.12.16/reports/signoff/42-antenna_violators.rpt --plain-out /Users/andacerdogan/OpenLane/designs/alu/runs/RUN_2025.05.03_17.12.16/reports/signoff/42-antenna_violators_pins.txt /Users/andacerdogan/OpenLane/designs/alu/runs/RUN_2025.05.03_17.12.16/logs/signoff/42-arc.log}"

Sat May 03 17:12:44 +0000 2025 - Executing "{python3 /Users/andacerdogan/OpenLane/scripts/write_runtime.py --conclude --seconds --time-in 1746292364 {flow completed}}"

Sat May 03 17:12:44 +0000 2025 - Executing "{python3 /Users/andacerdogan/OpenLane/scripts/generate_reports.py -d /Users/andacerdogan/OpenLane/designs/alu --design_name alu --tag RUN_2025.05.03_17.12.16 --output_file /Users/andacerdogan/OpenLane/designs/alu/runs/RUN_2025.05.03_17.12.16/reports/metrics.csv --man_report /Users/andacerdogan/OpenLane/designs/alu/runs/RUN_2025.05.03_17.12.16/reports/manufacturability.rpt --run_path /Users/andacerdogan/OpenLane/designs/alu/runs/RUN_2025.05.03_17.12.16}"

