
===========================================================================
report_checks -unconstrained
===========================================================================
======================= Typical Corner ===================================

Startpoint: rst (input port clocked by clk)
Endpoint: _358_ (recovery check against rising-edge clock clk)
Path Group: asynchronous
Path Type: max

Fanout     Cap    Slew   Delay    Time   Description
-----------------------------------------------------------------------------
                          0.00    0.00   clock clk (rise edge)
                          0.00    0.00   clock network delay (propagated)
                          2.00    2.00 v input external delay
     1    0.00    0.01    0.01    2.01 v rst (in)
                                         rst (net)
                  0.01    0.00    2.01 v input1/A (sky130_fd_sc_hd__buf_1)
     4    0.01    0.09    0.13    2.14 v input1/X (sky130_fd_sc_hd__buf_1)
                                         net1 (net)
                  0.09    0.00    2.14 v _316_/A (sky130_fd_sc_hd__buf_4)
    10    0.05    0.08    0.22    2.35 v _316_/X (sky130_fd_sc_hd__buf_4)
                                         _165_ (net)
                  0.08    0.00    2.35 v _326_/A (sky130_fd_sc_hd__inv_2)
     1    0.00    0.03    0.06    2.42 ^ _326_/Y (sky130_fd_sc_hd__inv_2)
                                         _047_ (net)
                  0.03    0.00    2.42 ^ _358_/RESET_B (sky130_fd_sc_hd__dfrtp_1)
                                  2.42   data arrival time

                         10.00   10.00   clock clk (rise edge)
                          0.00   10.00   clock source latency
     1    0.01    0.04    0.03   10.03 ^ clk (in)
                                         clk (net)
                  0.04    0.00   10.03 ^ clkbuf_0_clk/A (sky130_fd_sc_hd__clkbuf_16)
     4    0.03    0.05    0.13   10.15 ^ clkbuf_0_clk/X (sky130_fd_sc_hd__clkbuf_16)
                                         clknet_0_clk (net)
                  0.05    0.00   10.15 ^ clkbuf_2_0__f_clk/A (sky130_fd_sc_hd__clkbuf_16)
     8    0.02    0.04    0.12   10.27 ^ clkbuf_2_0__f_clk/X (sky130_fd_sc_hd__clkbuf_16)
                                         clknet_2_0__leaf_clk (net)
                  0.04    0.00   10.27 ^ _358_/CLK (sky130_fd_sc_hd__dfrtp_1)
                         -0.25   10.02   clock uncertainty
                          0.00   10.02   clock reconvergence pessimism
                          0.23   10.25   library recovery time
                                 10.25   data required time
-----------------------------------------------------------------------------
                                 10.25   data required time
                                 -2.42   data arrival time
-----------------------------------------------------------------------------
                                  7.84   slack (MET)


Startpoint: _341_ (rising edge-triggered flip-flop clocked by clk)
Endpoint: seg[0] (output port clocked by clk)
Path Group: clk
Path Type: max

Fanout     Cap    Slew   Delay    Time   Description
-----------------------------------------------------------------------------
                          0.00    0.00   clock clk (rise edge)
                          0.00    0.00   clock source latency
     1    0.01    0.04    0.03    0.03 ^ clk (in)
                                         clk (net)
                  0.04    0.00    0.03 ^ clkbuf_0_clk/A (sky130_fd_sc_hd__clkbuf_16)
     4    0.03    0.05    0.14    0.17 ^ clkbuf_0_clk/X (sky130_fd_sc_hd__clkbuf_16)
                                         clknet_0_clk (net)
                  0.05    0.00    0.17 ^ clkbuf_2_3__f_clk/A (sky130_fd_sc_hd__clkbuf_16)
     9    0.02    0.04    0.14    0.31 ^ clkbuf_2_3__f_clk/X (sky130_fd_sc_hd__clkbuf_16)
                                         clknet_2_3__leaf_clk (net)
                  0.04    0.00    0.31 ^ _341_/CLK (sky130_fd_sc_hd__dfrtp_2)
     7    0.02    0.08    0.45    0.76 v _341_/Q (sky130_fd_sc_hd__dfrtp_2)
                                         num[2] (net)
                  0.08    0.00    0.76 v _189_/A (sky130_fd_sc_hd__or2b_1)
     4    0.01    0.08    0.28    1.04 v _189_/X (sky130_fd_sc_hd__or2b_1)
                                         _083_ (net)
                  0.08    0.00    1.05 v _296_/A2_N (sky130_fd_sc_hd__a2bb2o_1)
     2    0.00    0.06    0.27    1.32 ^ _296_/X (sky130_fd_sc_hd__a2bb2o_1)
                                         net5 (net)
                  0.06    0.00    1.32 ^ _371_/A (sky130_fd_sc_hd__clkbuf_1)
     1    0.00    0.04    0.09    1.41 ^ _371_/X (sky130_fd_sc_hd__clkbuf_1)
                                         net2 (net)
                  0.04    0.00    1.41 ^ output2/A (sky130_fd_sc_hd__buf_2)
     1    0.03    0.17    0.21    1.61 ^ output2/X (sky130_fd_sc_hd__buf_2)
                                         seg[0] (net)
                  0.17    0.00    1.62 ^ seg[0] (out)
                                  1.62   data arrival time

                         10.00   10.00   clock clk (rise edge)
                          0.00   10.00   clock network delay (propagated)
                         -0.25    9.75   clock uncertainty
                          0.00    9.75   clock reconvergence pessimism
                         -2.00    7.75   output external delay
                                  7.75   data required time
-----------------------------------------------------------------------------
                                  7.75   data required time
                                 -1.62   data arrival time
-----------------------------------------------------------------------------
                                  6.13   slack (MET)




===========================================================================
report_checks --slack_max -0.01
============================================================================
======================= Typical Corner ===================================

No paths found.


===========================================================================
 report_check_types -max_slew -max_cap -max_fanout -violators
============================================================================
======================= Typical Corner ===================================


max slew violations count Typical: 0
max fanout violations count Typical: 0
max cap violations count Typical: 0

===========================================================================
report_parasitic_annotation -report_unannotated
============================================================================
Found 4 unannotated drivers.
 _369__9/HI
 clkload0/Y
 clkload1/Y
 clkload2/X
Found 11 partially unannotated drivers.
 clk
 _173_/X
 _193_/X
 _199_/X
 _228_/X
 _305_/X
 _327_/X
 _339_/Q
 clkbuf_0_clk/X
 clkbuf_2_0__f_clk/X
 clkbuf_2_3__f_clk/X

===========================================================================
max slew violation count 0
max fanout violation count 0
max cap violation count 0
============================================================================

===========================================================================
check_setup -verbose -unconstrained_endpoints -multiple_clock -no_clock -no_input_delay -loops -generated_clocks
===========================================================================
Warning: There is 1 unconstrained endpoint.
  _369_/D
