
===========================================================================
report_checks -path_delay min (Hold)
============================================================================
======================= Typical Corner ===================================

Startpoint: A[7] (input port clocked by __VIRTUAL_CLK__)
Endpoint: out[7] (output port clocked by __VIRTUAL_CLK__)
Path Group: __VIRTUAL_CLK__
Path Type: min

Fanout     Cap    Slew   Delay    Time   Description
-----------------------------------------------------------------------------
                  0.00    0.00    0.00   clock __VIRTUAL_CLK__ (rise edge)
                          0.00    0.00   clock network delay (ideal)
                          2.00    2.00 v input external delay
     1    0.00    0.01    0.00    2.00 v A[7] (in)
                                         A[7] (net)
                  0.01    0.00    2.00 v input8/A (sky130_fd_sc_hd__clkbuf_2)
     6    0.02    0.09    0.13    2.13 v input8/X (sky130_fd_sc_hd__clkbuf_2)
                                         net8 (net)
                  0.09    0.00    2.13 v _502_/A (sky130_fd_sc_hd__inv_2)
     1    0.00    0.03    0.05    2.19 ^ _502_/Y (sky130_fd_sc_hd__inv_2)
                                         _179_ (net)
                  0.03    0.00    2.19 ^ _503_/B2 (sky130_fd_sc_hd__o32a_1)
     1    0.01    0.07    0.13    2.31 ^ _503_/X (sky130_fd_sc_hd__o32a_1)
                                         net27 (net)
                  0.07    0.00    2.31 ^ output27/A (sky130_fd_sc_hd__buf_6)
     1    0.03    0.08    0.13    2.44 ^ output27/X (sky130_fd_sc_hd__buf_6)
                                         out[7] (net)
                  0.08    0.00    2.44 ^ out[7] (out)
                                  2.44   data arrival time

                  0.00    0.00    0.00   clock __VIRTUAL_CLK__ (rise edge)
                          0.00    0.00   clock network delay (ideal)
                          0.25    0.25   clock uncertainty
                          0.00    0.25   clock reconvergence pessimism
                         -2.00   -1.75   output external delay
                                 -1.75   data required time
-----------------------------------------------------------------------------
                                 -1.75   data required time
                                 -2.44   data arrival time
-----------------------------------------------------------------------------
                                  4.19   slack (MET)


Startpoint: A[6] (input port clocked by __VIRTUAL_CLK__)
Endpoint: out[6] (output port clocked by __VIRTUAL_CLK__)
Path Group: __VIRTUAL_CLK__
Path Type: min

Fanout     Cap    Slew   Delay    Time   Description
-----------------------------------------------------------------------------
                  0.00    0.00    0.00   clock __VIRTUAL_CLK__ (rise edge)
                          0.00    0.00   clock network delay (ideal)
                          2.00    2.00 ^ input external delay
     1    0.00    0.02    0.01    2.01 ^ A[6] (in)
                                         A[6] (net)
                  0.02    0.00    2.01 ^ input7/A (sky130_fd_sc_hd__clkbuf_4)
    10    0.04    0.13    0.18    2.19 ^ input7/X (sky130_fd_sc_hd__clkbuf_4)
                                         net7 (net)
                  0.13    0.00    2.19 ^ _453_/A1 (sky130_fd_sc_hd__a22oi_1)
     1    0.00    0.04    0.09    2.28 v _453_/Y (sky130_fd_sc_hd__a22oi_1)
                                         net26 (net)
                  0.04    0.00    2.28 v output26/A (sky130_fd_sc_hd__buf_2)
     1    0.03    0.09    0.17    2.45 v output26/X (sky130_fd_sc_hd__buf_2)
                                         out[6] (net)
                  0.09    0.00    2.45 v out[6] (out)
                                  2.45   data arrival time

                  0.00    0.00    0.00   clock __VIRTUAL_CLK__ (rise edge)
                          0.00    0.00   clock network delay (ideal)
                          0.25    0.25   clock uncertainty
                          0.00    0.25   clock reconvergence pessimism
                         -2.00   -1.75   output external delay
                                 -1.75   data required time
-----------------------------------------------------------------------------
                                 -1.75   data required time
                                 -2.45   data arrival time
-----------------------------------------------------------------------------
                                  4.20   slack (MET)


Startpoint: A[5] (input port clocked by __VIRTUAL_CLK__)
Endpoint: out[5] (output port clocked by __VIRTUAL_CLK__)
Path Group: __VIRTUAL_CLK__
Path Type: min

Fanout     Cap    Slew   Delay    Time   Description
-----------------------------------------------------------------------------
                  0.00    0.00    0.00   clock __VIRTUAL_CLK__ (rise edge)
                          0.00    0.00   clock network delay (ideal)
                          2.00    2.00 ^ input external delay
     1    0.00    0.02    0.01    2.01 ^ A[5] (in)
                                         A[5] (net)
                  0.02    0.00    2.01 ^ input6/A (sky130_fd_sc_hd__buf_1)
     3    0.01    0.12    0.12    2.13 ^ input6/X (sky130_fd_sc_hd__buf_1)
                                         net6 (net)
                  0.12    0.00    2.13 ^ _374_/A (sky130_fd_sc_hd__buf_2)
    10    0.02    0.12    0.18    2.31 ^ _374_/X (sky130_fd_sc_hd__buf_2)
                                         _052_ (net)
                  0.12    0.00    2.31 ^ _410_/A1 (sky130_fd_sc_hd__a21oi_1)
     1    0.00    0.04    0.07    2.37 v _410_/Y (sky130_fd_sc_hd__a21oi_1)
                                         net25 (net)
                  0.04    0.00    2.37 v output25/A (sky130_fd_sc_hd__buf_2)
     1    0.03    0.09    0.17    2.54 v output25/X (sky130_fd_sc_hd__buf_2)
                                         out[5] (net)
                  0.09    0.00    2.54 v out[5] (out)
                                  2.54   data arrival time

                  0.00    0.00    0.00   clock __VIRTUAL_CLK__ (rise edge)
                          0.00    0.00   clock network delay (ideal)
                          0.25    0.25   clock uncertainty
                          0.00    0.25   clock reconvergence pessimism
                         -2.00   -1.75   output external delay
                                 -1.75   data required time
-----------------------------------------------------------------------------
                                 -1.75   data required time
                                 -2.54   data arrival time
-----------------------------------------------------------------------------
                                  4.29   slack (MET)


Startpoint: A[4] (input port clocked by __VIRTUAL_CLK__)
Endpoint: out[4] (output port clocked by __VIRTUAL_CLK__)
Path Group: __VIRTUAL_CLK__
Path Type: min

Fanout     Cap    Slew   Delay    Time   Description
-----------------------------------------------------------------------------
                  0.00    0.00    0.00   clock __VIRTUAL_CLK__ (rise edge)
                          0.00    0.00   clock network delay (ideal)
                          2.00    2.00 ^ input external delay
     1    0.01    0.03    0.02    2.02 ^ A[4] (in)
                                         A[4] (net)
                  0.03    0.00    2.02 ^ input5/A (sky130_fd_sc_hd__buf_6)
     4    0.02    0.05    0.09    2.11 ^ input5/X (sky130_fd_sc_hd__buf_6)
                                         net5 (net)
                  0.05    0.00    2.11 ^ _340_/A (sky130_fd_sc_hd__buf_6)
    10    0.03    0.07    0.11    2.23 ^ _340_/X (sky130_fd_sc_hd__buf_6)
                                         _019_ (net)
                  0.07    0.00    2.23 ^ _373_/A1_N (sky130_fd_sc_hd__o2bb2a_1)
     1    0.00    0.03    0.19    2.42 v _373_/X (sky130_fd_sc_hd__o2bb2a_1)
                                         net24 (net)
                  0.03    0.00    2.42 v output24/A (sky130_fd_sc_hd__buf_2)
     1    0.03    0.09    0.17    2.59 v output24/X (sky130_fd_sc_hd__buf_2)
                                         out[4] (net)
                  0.09    0.00    2.59 v out[4] (out)
                                  2.59   data arrival time

                  0.00    0.00    0.00   clock __VIRTUAL_CLK__ (rise edge)
                          0.00    0.00   clock network delay (ideal)
                          0.25    0.25   clock uncertainty
                          0.00    0.25   clock reconvergence pessimism
                         -2.00   -1.75   output external delay
                                 -1.75   data required time
-----------------------------------------------------------------------------
                                 -1.75   data required time
                                 -2.59   data arrival time
-----------------------------------------------------------------------------
                                  4.34   slack (MET)


Startpoint: opcode[0] (input port clocked by __VIRTUAL_CLK__)
Endpoint: out[0] (output port clocked by __VIRTUAL_CLK__)
Path Group: __VIRTUAL_CLK__
Path Type: min

Fanout     Cap    Slew   Delay    Time   Description
-----------------------------------------------------------------------------
                  0.00    0.00    0.00   clock __VIRTUAL_CLK__ (rise edge)
                          0.00    0.00   clock network delay (ideal)
                          2.00    2.00 v input external delay
     1    0.00    0.01    0.00    2.00 v opcode[0] (in)
                                         opcode[0] (net)
                  0.01    0.00    2.00 v input17/A (sky130_fd_sc_hd__buf_1)
     5    0.01    0.08    0.11    2.12 v input17/X (sky130_fd_sc_hd__buf_1)
                                         net17 (net)
                  0.08    0.00    2.12 v _254_/A (sky130_fd_sc_hd__nand2_1)
     3    0.01    0.12    0.12    2.24 ^ _254_/Y (sky130_fd_sc_hd__nand2_1)
                                         _185_ (net)
                  0.12    0.00    2.24 ^ _261_/A2 (sky130_fd_sc_hd__a31o_1)
     1    0.00    0.05    0.15    2.38 ^ _261_/X (sky130_fd_sc_hd__a31o_1)
                                         _192_ (net)
                  0.05    0.00    2.38 ^ _262_/B2 (sky130_fd_sc_hd__a2bb2o_1)
     1    0.00    0.05    0.12    2.51 ^ _262_/X (sky130_fd_sc_hd__a2bb2o_1)
                                         net20 (net)
                  0.05    0.00    2.51 ^ output20/A (sky130_fd_sc_hd__buf_2)
     1    0.03    0.17    0.19    2.70 ^ output20/X (sky130_fd_sc_hd__buf_2)
                                         out[0] (net)
                  0.17    0.00    2.70 ^ out[0] (out)
                                  2.70   data arrival time

                  0.00    0.00    0.00   clock __VIRTUAL_CLK__ (rise edge)
                          0.00    0.00   clock network delay (ideal)
                          0.25    0.25   clock uncertainty
                          0.00    0.25   clock reconvergence pessimism
                         -2.00   -1.75   output external delay
                                 -1.75   data required time
-----------------------------------------------------------------------------
                                 -1.75   data required time
                                 -2.70   data arrival time
-----------------------------------------------------------------------------
                                  4.45   slack (MET)


Startpoint: A[1] (input port clocked by __VIRTUAL_CLK__)
Endpoint: out[1] (output port clocked by __VIRTUAL_CLK__)
Path Group: __VIRTUAL_CLK__
Path Type: min

Fanout     Cap    Slew   Delay    Time   Description
-----------------------------------------------------------------------------
                  0.00    0.00    0.00   clock __VIRTUAL_CLK__ (rise edge)
                          0.00    0.00   clock network delay (ideal)
                          2.00    2.00 v input external delay
     1    0.00    0.01    0.00    2.00 v A[1] (in)
                                         A[1] (net)
                  0.01    0.00    2.00 v input2/A (sky130_fd_sc_hd__buf_2)
    10    0.03    0.08    0.15    2.15 v input2/X (sky130_fd_sc_hd__buf_2)
                                         net2 (net)
                  0.08    0.00    2.15 v _263_/A (sky130_fd_sc_hd__buf_2)
    10    0.02    0.06    0.16    2.32 v _263_/X (sky130_fd_sc_hd__buf_2)
                                         _193_ (net)
                  0.06    0.00    2.32 v _287_/A1_N (sky130_fd_sc_hd__o2bb2a_1)
     1    0.00    0.06    0.24    2.55 ^ _287_/X (sky130_fd_sc_hd__o2bb2a_1)
                                         net21 (net)
                  0.06    0.00    2.55 ^ output21/A (sky130_fd_sc_hd__buf_2)
     1    0.03    0.17    0.19    2.74 ^ output21/X (sky130_fd_sc_hd__buf_2)
                                         out[1] (net)
                  0.17    0.00    2.74 ^ out[1] (out)
                                  2.74   data arrival time

                  0.00    0.00    0.00   clock __VIRTUAL_CLK__ (rise edge)
                          0.00    0.00   clock network delay (ideal)
                          0.25    0.25   clock uncertainty
                          0.00    0.25   clock reconvergence pessimism
                         -2.00   -1.75   output external delay
                                 -1.75   data required time
-----------------------------------------------------------------------------
                                 -1.75   data required time
                                 -2.74   data arrival time
-----------------------------------------------------------------------------
                                  4.49   slack (MET)


Startpoint: A[2] (input port clocked by __VIRTUAL_CLK__)
Endpoint: out[2] (output port clocked by __VIRTUAL_CLK__)
Path Group: __VIRTUAL_CLK__
Path Type: min

Fanout     Cap    Slew   Delay    Time   Description
-----------------------------------------------------------------------------
                  0.00    0.00    0.00   clock __VIRTUAL_CLK__ (rise edge)
                          0.00    0.00   clock network delay (ideal)
                          2.00    2.00 v input external delay
     1    0.00    0.01    0.01    2.01 v A[2] (in)
                                         A[2] (net)
                  0.01    0.00    2.01 v input3/A (sky130_fd_sc_hd__clkbuf_2)
     8    0.03    0.11    0.15    2.15 v input3/X (sky130_fd_sc_hd__clkbuf_2)
                                         net3 (net)
                  0.11    0.00    2.16 v _288_/A (sky130_fd_sc_hd__buf_2)
    10    0.02    0.06    0.18    2.33 v _288_/X (sky130_fd_sc_hd__buf_2)
                                         _217_ (net)
                  0.06    0.00    2.33 v _309_/A1_N (sky130_fd_sc_hd__o2bb2a_1)
     1    0.00    0.05    0.23    2.56 ^ _309_/X (sky130_fd_sc_hd__o2bb2a_1)
                                         net22 (net)
                  0.05    0.00    2.56 ^ output22/A (sky130_fd_sc_hd__buf_2)
     1    0.03    0.17    0.19    2.75 ^ output22/X (sky130_fd_sc_hd__buf_2)
                                         out[2] (net)
                  0.17    0.00    2.75 ^ out[2] (out)
                                  2.75   data arrival time

                  0.00    0.00    0.00   clock __VIRTUAL_CLK__ (rise edge)
                          0.00    0.00   clock network delay (ideal)
                          0.25    0.25   clock uncertainty
                          0.00    0.25   clock reconvergence pessimism
                         -2.00   -1.75   output external delay
                                 -1.75   data required time
-----------------------------------------------------------------------------
                                 -1.75   data required time
                                 -2.75   data arrival time
-----------------------------------------------------------------------------
                                  4.50   slack (MET)


Startpoint: A[3] (input port clocked by __VIRTUAL_CLK__)
Endpoint: out[3] (output port clocked by __VIRTUAL_CLK__)
Path Group: __VIRTUAL_CLK__
Path Type: min

Fanout     Cap    Slew   Delay    Time   Description
-----------------------------------------------------------------------------
                  0.00    0.00    0.00   clock __VIRTUAL_CLK__ (rise edge)
                          0.00    0.00   clock network delay (ideal)
                          2.00    2.00 v input external delay
     1    0.00    0.01    0.00    2.00 v A[3] (in)
                                         A[3] (net)
                  0.01    0.00    2.00 v input4/A (sky130_fd_sc_hd__clkbuf_2)
     7    0.02    0.08    0.13    2.13 v input4/X (sky130_fd_sc_hd__clkbuf_2)
                                         net4 (net)
                  0.08    0.00    2.13 v _310_/A (sky130_fd_sc_hd__buf_2)
    10    0.03    0.08    0.18    2.31 v _310_/X (sky130_fd_sc_hd__buf_2)
                                         _238_ (net)
                  0.08    0.00    2.31 v _339_/A1_N (sky130_fd_sc_hd__o2bb2a_1)
     1    0.01    0.07    0.26    2.57 ^ _339_/X (sky130_fd_sc_hd__o2bb2a_1)
                                         net23 (net)
                  0.07    0.00    2.57 ^ output23/A (sky130_fd_sc_hd__buf_2)
     1    0.04    0.18    0.21    2.78 ^ output23/X (sky130_fd_sc_hd__buf_2)
                                         out[3] (net)
                  0.18    0.00    2.78 ^ out[3] (out)
                                  2.78   data arrival time

                  0.00    0.00    0.00   clock __VIRTUAL_CLK__ (rise edge)
                          0.00    0.00   clock network delay (ideal)
                          0.25    0.25   clock uncertainty
                          0.00    0.25   clock reconvergence pessimism
                         -2.00   -1.75   output external delay
                                 -1.75   data required time
-----------------------------------------------------------------------------
                                 -1.75   data required time
                                 -2.78   data arrival time
-----------------------------------------------------------------------------
                                  4.53   slack (MET)



worst slack corner Typical: 4.1916
