
===========================================================================
report_checks -path_delay min (Hold)
============================================================================
======================= Typical Corner ===================================

Startpoint: A[7] (input port clocked by __VIRTUAL_CLK__)
Endpoint: out[7] (output port clocked by __VIRTUAL_CLK__)
Path Group: __VIRTUAL_CLK__
Path Type: min

Fanout     Cap    Slew   Delay    Time   Description
-----------------------------------------------------------------------------
                  0.00    0.00    0.00   clock __VIRTUAL_CLK__ (rise edge)
                          0.00    0.00   clock network delay (ideal)
                          2.00    2.00 v input external delay
     6    0.02    0.06    0.04    2.04 v A[7] (in)
                                         A[7] (net)
                  0.06    0.00    2.04 v _502_/A (sky130_fd_sc_hd__inv_2)
     1    0.00    0.02    0.04    2.08 ^ _502_/Y (sky130_fd_sc_hd__inv_2)
                                         _179_ (net)
                  0.02    0.00    2.08 ^ _503_/B2 (sky130_fd_sc_hd__o32a_2)
     1    0.03    0.18    0.22    2.30 ^ _503_/X (sky130_fd_sc_hd__o32a_2)
                                         out[7] (net)
                  0.18    0.00    2.30 ^ out[7] (out)
                                  2.30   data arrival time

                  0.00    0.00    0.00   clock __VIRTUAL_CLK__ (rise edge)
                          0.00    0.00   clock network delay (ideal)
                          0.25    0.25   clock uncertainty
                          0.00    0.25   clock reconvergence pessimism
                         -2.00   -1.75   output external delay
                                 -1.75   data required time
-----------------------------------------------------------------------------
                                 -1.75   data required time
                                 -2.30   data arrival time
-----------------------------------------------------------------------------
                                  4.05   slack (MET)


Startpoint: A[6] (input port clocked by __VIRTUAL_CLK__)
Endpoint: out[6] (output port clocked by __VIRTUAL_CLK__)
Path Group: __VIRTUAL_CLK__
Path Type: min

Fanout     Cap    Slew   Delay    Time   Description
-----------------------------------------------------------------------------
                  0.00    0.00    0.00   clock __VIRTUAL_CLK__ (rise edge)
                          0.00    0.00   clock network delay (ideal)
                          2.00    2.00 ^ input external delay
    10    0.05    0.22    0.14    2.14 ^ A[6] (in)
                                         A[6] (net)
                  0.22    0.00    2.14 ^ _453_/A1 (sky130_fd_sc_hd__a22oi_2)
     1    0.04    0.16    0.20    2.35 v _453_/Y (sky130_fd_sc_hd__a22oi_2)
                                         out[6] (net)
                  0.16    0.00    2.35 v out[6] (out)
                                  2.35   data arrival time

                  0.00    0.00    0.00   clock __VIRTUAL_CLK__ (rise edge)
                          0.00    0.00   clock network delay (ideal)
                          0.25    0.25   clock uncertainty
                          0.00    0.25   clock reconvergence pessimism
                         -2.00   -1.75   output external delay
                                 -1.75   data required time
-----------------------------------------------------------------------------
                                 -1.75   data required time
                                 -2.35   data arrival time
-----------------------------------------------------------------------------
                                  4.10   slack (MET)


Startpoint: opcode[0] (input port clocked by __VIRTUAL_CLK__)
Endpoint: out[0] (output port clocked by __VIRTUAL_CLK__)
Path Group: __VIRTUAL_CLK__
Path Type: min

Fanout     Cap    Slew   Delay    Time   Description
-----------------------------------------------------------------------------
                  0.00    0.00    0.00   clock __VIRTUAL_CLK__ (rise edge)
                          0.00    0.00   clock network delay (ideal)
                          2.00    2.00 v input external delay
     5    0.02    0.04    0.02    2.02 v opcode[0] (in)
                                         opcode[0] (net)
                  0.04    0.00    2.02 v _254_/A (sky130_fd_sc_hd__nand2_2)
     3    0.01    0.06    0.07    2.09 ^ _254_/Y (sky130_fd_sc_hd__nand2_2)
                                         _185_ (net)
                  0.06    0.00    2.09 ^ _261_/A2 (sky130_fd_sc_hd__a31o_2)
     1    0.00    0.03    0.13    2.22 ^ _261_/X (sky130_fd_sc_hd__a31o_2)
                                         _192_ (net)
                  0.03    0.00    2.22 ^ _262_/B2 (sky130_fd_sc_hd__a2bb2o_2)
     1    0.04    0.19    0.25    2.47 ^ _262_/X (sky130_fd_sc_hd__a2bb2o_2)
                                         out[0] (net)
                  0.19    0.00    2.47 ^ out[0] (out)
                                  2.47   data arrival time

                  0.00    0.00    0.00   clock __VIRTUAL_CLK__ (rise edge)
                          0.00    0.00   clock network delay (ideal)
                          0.25    0.25   clock uncertainty
                          0.00    0.25   clock reconvergence pessimism
                         -2.00   -1.75   output external delay
                                 -1.75   data required time
-----------------------------------------------------------------------------
                                 -1.75   data required time
                                 -2.47   data arrival time
-----------------------------------------------------------------------------
                                  4.22   slack (MET)


Startpoint: opcode[2] (input port clocked by __VIRTUAL_CLK__)
Endpoint: out[5] (output port clocked by __VIRTUAL_CLK__)
Path Group: __VIRTUAL_CLK__
Path Type: min

Fanout     Cap    Slew   Delay    Time   Description
-----------------------------------------------------------------------------
                  0.00    0.00    0.00   clock __VIRTUAL_CLK__ (rise edge)
                          0.00    0.00   clock network delay (ideal)
                          2.00    2.00 v input external delay
     7    0.03    0.06    0.04    2.04 v opcode[2] (in)
                                         opcode[2] (net)
                  0.06    0.00    2.04 v _273_/A (sky130_fd_sc_hd__and3_2)
     7    0.03    0.09    0.22    2.26 v _273_/X (sky130_fd_sc_hd__and3_2)
                                         _203_ (net)
                  0.09    0.00    2.26 v _409_/A1 (sky130_fd_sc_hd__a21oi_2)
     1    0.00    0.09    0.13    2.39 ^ _409_/Y (sky130_fd_sc_hd__a21oi_2)
                                         _087_ (net)
                  0.09    0.00    2.39 ^ _410_/B1 (sky130_fd_sc_hd__a21oi_2)
     1    0.04    0.09    0.10    2.49 v _410_/Y (sky130_fd_sc_hd__a21oi_2)
                                         out[5] (net)
                  0.09    0.00    2.49 v out[5] (out)
                                  2.49   data arrival time

                  0.00    0.00    0.00   clock __VIRTUAL_CLK__ (rise edge)
                          0.00    0.00   clock network delay (ideal)
                          0.25    0.25   clock uncertainty
                          0.00    0.25   clock reconvergence pessimism
                         -2.00   -1.75   output external delay
                                 -1.75   data required time
-----------------------------------------------------------------------------
                                 -1.75   data required time
                                 -2.49   data arrival time
-----------------------------------------------------------------------------
                                  4.24   slack (MET)


Startpoint: opcode[2] (input port clocked by __VIRTUAL_CLK__)
Endpoint: out[2] (output port clocked by __VIRTUAL_CLK__)
Path Group: __VIRTUAL_CLK__
Path Type: min

Fanout     Cap    Slew   Delay    Time   Description
-----------------------------------------------------------------------------
                  0.00    0.00    0.00   clock __VIRTUAL_CLK__ (rise edge)
                          0.00    0.00   clock network delay (ideal)
                          2.00    2.00 v input external delay
     7    0.03    0.06    0.04    2.04 v opcode[2] (in)
                                         opcode[2] (net)
                  0.06    0.00    2.04 v _255_/A (sky130_fd_sc_hd__inv_2)
     2    0.01    0.05    0.06    2.10 ^ _255_/Y (sky130_fd_sc_hd__inv_2)
                                         _186_ (net)
                  0.05    0.00    2.10 ^ _258_/A (sky130_fd_sc_hd__nor2_2)
     8    0.03    0.07    0.07    2.17 v _258_/Y (sky130_fd_sc_hd__nor2_2)
                                         _189_ (net)
                  0.07    0.00    2.18 v _296_/B1 (sky130_fd_sc_hd__o21ai_2)
     1    0.00    0.05    0.06    2.24 ^ _296_/Y (sky130_fd_sc_hd__o21ai_2)
                                         _225_ (net)
                  0.05    0.00    2.24 ^ _297_/B (sky130_fd_sc_hd__nor2_2)
     1    0.00    0.02    0.03    2.27 v _297_/Y (sky130_fd_sc_hd__nor2_2)
                                         _226_ (net)
                  0.02    0.00    2.27 v _309_/B1 (sky130_fd_sc_hd__o2bb2a_2)
     1    0.04    0.10    0.32    2.59 v _309_/X (sky130_fd_sc_hd__o2bb2a_2)
                                         out[2] (net)
                  0.10    0.00    2.59 v out[2] (out)
                                  2.59   data arrival time

                  0.00    0.00    0.00   clock __VIRTUAL_CLK__ (rise edge)
                          0.00    0.00   clock network delay (ideal)
                          0.25    0.25   clock uncertainty
                          0.00    0.25   clock reconvergence pessimism
                         -2.00   -1.75   output external delay
                                 -1.75   data required time
-----------------------------------------------------------------------------
                                 -1.75   data required time
                                 -2.59   data arrival time
-----------------------------------------------------------------------------
                                  4.34   slack (MET)


Startpoint: opcode[2] (input port clocked by __VIRTUAL_CLK__)
Endpoint: out[4] (output port clocked by __VIRTUAL_CLK__)
Path Group: __VIRTUAL_CLK__
Path Type: min

Fanout     Cap    Slew   Delay    Time   Description
-----------------------------------------------------------------------------
                  0.00    0.00    0.00   clock __VIRTUAL_CLK__ (rise edge)
                          0.00    0.00   clock network delay (ideal)
                          2.00    2.00 v input external delay
     7    0.03    0.06    0.04    2.04 v opcode[2] (in)
                                         opcode[2] (net)
                  0.06    0.00    2.04 v _264_/A (sky130_fd_sc_hd__nor2_2)
     3    0.01    0.12    0.14    2.18 ^ _264_/Y (sky130_fd_sc_hd__nor2_2)
                                         _194_ (net)
                  0.12    0.00    2.18 ^ _371_/B1 (sky130_fd_sc_hd__a311o_2)
     1    0.00    0.04    0.12    2.30 ^ _371_/X (sky130_fd_sc_hd__a311o_2)
                                         _050_ (net)
                  0.04    0.00    2.30 ^ _372_/B1 (sky130_fd_sc_hd__a31o_2)
     1    0.00    0.03    0.08    2.38 ^ _372_/X (sky130_fd_sc_hd__a31o_2)
                                         _051_ (net)
                  0.03    0.00    2.38 ^ _373_/B2 (sky130_fd_sc_hd__o2bb2a_2)
     1    0.04    0.20    0.26    2.64 ^ _373_/X (sky130_fd_sc_hd__o2bb2a_2)
                                         out[4] (net)
                  0.20    0.00    2.64 ^ out[4] (out)
                                  2.64   data arrival time

                  0.00    0.00    0.00   clock __VIRTUAL_CLK__ (rise edge)
                          0.00    0.00   clock network delay (ideal)
                          0.25    0.25   clock uncertainty
                          0.00    0.25   clock reconvergence pessimism
                         -2.00   -1.75   output external delay
                                 -1.75   data required time
-----------------------------------------------------------------------------
                                 -1.75   data required time
                                 -2.64   data arrival time
-----------------------------------------------------------------------------
                                  4.39   slack (MET)


Startpoint: opcode[1] (input port clocked by __VIRTUAL_CLK__)
Endpoint: out[1] (output port clocked by __VIRTUAL_CLK__)
Path Group: __VIRTUAL_CLK__
Path Type: min

Fanout     Cap    Slew   Delay    Time   Description
-----------------------------------------------------------------------------
                  0.00    0.00    0.00   clock __VIRTUAL_CLK__ (rise edge)
                          0.00    0.00   clock network delay (ideal)
                          2.00    2.00 ^ input external delay
     5    0.02    0.09    0.06    2.06 ^ opcode[1] (in)
                                         opcode[1] (net)
                  0.09    0.00    2.06 ^ _268_/A (sky130_fd_sc_hd__nor2_2)
     7    0.02    0.06    0.08    2.14 v _268_/Y (sky130_fd_sc_hd__nor2_2)
                                         _198_ (net)
                  0.06    0.00    2.15 v _272_/B1 (sky130_fd_sc_hd__o22a_2)
     1    0.00    0.03    0.19    2.33 v _272_/X (sky130_fd_sc_hd__o22a_2)
                                         _202_ (net)
                  0.03    0.00    2.33 v _287_/B1 (sky130_fd_sc_hd__o2bb2a_2)
     1    0.04    0.10    0.33    2.66 v _287_/X (sky130_fd_sc_hd__o2bb2a_2)
                                         out[1] (net)
                  0.10    0.00    2.66 v out[1] (out)
                                  2.66   data arrival time

                  0.00    0.00    0.00   clock __VIRTUAL_CLK__ (rise edge)
                          0.00    0.00   clock network delay (ideal)
                          0.25    0.25   clock uncertainty
                          0.00    0.25   clock reconvergence pessimism
                         -2.00   -1.75   output external delay
                                 -1.75   data required time
-----------------------------------------------------------------------------
                                 -1.75   data required time
                                 -2.66   data arrival time
-----------------------------------------------------------------------------
                                  4.41   slack (MET)


Startpoint: A[3] (input port clocked by __VIRTUAL_CLK__)
Endpoint: out[3] (output port clocked by __VIRTUAL_CLK__)
Path Group: __VIRTUAL_CLK__
Path Type: min

Fanout     Cap    Slew   Delay    Time   Description
-----------------------------------------------------------------------------
                  0.00    0.00    0.00   clock __VIRTUAL_CLK__ (rise edge)
                          0.00    0.00   clock network delay (ideal)
                          2.00    2.00 v input external delay
     7    0.02    0.05    0.03    2.03 v A[3] (in)
                                         A[3] (net)
                  0.05    0.00    2.03 v _310_/A (sky130_fd_sc_hd__buf_1)
    10    0.03    0.20    0.21    2.24 v _310_/X (sky130_fd_sc_hd__buf_1)
                                         _238_ (net)
                  0.20    0.00    2.24 v _339_/A1_N (sky130_fd_sc_hd__o2bb2a_2)
     1    0.04    0.20    0.42    2.66 ^ _339_/X (sky130_fd_sc_hd__o2bb2a_2)
                                         out[3] (net)
                  0.20    0.00    2.66 ^ out[3] (out)
                                  2.66   data arrival time

                  0.00    0.00    0.00   clock __VIRTUAL_CLK__ (rise edge)
                          0.00    0.00   clock network delay (ideal)
                          0.25    0.25   clock uncertainty
                          0.00    0.25   clock reconvergence pessimism
                         -2.00   -1.75   output external delay
                                 -1.75   data required time
-----------------------------------------------------------------------------
                                 -1.75   data required time
                                 -2.66   data arrival time
-----------------------------------------------------------------------------
                                  4.41   slack (MET)



worst slack corner Typical: 4.0472
