
===========================================================================
report_checks -unconstrained
===========================================================================
======================= Typical Corner ===================================

Startpoint: B[0] (input port clocked by __VIRTUAL_CLK__)
Endpoint: out[7] (output port clocked by __VIRTUAL_CLK__)
Path Group: __VIRTUAL_CLK__
Path Type: max

Fanout     Cap    Slew   Delay    Time   Description
-----------------------------------------------------------------------------
                  0.00    0.00    0.00   clock __VIRTUAL_CLK__ (rise edge)
                          0.00    0.00   clock network delay (ideal)
                          2.00    2.00 ^ input external delay
     5    0.02    0.08    0.06    2.06 ^ B[0] (in)
                                         B[0] (net)
                  0.08    0.00    2.06 ^ _251_/A (sky130_fd_sc_hd__buf_1)
    10    0.04    0.48    0.42    2.47 ^ _251_/X (sky130_fd_sc_hd__buf_1)
                                         _182_ (net)
                  0.48    0.00    2.47 ^ _382_/A (sky130_fd_sc_hd__nand4_2)
     3    0.01    0.16    0.19    2.66 v _382_/Y (sky130_fd_sc_hd__nand4_2)
                                         _060_ (net)
                  0.16    0.00    2.66 v _385_/A1 (sky130_fd_sc_hd__a21o_2)
     2    0.01    0.04    0.26    2.92 v _385_/X (sky130_fd_sc_hd__a21o_2)
                                         _063_ (net)
                  0.04    0.00    2.92 v _389_/A1 (sky130_fd_sc_hd__a21o_2)
     3    0.01    0.05    0.21    3.13 v _389_/X (sky130_fd_sc_hd__a21o_2)
                                         _067_ (net)
                  0.05    0.00    3.13 v _395_/A2 (sky130_fd_sc_hd__a21o_2)
     3    0.01    0.05    0.24    3.37 v _395_/X (sky130_fd_sc_hd__a21o_2)
                                         _073_ (net)
                  0.05    0.00    3.37 v _398_/A (sky130_fd_sc_hd__and3_2)
     2    0.01    0.05    0.19    3.57 v _398_/X (sky130_fd_sc_hd__and3_2)
                                         _076_ (net)
                  0.05    0.00    3.57 v _401_/B (sky130_fd_sc_hd__or3_2)
     4    0.01    0.11    0.53    4.10 v _401_/X (sky130_fd_sc_hd__or3_2)
                                         _079_ (net)
                  0.11    0.00    4.10 v _465_/A2 (sky130_fd_sc_hd__a211o_2)
     2    0.01    0.06    0.39    4.48 v _465_/X (sky130_fd_sc_hd__a211o_2)
                                         _141_ (net)
                  0.06    0.00    4.48 v _494_/A (sky130_fd_sc_hd__or3_2)
     2    0.01    0.09    0.52    5.00 v _494_/X (sky130_fd_sc_hd__or3_2)
                                         _170_ (net)
                  0.09    0.00    5.00 v _496_/B (sky130_fd_sc_hd__and3_2)
     1    0.00    0.04    0.22    5.22 v _496_/X (sky130_fd_sc_hd__and3_2)
                                         _172_ (net)
                  0.04    0.00    5.22 v _498_/A1 (sky130_fd_sc_hd__o21a_2)
     1    0.00    0.03    0.21    5.43 v _498_/X (sky130_fd_sc_hd__o21a_2)
                                         _174_ (net)
                  0.03    0.00    5.43 v _503_/A2 (sky130_fd_sc_hd__o32a_2)
     1    0.03    0.13    0.48    5.90 v _503_/X (sky130_fd_sc_hd__o32a_2)
                                         out[7] (net)
                  0.13    0.00    5.90 v out[7] (out)
                                  5.90   data arrival time

                  0.00   10.00   10.00   clock __VIRTUAL_CLK__ (rise edge)
                          0.00   10.00   clock network delay (ideal)
                         -0.25    9.75   clock uncertainty
                          0.00    9.75   clock reconvergence pessimism
                         -2.00    7.75   output external delay
                                  7.75   data required time
-----------------------------------------------------------------------------
                                  7.75   data required time
                                 -5.90   data arrival time
-----------------------------------------------------------------------------
                                  1.85   slack (MET)




===========================================================================
report_checks --slack_max -0.01
============================================================================
======================= Typical Corner ===================================

No paths found.


===========================================================================
 report_check_types -max_slew -max_cap -max_fanout -violators
============================================================================
======================= Typical Corner ===================================


max slew violations count Typical: 0
max fanout violations count Typical: 0
max cap violations count Typical: 0

===========================================================================
report_parasitic_annotation -report_unannotated
============================================================================
Found 0 unannotated drivers.
Found 0 partially unannotated drivers.

===========================================================================
max slew violation count 0
max fanout violation count 0
max cap violation count 0
============================================================================

===========================================================================
check_setup -verbose -unconstrained_endpoints -multiple_clock -no_clock -no_input_delay -loops -generated_clocks
===========================================================================
