
===========================================================================
report_checks -unconstrained
===========================================================================
======================= Fastest Corner ===================================

Startpoint: B[1] (input port clocked by __VIRTUAL_CLK__)
Endpoint: out[7] (output port clocked by __VIRTUAL_CLK__)
Path Group: __VIRTUAL_CLK__
Path Type: max
Corner: Fastest

Fanout     Cap    Slew   Delay    Time   Description
-----------------------------------------------------------------------------
                  0.00    0.00    0.00   clock __VIRTUAL_CLK__ (rise edge)
                          0.00    0.00   clock network delay (ideal)
                          2.00    2.00 v input external delay
     1    0.01    0.01    0.01    2.01 v B[1] (in)
                                         B[1] (net)
                  0.01    0.00    2.01 v input10/A (sky130_fd_sc_hd__buf_6)
     4    0.02    0.02    0.07    2.08 v input10/X (sky130_fd_sc_hd__buf_6)
                                         net10 (net)
                  0.02    0.00    2.08 v _266_/A (sky130_fd_sc_hd__buf_6)
     7    0.03    0.03    0.09    2.17 v _266_/X (sky130_fd_sc_hd__buf_6)
                                         _196_ (net)
                  0.03    0.00    2.17 v rebuffer1/A (sky130_fd_sc_hd__clkbuf_2)
     4    0.02    0.05    0.10    2.27 v rebuffer1/X (sky130_fd_sc_hd__clkbuf_2)
                                         net28 (net)
                  0.05    0.00    2.27 v _267_/A (sky130_fd_sc_hd__buf_4)
    10    0.03    0.04    0.12    2.39 v _267_/X (sky130_fd_sc_hd__buf_4)
                                         _197_ (net)
                  0.04    0.00    2.39 v _277_/B (sky130_fd_sc_hd__and3_1)
     2    0.00    0.03    0.12    2.51 v _277_/X (sky130_fd_sc_hd__and3_1)
                                         _207_ (net)
                  0.03    0.00    2.51 v _279_/C (sky130_fd_sc_hd__or3_1)
     2    0.00    0.05    0.19    2.70 v _279_/X (sky130_fd_sc_hd__or3_1)
                                         _209_ (net)
                  0.05    0.00    2.70 v _301_/A2 (sky130_fd_sc_hd__a21o_1)
     3    0.01    0.04    0.14    2.84 v _301_/X (sky130_fd_sc_hd__a21o_1)
                                         _230_ (net)
                  0.04    0.00    2.84 v _312_/A2 (sky130_fd_sc_hd__a21o_1)
     3    0.01    0.04    0.14    2.98 v _312_/X (sky130_fd_sc_hd__a21o_1)
                                         _240_ (net)
                  0.04    0.00    2.98 v _366_/A1 (sky130_fd_sc_hd__a21bo_1)
     3    0.01    0.04    0.13    3.11 v _366_/X (sky130_fd_sc_hd__a21bo_1)
                                         _045_ (net)
                  0.04    0.00    3.11 v _375_/A2 (sky130_fd_sc_hd__a21o_1)
     2    0.01    0.04    0.14    3.25 v _375_/X (sky130_fd_sc_hd__a21o_1)
                                         _053_ (net)
                  0.04    0.00    3.25 v _442_/A1 (sky130_fd_sc_hd__a21o_1)
     4    0.01    0.05    0.14    3.39 v _442_/X (sky130_fd_sc_hd__a21o_1)
                                         _119_ (net)
                  0.05    0.00    3.39 v _463_/A1 (sky130_fd_sc_hd__a211o_1)
     1    0.00    0.03    0.17    3.55 v _463_/X (sky130_fd_sc_hd__a211o_1)
                                         _139_ (net)
                  0.03    0.00    3.55 v _464_/B1 (sky130_fd_sc_hd__o311a_1)
     1    0.01    0.05    0.09    3.64 v _464_/X (sky130_fd_sc_hd__o311a_1)
                                         _140_ (net)
                  0.05    0.00    3.64 v _503_/A1 (sky130_fd_sc_hd__o32a_1)
     1    0.01    0.05    0.22    3.86 v _503_/X (sky130_fd_sc_hd__o32a_1)
                                         net27 (net)
                  0.05    0.00    3.86 v output27/A (sky130_fd_sc_hd__buf_6)
     1    0.03    0.03    0.10    3.96 v output27/X (sky130_fd_sc_hd__buf_6)
                                         out[7] (net)
                  0.03    0.00    3.96 v out[7] (out)
                                  3.96   data arrival time

                  0.00   10.00   10.00   clock __VIRTUAL_CLK__ (rise edge)
                          0.00   10.00   clock network delay (ideal)
                         -0.25    9.75   clock uncertainty
                          0.00    9.75   clock reconvergence pessimism
                         -2.00    7.75   output external delay
                                  7.75   data required time
-----------------------------------------------------------------------------
                                  7.75   data required time
                                 -3.96   data arrival time
-----------------------------------------------------------------------------
                                  3.79   slack (MET)



======================= Slowest Corner ===================================

Startpoint: B[1] (input port clocked by __VIRTUAL_CLK__)
Endpoint: out[7] (output port clocked by __VIRTUAL_CLK__)
Path Group: __VIRTUAL_CLK__
Path Type: max
Corner: Slowest

Fanout     Cap    Slew   Delay    Time   Description
-----------------------------------------------------------------------------
                  0.00    0.00    0.00   clock __VIRTUAL_CLK__ (rise edge)
                          0.00    0.00   clock network delay (ideal)
                          2.00    2.00 v input external delay
     1    0.01    0.03    0.02    2.02 v B[1] (in)
                                         B[1] (net)
                  0.03    0.00    2.02 v input10/A (sky130_fd_sc_hd__buf_6)
     4    0.02    0.05    0.21    2.23 v input10/X (sky130_fd_sc_hd__buf_6)
                                         net10 (net)
                  0.05    0.00    2.23 v _266_/A (sky130_fd_sc_hd__buf_6)
     7    0.03    0.07    0.24    2.47 v _266_/X (sky130_fd_sc_hd__buf_6)
                                         _196_ (net)
                  0.07    0.00    2.47 v rebuffer1/A (sky130_fd_sc_hd__clkbuf_2)
     4    0.02    0.13    0.27    2.74 v rebuffer1/X (sky130_fd_sc_hd__clkbuf_2)
                                         net28 (net)
                  0.13    0.00    2.74 v _324_/A1 (sky130_fd_sc_hd__a22oi_2)
     3    0.01    0.27    0.35    3.09 ^ _324_/Y (sky130_fd_sc_hd__a22oi_2)
                                         _004_ (net)
                  0.27    0.00    3.09 ^ _351_/A2 (sky130_fd_sc_hd__o21bai_1)
     2    0.01    0.16    0.25    3.34 v _351_/Y (sky130_fd_sc_hd__o21bai_1)
                                         _030_ (net)
                  0.16    0.00    3.34 v _352_/C (sky130_fd_sc_hd__and3_1)
     2    0.00    0.09    0.44    3.78 v _352_/X (sky130_fd_sc_hd__and3_1)
                                         _031_ (net)
                  0.09    0.00    3.78 v _397_/B1 (sky130_fd_sc_hd__a21o_1)
     3    0.01    0.13    0.37    4.16 v _397_/X (sky130_fd_sc_hd__a21o_1)
                                         _075_ (net)
                  0.13    0.00    4.16 v _398_/A (sky130_fd_sc_hd__and3_1)
     2    0.01    0.10    0.37    4.52 v _398_/X (sky130_fd_sc_hd__and3_1)
                                         _076_ (net)
                  0.10    0.00    4.52 v _401_/C (sky130_fd_sc_hd__or3_4)
     4    0.01    0.14    0.74    5.26 v _401_/X (sky130_fd_sc_hd__or3_4)
                                         _079_ (net)
                  0.14    0.00    5.26 v _465_/A1 (sky130_fd_sc_hd__a211o_1)
     2    0.01    0.12    0.59    5.85 v _465_/X (sky130_fd_sc_hd__a211o_1)
                                         _141_ (net)
                  0.12    0.00    5.85 v _494_/C (sky130_fd_sc_hd__or3_4)
     2    0.00    0.12    0.70    6.55 v _494_/X (sky130_fd_sc_hd__or3_4)
                                         _170_ (net)
                  0.12    0.00    6.55 v _496_/A (sky130_fd_sc_hd__and3_1)
     1    0.00    0.07    0.33    6.88 v _496_/X (sky130_fd_sc_hd__and3_1)
                                         _172_ (net)
                  0.07    0.00    6.88 v _498_/A2 (sky130_fd_sc_hd__o21a_1)
     1    0.00    0.07    0.33    7.21 v _498_/X (sky130_fd_sc_hd__o21a_1)
                                         _174_ (net)
                  0.07    0.00    7.21 v _503_/A3 (sky130_fd_sc_hd__o32a_1)
     1    0.01    0.15    0.59    7.80 v _503_/X (sky130_fd_sc_hd__o32a_1)
                                         net27 (net)
                  0.15    0.00    7.80 v output27/A (sky130_fd_sc_hd__buf_6)
     1    0.03    0.08    0.30    8.10 v output27/X (sky130_fd_sc_hd__buf_6)
                                         out[7] (net)
                  0.08    0.00    8.10 v out[7] (out)
                                  8.10   data arrival time

                  0.00   10.00   10.00   clock __VIRTUAL_CLK__ (rise edge)
                          0.00   10.00   clock network delay (ideal)
                         -0.25    9.75   clock uncertainty
                          0.00    9.75   clock reconvergence pessimism
                         -2.00    7.75   output external delay
                                  7.75   data required time
-----------------------------------------------------------------------------
                                  7.75   data required time
                                 -8.10   data arrival time
-----------------------------------------------------------------------------
                                 -0.35   slack (VIOLATED)



======================= Typical Corner ===================================

Startpoint: B[4] (input port clocked by __VIRTUAL_CLK__)
Endpoint: out[7] (output port clocked by __VIRTUAL_CLK__)
Path Group: __VIRTUAL_CLK__
Path Type: max
Corner: Typical

Fanout     Cap    Slew   Delay    Time   Description
-----------------------------------------------------------------------------
                  0.00    0.00    0.00   clock __VIRTUAL_CLK__ (rise edge)
                          0.00    0.00   clock network delay (ideal)
                          2.00    2.00 ^ input external delay
     1    0.00    0.02    0.01    2.01 ^ B[4] (in)
                                         B[4] (net)
                  0.02    0.00    2.01 ^ input13/A (sky130_fd_sc_hd__buf_1)
     5    0.02    0.19    0.18    2.20 ^ input13/X (sky130_fd_sc_hd__buf_1)
                                         net13 (net)
                  0.19    0.00    2.20 ^ _342_/A (sky130_fd_sc_hd__buf_2)
    10    0.04    0.18    0.26    2.46 ^ _342_/X (sky130_fd_sc_hd__buf_2)
                                         _021_ (net)
                  0.18    0.00    2.46 ^ _426_/B1 (sky130_fd_sc_hd__a22o_1)
     2    0.01    0.07    0.18    2.64 ^ _426_/X (sky130_fd_sc_hd__a22o_1)
                                         _103_ (net)
                  0.07    0.00    2.64 ^ _427_/B1_N (sky130_fd_sc_hd__a21bo_1)
     1    0.01    0.06    0.24    2.88 v _427_/X (sky130_fd_sc_hd__a21bo_1)
                                         _104_ (net)
                  0.06    0.00    2.88 v _428_/B (sky130_fd_sc_hd__xor2_2)
     2    0.01    0.21    0.22    3.09 ^ _428_/X (sky130_fd_sc_hd__xor2_2)
                                         _105_ (net)
                  0.21    0.00    3.09 ^ _430_/A (sky130_fd_sc_hd__nand3_1)
     3    0.01    0.11    0.15    3.24 v _430_/Y (sky130_fd_sc_hd__nand3_1)
                                         _107_ (net)
                  0.11    0.00    3.24 v _433_/A2 (sky130_fd_sc_hd__a21o_1)
     3    0.01    0.06    0.24    3.48 v _433_/X (sky130_fd_sc_hd__a21o_1)
                                         _110_ (net)
                  0.06    0.00    3.48 v _434_/C (sky130_fd_sc_hd__and3_1)
     3    0.01    0.07    0.22    3.70 v _434_/X (sky130_fd_sc_hd__and3_1)
                                         _111_ (net)
                  0.07    0.00    3.70 v _465_/B1 (sky130_fd_sc_hd__a211o_1)
     2    0.01    0.07    0.31    4.01 v _465_/X (sky130_fd_sc_hd__a211o_1)
                                         _141_ (net)
                  0.07    0.00    4.01 v _494_/C (sky130_fd_sc_hd__or3_4)
     2    0.00    0.07    0.35    4.36 v _494_/X (sky130_fd_sc_hd__or3_4)
                                         _170_ (net)
                  0.07    0.00    4.36 v _496_/A (sky130_fd_sc_hd__and3_1)
     1    0.00    0.04    0.15    4.52 v _496_/X (sky130_fd_sc_hd__and3_1)
                                         _172_ (net)
                  0.04    0.00    4.52 v _498_/A2 (sky130_fd_sc_hd__o21a_1)
     1    0.00    0.04    0.17    4.69 v _498_/X (sky130_fd_sc_hd__o21a_1)
                                         _174_ (net)
                  0.04    0.00    4.69 v _503_/A3 (sky130_fd_sc_hd__o32a_1)
     1    0.01    0.06    0.31    5.00 v _503_/X (sky130_fd_sc_hd__o32a_1)
                                         net27 (net)
                  0.06    0.00    5.00 v output27/A (sky130_fd_sc_hd__buf_6)
     1    0.03    0.04    0.15    5.15 v output27/X (sky130_fd_sc_hd__buf_6)
                                         out[7] (net)
                  0.04    0.00    5.15 v out[7] (out)
                                  5.15   data arrival time

                  0.00   10.00   10.00   clock __VIRTUAL_CLK__ (rise edge)
                          0.00   10.00   clock network delay (ideal)
                         -0.25    9.75   clock uncertainty
                          0.00    9.75   clock reconvergence pessimism
                         -2.00    7.75   output external delay
                                  7.75   data required time
-----------------------------------------------------------------------------
                                  7.75   data required time
                                 -5.15   data arrival time
-----------------------------------------------------------------------------
                                  2.60   slack (MET)




===========================================================================
report_checks --slack_max -0.01
============================================================================
======================= Fastest Corner ===================================

No paths found.

======================= Slowest Corner ===================================

Startpoint: B[1] (input port clocked by __VIRTUAL_CLK__)
Endpoint: out[7] (output port clocked by __VIRTUAL_CLK__)
Path Group: __VIRTUAL_CLK__
Path Type: max
Corner: Slowest

Fanout     Cap    Slew   Delay    Time   Description
-----------------------------------------------------------------------------
                  0.00    0.00    0.00   clock __VIRTUAL_CLK__ (rise edge)
                          0.00    0.00   clock network delay (ideal)
                          2.00    2.00 v input external delay
     1    0.01    0.03    0.02    2.02 v B[1] (in)
                                         B[1] (net)
                  0.03    0.00    2.02 v input10/A (sky130_fd_sc_hd__buf_6)
     4    0.02    0.05    0.21    2.23 v input10/X (sky130_fd_sc_hd__buf_6)
                                         net10 (net)
                  0.05    0.00    2.23 v _266_/A (sky130_fd_sc_hd__buf_6)
     7    0.03    0.07    0.24    2.47 v _266_/X (sky130_fd_sc_hd__buf_6)
                                         _196_ (net)
                  0.07    0.00    2.47 v rebuffer1/A (sky130_fd_sc_hd__clkbuf_2)
     4    0.02    0.13    0.27    2.74 v rebuffer1/X (sky130_fd_sc_hd__clkbuf_2)
                                         net28 (net)
                  0.13    0.00    2.74 v _324_/A1 (sky130_fd_sc_hd__a22oi_2)
     3    0.01    0.27    0.35    3.09 ^ _324_/Y (sky130_fd_sc_hd__a22oi_2)
                                         _004_ (net)
                  0.27    0.00    3.09 ^ _351_/A2 (sky130_fd_sc_hd__o21bai_1)
     2    0.01    0.16    0.25    3.34 v _351_/Y (sky130_fd_sc_hd__o21bai_1)
                                         _030_ (net)
                  0.16    0.00    3.34 v _352_/C (sky130_fd_sc_hd__and3_1)
     2    0.00    0.09    0.44    3.78 v _352_/X (sky130_fd_sc_hd__and3_1)
                                         _031_ (net)
                  0.09    0.00    3.78 v _397_/B1 (sky130_fd_sc_hd__a21o_1)
     3    0.01    0.13    0.37    4.16 v _397_/X (sky130_fd_sc_hd__a21o_1)
                                         _075_ (net)
                  0.13    0.00    4.16 v _398_/A (sky130_fd_sc_hd__and3_1)
     2    0.01    0.10    0.37    4.52 v _398_/X (sky130_fd_sc_hd__and3_1)
                                         _076_ (net)
                  0.10    0.00    4.52 v _401_/C (sky130_fd_sc_hd__or3_4)
     4    0.01    0.14    0.74    5.26 v _401_/X (sky130_fd_sc_hd__or3_4)
                                         _079_ (net)
                  0.14    0.00    5.26 v _465_/A1 (sky130_fd_sc_hd__a211o_1)
     2    0.01    0.12    0.59    5.85 v _465_/X (sky130_fd_sc_hd__a211o_1)
                                         _141_ (net)
                  0.12    0.00    5.85 v _494_/C (sky130_fd_sc_hd__or3_4)
     2    0.00    0.12    0.70    6.55 v _494_/X (sky130_fd_sc_hd__or3_4)
                                         _170_ (net)
                  0.12    0.00    6.55 v _496_/A (sky130_fd_sc_hd__and3_1)
     1    0.00    0.07    0.33    6.88 v _496_/X (sky130_fd_sc_hd__and3_1)
                                         _172_ (net)
                  0.07    0.00    6.88 v _498_/A2 (sky130_fd_sc_hd__o21a_1)
     1    0.00    0.07    0.33    7.21 v _498_/X (sky130_fd_sc_hd__o21a_1)
                                         _174_ (net)
                  0.07    0.00    7.21 v _503_/A3 (sky130_fd_sc_hd__o32a_1)
     1    0.01    0.15    0.59    7.80 v _503_/X (sky130_fd_sc_hd__o32a_1)
                                         net27 (net)
                  0.15    0.00    7.80 v output27/A (sky130_fd_sc_hd__buf_6)
     1    0.03    0.08    0.30    8.10 v output27/X (sky130_fd_sc_hd__buf_6)
                                         out[7] (net)
                  0.08    0.00    8.10 v out[7] (out)
                                  8.10   data arrival time

                  0.00   10.00   10.00   clock __VIRTUAL_CLK__ (rise edge)
                          0.00   10.00   clock network delay (ideal)
                         -0.25    9.75   clock uncertainty
                          0.00    9.75   clock reconvergence pessimism
                         -2.00    7.75   output external delay
                                  7.75   data required time
-----------------------------------------------------------------------------
                                  7.75   data required time
                                 -8.10   data arrival time
-----------------------------------------------------------------------------
                                 -0.35   slack (VIOLATED)



======================= Typical Corner ===================================

No paths found.


===========================================================================
 report_check_types -max_slew -max_cap -max_fanout -violators
============================================================================
======================= Fastest Corner ===================================


max slew violations count Fastest: 0
max fanout violations count Fastest: 0
max cap violations count Fastest: 0
======================= Slowest Corner ===================================


max slew violations count Slowest: 0
max fanout violations count Slowest: 0
max cap violations count Slowest: 0
======================= Typical Corner ===================================


max slew violations count Typical: 0
max fanout violations count Typical: 0
max cap violations count Typical: 0

===========================================================================
report_parasitic_annotation -report_unannotated
============================================================================
Found 0 unannotated drivers.
Found 0 partially unannotated drivers.

===========================================================================
max slew violation count 0
max fanout violation count 0
max cap violation count 0
============================================================================

===========================================================================
check_setup -verbose -unconstrained_endpoints -multiple_clock -no_clock -no_input_delay -loops -generated_clocks
===========================================================================
