
===========================================================================
 report_power
============================================================================
======================= Fastest Corner ===================================

Group                  Internal  Switching    Leakage      Total
                          Power      Power      Power      Power (Watts)
----------------------------------------------------------------
Sequential             0.00e+00   0.00e+00   0.00e+00   0.00e+00   0.0%
Combinational          6.88e-05   1.02e-04   1.81e-09   1.71e-04 100.0%
Clock                  0.00e+00   0.00e+00   1.16e-09   1.16e-09   0.0%
Macro                  0.00e+00   0.00e+00   0.00e+00   0.00e+00   0.0%
Pad                    0.00e+00   0.00e+00   0.00e+00   0.00e+00   0.0%
----------------------------------------------------------------
Total                  6.88e-05   1.02e-04   2.97e-09   1.71e-04 100.0%
                          40.2%      59.8%       0.0%

======================= Slowest Corner ===================================

Group                  Internal  Switching    Leakage      Total
                          Power      Power      Power      Power (Watts)
----------------------------------------------------------------
Sequential             0.00e+00   0.00e+00   0.00e+00   0.00e+00   0.0%
Combinational          5.18e-05   6.79e-05   1.27e-06   1.21e-04 100.0%
Clock                  0.00e+00   0.00e+00   1.16e-09   1.16e-09   0.0%
Macro                  0.00e+00   0.00e+00   0.00e+00   0.00e+00   0.0%
Pad                    0.00e+00   0.00e+00   0.00e+00   0.00e+00   0.0%
----------------------------------------------------------------
Total                  5.18e-05   6.79e-05   1.27e-06   1.21e-04 100.0%
                          42.8%      56.1%       1.0%

======================= Typical Corner ===================================

Group                  Internal  Switching    Leakage      Total
                          Power      Power      Power      Power (Watts)
----------------------------------------------------------------
Sequential             0.00e+00   0.00e+00   0.00e+00   0.00e+00   0.0%
Combinational          6.30e-05   8.64e-05   1.03e-09   1.49e-04 100.0%
Clock                  0.00e+00   0.00e+00   1.16e-09   1.16e-09   0.0%
Macro                  0.00e+00   0.00e+00   0.00e+00   0.00e+00   0.0%
Pad                    0.00e+00   0.00e+00   0.00e+00   0.00e+00   0.0%
----------------------------------------------------------------
Total                  6.30e-05   8.64e-05   2.19e-09   1.49e-04 100.0%
                          42.2%      57.8%       0.0%

