
===========================================================================
report_checks -unconstrained
===========================================================================
======================= Typical Corner ===================================

Startpoint: B[2] (input port clocked by __VIRTUAL_CLK__)
Endpoint: out[7] (output port clocked by __VIRTUAL_CLK__)
Path Group: __VIRTUAL_CLK__
Path Type: max

Fanout     Cap    Slew   Delay    Time   Description
-----------------------------------------------------------------------------
                  0.00    0.00    0.00   clock __VIRTUAL_CLK__ (rise edge)
                          0.00    0.00   clock network delay (ideal)
                          2.00    2.00 ^ input external delay
     1    0.00    0.02    0.01    2.01 ^ B[2] (in)
                                         B[2] (net)
                  0.02    0.00    2.01 ^ input11/A (sky130_fd_sc_hd__dlymetal6s2s_1)
     5    0.02    0.17    0.18    2.19 ^ input11/X (sky130_fd_sc_hd__dlymetal6s2s_1)
                                         net11 (net)
                  0.17    0.00    2.19 ^ _304_/B (sky130_fd_sc_hd__nand2_1)
     4    0.01    0.10    0.14    2.33 v _304_/Y (sky130_fd_sc_hd__nand2_1)
                                         _233_ (net)
                  0.10    0.00    2.33 v _349_/A (sky130_fd_sc_hd__or3_1)
     2    0.00    0.08    0.41    2.74 v _349_/X (sky130_fd_sc_hd__or3_1)
                                         _028_ (net)
                  0.08    0.00    2.74 v _353_/A1 (sky130_fd_sc_hd__a21o_1)
     2    0.00    0.04    0.18    2.92 v _353_/X (sky130_fd_sc_hd__a21o_1)
                                         _032_ (net)
                  0.04    0.00    2.92 v _397_/A2 (sky130_fd_sc_hd__a21o_1)
     3    0.01    0.06    0.21    3.13 v _397_/X (sky130_fd_sc_hd__a21o_1)
                                         _075_ (net)
                  0.06    0.00    3.13 v _398_/C (sky130_fd_sc_hd__and3_1)
     2    0.00    0.04    0.20    3.33 v _398_/X (sky130_fd_sc_hd__and3_1)
                                         _076_ (net)
                  0.04    0.00    3.33 v _401_/B (sky130_fd_sc_hd__or3_2)
     4    0.01    0.11    0.52    3.85 v _401_/X (sky130_fd_sc_hd__or3_2)
                                         _079_ (net)
                  0.11    0.00    3.85 v _465_/A2 (sky130_fd_sc_hd__a211o_1)
     2    0.01    0.06    0.34    4.19 v _465_/X (sky130_fd_sc_hd__a211o_1)
                                         _141_ (net)
                  0.06    0.00    4.19 v _494_/A (sky130_fd_sc_hd__or3_1)
     2    0.00    0.08    0.40    4.59 v _494_/X (sky130_fd_sc_hd__or3_1)
                                         _170_ (net)
                  0.08    0.00    4.59 v _496_/B (sky130_fd_sc_hd__and3_1)
     1    0.00    0.04    0.18    4.77 v _496_/X (sky130_fd_sc_hd__and3_1)
                                         _172_ (net)
                  0.04    0.00    4.77 v _498_/A1 (sky130_fd_sc_hd__o21a_1)
     1    0.00    0.04    0.19    4.96 v _498_/X (sky130_fd_sc_hd__o21a_1)
                                         _174_ (net)
                  0.04    0.00    4.96 v _503_/A2 (sky130_fd_sc_hd__o32a_1)
     1    0.00    0.05    0.33    5.29 v _503_/X (sky130_fd_sc_hd__o32a_1)
                                         net27 (net)
                  0.05    0.00    5.29 v output27/A (sky130_fd_sc_hd__buf_2)
     1    0.03    0.09    0.19    5.48 v output27/X (sky130_fd_sc_hd__buf_2)
                                         out[7] (net)
                  0.09    0.00    5.48 v out[7] (out)
                                  5.48   data arrival time

                  0.00   10.00   10.00   clock __VIRTUAL_CLK__ (rise edge)
                          0.00   10.00   clock network delay (ideal)
                         -0.25    9.75   clock uncertainty
                          0.00    9.75   clock reconvergence pessimism
                         -2.00    7.75   output external delay
                                  7.75   data required time
-----------------------------------------------------------------------------
                                  7.75   data required time
                                 -5.48   data arrival time
-----------------------------------------------------------------------------
                                  2.27   slack (MET)




===========================================================================
report_checks --slack_max -0.01
============================================================================
======================= Typical Corner ===================================

No paths found.


===========================================================================
 report_check_types -max_slew -max_cap -max_fanout -violators
============================================================================
======================= Typical Corner ===================================


max slew violations count Typical: 0
max fanout violations count Typical: 0
max cap violations count Typical: 0

===========================================================================
report_parasitic_annotation -report_unannotated
============================================================================
Found 0 unannotated drivers.
Found 0 partially unannotated drivers.

===========================================================================
max slew violation count 0
max fanout violation count 0
max cap violation count 0
============================================================================

===========================================================================
check_setup -verbose -unconstrained_endpoints -multiple_clock -no_clock -no_input_delay -loops -generated_clocks
===========================================================================
