
===========================================================================
report_checks -path_delay max (Setup)
============================================================================
======================= Typical Corner ===================================

Startpoint: B[2] (input port clocked by __VIRTUAL_CLK__)
Endpoint: out[7] (output port clocked by __VIRTUAL_CLK__)
Path Group: __VIRTUAL_CLK__
Path Type: max

Fanout     Cap    Slew   Delay    Time   Description
-----------------------------------------------------------------------------
                  0.00    0.00    0.00   clock __VIRTUAL_CLK__ (rise edge)
                          0.00    0.00   clock network delay (ideal)
                          2.00    2.00 ^ input external delay
     1    0.00    0.02    0.01    2.01 ^ B[2] (in)
                                         B[2] (net)
                  0.02    0.00    2.01 ^ input11/A (sky130_fd_sc_hd__dlymetal6s2s_1)
     5    0.02    0.17    0.18    2.19 ^ input11/X (sky130_fd_sc_hd__dlymetal6s2s_1)
                                         net11 (net)
                  0.17    0.00    2.19 ^ _304_/B (sky130_fd_sc_hd__nand2_1)
     4    0.01    0.10    0.14    2.33 v _304_/Y (sky130_fd_sc_hd__nand2_1)
                                         _233_ (net)
                  0.10    0.00    2.33 v _349_/A (sky130_fd_sc_hd__or3_1)
     2    0.00    0.08    0.41    2.74 v _349_/X (sky130_fd_sc_hd__or3_1)
                                         _028_ (net)
                  0.08    0.00    2.74 v _353_/A1 (sky130_fd_sc_hd__a21o_1)
     2    0.00    0.04    0.18    2.92 v _353_/X (sky130_fd_sc_hd__a21o_1)
                                         _032_ (net)
                  0.04    0.00    2.92 v _397_/A2 (sky130_fd_sc_hd__a21o_1)
     3    0.01    0.06    0.21    3.13 v _397_/X (sky130_fd_sc_hd__a21o_1)
                                         _075_ (net)
                  0.06    0.00    3.13 v _398_/C (sky130_fd_sc_hd__and3_1)
     2    0.00    0.04    0.20    3.33 v _398_/X (sky130_fd_sc_hd__and3_1)
                                         _076_ (net)
                  0.04    0.00    3.33 v _401_/B (sky130_fd_sc_hd__or3_2)
     4    0.01    0.11    0.52    3.85 v _401_/X (sky130_fd_sc_hd__or3_2)
                                         _079_ (net)
                  0.11    0.00    3.85 v _465_/A2 (sky130_fd_sc_hd__a211o_1)
     2    0.01    0.06    0.34    4.19 v _465_/X (sky130_fd_sc_hd__a211o_1)
                                         _141_ (net)
                  0.06    0.00    4.19 v _494_/A (sky130_fd_sc_hd__or3_1)
     2    0.00    0.08    0.40    4.59 v _494_/X (sky130_fd_sc_hd__or3_1)
                                         _170_ (net)
                  0.08    0.00    4.59 v _496_/B (sky130_fd_sc_hd__and3_1)
     1    0.00    0.04    0.18    4.77 v _496_/X (sky130_fd_sc_hd__and3_1)
                                         _172_ (net)
                  0.04    0.00    4.77 v _498_/A1 (sky130_fd_sc_hd__o21a_1)
     1    0.00    0.04    0.19    4.96 v _498_/X (sky130_fd_sc_hd__o21a_1)
                                         _174_ (net)
                  0.04    0.00    4.96 v _503_/A2 (sky130_fd_sc_hd__o32a_1)
     1    0.00    0.05    0.33    5.29 v _503_/X (sky130_fd_sc_hd__o32a_1)
                                         net27 (net)
                  0.05    0.00    5.29 v output27/A (sky130_fd_sc_hd__buf_2)
     1    0.03    0.09    0.19    5.48 v output27/X (sky130_fd_sc_hd__buf_2)
                                         out[7] (net)
                  0.09    0.00    5.48 v out[7] (out)
                                  5.48   data arrival time

                  0.00   10.00   10.00   clock __VIRTUAL_CLK__ (rise edge)
                          0.00   10.00   clock network delay (ideal)
                         -0.25    9.75   clock uncertainty
                          0.00    9.75   clock reconvergence pessimism
                         -2.00    7.75   output external delay
                                  7.75   data required time
-----------------------------------------------------------------------------
                                  7.75   data required time
                                 -5.48   data arrival time
-----------------------------------------------------------------------------
                                  2.27   slack (MET)


Startpoint: B[2] (input port clocked by __VIRTUAL_CLK__)
Endpoint: out[6] (output port clocked by __VIRTUAL_CLK__)
Path Group: __VIRTUAL_CLK__
Path Type: max

Fanout     Cap    Slew   Delay    Time   Description
-----------------------------------------------------------------------------
                  0.00    0.00    0.00   clock __VIRTUAL_CLK__ (rise edge)
                          0.00    0.00   clock network delay (ideal)
                          2.00    2.00 ^ input external delay
     1    0.00    0.02    0.01    2.01 ^ B[2] (in)
                                         B[2] (net)
                  0.02    0.00    2.01 ^ input11/A (sky130_fd_sc_hd__dlymetal6s2s_1)
     5    0.02    0.17    0.18    2.19 ^ input11/X (sky130_fd_sc_hd__dlymetal6s2s_1)
                                         net11 (net)
                  0.17    0.00    2.19 ^ _304_/B (sky130_fd_sc_hd__nand2_1)
     4    0.01    0.10    0.14    2.33 v _304_/Y (sky130_fd_sc_hd__nand2_1)
                                         _233_ (net)
                  0.10    0.00    2.33 v _349_/A (sky130_fd_sc_hd__or3_1)
     2    0.00    0.08    0.41    2.74 v _349_/X (sky130_fd_sc_hd__or3_1)
                                         _028_ (net)
                  0.08    0.00    2.74 v _353_/A1 (sky130_fd_sc_hd__a21o_1)
     2    0.00    0.04    0.18    2.92 v _353_/X (sky130_fd_sc_hd__a21o_1)
                                         _032_ (net)
                  0.04    0.00    2.92 v _397_/A2 (sky130_fd_sc_hd__a21o_1)
     3    0.01    0.06    0.21    3.13 v _397_/X (sky130_fd_sc_hd__a21o_1)
                                         _075_ (net)
                  0.06    0.00    3.13 v _398_/C (sky130_fd_sc_hd__and3_1)
     2    0.00    0.04    0.20    3.33 v _398_/X (sky130_fd_sc_hd__and3_1)
                                         _076_ (net)
                  0.04    0.00    3.33 v _401_/B (sky130_fd_sc_hd__or3_2)
     4    0.01    0.11    0.52    3.85 v _401_/X (sky130_fd_sc_hd__or3_2)
                                         _079_ (net)
                  0.11    0.00    3.85 v _437_/C1 (sky130_fd_sc_hd__o211a_1)
     2    0.01    0.06    0.16    4.01 v _437_/X (sky130_fd_sc_hd__o211a_1)
                                         _114_ (net)
                  0.06    0.00    4.01 v _439_/B (sky130_fd_sc_hd__or2_1)
     1    0.00    0.05    0.22    4.23 v _439_/X (sky130_fd_sc_hd__or2_1)
                                         _116_ (net)
                  0.05    0.00    4.23 v _440_/A2 (sky130_fd_sc_hd__a21bo_1)
     1    0.00    0.03    0.19    4.41 v _440_/X (sky130_fd_sc_hd__a21bo_1)
                                         _117_ (net)
                  0.03    0.00    4.41 v _441_/B (sky130_fd_sc_hd__or2_1)
     1    0.00    0.06    0.22    4.63 v _441_/X (sky130_fd_sc_hd__or2_1)
                                         _118_ (net)
                  0.06    0.00    4.63 v _453_/B1 (sky130_fd_sc_hd__a22oi_1)
     1    0.00    0.16    0.16    4.79 ^ _453_/Y (sky130_fd_sc_hd__a22oi_1)
                                         net26 (net)
                  0.16    0.00    4.79 ^ output26/A (sky130_fd_sc_hd__buf_2)
     1    0.03    0.17    0.25    5.04 ^ output26/X (sky130_fd_sc_hd__buf_2)
                                         out[6] (net)
                  0.17    0.00    5.04 ^ out[6] (out)
                                  5.04   data arrival time

                  0.00   10.00   10.00   clock __VIRTUAL_CLK__ (rise edge)
                          0.00   10.00   clock network delay (ideal)
                         -0.25    9.75   clock uncertainty
                          0.00    9.75   clock reconvergence pessimism
                         -2.00    7.75   output external delay
                                  7.75   data required time
-----------------------------------------------------------------------------
                                  7.75   data required time
                                 -5.04   data arrival time
-----------------------------------------------------------------------------
                                  2.71   slack (MET)


Startpoint: B[2] (input port clocked by __VIRTUAL_CLK__)
Endpoint: out[5] (output port clocked by __VIRTUAL_CLK__)
Path Group: __VIRTUAL_CLK__
Path Type: max

Fanout     Cap    Slew   Delay    Time   Description
-----------------------------------------------------------------------------
                  0.00    0.00    0.00   clock __VIRTUAL_CLK__ (rise edge)
                          0.00    0.00   clock network delay (ideal)
                          2.00    2.00 ^ input external delay
     1    0.00    0.02    0.01    2.01 ^ B[2] (in)
                                         B[2] (net)
                  0.02    0.00    2.01 ^ input11/A (sky130_fd_sc_hd__dlymetal6s2s_1)
     5    0.02    0.17    0.18    2.19 ^ input11/X (sky130_fd_sc_hd__dlymetal6s2s_1)
                                         net11 (net)
                  0.17    0.00    2.19 ^ _304_/B (sky130_fd_sc_hd__nand2_1)
     4    0.01    0.10    0.14    2.33 v _304_/Y (sky130_fd_sc_hd__nand2_1)
                                         _233_ (net)
                  0.10    0.00    2.33 v _349_/A (sky130_fd_sc_hd__or3_1)
     2    0.00    0.08    0.41    2.74 v _349_/X (sky130_fd_sc_hd__or3_1)
                                         _028_ (net)
                  0.08    0.00    2.74 v _353_/A1 (sky130_fd_sc_hd__a21o_1)
     2    0.00    0.04    0.18    2.92 v _353_/X (sky130_fd_sc_hd__a21o_1)
                                         _032_ (net)
                  0.04    0.00    2.92 v _397_/A2 (sky130_fd_sc_hd__a21o_1)
     3    0.01    0.06    0.21    3.13 v _397_/X (sky130_fd_sc_hd__a21o_1)
                                         _075_ (net)
                  0.06    0.00    3.13 v _398_/C (sky130_fd_sc_hd__and3_1)
     2    0.00    0.04    0.20    3.33 v _398_/X (sky130_fd_sc_hd__and3_1)
                                         _076_ (net)
                  0.04    0.00    3.33 v _401_/B (sky130_fd_sc_hd__or3_2)
     4    0.01    0.11    0.52    3.85 v _401_/X (sky130_fd_sc_hd__or3_2)
                                         _079_ (net)
                  0.11    0.00    3.85 v _402_/B (sky130_fd_sc_hd__nand2_1)
     3    0.01    0.13    0.16    4.01 ^ _402_/Y (sky130_fd_sc_hd__nand2_1)
                                         _080_ (net)
                  0.13    0.00    4.01 ^ _404_/C (sky130_fd_sc_hd__nand3_1)
     1    0.00    0.06    0.09    4.10 v _404_/Y (sky130_fd_sc_hd__nand3_1)
                                         _082_ (net)
                  0.06    0.00    4.10 v _408_/A3 (sky130_fd_sc_hd__a31o_1)
     1    0.00    0.04    0.24    4.34 v _408_/X (sky130_fd_sc_hd__a31o_1)
                                         _086_ (net)
                  0.04    0.00    4.34 v _409_/B1 (sky130_fd_sc_hd__a21oi_1)
     1    0.00    0.11    0.12    4.45 ^ _409_/Y (sky130_fd_sc_hd__a21oi_1)
                                         _087_ (net)
                  0.11    0.00    4.45 ^ _410_/B1 (sky130_fd_sc_hd__a21oi_1)
     1    0.00    0.06    0.06    4.51 v _410_/Y (sky130_fd_sc_hd__a21oi_1)
                                         net25 (net)
                  0.06    0.00    4.51 v output25/A (sky130_fd_sc_hd__buf_2)
     1    0.03    0.09    0.20    4.71 v output25/X (sky130_fd_sc_hd__buf_2)
                                         out[5] (net)
                  0.09    0.00    4.71 v out[5] (out)
                                  4.71   data arrival time

                  0.00   10.00   10.00   clock __VIRTUAL_CLK__ (rise edge)
                          0.00   10.00   clock network delay (ideal)
                         -0.25    9.75   clock uncertainty
                          0.00    9.75   clock reconvergence pessimism
                         -2.00    7.75   output external delay
                                  7.75   data required time
-----------------------------------------------------------------------------
                                  7.75   data required time
                                 -4.71   data arrival time
-----------------------------------------------------------------------------
                                  3.04   slack (MET)


Startpoint: B[0] (input port clocked by __VIRTUAL_CLK__)
Endpoint: out[4] (output port clocked by __VIRTUAL_CLK__)
Path Group: __VIRTUAL_CLK__
Path Type: max

Fanout     Cap    Slew   Delay    Time   Description
-----------------------------------------------------------------------------
                  0.00    0.00    0.00   clock __VIRTUAL_CLK__ (rise edge)
                          0.00    0.00   clock network delay (ideal)
                          2.00    2.00 ^ input external delay
     1    0.00    0.02    0.01    2.01 ^ B[0] (in)
                                         B[0] (net)
                  0.02    0.00    2.01 ^ input9/A (sky130_fd_sc_hd__buf_1)
     5    0.01    0.18    0.17    2.19 ^ input9/X (sky130_fd_sc_hd__buf_1)
                                         net9 (net)
                  0.18    0.00    2.19 ^ _251_/A (sky130_fd_sc_hd__clkbuf_4)
    10    0.03    0.11    0.25    2.43 ^ _251_/X (sky130_fd_sc_hd__clkbuf_4)
                                         _182_ (net)
                  0.11    0.00    2.43 ^ _252_/A (sky130_fd_sc_hd__buf_2)
    10    0.03    0.16    0.23    2.66 ^ _252_/X (sky130_fd_sc_hd__buf_2)
                                         _183_ (net)
                  0.16    0.00    2.66 ^ _276_/A1 (sky130_fd_sc_hd__a21oi_1)
     2    0.00    0.07    0.10    2.76 v _276_/Y (sky130_fd_sc_hd__a21oi_1)
                                         _206_ (net)
                  0.07    0.00    2.76 v _279_/B (sky130_fd_sc_hd__or3_1)
     2    0.00    0.07    0.37    3.13 v _279_/X (sky130_fd_sc_hd__or3_1)
                                         _209_ (net)
                  0.07    0.00    3.13 v _301_/A2 (sky130_fd_sc_hd__a21o_1)
     3    0.01    0.06    0.22    3.35 v _301_/X (sky130_fd_sc_hd__a21o_1)
                                         _230_ (net)
                  0.06    0.00    3.35 v _312_/A2 (sky130_fd_sc_hd__a21o_1)
     3    0.01    0.06    0.21    3.56 v _312_/X (sky130_fd_sc_hd__a21o_1)
                                         _240_ (net)
                  0.06    0.00    3.56 v _366_/A1 (sky130_fd_sc_hd__a21bo_1)
     3    0.01    0.05    0.19    3.76 v _366_/X (sky130_fd_sc_hd__a21bo_1)
                                         _045_ (net)
                  0.05    0.00    3.76 v _368_/B (sky130_fd_sc_hd__or2_1)
     1    0.00    0.05    0.21    3.97 v _368_/X (sky130_fd_sc_hd__or2_1)
                                         _047_ (net)
                  0.05    0.00    3.97 v _372_/A3 (sky130_fd_sc_hd__a31o_1)
     1    0.00    0.03    0.22    4.18 v _372_/X (sky130_fd_sc_hd__a31o_1)
                                         _051_ (net)
                  0.03    0.00    4.18 v _373_/B2 (sky130_fd_sc_hd__o2bb2a_1)
     1    0.00    0.06    0.29    4.47 v _373_/X (sky130_fd_sc_hd__o2bb2a_1)
                                         net24 (net)
                  0.06    0.00    4.47 v output24/A (sky130_fd_sc_hd__buf_2)
     1    0.03    0.09    0.20    4.67 v output24/X (sky130_fd_sc_hd__buf_2)
                                         out[4] (net)
                  0.09    0.00    4.67 v out[4] (out)
                                  4.67   data arrival time

                  0.00   10.00   10.00   clock __VIRTUAL_CLK__ (rise edge)
                          0.00   10.00   clock network delay (ideal)
                         -0.25    9.75   clock uncertainty
                          0.00    9.75   clock reconvergence pessimism
                         -2.00    7.75   output external delay
                                  7.75   data required time
-----------------------------------------------------------------------------
                                  7.75   data required time
                                 -4.67   data arrival time
-----------------------------------------------------------------------------
                                  3.08   slack (MET)


Startpoint: B[0] (input port clocked by __VIRTUAL_CLK__)
Endpoint: out[3] (output port clocked by __VIRTUAL_CLK__)
Path Group: __VIRTUAL_CLK__
Path Type: max

Fanout     Cap    Slew   Delay    Time   Description
-----------------------------------------------------------------------------
                  0.00    0.00    0.00   clock __VIRTUAL_CLK__ (rise edge)
                          0.00    0.00   clock network delay (ideal)
                          2.00    2.00 ^ input external delay
     1    0.00    0.02    0.01    2.01 ^ B[0] (in)
                                         B[0] (net)
                  0.02    0.00    2.01 ^ input9/A (sky130_fd_sc_hd__buf_1)
     5    0.01    0.18    0.17    2.19 ^ input9/X (sky130_fd_sc_hd__buf_1)
                                         net9 (net)
                  0.18    0.00    2.19 ^ _251_/A (sky130_fd_sc_hd__clkbuf_4)
    10    0.03    0.11    0.25    2.43 ^ _251_/X (sky130_fd_sc_hd__clkbuf_4)
                                         _182_ (net)
                  0.11    0.00    2.43 ^ _252_/A (sky130_fd_sc_hd__buf_2)
    10    0.03    0.16    0.23    2.66 ^ _252_/X (sky130_fd_sc_hd__buf_2)
                                         _183_ (net)
                  0.16    0.00    2.66 ^ _276_/A1 (sky130_fd_sc_hd__a21oi_1)
     2    0.00    0.07    0.10    2.76 v _276_/Y (sky130_fd_sc_hd__a21oi_1)
                                         _206_ (net)
                  0.07    0.00    2.76 v _279_/B (sky130_fd_sc_hd__or3_1)
     2    0.00    0.07    0.37    3.13 v _279_/X (sky130_fd_sc_hd__or3_1)
                                         _209_ (net)
                  0.07    0.00    3.13 v _301_/A2 (sky130_fd_sc_hd__a21o_1)
     3    0.01    0.06    0.22    3.35 v _301_/X (sky130_fd_sc_hd__a21o_1)
                                         _230_ (net)
                  0.06    0.00    3.35 v _312_/A2 (sky130_fd_sc_hd__a21o_1)
     3    0.01    0.06    0.21    3.56 v _312_/X (sky130_fd_sc_hd__a21o_1)
                                         _240_ (net)
                  0.06    0.00    3.56 v _319_/B1 (sky130_fd_sc_hd__a21o_1)
     1    0.00    0.03    0.15    3.72 v _319_/X (sky130_fd_sc_hd__a21o_1)
                                         _247_ (net)
                  0.03    0.00    3.72 v _320_/B (sky130_fd_sc_hd__and3b_1)
     1    0.00    0.04    0.16    3.87 v _320_/X (sky130_fd_sc_hd__and3b_1)
                                         _000_ (net)
                  0.04    0.00    3.87 v _339_/B1 (sky130_fd_sc_hd__o2bb2a_1)
     1    0.00    0.06    0.31    4.18 v _339_/X (sky130_fd_sc_hd__o2bb2a_1)
                                         net23 (net)
                  0.06    0.00    4.18 v output23/A (sky130_fd_sc_hd__buf_2)
     1    0.03    0.09    0.20    4.38 v output23/X (sky130_fd_sc_hd__buf_2)
                                         out[3] (net)
                  0.09    0.00    4.38 v out[3] (out)
                                  4.38   data arrival time

                  0.00   10.00   10.00   clock __VIRTUAL_CLK__ (rise edge)
                          0.00   10.00   clock network delay (ideal)
                         -0.25    9.75   clock uncertainty
                          0.00    9.75   clock reconvergence pessimism
                         -2.00    7.75   output external delay
                                  7.75   data required time
-----------------------------------------------------------------------------
                                  7.75   data required time
                                 -4.38   data arrival time
-----------------------------------------------------------------------------
                                  3.37   slack (MET)


Startpoint: B[0] (input port clocked by __VIRTUAL_CLK__)
Endpoint: out[2] (output port clocked by __VIRTUAL_CLK__)
Path Group: __VIRTUAL_CLK__
Path Type: max

Fanout     Cap    Slew   Delay    Time   Description
-----------------------------------------------------------------------------
                  0.00    0.00    0.00   clock __VIRTUAL_CLK__ (rise edge)
                          0.00    0.00   clock network delay (ideal)
                          2.00    2.00 ^ input external delay
     1    0.00    0.02    0.01    2.01 ^ B[0] (in)
                                         B[0] (net)
                  0.02    0.00    2.01 ^ input9/A (sky130_fd_sc_hd__buf_1)
     5    0.01    0.18    0.17    2.19 ^ input9/X (sky130_fd_sc_hd__buf_1)
                                         net9 (net)
                  0.18    0.00    2.19 ^ _251_/A (sky130_fd_sc_hd__clkbuf_4)
    10    0.03    0.11    0.25    2.43 ^ _251_/X (sky130_fd_sc_hd__clkbuf_4)
                                         _182_ (net)
                  0.11    0.00    2.43 ^ _252_/A (sky130_fd_sc_hd__buf_2)
    10    0.03    0.16    0.23    2.66 ^ _252_/X (sky130_fd_sc_hd__buf_2)
                                         _183_ (net)
                  0.16    0.00    2.66 ^ _276_/A1 (sky130_fd_sc_hd__a21oi_1)
     2    0.00    0.07    0.10    2.76 v _276_/Y (sky130_fd_sc_hd__a21oi_1)
                                         _206_ (net)
                  0.07    0.00    2.76 v _279_/B (sky130_fd_sc_hd__or3_1)
     2    0.00    0.07    0.37    3.13 v _279_/X (sky130_fd_sc_hd__or3_1)
                                         _209_ (net)
                  0.07    0.00    3.13 v _301_/A2 (sky130_fd_sc_hd__a21o_1)
     3    0.01    0.06    0.22    3.35 v _301_/X (sky130_fd_sc_hd__a21o_1)
                                         _230_ (net)
                  0.06    0.00    3.35 v _303_/A2 (sky130_fd_sc_hd__o21a_1)
     1    0.00    0.03    0.17    3.53 v _303_/X (sky130_fd_sc_hd__o21a_1)
                                         _232_ (net)
                  0.03    0.00    3.53 v _308_/A2 (sky130_fd_sc_hd__a211o_1)
     1    0.00    0.04    0.29    3.81 v _308_/X (sky130_fd_sc_hd__a211o_1)
                                         _237_ (net)
                  0.04    0.00    3.81 v _309_/B2 (sky130_fd_sc_hd__o2bb2a_1)
     1    0.00    0.05    0.29    4.10 v _309_/X (sky130_fd_sc_hd__o2bb2a_1)
                                         net22 (net)
                  0.05    0.00    4.10 v output22/A (sky130_fd_sc_hd__buf_2)
     1    0.03    0.09    0.19    4.29 v output22/X (sky130_fd_sc_hd__buf_2)
                                         out[2] (net)
                  0.09    0.00    4.29 v out[2] (out)
                                  4.29   data arrival time

                  0.00   10.00   10.00   clock __VIRTUAL_CLK__ (rise edge)
                          0.00   10.00   clock network delay (ideal)
                         -0.25    9.75   clock uncertainty
                          0.00    9.75   clock reconvergence pessimism
                         -2.00    7.75   output external delay
                                  7.75   data required time
-----------------------------------------------------------------------------
                                  7.75   data required time
                                 -4.29   data arrival time
-----------------------------------------------------------------------------
                                  3.46   slack (MET)


Startpoint: B[0] (input port clocked by __VIRTUAL_CLK__)
Endpoint: out[1] (output port clocked by __VIRTUAL_CLK__)
Path Group: __VIRTUAL_CLK__
Path Type: max

Fanout     Cap    Slew   Delay    Time   Description
-----------------------------------------------------------------------------
                  0.00    0.00    0.00   clock __VIRTUAL_CLK__ (rise edge)
                          0.00    0.00   clock network delay (ideal)
                          2.00    2.00 ^ input external delay
     1    0.00    0.02    0.01    2.01 ^ B[0] (in)
                                         B[0] (net)
                  0.02    0.00    2.01 ^ input9/A (sky130_fd_sc_hd__buf_1)
     5    0.01    0.18    0.17    2.19 ^ input9/X (sky130_fd_sc_hd__buf_1)
                                         net9 (net)
                  0.18    0.00    2.19 ^ _251_/A (sky130_fd_sc_hd__clkbuf_4)
    10    0.03    0.11    0.25    2.43 ^ _251_/X (sky130_fd_sc_hd__clkbuf_4)
                                         _182_ (net)
                  0.11    0.00    2.43 ^ _252_/A (sky130_fd_sc_hd__buf_2)
    10    0.03    0.16    0.23    2.66 ^ _252_/X (sky130_fd_sc_hd__buf_2)
                                         _183_ (net)
                  0.16    0.00    2.66 ^ _276_/A1 (sky130_fd_sc_hd__a21oi_1)
     2    0.00    0.07    0.10    2.76 v _276_/Y (sky130_fd_sc_hd__a21oi_1)
                                         _206_ (net)
                  0.07    0.00    2.76 v _279_/B (sky130_fd_sc_hd__or3_1)
     2    0.00    0.07    0.37    3.13 v _279_/X (sky130_fd_sc_hd__or3_1)
                                         _209_ (net)
                  0.07    0.00    3.13 v _280_/B_N (sky130_fd_sc_hd__or2b_1)
     1    0.00    0.06    0.18    3.31 ^ _280_/X (sky130_fd_sc_hd__or2b_1)
                                         _210_ (net)
                  0.06    0.00    3.31 ^ _281_/B (sky130_fd_sc_hd__xnor2_1)
     1    0.00    0.05    0.07    3.38 v _281_/Y (sky130_fd_sc_hd__xnor2_1)
                                         _211_ (net)
                  0.05    0.00    3.38 v _286_/A2 (sky130_fd_sc_hd__a211o_1)
     1    0.00    0.04    0.29    3.67 v _286_/X (sky130_fd_sc_hd__a211o_1)
                                         _216_ (net)
                  0.04    0.00    3.67 v _287_/B2 (sky130_fd_sc_hd__o2bb2a_1)
     1    0.00    0.06    0.29    3.96 v _287_/X (sky130_fd_sc_hd__o2bb2a_1)
                                         net21 (net)
                  0.06    0.00    3.96 v output21/A (sky130_fd_sc_hd__buf_2)
     1    0.03    0.09    0.19    4.15 v output21/X (sky130_fd_sc_hd__buf_2)
                                         out[1] (net)
                  0.09    0.00    4.15 v out[1] (out)
                                  4.15   data arrival time

                  0.00   10.00   10.00   clock __VIRTUAL_CLK__ (rise edge)
                          0.00   10.00   clock network delay (ideal)
                         -0.25    9.75   clock uncertainty
                          0.00    9.75   clock reconvergence pessimism
                         -2.00    7.75   output external delay
                                  7.75   data required time
-----------------------------------------------------------------------------
                                  7.75   data required time
                                 -4.15   data arrival time
-----------------------------------------------------------------------------
                                  3.60   slack (MET)


Startpoint: B[0] (input port clocked by __VIRTUAL_CLK__)
Endpoint: out[0] (output port clocked by __VIRTUAL_CLK__)
Path Group: __VIRTUAL_CLK__
Path Type: max

Fanout     Cap    Slew   Delay    Time   Description
-----------------------------------------------------------------------------
                  0.00    0.00    0.00   clock __VIRTUAL_CLK__ (rise edge)
                          0.00    0.00   clock network delay (ideal)
                          2.00    2.00 ^ input external delay
     1    0.00    0.02    0.01    2.01 ^ B[0] (in)
                                         B[0] (net)
                  0.02    0.00    2.01 ^ input9/A (sky130_fd_sc_hd__buf_1)
     5    0.01    0.18    0.17    2.19 ^ input9/X (sky130_fd_sc_hd__buf_1)
                                         net9 (net)
                  0.18    0.00    2.19 ^ _251_/A (sky130_fd_sc_hd__clkbuf_4)
    10    0.03    0.11    0.25    2.43 ^ _251_/X (sky130_fd_sc_hd__clkbuf_4)
                                         _182_ (net)
                  0.11    0.00    2.43 ^ _252_/A (sky130_fd_sc_hd__buf_2)
    10    0.03    0.16    0.23    2.66 ^ _252_/X (sky130_fd_sc_hd__buf_2)
                                         _183_ (net)
                  0.16    0.00    2.66 ^ _257_/B (sky130_fd_sc_hd__nand3_1)
     1    0.00    0.07    0.10    2.75 v _257_/Y (sky130_fd_sc_hd__nand3_1)
                                         _188_ (net)
                  0.07    0.00    2.75 v _261_/A3 (sky130_fd_sc_hd__a31o_1)
     1    0.00    0.03    0.22    2.98 v _261_/X (sky130_fd_sc_hd__a31o_1)
                                         _192_ (net)
                  0.03    0.00    2.98 v _262_/B2 (sky130_fd_sc_hd__a2bb2o_1)
     1    0.00    0.06    0.25    3.23 v _262_/X (sky130_fd_sc_hd__a2bb2o_1)
                                         net20 (net)
                  0.06    0.00    3.23 v output20/A (sky130_fd_sc_hd__buf_2)
     1    0.03    0.09    0.19    3.42 v output20/X (sky130_fd_sc_hd__buf_2)
                                         out[0] (net)
                  0.09    0.00    3.42 v out[0] (out)
                                  3.42   data arrival time

                  0.00   10.00   10.00   clock __VIRTUAL_CLK__ (rise edge)
                          0.00   10.00   clock network delay (ideal)
                         -0.25    9.75   clock uncertainty
                          0.00    9.75   clock reconvergence pessimism
                         -2.00    7.75   output external delay
                                  7.75   data required time
-----------------------------------------------------------------------------
                                  7.75   data required time
                                 -3.42   data arrival time
-----------------------------------------------------------------------------
                                  4.33   slack (MET)



worst slack corner Typical: 2.2734
