
67. Printing statistics.

=== top_module_project5 ===

   Number of wires:               1513
   Number of wire bits:           1553
   Number of public wires:         223
   Number of public wire bits:     263
   Number of memories:               0
   Number of memory bits:            0
   Number of processes:              0
   Number of cells:               1550
     sky130_fd_sc_hd__a211o_2        5
     sky130_fd_sc_hd__a211oi_2       1
     sky130_fd_sc_hd__a21bo_2        5
     sky130_fd_sc_hd__a21boi_2       3
     sky130_fd_sc_hd__a21o_2        24
     sky130_fd_sc_hd__a21oi_2       47
     sky130_fd_sc_hd__a221o_2       34
     sky130_fd_sc_hd__a22o_2         8
     sky130_fd_sc_hd__a22oi_2        2
     sky130_fd_sc_hd__a2bb2o_2      12
     sky130_fd_sc_hd__a311oi_2       1
     sky130_fd_sc_hd__a31o_2        21
     sky130_fd_sc_hd__a31oi_2        2
     sky130_fd_sc_hd__a32o_2         4
     sky130_fd_sc_hd__and2_2        16
     sky130_fd_sc_hd__and2b_2       19
     sky130_fd_sc_hd__and3_2        16
     sky130_fd_sc_hd__and3b_2        2
     sky130_fd_sc_hd__and4_2         2
     sky130_fd_sc_hd__buf_1        328
     sky130_fd_sc_hd__dfrtp_2        3
     sky130_fd_sc_hd__dfxtp_2      214
     sky130_fd_sc_hd__inv_2         27
     sky130_fd_sc_hd__mux2_2       358
     sky130_fd_sc_hd__nand2_2       53
     sky130_fd_sc_hd__nand2b_2       1
     sky130_fd_sc_hd__nand3_2       12
     sky130_fd_sc_hd__nor2_2        58
     sky130_fd_sc_hd__nor2b_2        1
     sky130_fd_sc_hd__nor3_2         4
     sky130_fd_sc_hd__nor3b_2        3
     sky130_fd_sc_hd__nor4_2         1
     sky130_fd_sc_hd__o211a_2        3
     sky130_fd_sc_hd__o211ai_2       2
     sky130_fd_sc_hd__o21a_2        45
     sky130_fd_sc_hd__o21ai_2       40
     sky130_fd_sc_hd__o21ba_2        5
     sky130_fd_sc_hd__o21bai_2       2
     sky130_fd_sc_hd__o221a_2       10
     sky130_fd_sc_hd__o22a_2         7
     sky130_fd_sc_hd__o22ai_2        2
     sky130_fd_sc_hd__o2bb2a_2       3
     sky130_fd_sc_hd__o311a_2        1
     sky130_fd_sc_hd__o31a_2         2
     sky130_fd_sc_hd__o31ai_2        7
     sky130_fd_sc_hd__o32ai_2        1
     sky130_fd_sc_hd__or2_2         46
     sky130_fd_sc_hd__or2b_2         5
     sky130_fd_sc_hd__or3_2         21
     sky130_fd_sc_hd__or3b_2         4
     sky130_fd_sc_hd__or4_2         12
     sky130_fd_sc_hd__or4b_2         4
     sky130_fd_sc_hd__or4bb_2        2
     sky130_fd_sc_hd__xnor2_2       26
     sky130_fd_sc_hd__xor2_2        13

   Chip area for module '\top_module_project5': 15601.212800

