OpenROAD b16bda7e82721d10566ff7e2b68f1ff0be9f9e38 
Features included (+) or not (-): +Charts +GPU +GUI +Python
This program is licensed under the BSD-3 license. See the LICENSE file for details.
Components of this program may be licensed under more restrictive licenses which must be honored.
define_corners Typical
read_liberty -corner Typical /Users/andacerdogan/.volare/sky130A/libs.ref/sky130_fd_sc_hd/lib/sky130_fd_sc_hd__tt_025C_1v80.lib
Using 1e-12 for capacitance...
Using 1e+03 for resistance...
Using 1e-09 for time...
Using 1e+00 for voltage...
Using 1e-03 for current...
Using 1e-09 for power...
Using 1e-06 for distance...
[INFO]: Reading ODB at '/Users/andacerdogan/OpenLane/designs/alu/runs/RUN_2025.05.03_17.12.16/results/placement/alu.odb'…
Reading design constraints file at '/Users/andacerdogan/OpenLane/scripts/base.sdc'…
[INFO]: Setting output delay to: 2.0
[INFO]: Setting input delay to: 2.0
[WARNING STA-0366] port '__VIRTUAL_CLK__' not found.
[INFO]: Setting load to: 0.033442
[INFO]: Setting clock uncertainty to: 0.25
[INFO]: Setting clock transition to: 0.15
[WARNING STA-0419] transition time can not be specified for virtual clocks.
[INFO]: Setting timing derate to: 5.0 %
[INFO]: Setting RC values...
min_report

===========================================================================
report_checks -path_delay min (Hold)
============================================================================
======================= Typical Corner ===================================

Startpoint: A[6] (input port clocked by __VIRTUAL_CLK__)
Endpoint: out[6] (output port clocked by __VIRTUAL_CLK__)
Path Group: __VIRTUAL_CLK__
Path Type: min

Fanout     Cap    Slew   Delay    Time   Description
-----------------------------------------------------------------------------
                  0.00    0.00    0.00   clock __VIRTUAL_CLK__ (rise edge)
                          0.00    0.00   clock network delay (ideal)
                          2.00    2.00 ^ input external delay
     1    0.00    0.02    0.01    2.01 ^ A[6] (in)
                                         A[6] (net)
                  0.02    0.00    2.01 ^ input7/A (sky130_fd_sc_hd__clkbuf_4)
    10    0.04    0.12    0.17    2.19 ^ input7/X (sky130_fd_sc_hd__clkbuf_4)
                                         net7 (net)
                  0.12    0.00    2.19 ^ _453_/A1 (sky130_fd_sc_hd__a22oi_1)
     1    0.00    0.06    0.10    2.28 v _453_/Y (sky130_fd_sc_hd__a22oi_1)
                                         net26 (net)
                  0.06    0.00    2.28 v output26/A (sky130_fd_sc_hd__buf_2)
     1    0.03    0.09    0.18    2.46 v output26/X (sky130_fd_sc_hd__buf_2)
                                         out[6] (net)
                  0.09    0.00    2.46 v out[6] (out)
                                  2.46   data arrival time

                  0.00    0.00    0.00   clock __VIRTUAL_CLK__ (rise edge)
                          0.00    0.00   clock network delay (ideal)
                          0.25    0.25   clock uncertainty
                          0.00    0.25   clock reconvergence pessimism
                         -2.00   -1.75   output external delay
                                 -1.75   data required time
-----------------------------------------------------------------------------
                                 -1.75   data required time
                                 -2.46   data arrival time
-----------------------------------------------------------------------------
                                  4.21   slack (MET)


Startpoint: A[7] (input port clocked by __VIRTUAL_CLK__)
Endpoint: out[7] (output port clocked by __VIRTUAL_CLK__)
Path Group: __VIRTUAL_CLK__
Path Type: min

Fanout     Cap    Slew   Delay    Time   Description
-----------------------------------------------------------------------------
                  0.00    0.00    0.00   clock __VIRTUAL_CLK__ (rise edge)
                          0.00    0.00   clock network delay (ideal)
                          2.00    2.00 v input external delay
     1    0.00    0.01    0.00    2.00 v A[7] (in)
                                         A[7] (net)
                  0.01    0.00    2.00 v input8/A (sky130_fd_sc_hd__clkbuf_2)
     6    0.02    0.08    0.12    2.13 v input8/X (sky130_fd_sc_hd__clkbuf_2)
                                         net8 (net)
                  0.08    0.00    2.13 v _502_/A (sky130_fd_sc_hd__inv_2)
     1    0.00    0.03    0.05    2.17 ^ _502_/Y (sky130_fd_sc_hd__inv_2)
                                         _179_ (net)
                  0.03    0.00    2.17 ^ _503_/B2 (sky130_fd_sc_hd__o32a_1)
     1    0.00    0.04    0.10    2.28 ^ _503_/X (sky130_fd_sc_hd__o32a_1)
                                         net27 (net)
                  0.04    0.00    2.28 ^ output27/A (sky130_fd_sc_hd__buf_2)
     1    0.03    0.17    0.19    2.46 ^ output27/X (sky130_fd_sc_hd__buf_2)
                                         out[7] (net)
                  0.17    0.00    2.47 ^ out[7] (out)
                                  2.47   data arrival time

                  0.00    0.00    0.00   clock __VIRTUAL_CLK__ (rise edge)
                          0.00    0.00   clock network delay (ideal)
                          0.25    0.25   clock uncertainty
                          0.00    0.25   clock reconvergence pessimism
                         -2.00   -1.75   output external delay
                                 -1.75   data required time
-----------------------------------------------------------------------------
                                 -1.75   data required time
                                 -2.47   data arrival time
-----------------------------------------------------------------------------
                                  4.22   slack (MET)


Startpoint: A[5] (input port clocked by __VIRTUAL_CLK__)
Endpoint: out[5] (output port clocked by __VIRTUAL_CLK__)
Path Group: __VIRTUAL_CLK__
Path Type: min

Fanout     Cap    Slew   Delay    Time   Description
-----------------------------------------------------------------------------
                  0.00    0.00    0.00   clock __VIRTUAL_CLK__ (rise edge)
                          0.00    0.00   clock network delay (ideal)
                          2.00    2.00 ^ input external delay
     1    0.00    0.02    0.01    2.01 ^ A[5] (in)
                                         A[5] (net)
                  0.02    0.00    2.01 ^ input6/A (sky130_fd_sc_hd__buf_1)
     3    0.01    0.10    0.11    2.12 ^ input6/X (sky130_fd_sc_hd__buf_1)
                                         net6 (net)
                  0.10    0.00    2.12 ^ _374_/A (sky130_fd_sc_hd__buf_2)
    10    0.03    0.16    0.20    2.32 ^ _374_/X (sky130_fd_sc_hd__buf_2)
                                         _052_ (net)
                  0.16    0.00    2.32 ^ _410_/A1 (sky130_fd_sc_hd__a21oi_1)
     1    0.00    0.04    0.08    2.41 v _410_/Y (sky130_fd_sc_hd__a21oi_1)
                                         net25 (net)
                  0.04    0.00    2.41 v output25/A (sky130_fd_sc_hd__buf_2)
     1    0.03    0.09    0.17    2.58 v output25/X (sky130_fd_sc_hd__buf_2)
                                         out[5] (net)
                  0.09    0.00    2.58 v out[5] (out)
                                  2.58   data arrival time

                  0.00    0.00    0.00   clock __VIRTUAL_CLK__ (rise edge)
                          0.00    0.00   clock network delay (ideal)
                          0.25    0.25   clock uncertainty
                          0.00    0.25   clock reconvergence pessimism
                         -2.00   -1.75   output external delay
                                 -1.75   data required time
-----------------------------------------------------------------------------
                                 -1.75   data required time
                                 -2.58   data arrival time
-----------------------------------------------------------------------------
                                  4.33   slack (MET)


Startpoint: opcode[0] (input port clocked by __VIRTUAL_CLK__)
Endpoint: out[0] (output port clocked by __VIRTUAL_CLK__)
Path Group: __VIRTUAL_CLK__
Path Type: min

Fanout     Cap    Slew   Delay    Time   Description
-----------------------------------------------------------------------------
                  0.00    0.00    0.00   clock __VIRTUAL_CLK__ (rise edge)
                          0.00    0.00   clock network delay (ideal)
                          2.00    2.00 v input external delay
     1    0.00    0.01    0.00    2.00 v opcode[0] (in)
                                         opcode[0] (net)
                  0.01    0.00    2.00 v input17/A (sky130_fd_sc_hd__buf_1)
     5    0.01    0.08    0.11    2.11 v input17/X (sky130_fd_sc_hd__buf_1)
                                         net17 (net)
                  0.08    0.00    2.11 v _254_/A (sky130_fd_sc_hd__nand2_1)
     3    0.01    0.10    0.11    2.22 ^ _254_/Y (sky130_fd_sc_hd__nand2_1)
                                         _185_ (net)
                  0.10    0.00    2.22 ^ _261_/A2 (sky130_fd_sc_hd__a31o_1)
     1    0.00    0.04    0.13    2.35 ^ _261_/X (sky130_fd_sc_hd__a31o_1)
                                         _192_ (net)
                  0.04    0.00    2.35 ^ _262_/B2 (sky130_fd_sc_hd__a2bb2o_1)
     1    0.00    0.05    0.12    2.47 ^ _262_/X (sky130_fd_sc_hd__a2bb2o_1)
                                         net20 (net)
                  0.05    0.00    2.47 ^ output20/A (sky130_fd_sc_hd__buf_2)
     1    0.03    0.17    0.19    2.66 ^ output20/X (sky130_fd_sc_hd__buf_2)
                                         out[0] (net)
                  0.17    0.00    2.66 ^ out[0] (out)
                                  2.66   data arrival time

                  0.00    0.00    0.00   clock __VIRTUAL_CLK__ (rise edge)
                          0.00    0.00   clock network delay (ideal)
                          0.25    0.25   clock uncertainty
                          0.00    0.25   clock reconvergence pessimism
                         -2.00   -1.75   output external delay
                                 -1.75   data required time
-----------------------------------------------------------------------------
                                 -1.75   data required time
                                 -2.66   data arrival time
-----------------------------------------------------------------------------
                                  4.41   slack (MET)


Startpoint: A[4] (input port clocked by __VIRTUAL_CLK__)
Endpoint: out[4] (output port clocked by __VIRTUAL_CLK__)
Path Group: __VIRTUAL_CLK__
Path Type: min

Fanout     Cap    Slew   Delay    Time   Description
-----------------------------------------------------------------------------
                  0.00    0.00    0.00   clock __VIRTUAL_CLK__ (rise edge)
                          0.00    0.00   clock network delay (ideal)
                          2.00    2.00 v input external delay
     1    0.00    0.01    0.00    2.00 v A[4] (in)
                                         A[4] (net)
                  0.01    0.00    2.00 v input5/A (sky130_fd_sc_hd__buf_1)
     4    0.01    0.07    0.10    2.11 v input5/X (sky130_fd_sc_hd__buf_1)
                                         net5 (net)
                  0.07    0.00    2.11 v _340_/A (sky130_fd_sc_hd__buf_2)
    10    0.03    0.08    0.17    2.28 v _340_/X (sky130_fd_sc_hd__buf_2)
                                         _019_ (net)
                  0.08    0.00    2.28 v _373_/A1_N (sky130_fd_sc_hd__o2bb2a_1)
     1    0.00    0.06    0.24    2.52 ^ _373_/X (sky130_fd_sc_hd__o2bb2a_1)
                                         net24 (net)
                  0.06    0.00    2.52 ^ output24/A (sky130_fd_sc_hd__buf_2)
     1    0.03    0.17    0.19    2.72 ^ output24/X (sky130_fd_sc_hd__buf_2)
                                         out[4] (net)
                  0.17    0.00    2.72 ^ out[4] (out)
                                  2.72   data arrival time

                  0.00    0.00    0.00   clock __VIRTUAL_CLK__ (rise edge)
                          0.00    0.00   clock network delay (ideal)
                          0.25    0.25   clock uncertainty
                          0.00    0.25   clock reconvergence pessimism
                         -2.00   -1.75   output external delay
                                 -1.75   data required time
-----------------------------------------------------------------------------
                                 -1.75   data required time
                                 -2.72   data arrival time
-----------------------------------------------------------------------------
                                  4.47   slack (MET)


Startpoint: A[3] (input port clocked by __VIRTUAL_CLK__)
Endpoint: out[3] (output port clocked by __VIRTUAL_CLK__)
Path Group: __VIRTUAL_CLK__
Path Type: min

Fanout     Cap    Slew   Delay    Time   Description
-----------------------------------------------------------------------------
                  0.00    0.00    0.00   clock __VIRTUAL_CLK__ (rise edge)
                          0.00    0.00   clock network delay (ideal)
                          2.00    2.00 v input external delay
     1    0.00    0.01    0.00    2.00 v A[3] (in)
                                         A[3] (net)
                  0.01    0.00    2.00 v input4/A (sky130_fd_sc_hd__clkbuf_2)
     7    0.02    0.08    0.12    2.13 v input4/X (sky130_fd_sc_hd__clkbuf_2)
                                         net4 (net)
                  0.08    0.00    2.13 v _310_/A (sky130_fd_sc_hd__buf_2)
    10    0.03    0.08    0.17    2.30 v _310_/X (sky130_fd_sc_hd__buf_2)
                                         _238_ (net)
                  0.08    0.00    2.30 v _339_/A1_N (sky130_fd_sc_hd__o2bb2a_1)
     1    0.00    0.06    0.25    2.55 ^ _339_/X (sky130_fd_sc_hd__o2bb2a_1)
                                         net23 (net)
                  0.06    0.00    2.55 ^ output23/A (sky130_fd_sc_hd__buf_2)
     1    0.03    0.17    0.19    2.75 ^ output23/X (sky130_fd_sc_hd__buf_2)
                                         out[3] (net)
                  0.17    0.00    2.75 ^ out[3] (out)
                                  2.75   data arrival time

                  0.00    0.00    0.00   clock __VIRTUAL_CLK__ (rise edge)
                          0.00    0.00   clock network delay (ideal)
                          0.25    0.25   clock uncertainty
                          0.00    0.25   clock reconvergence pessimism
                         -2.00   -1.75   output external delay
                                 -1.75   data required time
-----------------------------------------------------------------------------
                                 -1.75   data required time
                                 -2.75   data arrival time
-----------------------------------------------------------------------------
                                  4.50   slack (MET)


Startpoint: A[2] (input port clocked by __VIRTUAL_CLK__)
Endpoint: out[2] (output port clocked by __VIRTUAL_CLK__)
Path Group: __VIRTUAL_CLK__
Path Type: min

Fanout     Cap    Slew   Delay    Time   Description
-----------------------------------------------------------------------------
                  0.00    0.00    0.00   clock __VIRTUAL_CLK__ (rise edge)
                          0.00    0.00   clock network delay (ideal)
                          2.00    2.00 v input external delay
     1    0.00    0.01    0.00    2.00 v A[2] (in)
                                         A[2] (net)
                  0.01    0.00    2.00 v input3/A (sky130_fd_sc_hd__clkbuf_2)
     8    0.02    0.09    0.13    2.14 v input3/X (sky130_fd_sc_hd__clkbuf_2)
                                         net3 (net)
                  0.09    0.00    2.14 v _288_/A (sky130_fd_sc_hd__buf_2)
    10    0.03    0.08    0.18    2.32 v _288_/X (sky130_fd_sc_hd__buf_2)
                                         _217_ (net)
                  0.08    0.00    2.32 v _309_/A1_N (sky130_fd_sc_hd__o2bb2a_1)
     1    0.00    0.05    0.24    2.56 ^ _309_/X (sky130_fd_sc_hd__o2bb2a_1)
                                         net22 (net)
                  0.05    0.00    2.56 ^ output22/A (sky130_fd_sc_hd__buf_2)
     1    0.03    0.17    0.19    2.75 ^ output22/X (sky130_fd_sc_hd__buf_2)
                                         out[2] (net)
                  0.17    0.00    2.75 ^ out[2] (out)
                                  2.75   data arrival time

                  0.00    0.00    0.00   clock __VIRTUAL_CLK__ (rise edge)
                          0.00    0.00   clock network delay (ideal)
                          0.25    0.25   clock uncertainty
                          0.00    0.25   clock reconvergence pessimism
                         -2.00   -1.75   output external delay
                                 -1.75   data required time
-----------------------------------------------------------------------------
                                 -1.75   data required time
                                 -2.75   data arrival time
-----------------------------------------------------------------------------
                                  4.50   slack (MET)


Startpoint: A[1] (input port clocked by __VIRTUAL_CLK__)
Endpoint: out[1] (output port clocked by __VIRTUAL_CLK__)
Path Group: __VIRTUAL_CLK__
Path Type: min

Fanout     Cap    Slew   Delay    Time   Description
-----------------------------------------------------------------------------
                  0.00    0.00    0.00   clock __VIRTUAL_CLK__ (rise edge)
                          0.00    0.00   clock network delay (ideal)
                          2.00    2.00 v input external delay
     1    0.00    0.01    0.00    2.00 v A[1] (in)
                                         A[1] (net)
                  0.01    0.00    2.00 v input2/A (sky130_fd_sc_hd__buf_2)
    10    0.03    0.08    0.15    2.15 v input2/X (sky130_fd_sc_hd__buf_2)
                                         net2 (net)
                  0.08    0.00    2.15 v _263_/A (sky130_fd_sc_hd__buf_2)
    10    0.03    0.07    0.17    2.32 v _263_/X (sky130_fd_sc_hd__buf_2)
                                         _193_ (net)
                  0.07    0.00    2.32 v _287_/A1_N (sky130_fd_sc_hd__o2bb2a_1)
     1    0.00    0.05    0.24    2.56 ^ _287_/X (sky130_fd_sc_hd__o2bb2a_1)
                                         net21 (net)
                  0.05    0.00    2.56 ^ output21/A (sky130_fd_sc_hd__buf_2)
     1    0.03    0.17    0.19    2.75 ^ output21/X (sky130_fd_sc_hd__buf_2)
                                         out[1] (net)
                  0.17    0.00    2.75 ^ out[1] (out)
                                  2.75   data arrival time

                  0.00    0.00    0.00   clock __VIRTUAL_CLK__ (rise edge)
                          0.00    0.00   clock network delay (ideal)
                          0.25    0.25   clock uncertainty
                          0.00    0.25   clock reconvergence pessimism
                         -2.00   -1.75   output external delay
                                 -1.75   data required time
-----------------------------------------------------------------------------
                                 -1.75   data required time
                                 -2.75   data arrival time
-----------------------------------------------------------------------------
                                  4.50   slack (MET)



worst slack corner Typical: 4.2096
min_report_end
max_report

===========================================================================
report_checks -path_delay max (Setup)
============================================================================
======================= Typical Corner ===================================

Startpoint: B[2] (input port clocked by __VIRTUAL_CLK__)
Endpoint: out[7] (output port clocked by __VIRTUAL_CLK__)
Path Group: __VIRTUAL_CLK__
Path Type: max

Fanout     Cap    Slew   Delay    Time   Description
-----------------------------------------------------------------------------
                  0.00    0.00    0.00   clock __VIRTUAL_CLK__ (rise edge)
                          0.00    0.00   clock network delay (ideal)
                          2.00    2.00 ^ input external delay
     1    0.00    0.02    0.01    2.01 ^ B[2] (in)
                                         B[2] (net)
                  0.02    0.00    2.01 ^ input11/A (sky130_fd_sc_hd__dlymetal6s2s_1)
     5    0.02    0.17    0.18    2.19 ^ input11/X (sky130_fd_sc_hd__dlymetal6s2s_1)
                                         net11 (net)
                  0.17    0.00    2.19 ^ _304_/B (sky130_fd_sc_hd__nand2_1)
     4    0.01    0.10    0.14    2.33 v _304_/Y (sky130_fd_sc_hd__nand2_1)
                                         _233_ (net)
                  0.10    0.00    2.33 v _349_/A (sky130_fd_sc_hd__or3_1)
     2    0.00    0.08    0.41    2.74 v _349_/X (sky130_fd_sc_hd__or3_1)
                                         _028_ (net)
                  0.08    0.00    2.74 v _353_/A1 (sky130_fd_sc_hd__a21o_1)
     2    0.00    0.04    0.18    2.92 v _353_/X (sky130_fd_sc_hd__a21o_1)
                                         _032_ (net)
                  0.04    0.00    2.92 v _397_/A2 (sky130_fd_sc_hd__a21o_1)
     3    0.01    0.06    0.21    3.13 v _397_/X (sky130_fd_sc_hd__a21o_1)
                                         _075_ (net)
                  0.06    0.00    3.13 v _398_/C (sky130_fd_sc_hd__and3_1)
     2    0.00    0.04    0.20    3.33 v _398_/X (sky130_fd_sc_hd__and3_1)
                                         _076_ (net)
                  0.04    0.00    3.33 v _401_/B (sky130_fd_sc_hd__or3_2)
     4    0.01    0.11    0.52    3.85 v _401_/X (sky130_fd_sc_hd__or3_2)
                                         _079_ (net)
                  0.11    0.00    3.85 v _465_/A2 (sky130_fd_sc_hd__a211o_1)
     2    0.01    0.06    0.34    4.19 v _465_/X (sky130_fd_sc_hd__a211o_1)
                                         _141_ (net)
                  0.06    0.00    4.19 v _494_/A (sky130_fd_sc_hd__or3_1)
     2    0.00    0.08    0.40    4.59 v _494_/X (sky130_fd_sc_hd__or3_1)
                                         _170_ (net)
                  0.08    0.00    4.59 v _496_/B (sky130_fd_sc_hd__and3_1)
     1    0.00    0.04    0.18    4.77 v _496_/X (sky130_fd_sc_hd__and3_1)
                                         _172_ (net)
                  0.04    0.00    4.77 v _498_/A1 (sky130_fd_sc_hd__o21a_1)
     1    0.00    0.04    0.19    4.96 v _498_/X (sky130_fd_sc_hd__o21a_1)
                                         _174_ (net)
                  0.04    0.00    4.96 v _503_/A2 (sky130_fd_sc_hd__o32a_1)
     1    0.00    0.05    0.33    5.29 v _503_/X (sky130_fd_sc_hd__o32a_1)
                                         net27 (net)
                  0.05    0.00    5.29 v output27/A (sky130_fd_sc_hd__buf_2)
     1    0.03    0.09    0.19    5.48 v output27/X (sky130_fd_sc_hd__buf_2)
                                         out[7] (net)
                  0.09    0.00    5.48 v out[7] (out)
                                  5.48   data arrival time

                  0.00   10.00   10.00   clock __VIRTUAL_CLK__ (rise edge)
                          0.00   10.00   clock network delay (ideal)
                         -0.25    9.75   clock uncertainty
                          0.00    9.75   clock reconvergence pessimism
                         -2.00    7.75   output external delay
                                  7.75   data required time
-----------------------------------------------------------------------------
                                  7.75   data required time
                                 -5.48   data arrival time
-----------------------------------------------------------------------------
                                  2.27   slack (MET)


Startpoint: B[2] (input port clocked by __VIRTUAL_CLK__)
Endpoint: out[6] (output port clocked by __VIRTUAL_CLK__)
Path Group: __VIRTUAL_CLK__
Path Type: max

Fanout     Cap    Slew   Delay    Time   Description
-----------------------------------------------------------------------------
                  0.00    0.00    0.00   clock __VIRTUAL_CLK__ (rise edge)
                          0.00    0.00   clock network delay (ideal)
                          2.00    2.00 ^ input external delay
     1    0.00    0.02    0.01    2.01 ^ B[2] (in)
                                         B[2] (net)
                  0.02    0.00    2.01 ^ input11/A (sky130_fd_sc_hd__dlymetal6s2s_1)
     5    0.02    0.17    0.18    2.19 ^ input11/X (sky130_fd_sc_hd__dlymetal6s2s_1)
                                         net11 (net)
                  0.17    0.00    2.19 ^ _304_/B (sky130_fd_sc_hd__nand2_1)
     4    0.01    0.10    0.14    2.33 v _304_/Y (sky130_fd_sc_hd__nand2_1)
                                         _233_ (net)
                  0.10    0.00    2.33 v _349_/A (sky130_fd_sc_hd__or3_1)
     2    0.00    0.08    0.41    2.74 v _349_/X (sky130_fd_sc_hd__or3_1)
                                         _028_ (net)
                  0.08    0.00    2.74 v _353_/A1 (sky130_fd_sc_hd__a21o_1)
     2    0.00    0.04    0.18    2.92 v _353_/X (sky130_fd_sc_hd__a21o_1)
                                         _032_ (net)
                  0.04    0.00    2.92 v _397_/A2 (sky130_fd_sc_hd__a21o_1)
     3    0.01    0.06    0.21    3.13 v _397_/X (sky130_fd_sc_hd__a21o_1)
                                         _075_ (net)
                  0.06    0.00    3.13 v _398_/C (sky130_fd_sc_hd__and3_1)
     2    0.00    0.04    0.20    3.33 v _398_/X (sky130_fd_sc_hd__and3_1)
                                         _076_ (net)
                  0.04    0.00    3.33 v _401_/B (sky130_fd_sc_hd__or3_2)
     4    0.01    0.11    0.52    3.85 v _401_/X (sky130_fd_sc_hd__or3_2)
                                         _079_ (net)
                  0.11    0.00    3.85 v _437_/C1 (sky130_fd_sc_hd__o211a_1)
     2    0.01    0.06    0.16    4.01 v _437_/X (sky130_fd_sc_hd__o211a_1)
                                         _114_ (net)
                  0.06    0.00    4.01 v _439_/B (sky130_fd_sc_hd__or2_1)
     1    0.00    0.05    0.22    4.23 v _439_/X (sky130_fd_sc_hd__or2_1)
                                         _116_ (net)
                  0.05    0.00    4.23 v _440_/A2 (sky130_fd_sc_hd__a21bo_1)
     1    0.00    0.03    0.19    4.41 v _440_/X (sky130_fd_sc_hd__a21bo_1)
                                         _117_ (net)
                  0.03    0.00    4.41 v _441_/B (sky130_fd_sc_hd__or2_1)
     1    0.00    0.06    0.22    4.63 v _441_/X (sky130_fd_sc_hd__or2_1)
                                         _118_ (net)
                  0.06    0.00    4.63 v _453_/B1 (sky130_fd_sc_hd__a22oi_1)
     1    0.00    0.16    0.16    4.79 ^ _453_/Y (sky130_fd_sc_hd__a22oi_1)
                                         net26 (net)
                  0.16    0.00    4.79 ^ output26/A (sky130_fd_sc_hd__buf_2)
     1    0.03    0.17    0.25    5.04 ^ output26/X (sky130_fd_sc_hd__buf_2)
                                         out[6] (net)
                  0.17    0.00    5.04 ^ out[6] (out)
                                  5.04   data arrival time

                  0.00   10.00   10.00   clock __VIRTUAL_CLK__ (rise edge)
                          0.00   10.00   clock network delay (ideal)
                         -0.25    9.75   clock uncertainty
                          0.00    9.75   clock reconvergence pessimism
                         -2.00    7.75   output external delay
                                  7.75   data required time
-----------------------------------------------------------------------------
                                  7.75   data required time
                                 -5.04   data arrival time
-----------------------------------------------------------------------------
                                  2.71   slack (MET)


Startpoint: B[2] (input port clocked by __VIRTUAL_CLK__)
Endpoint: out[5] (output port clocked by __VIRTUAL_CLK__)
Path Group: __VIRTUAL_CLK__
Path Type: max

Fanout     Cap    Slew   Delay    Time   Description
-----------------------------------------------------------------------------
                  0.00    0.00    0.00   clock __VIRTUAL_CLK__ (rise edge)
                          0.00    0.00   clock network delay (ideal)
                          2.00    2.00 ^ input external delay
     1    0.00    0.02    0.01    2.01 ^ B[2] (in)
                                         B[2] (net)
                  0.02    0.00    2.01 ^ input11/A (sky130_fd_sc_hd__dlymetal6s2s_1)
     5    0.02    0.17    0.18    2.19 ^ input11/X (sky130_fd_sc_hd__dlymetal6s2s_1)
                                         net11 (net)
                  0.17    0.00    2.19 ^ _304_/B (sky130_fd_sc_hd__nand2_1)
     4    0.01    0.10    0.14    2.33 v _304_/Y (sky130_fd_sc_hd__nand2_1)
                                         _233_ (net)
                  0.10    0.00    2.33 v _349_/A (sky130_fd_sc_hd__or3_1)
     2    0.00    0.08    0.41    2.74 v _349_/X (sky130_fd_sc_hd__or3_1)
                                         _028_ (net)
                  0.08    0.00    2.74 v _353_/A1 (sky130_fd_sc_hd__a21o_1)
     2    0.00    0.04    0.18    2.92 v _353_/X (sky130_fd_sc_hd__a21o_1)
                                         _032_ (net)
                  0.04    0.00    2.92 v _397_/A2 (sky130_fd_sc_hd__a21o_1)
     3    0.01    0.06    0.21    3.13 v _397_/X (sky130_fd_sc_hd__a21o_1)
                                         _075_ (net)
                  0.06    0.00    3.13 v _398_/C (sky130_fd_sc_hd__and3_1)
     2    0.00    0.04    0.20    3.33 v _398_/X (sky130_fd_sc_hd__and3_1)
                                         _076_ (net)
                  0.04    0.00    3.33 v _401_/B (sky130_fd_sc_hd__or3_2)
     4    0.01    0.11    0.52    3.85 v _401_/X (sky130_fd_sc_hd__or3_2)
                                         _079_ (net)
                  0.11    0.00    3.85 v _402_/B (sky130_fd_sc_hd__nand2_1)
     3    0.01    0.13    0.16    4.01 ^ _402_/Y (sky130_fd_sc_hd__nand2_1)
                                         _080_ (net)
                  0.13    0.00    4.01 ^ _404_/C (sky130_fd_sc_hd__nand3_1)
     1    0.00    0.06    0.09    4.10 v _404_/Y (sky130_fd_sc_hd__nand3_1)
                                         _082_ (net)
                  0.06    0.00    4.10 v _408_/A3 (sky130_fd_sc_hd__a31o_1)
     1    0.00    0.04    0.24    4.34 v _408_/X (sky130_fd_sc_hd__a31o_1)
                                         _086_ (net)
                  0.04    0.00    4.34 v _409_/B1 (sky130_fd_sc_hd__a21oi_1)
     1    0.00    0.11    0.12    4.45 ^ _409_/Y (sky130_fd_sc_hd__a21oi_1)
                                         _087_ (net)
                  0.11    0.00    4.45 ^ _410_/B1 (sky130_fd_sc_hd__a21oi_1)
     1    0.00    0.06    0.06    4.51 v _410_/Y (sky130_fd_sc_hd__a21oi_1)
                                         net25 (net)
                  0.06    0.00    4.51 v output25/A (sky130_fd_sc_hd__buf_2)
     1    0.03    0.09    0.20    4.71 v output25/X (sky130_fd_sc_hd__buf_2)
                                         out[5] (net)
                  0.09    0.00    4.71 v out[5] (out)
                                  4.71   data arrival time

                  0.00   10.00   10.00   clock __VIRTUAL_CLK__ (rise edge)
                          0.00   10.00   clock network delay (ideal)
                         -0.25    9.75   clock uncertainty
                          0.00    9.75   clock reconvergence pessimism
                         -2.00    7.75   output external delay
                                  7.75   data required time
-----------------------------------------------------------------------------
                                  7.75   data required time
                                 -4.71   data arrival time
-----------------------------------------------------------------------------
                                  3.04   slack (MET)


Startpoint: B[0] (input port clocked by __VIRTUAL_CLK__)
Endpoint: out[4] (output port clocked by __VIRTUAL_CLK__)
Path Group: __VIRTUAL_CLK__
Path Type: max

Fanout     Cap    Slew   Delay    Time   Description
-----------------------------------------------------------------------------
                  0.00    0.00    0.00   clock __VIRTUAL_CLK__ (rise edge)
                          0.00    0.00   clock network delay (ideal)
                          2.00    2.00 ^ input external delay
     1    0.00    0.02    0.01    2.01 ^ B[0] (in)
                                         B[0] (net)
                  0.02    0.00    2.01 ^ input9/A (sky130_fd_sc_hd__buf_1)
     5    0.01    0.18    0.17    2.19 ^ input9/X (sky130_fd_sc_hd__buf_1)
                                         net9 (net)
                  0.18    0.00    2.19 ^ _251_/A (sky130_fd_sc_hd__clkbuf_4)
    10    0.03    0.11    0.25    2.43 ^ _251_/X (sky130_fd_sc_hd__clkbuf_4)
                                         _182_ (net)
                  0.11    0.00    2.43 ^ _252_/A (sky130_fd_sc_hd__buf_2)
    10    0.03    0.16    0.23    2.66 ^ _252_/X (sky130_fd_sc_hd__buf_2)
                                         _183_ (net)
                  0.16    0.00    2.66 ^ _276_/A1 (sky130_fd_sc_hd__a21oi_1)
     2    0.00    0.07    0.10    2.76 v _276_/Y (sky130_fd_sc_hd__a21oi_1)
                                         _206_ (net)
                  0.07    0.00    2.76 v _279_/B (sky130_fd_sc_hd__or3_1)
     2    0.00    0.07    0.37    3.13 v _279_/X (sky130_fd_sc_hd__or3_1)
                                         _209_ (net)
                  0.07    0.00    3.13 v _301_/A2 (sky130_fd_sc_hd__a21o_1)
     3    0.01    0.06    0.22    3.35 v _301_/X (sky130_fd_sc_hd__a21o_1)
                                         _230_ (net)
                  0.06    0.00    3.35 v _312_/A2 (sky130_fd_sc_hd__a21o_1)
     3    0.01    0.06    0.21    3.56 v _312_/X (sky130_fd_sc_hd__a21o_1)
                                         _240_ (net)
                  0.06    0.00    3.56 v _366_/A1 (sky130_fd_sc_hd__a21bo_1)
     3    0.01    0.05    0.19    3.76 v _366_/X (sky130_fd_sc_hd__a21bo_1)
                                         _045_ (net)
                  0.05    0.00    3.76 v _368_/B (sky130_fd_sc_hd__or2_1)
     1    0.00    0.05    0.21    3.97 v _368_/X (sky130_fd_sc_hd__or2_1)
                                         _047_ (net)
                  0.05    0.00    3.97 v _372_/A3 (sky130_fd_sc_hd__a31o_1)
     1    0.00    0.03    0.22    4.18 v _372_/X (sky130_fd_sc_hd__a31o_1)
                                         _051_ (net)
                  0.03    0.00    4.18 v _373_/B2 (sky130_fd_sc_hd__o2bb2a_1)
     1    0.00    0.06    0.29    4.47 v _373_/X (sky130_fd_sc_hd__o2bb2a_1)
                                         net24 (net)
                  0.06    0.00    4.47 v output24/A (sky130_fd_sc_hd__buf_2)
     1    0.03    0.09    0.20    4.67 v output24/X (sky130_fd_sc_hd__buf_2)
                                         out[4] (net)
                  0.09    0.00    4.67 v out[4] (out)
                                  4.67   data arrival time

                  0.00   10.00   10.00   clock __VIRTUAL_CLK__ (rise edge)
                          0.00   10.00   clock network delay (ideal)
                         -0.25    9.75   clock uncertainty
                          0.00    9.75   clock reconvergence pessimism
                         -2.00    7.75   output external delay
                                  7.75   data required time
-----------------------------------------------------------------------------
                                  7.75   data required time
                                 -4.67   data arrival time
-----------------------------------------------------------------------------
                                  3.08   slack (MET)


Startpoint: B[0] (input port clocked by __VIRTUAL_CLK__)
Endpoint: out[3] (output port clocked by __VIRTUAL_CLK__)
Path Group: __VIRTUAL_CLK__
Path Type: max

Fanout     Cap    Slew   Delay    Time   Description
-----------------------------------------------------------------------------
                  0.00    0.00    0.00   clock __VIRTUAL_CLK__ (rise edge)
                          0.00    0.00   clock network delay (ideal)
                          2.00    2.00 ^ input external delay
     1    0.00    0.02    0.01    2.01 ^ B[0] (in)
                                         B[0] (net)
                  0.02    0.00    2.01 ^ input9/A (sky130_fd_sc_hd__buf_1)
     5    0.01    0.18    0.17    2.19 ^ input9/X (sky130_fd_sc_hd__buf_1)
                                         net9 (net)
                  0.18    0.00    2.19 ^ _251_/A (sky130_fd_sc_hd__clkbuf_4)
    10    0.03    0.11    0.25    2.43 ^ _251_/X (sky130_fd_sc_hd__clkbuf_4)
                                         _182_ (net)
                  0.11    0.00    2.43 ^ _252_/A (sky130_fd_sc_hd__buf_2)
    10    0.03    0.16    0.23    2.66 ^ _252_/X (sky130_fd_sc_hd__buf_2)
                                         _183_ (net)
                  0.16    0.00    2.66 ^ _276_/A1 (sky130_fd_sc_hd__a21oi_1)
     2    0.00    0.07    0.10    2.76 v _276_/Y (sky130_fd_sc_hd__a21oi_1)
                                         _206_ (net)
                  0.07    0.00    2.76 v _279_/B (sky130_fd_sc_hd__or3_1)
     2    0.00    0.07    0.37    3.13 v _279_/X (sky130_fd_sc_hd__or3_1)
                                         _209_ (net)
                  0.07    0.00    3.13 v _301_/A2 (sky130_fd_sc_hd__a21o_1)
     3    0.01    0.06    0.22    3.35 v _301_/X (sky130_fd_sc_hd__a21o_1)
                                         _230_ (net)
                  0.06    0.00    3.35 v _312_/A2 (sky130_fd_sc_hd__a21o_1)
     3    0.01    0.06    0.21    3.56 v _312_/X (sky130_fd_sc_hd__a21o_1)
                                         _240_ (net)
                  0.06    0.00    3.56 v _319_/B1 (sky130_fd_sc_hd__a21o_1)
     1    0.00    0.03    0.15    3.72 v _319_/X (sky130_fd_sc_hd__a21o_1)
                                         _247_ (net)
                  0.03    0.00    3.72 v _320_/B (sky130_fd_sc_hd__and3b_1)
     1    0.00    0.04    0.16    3.87 v _320_/X (sky130_fd_sc_hd__and3b_1)
                                         _000_ (net)
                  0.04    0.00    3.87 v _339_/B1 (sky130_fd_sc_hd__o2bb2a_1)
     1    0.00    0.06    0.31    4.18 v _339_/X (sky130_fd_sc_hd__o2bb2a_1)
                                         net23 (net)
                  0.06    0.00    4.18 v output23/A (sky130_fd_sc_hd__buf_2)
     1    0.03    0.09    0.20    4.38 v output23/X (sky130_fd_sc_hd__buf_2)
                                         out[3] (net)
                  0.09    0.00    4.38 v out[3] (out)
                                  4.38   data arrival time

                  0.00   10.00   10.00   clock __VIRTUAL_CLK__ (rise edge)
                          0.00   10.00   clock network delay (ideal)
                         -0.25    9.75   clock uncertainty
                          0.00    9.75   clock reconvergence pessimism
                         -2.00    7.75   output external delay
                                  7.75   data required time
-----------------------------------------------------------------------------
                                  7.75   data required time
                                 -4.38   data arrival time
-----------------------------------------------------------------------------
                                  3.37   slack (MET)


Startpoint: B[0] (input port clocked by __VIRTUAL_CLK__)
Endpoint: out[2] (output port clocked by __VIRTUAL_CLK__)
Path Group: __VIRTUAL_CLK__
Path Type: max

Fanout     Cap    Slew   Delay    Time   Description
-----------------------------------------------------------------------------
                  0.00    0.00    0.00   clock __VIRTUAL_CLK__ (rise edge)
                          0.00    0.00   clock network delay (ideal)
                          2.00    2.00 ^ input external delay
     1    0.00    0.02    0.01    2.01 ^ B[0] (in)
                                         B[0] (net)
                  0.02    0.00    2.01 ^ input9/A (sky130_fd_sc_hd__buf_1)
     5    0.01    0.18    0.17    2.19 ^ input9/X (sky130_fd_sc_hd__buf_1)
                                         net9 (net)
                  0.18    0.00    2.19 ^ _251_/A (sky130_fd_sc_hd__clkbuf_4)
    10    0.03    0.11    0.25    2.43 ^ _251_/X (sky130_fd_sc_hd__clkbuf_4)
                                         _182_ (net)
                  0.11    0.00    2.43 ^ _252_/A (sky130_fd_sc_hd__buf_2)
    10    0.03    0.16    0.23    2.66 ^ _252_/X (sky130_fd_sc_hd__buf_2)
                                         _183_ (net)
                  0.16    0.00    2.66 ^ _276_/A1 (sky130_fd_sc_hd__a21oi_1)
     2    0.00    0.07    0.10    2.76 v _276_/Y (sky130_fd_sc_hd__a21oi_1)
                                         _206_ (net)
                  0.07    0.00    2.76 v _279_/B (sky130_fd_sc_hd__or3_1)
     2    0.00    0.07    0.37    3.13 v _279_/X (sky130_fd_sc_hd__or3_1)
                                         _209_ (net)
                  0.07    0.00    3.13 v _301_/A2 (sky130_fd_sc_hd__a21o_1)
     3    0.01    0.06    0.22    3.35 v _301_/X (sky130_fd_sc_hd__a21o_1)
                                         _230_ (net)
                  0.06    0.00    3.35 v _303_/A2 (sky130_fd_sc_hd__o21a_1)
     1    0.00    0.03    0.17    3.53 v _303_/X (sky130_fd_sc_hd__o21a_1)
                                         _232_ (net)
                  0.03    0.00    3.53 v _308_/A2 (sky130_fd_sc_hd__a211o_1)
     1    0.00    0.04    0.29    3.81 v _308_/X (sky130_fd_sc_hd__a211o_1)
                                         _237_ (net)
                  0.04    0.00    3.81 v _309_/B2 (sky130_fd_sc_hd__o2bb2a_1)
     1    0.00    0.05    0.29    4.10 v _309_/X (sky130_fd_sc_hd__o2bb2a_1)
                                         net22 (net)
                  0.05    0.00    4.10 v output22/A (sky130_fd_sc_hd__buf_2)
     1    0.03    0.09    0.19    4.29 v output22/X (sky130_fd_sc_hd__buf_2)
                                         out[2] (net)
                  0.09    0.00    4.29 v out[2] (out)
                                  4.29   data arrival time

                  0.00   10.00   10.00   clock __VIRTUAL_CLK__ (rise edge)
                          0.00   10.00   clock network delay (ideal)
                         -0.25    9.75   clock uncertainty
                          0.00    9.75   clock reconvergence pessimism
                         -2.00    7.75   output external delay
                                  7.75   data required time
-----------------------------------------------------------------------------
                                  7.75   data required time
                                 -4.29   data arrival time
-----------------------------------------------------------------------------
                                  3.46   slack (MET)


Startpoint: B[0] (input port clocked by __VIRTUAL_CLK__)
Endpoint: out[1] (output port clocked by __VIRTUAL_CLK__)
Path Group: __VIRTUAL_CLK__
Path Type: max

Fanout     Cap    Slew   Delay    Time   Description
-----------------------------------------------------------------------------
                  0.00    0.00    0.00   clock __VIRTUAL_CLK__ (rise edge)
                          0.00    0.00   clock network delay (ideal)
                          2.00    2.00 ^ input external delay
     1    0.00    0.02    0.01    2.01 ^ B[0] (in)
                                         B[0] (net)
                  0.02    0.00    2.01 ^ input9/A (sky130_fd_sc_hd__buf_1)
     5    0.01    0.18    0.17    2.19 ^ input9/X (sky130_fd_sc_hd__buf_1)
                                         net9 (net)
                  0.18    0.00    2.19 ^ _251_/A (sky130_fd_sc_hd__clkbuf_4)
    10    0.03    0.11    0.25    2.43 ^ _251_/X (sky130_fd_sc_hd__clkbuf_4)
                                         _182_ (net)
                  0.11    0.00    2.43 ^ _252_/A (sky130_fd_sc_hd__buf_2)
    10    0.03    0.16    0.23    2.66 ^ _252_/X (sky130_fd_sc_hd__buf_2)
                                         _183_ (net)
                  0.16    0.00    2.66 ^ _276_/A1 (sky130_fd_sc_hd__a21oi_1)
     2    0.00    0.07    0.10    2.76 v _276_/Y (sky130_fd_sc_hd__a21oi_1)
                                         _206_ (net)
                  0.07    0.00    2.76 v _279_/B (sky130_fd_sc_hd__or3_1)
     2    0.00    0.07    0.37    3.13 v _279_/X (sky130_fd_sc_hd__or3_1)
                                         _209_ (net)
                  0.07    0.00    3.13 v _280_/B_N (sky130_fd_sc_hd__or2b_1)
     1    0.00    0.06    0.18    3.31 ^ _280_/X (sky130_fd_sc_hd__or2b_1)
                                         _210_ (net)
                  0.06    0.00    3.31 ^ _281_/B (sky130_fd_sc_hd__xnor2_1)
     1    0.00    0.05    0.07    3.38 v _281_/Y (sky130_fd_sc_hd__xnor2_1)
                                         _211_ (net)
                  0.05    0.00    3.38 v _286_/A2 (sky130_fd_sc_hd__a211o_1)
     1    0.00    0.04    0.29    3.67 v _286_/X (sky130_fd_sc_hd__a211o_1)
                                         _216_ (net)
                  0.04    0.00    3.67 v _287_/B2 (sky130_fd_sc_hd__o2bb2a_1)
     1    0.00    0.06    0.29    3.96 v _287_/X (sky130_fd_sc_hd__o2bb2a_1)
                                         net21 (net)
                  0.06    0.00    3.96 v output21/A (sky130_fd_sc_hd__buf_2)
     1    0.03    0.09    0.19    4.15 v output21/X (sky130_fd_sc_hd__buf_2)
                                         out[1] (net)
                  0.09    0.00    4.15 v out[1] (out)
                                  4.15   data arrival time

                  0.00   10.00   10.00   clock __VIRTUAL_CLK__ (rise edge)
                          0.00   10.00   clock network delay (ideal)
                         -0.25    9.75   clock uncertainty
                          0.00    9.75   clock reconvergence pessimism
                         -2.00    7.75   output external delay
                                  7.75   data required time
-----------------------------------------------------------------------------
                                  7.75   data required time
                                 -4.15   data arrival time
-----------------------------------------------------------------------------
                                  3.60   slack (MET)


Startpoint: B[0] (input port clocked by __VIRTUAL_CLK__)
Endpoint: out[0] (output port clocked by __VIRTUAL_CLK__)
Path Group: __VIRTUAL_CLK__
Path Type: max

Fanout     Cap    Slew   Delay    Time   Description
-----------------------------------------------------------------------------
                  0.00    0.00    0.00   clock __VIRTUAL_CLK__ (rise edge)
                          0.00    0.00   clock network delay (ideal)
                          2.00    2.00 ^ input external delay
     1    0.00    0.02    0.01    2.01 ^ B[0] (in)
                                         B[0] (net)
                  0.02    0.00    2.01 ^ input9/A (sky130_fd_sc_hd__buf_1)
     5    0.01    0.18    0.17    2.19 ^ input9/X (sky130_fd_sc_hd__buf_1)
                                         net9 (net)
                  0.18    0.00    2.19 ^ _251_/A (sky130_fd_sc_hd__clkbuf_4)
    10    0.03    0.11    0.25    2.43 ^ _251_/X (sky130_fd_sc_hd__clkbuf_4)
                                         _182_ (net)
                  0.11    0.00    2.43 ^ _252_/A (sky130_fd_sc_hd__buf_2)
    10    0.03    0.16    0.23    2.66 ^ _252_/X (sky130_fd_sc_hd__buf_2)
                                         _183_ (net)
                  0.16    0.00    2.66 ^ _257_/B (sky130_fd_sc_hd__nand3_1)
     1    0.00    0.07    0.10    2.75 v _257_/Y (sky130_fd_sc_hd__nand3_1)
                                         _188_ (net)
                  0.07    0.00    2.75 v _261_/A3 (sky130_fd_sc_hd__a31o_1)
     1    0.00    0.03    0.22    2.98 v _261_/X (sky130_fd_sc_hd__a31o_1)
                                         _192_ (net)
                  0.03    0.00    2.98 v _262_/B2 (sky130_fd_sc_hd__a2bb2o_1)
     1    0.00    0.06    0.25    3.23 v _262_/X (sky130_fd_sc_hd__a2bb2o_1)
                                         net20 (net)
                  0.06    0.00    3.23 v output20/A (sky130_fd_sc_hd__buf_2)
     1    0.03    0.09    0.19    3.42 v output20/X (sky130_fd_sc_hd__buf_2)
                                         out[0] (net)
                  0.09    0.00    3.42 v out[0] (out)
                                  3.42   data arrival time

                  0.00   10.00   10.00   clock __VIRTUAL_CLK__ (rise edge)
                          0.00   10.00   clock network delay (ideal)
                         -0.25    9.75   clock uncertainty
                          0.00    9.75   clock reconvergence pessimism
                         -2.00    7.75   output external delay
                                  7.75   data required time
-----------------------------------------------------------------------------
                                  7.75   data required time
                                 -3.42   data arrival time
-----------------------------------------------------------------------------
                                  4.33   slack (MET)



worst slack corner Typical: 2.2734
max_report_end
checks_report

===========================================================================
report_checks -unconstrained
===========================================================================
======================= Typical Corner ===================================

Startpoint: B[2] (input port clocked by __VIRTUAL_CLK__)
Endpoint: out[7] (output port clocked by __VIRTUAL_CLK__)
Path Group: __VIRTUAL_CLK__
Path Type: max

Fanout     Cap    Slew   Delay    Time   Description
-----------------------------------------------------------------------------
                  0.00    0.00    0.00   clock __VIRTUAL_CLK__ (rise edge)
                          0.00    0.00   clock network delay (ideal)
                          2.00    2.00 ^ input external delay
     1    0.00    0.02    0.01    2.01 ^ B[2] (in)
                                         B[2] (net)
                  0.02    0.00    2.01 ^ input11/A (sky130_fd_sc_hd__dlymetal6s2s_1)
     5    0.02    0.17    0.18    2.19 ^ input11/X (sky130_fd_sc_hd__dlymetal6s2s_1)
                                         net11 (net)
                  0.17    0.00    2.19 ^ _304_/B (sky130_fd_sc_hd__nand2_1)
     4    0.01    0.10    0.14    2.33 v _304_/Y (sky130_fd_sc_hd__nand2_1)
                                         _233_ (net)
                  0.10    0.00    2.33 v _349_/A (sky130_fd_sc_hd__or3_1)
     2    0.00    0.08    0.41    2.74 v _349_/X (sky130_fd_sc_hd__or3_1)
                                         _028_ (net)
                  0.08    0.00    2.74 v _353_/A1 (sky130_fd_sc_hd__a21o_1)
     2    0.00    0.04    0.18    2.92 v _353_/X (sky130_fd_sc_hd__a21o_1)
                                         _032_ (net)
                  0.04    0.00    2.92 v _397_/A2 (sky130_fd_sc_hd__a21o_1)
     3    0.01    0.06    0.21    3.13 v _397_/X (sky130_fd_sc_hd__a21o_1)
                                         _075_ (net)
                  0.06    0.00    3.13 v _398_/C (sky130_fd_sc_hd__and3_1)
     2    0.00    0.04    0.20    3.33 v _398_/X (sky130_fd_sc_hd__and3_1)
                                         _076_ (net)
                  0.04    0.00    3.33 v _401_/B (sky130_fd_sc_hd__or3_2)
     4    0.01    0.11    0.52    3.85 v _401_/X (sky130_fd_sc_hd__or3_2)
                                         _079_ (net)
                  0.11    0.00    3.85 v _465_/A2 (sky130_fd_sc_hd__a211o_1)
     2    0.01    0.06    0.34    4.19 v _465_/X (sky130_fd_sc_hd__a211o_1)
                                         _141_ (net)
                  0.06    0.00    4.19 v _494_/A (sky130_fd_sc_hd__or3_1)
     2    0.00    0.08    0.40    4.59 v _494_/X (sky130_fd_sc_hd__or3_1)
                                         _170_ (net)
                  0.08    0.00    4.59 v _496_/B (sky130_fd_sc_hd__and3_1)
     1    0.00    0.04    0.18    4.77 v _496_/X (sky130_fd_sc_hd__and3_1)
                                         _172_ (net)
                  0.04    0.00    4.77 v _498_/A1 (sky130_fd_sc_hd__o21a_1)
     1    0.00    0.04    0.19    4.96 v _498_/X (sky130_fd_sc_hd__o21a_1)
                                         _174_ (net)
                  0.04    0.00    4.96 v _503_/A2 (sky130_fd_sc_hd__o32a_1)
     1    0.00    0.05    0.33    5.29 v _503_/X (sky130_fd_sc_hd__o32a_1)
                                         net27 (net)
                  0.05    0.00    5.29 v output27/A (sky130_fd_sc_hd__buf_2)
     1    0.03    0.09    0.19    5.48 v output27/X (sky130_fd_sc_hd__buf_2)
                                         out[7] (net)
                  0.09    0.00    5.48 v out[7] (out)
                                  5.48   data arrival time

                  0.00   10.00   10.00   clock __VIRTUAL_CLK__ (rise edge)
                          0.00   10.00   clock network delay (ideal)
                         -0.25    9.75   clock uncertainty
                          0.00    9.75   clock reconvergence pessimism
                         -2.00    7.75   output external delay
                                  7.75   data required time
-----------------------------------------------------------------------------
                                  7.75   data required time
                                 -5.48   data arrival time
-----------------------------------------------------------------------------
                                  2.27   slack (MET)




===========================================================================
report_checks --slack_max -0.01
============================================================================
======================= Typical Corner ===================================

No paths found.


===========================================================================
 report_check_types -max_slew -max_cap -max_fanout -violators
============================================================================
======================= Typical Corner ===================================


max slew violations count Typical: 0
max fanout violations count Typical: 0
max cap violations count Typical: 0

===========================================================================
report_parasitic_annotation -report_unannotated
============================================================================
Found 0 unannotated drivers.
Found 0 partially unannotated drivers.

===========================================================================
max slew violation count 0
max fanout violation count 0
max cap violation count 0
============================================================================

===========================================================================
check_setup -verbose -unconstrained_endpoints -multiple_clock -no_clock -no_input_delay -loops -generated_clocks
===========================================================================
checks_report_end
power_report

===========================================================================
 report_power
============================================================================
======================= Typical Corner ===================================

Group                  Internal  Switching    Leakage      Total
                          Power      Power      Power      Power (Watts)
----------------------------------------------------------------
Sequential             0.00e+00   0.00e+00   0.00e+00   0.00e+00   0.0%
Combinational          5.87e-05   7.36e-05   1.00e-09   1.32e-04 100.0%
Clock                  0.00e+00   0.00e+00   2.53e-10   2.53e-10   0.0%
Macro                  0.00e+00   0.00e+00   0.00e+00   0.00e+00   0.0%
Pad                    0.00e+00   0.00e+00   0.00e+00   0.00e+00   0.0%
----------------------------------------------------------------
Total                  5.87e-05   7.36e-05   1.25e-09   1.32e-04 100.0%
                          44.4%      55.6%       0.0%

power_report_end
summary_report

===========================================================================
report_tns
============================================================================
tns 0.00

===========================================================================
report_wns
============================================================================
wns 0.00

===========================================================================
report_worst_slack -max (Setup)
============================================================================
worst slack 2.27

===========================================================================
report_worst_slack -min (Hold)
============================================================================
worst slack 4.21
summary_report_end
area_report

===========================================================================
report_design_area
============================================================================
Design area 2163 u^2 19% utilization.
area_report_end
check_nonpropagated_clocks
__VIRTUAL_CLK__
check_nonpropagated_clocks_end
[WARNING] Did not save OpenROAD database!
Writing SDF to '/Users/andacerdogan/OpenLane/designs/alu/runs/RUN_2025.05.03_17.12.16/results/signoff/alu.sdf'…
