
===========================================================================
 report_power
============================================================================
======================= Fastest Corner ===================================

Group                  Internal  Switching    Leakage      Total
                          Power      Power      Power      Power (Watts)
----------------------------------------------------------------
Sequential             3.33e-04   9.64e-04   2.00e-08   1.30e-03  11.1%
Combinational          1.69e-03   8.30e-03   6.38e-08   9.99e-03  85.4%
Clock                  1.77e-04   2.36e-04   5.49e-08   4.13e-04   3.5%
Macro                  0.00e+00   0.00e+00   0.00e+00   0.00e+00   0.0%
Pad                    0.00e+00   0.00e+00   0.00e+00   0.00e+00   0.0%
----------------------------------------------------------------
Total                  2.20e-03   9.50e-03   1.39e-07   1.17e-02 100.0%
                          18.8%      81.2%       0.0%

======================= Slowest Corner ===================================

Group                  Internal  Switching    Leakage      Total
                          Power      Power      Power      Power (Watts)
----------------------------------------------------------------
Sequential             2.31e-04   6.51e-04   3.59e-06   8.85e-04  11.1%
Combinational          1.20e-03   5.60e-03   1.67e-05   6.82e-03  85.4%
Clock                  1.26e-04   1.58e-04   1.02e-06   2.85e-04   3.6%
Macro                  0.00e+00   0.00e+00   0.00e+00   0.00e+00   0.0%
Pad                    0.00e+00   0.00e+00   0.00e+00   0.00e+00   0.0%
----------------------------------------------------------------
Total                  1.56e-03   6.41e-03   2.13e-05   7.99e-03 100.0%
                          19.5%      80.2%       0.3%

======================= Typical Corner ===================================

Group                  Internal  Switching    Leakage      Total
                          Power      Power      Power      Power (Watts)
----------------------------------------------------------------
Sequential             2.89e-04   8.22e-04   1.54e-08   1.11e-03  11.1%
Combinational          1.49e-03   7.08e-03   1.19e-08   8.57e-03  85.4%
Clock                  1.54e-04   2.01e-04   5.27e-08   3.55e-04   3.5%
Macro                  0.00e+00   0.00e+00   0.00e+00   0.00e+00   0.0%
Pad                    0.00e+00   0.00e+00   0.00e+00   0.00e+00   0.0%
----------------------------------------------------------------
Total                  1.93e-03   8.10e-03   8.00e-08   1.00e-02 100.0%
                          19.2%      80.8%       0.0%

