
===========================================================================
 report_power
============================================================================
======================= Fastest Corner ===================================

Group                  Internal  Switching    Leakage      Total
                          Power      Power      Power      Power (Watts)
----------------------------------------------------------------
Sequential             3.33e-04   1.16e-03   2.00e-08   1.49e-03  11.0%
Combinational          1.71e-03   9.88e-03   6.38e-08   1.16e-02  85.6%
Clock                  1.78e-04   2.71e-04   5.49e-08   4.48e-04   3.3%
Macro                  0.00e+00   0.00e+00   0.00e+00   0.00e+00   0.0%
Pad                    0.00e+00   0.00e+00   0.00e+00   0.00e+00   0.0%
----------------------------------------------------------------
Total                  2.22e-03   1.13e-02   1.39e-07   1.35e-02 100.0%
                          16.4%      83.6%       0.0%

======================= Slowest Corner ===================================

Group                  Internal  Switching    Leakage      Total
                          Power      Power      Power      Power (Watts)
----------------------------------------------------------------
Sequential             2.30e-04   7.84e-04   3.59e-06   1.02e-03  11.1%
Combinational          1.20e-03   6.66e-03   1.67e-05   7.88e-03  85.6%
Clock                  1.26e-04   1.82e-04   1.02e-06   3.08e-04   3.3%
Macro                  0.00e+00   0.00e+00   0.00e+00   0.00e+00   0.0%
Pad                    0.00e+00   0.00e+00   0.00e+00   0.00e+00   0.0%
----------------------------------------------------------------
Total                  1.56e-03   7.63e-03   2.13e-05   9.20e-03 100.0%
                          16.9%      82.9%       0.2%

======================= Typical Corner ===================================

Group                  Internal  Switching    Leakage      Total
                          Power      Power      Power      Power (Watts)
----------------------------------------------------------------
Sequential             2.89e-04   9.91e-04   1.54e-08   1.28e-03  11.1%
Combinational          1.48e-03   8.42e-03   1.19e-08   9.91e-03  85.6%
Clock                  1.54e-04   2.30e-04   5.27e-08   3.85e-04   3.3%
Macro                  0.00e+00   0.00e+00   0.00e+00   0.00e+00   0.0%
Pad                    0.00e+00   0.00e+00   0.00e+00   0.00e+00   0.0%
----------------------------------------------------------------
Total                  1.93e-03   9.64e-03   8.00e-08   1.16e-02 100.0%
                          16.7%      83.3%       0.0%

