
===========================================================================
report_checks -path_delay min (Hold)
============================================================================
======================= Fastest Corner ===================================

Startpoint: A[7] (input port clocked by __VIRTUAL_CLK__)
Endpoint: out[7] (output port clocked by __VIRTUAL_CLK__)
Path Group: __VIRTUAL_CLK__
Path Type: min
Corner: Fastest

Fanout     Cap    Slew   Delay    Time   Description
-----------------------------------------------------------------------------
                  0.00    0.00    0.00   clock __VIRTUAL_CLK__ (rise edge)
                          0.00    0.00   clock network delay (ideal)
                          2.00    2.00 v input external delay
     1    0.00    0.00    0.00    2.00 v A[7] (in)
                                         A[7] (net)
                  0.00    0.00    2.00 v input8/A (sky130_fd_sc_hd__clkbuf_2)
     6    0.02    0.06    0.09    2.09 v input8/X (sky130_fd_sc_hd__clkbuf_2)
                                         net8 (net)
                  0.06    0.00    2.09 v _502_/A (sky130_fd_sc_hd__inv_2)
     1    0.00    0.02    0.04    2.13 ^ _502_/Y (sky130_fd_sc_hd__inv_2)
                                         _179_ (net)
                  0.02    0.00    2.13 ^ _503_/B2 (sky130_fd_sc_hd__o32a_1)
     1    0.01    0.05    0.07    2.19 ^ _503_/X (sky130_fd_sc_hd__o32a_1)
                                         net27 (net)
                  0.05    0.00    2.19 ^ output27/A (sky130_fd_sc_hd__buf_6)
     1    0.03    0.06    0.09    2.28 ^ output27/X (sky130_fd_sc_hd__buf_6)
                                         out[7] (net)
                  0.06    0.00    2.28 ^ out[7] (out)
                                  2.28   data arrival time

                  0.00    0.00    0.00   clock __VIRTUAL_CLK__ (rise edge)
                          0.00    0.00   clock network delay (ideal)
                          0.25    0.25   clock uncertainty
                          0.00    0.25   clock reconvergence pessimism
                         -2.00   -1.75   output external delay
                                 -1.75   data required time
-----------------------------------------------------------------------------
                                 -1.75   data required time
                                 -2.28   data arrival time
-----------------------------------------------------------------------------
                                  4.03   slack (MET)


Startpoint: A[6] (input port clocked by __VIRTUAL_CLK__)
Endpoint: out[6] (output port clocked by __VIRTUAL_CLK__)
Path Group: __VIRTUAL_CLK__
Path Type: min
Corner: Fastest

Fanout     Cap    Slew   Delay    Time   Description
-----------------------------------------------------------------------------
                  0.00    0.00    0.00   clock __VIRTUAL_CLK__ (rise edge)
                          0.00    0.00   clock network delay (ideal)
                          2.00    2.00 ^ input external delay
     1    0.00    0.01    0.01    2.01 ^ A[6] (in)
                                         A[6] (net)
                  0.01    0.00    2.01 ^ input7/A (sky130_fd_sc_hd__clkbuf_4)
    10    0.04    0.11    0.13    2.14 ^ input7/X (sky130_fd_sc_hd__clkbuf_4)
                                         net7 (net)
                  0.11    0.00    2.14 ^ _453_/A1 (sky130_fd_sc_hd__a22oi_1)
     1    0.00    0.03    0.05    2.19 v _453_/Y (sky130_fd_sc_hd__a22oi_1)
                                         net26 (net)
                  0.03    0.00    2.19 v output26/A (sky130_fd_sc_hd__buf_2)
     1    0.03    0.06    0.11    2.30 v output26/X (sky130_fd_sc_hd__buf_2)
                                         out[6] (net)
                  0.06    0.00    2.30 v out[6] (out)
                                  2.30   data arrival time

                  0.00    0.00    0.00   clock __VIRTUAL_CLK__ (rise edge)
                          0.00    0.00   clock network delay (ideal)
                          0.25    0.25   clock uncertainty
                          0.00    0.25   clock reconvergence pessimism
                         -2.00   -1.75   output external delay
                                 -1.75   data required time
-----------------------------------------------------------------------------
                                 -1.75   data required time
                                 -2.30   data arrival time
-----------------------------------------------------------------------------
                                  4.05   slack (MET)


Startpoint: A[4] (input port clocked by __VIRTUAL_CLK__)
Endpoint: out[4] (output port clocked by __VIRTUAL_CLK__)
Path Group: __VIRTUAL_CLK__
Path Type: min
Corner: Fastest

Fanout     Cap    Slew   Delay    Time   Description
-----------------------------------------------------------------------------
                  0.00    0.00    0.00   clock __VIRTUAL_CLK__ (rise edge)
                          0.00    0.00   clock network delay (ideal)
                          2.00    2.00 ^ input external delay
     1    0.01    0.03    0.02    2.02 ^ A[4] (in)
                                         A[4] (net)
                  0.03    0.00    2.02 ^ input5/A (sky130_fd_sc_hd__buf_6)
     4    0.02    0.03    0.06    2.08 ^ input5/X (sky130_fd_sc_hd__buf_6)
                                         net5 (net)
                  0.03    0.00    2.08 ^ _340_/A (sky130_fd_sc_hd__buf_6)
    10    0.04    0.06    0.08    2.16 ^ _340_/X (sky130_fd_sc_hd__buf_6)
                                         _019_ (net)
                  0.06    0.00    2.16 ^ _373_/A1_N (sky130_fd_sc_hd__o2bb2a_1)
     1    0.00    0.03    0.13    2.29 v _373_/X (sky130_fd_sc_hd__o2bb2a_1)
                                         net24 (net)
                  0.03    0.00    2.29 v output24/A (sky130_fd_sc_hd__buf_2)
     1    0.03    0.06    0.11    2.41 v output24/X (sky130_fd_sc_hd__buf_2)
                                         out[4] (net)
                  0.06    0.00    2.41 v out[4] (out)
                                  2.41   data arrival time

                  0.00    0.00    0.00   clock __VIRTUAL_CLK__ (rise edge)
                          0.00    0.00   clock network delay (ideal)
                          0.25    0.25   clock uncertainty
                          0.00    0.25   clock reconvergence pessimism
                         -2.00   -1.75   output external delay
                                 -1.75   data required time
-----------------------------------------------------------------------------
                                 -1.75   data required time
                                 -2.41   data arrival time
-----------------------------------------------------------------------------
                                  4.16   slack (MET)


Startpoint: A[5] (input port clocked by __VIRTUAL_CLK__)
Endpoint: out[5] (output port clocked by __VIRTUAL_CLK__)
Path Group: __VIRTUAL_CLK__
Path Type: min
Corner: Fastest

Fanout     Cap    Slew   Delay    Time   Description
-----------------------------------------------------------------------------
                  0.00    0.00    0.00   clock __VIRTUAL_CLK__ (rise edge)
                          0.00    0.00   clock network delay (ideal)
                          2.00    2.00 ^ input external delay
     1    0.00    0.02    0.01    2.01 ^ A[5] (in)
                                         A[5] (net)
                  0.02    0.00    2.01 ^ input6/A (sky130_fd_sc_hd__buf_1)
     3    0.01    0.10    0.09    2.10 ^ input6/X (sky130_fd_sc_hd__buf_1)
                                         net6 (net)
                  0.10    0.00    2.10 ^ _374_/A (sky130_fd_sc_hd__buf_2)
    10    0.04    0.14    0.16    2.26 ^ _374_/X (sky130_fd_sc_hd__buf_2)
                                         _052_ (net)
                  0.14    0.00    2.26 ^ _410_/A1 (sky130_fd_sc_hd__a21oi_1)
     1    0.00    0.03    0.05    2.31 v _410_/Y (sky130_fd_sc_hd__a21oi_1)
                                         net25 (net)
                  0.03    0.00    2.31 v output25/A (sky130_fd_sc_hd__buf_2)
     1    0.03    0.06    0.11    2.42 v output25/X (sky130_fd_sc_hd__buf_2)
                                         out[5] (net)
                  0.06    0.00    2.42 v out[5] (out)
                                  2.42   data arrival time

                  0.00    0.00    0.00   clock __VIRTUAL_CLK__ (rise edge)
                          0.00    0.00   clock network delay (ideal)
                          0.25    0.25   clock uncertainty
                          0.00    0.25   clock reconvergence pessimism
                         -2.00   -1.75   output external delay
                                 -1.75   data required time
-----------------------------------------------------------------------------
                                 -1.75   data required time
                                 -2.42   data arrival time
-----------------------------------------------------------------------------
                                  4.17   slack (MET)


Startpoint: opcode[0] (input port clocked by __VIRTUAL_CLK__)
Endpoint: out[0] (output port clocked by __VIRTUAL_CLK__)
Path Group: __VIRTUAL_CLK__
Path Type: min
Corner: Fastest

Fanout     Cap    Slew   Delay    Time   Description
-----------------------------------------------------------------------------
                  0.00    0.00    0.00   clock __VIRTUAL_CLK__ (rise edge)
                          0.00    0.00   clock network delay (ideal)
                          2.00    2.00 v input external delay
     1    0.00    0.00    0.00    2.00 v opcode[0] (in)
                                         opcode[0] (net)
                  0.00    0.00    2.00 v input17/A (sky130_fd_sc_hd__buf_1)
     5    0.01    0.06    0.08    2.08 v input17/X (sky130_fd_sc_hd__buf_1)
                                         net17 (net)
                  0.06    0.00    2.08 v _254_/A (sky130_fd_sc_hd__nand2_1)
     3    0.01    0.08    0.08    2.16 ^ _254_/Y (sky130_fd_sc_hd__nand2_1)
                                         _185_ (net)
                  0.08    0.00    2.16 ^ _261_/A2 (sky130_fd_sc_hd__a31o_1)
     1    0.00    0.02    0.08    2.24 ^ _261_/X (sky130_fd_sc_hd__a31o_1)
                                         _192_ (net)
                  0.02    0.00    2.24 ^ _262_/B2 (sky130_fd_sc_hd__a2bb2o_1)
     1    0.01    0.05    0.08    2.33 ^ _262_/X (sky130_fd_sc_hd__a2bb2o_1)
                                         net20 (net)
                  0.05    0.00    2.33 ^ output20/A (sky130_fd_sc_hd__buf_2)
     1    0.03    0.13    0.14    2.46 ^ output20/X (sky130_fd_sc_hd__buf_2)
                                         out[0] (net)
                  0.13    0.00    2.46 ^ out[0] (out)
                                  2.46   data arrival time

                  0.00    0.00    0.00   clock __VIRTUAL_CLK__ (rise edge)
                          0.00    0.00   clock network delay (ideal)
                          0.25    0.25   clock uncertainty
                          0.00    0.25   clock reconvergence pessimism
                         -2.00   -1.75   output external delay
                                 -1.75   data required time
-----------------------------------------------------------------------------
                                 -1.75   data required time
                                 -2.46   data arrival time
-----------------------------------------------------------------------------
                                  4.21   slack (MET)


Startpoint: A[3] (input port clocked by __VIRTUAL_CLK__)
Endpoint: out[3] (output port clocked by __VIRTUAL_CLK__)
Path Group: __VIRTUAL_CLK__
Path Type: min
Corner: Fastest

Fanout     Cap    Slew   Delay    Time   Description
-----------------------------------------------------------------------------
                  0.00    0.00    0.00   clock __VIRTUAL_CLK__ (rise edge)
                          0.00    0.00   clock network delay (ideal)
                          2.00    2.00 v input external delay
     1    0.00    0.01    0.00    2.00 v A[3] (in)
                                         A[3] (net)
                  0.01    0.00    2.00 v input4/A (sky130_fd_sc_hd__clkbuf_2)
     7    0.02    0.06    0.09    2.09 v input4/X (sky130_fd_sc_hd__clkbuf_2)
                                         net4 (net)
                  0.06    0.00    2.09 v _310_/A (sky130_fd_sc_hd__buf_2)
    10    0.03    0.06    0.12    2.22 v _310_/X (sky130_fd_sc_hd__buf_2)
                                         _238_ (net)
                  0.06    0.00    2.22 v _339_/A1_N (sky130_fd_sc_hd__o2bb2a_1)
     1    0.01    0.06    0.16    2.38 ^ _339_/X (sky130_fd_sc_hd__o2bb2a_1)
                                         net23 (net)
                  0.06    0.00    2.38 ^ output23/A (sky130_fd_sc_hd__buf_2)
     1    0.03    0.13    0.14    2.52 ^ output23/X (sky130_fd_sc_hd__buf_2)
                                         out[3] (net)
                  0.13    0.00    2.52 ^ out[3] (out)
                                  2.52   data arrival time

                  0.00    0.00    0.00   clock __VIRTUAL_CLK__ (rise edge)
                          0.00    0.00   clock network delay (ideal)
                          0.25    0.25   clock uncertainty
                          0.00    0.25   clock reconvergence pessimism
                         -2.00   -1.75   output external delay
                                 -1.75   data required time
-----------------------------------------------------------------------------
                                 -1.75   data required time
                                 -2.52   data arrival time
-----------------------------------------------------------------------------
                                  4.27   slack (MET)


Startpoint: A[2] (input port clocked by __VIRTUAL_CLK__)
Endpoint: out[2] (output port clocked by __VIRTUAL_CLK__)
Path Group: __VIRTUAL_CLK__
Path Type: min
Corner: Fastest

Fanout     Cap    Slew   Delay    Time   Description
-----------------------------------------------------------------------------
                  0.00    0.00    0.00   clock __VIRTUAL_CLK__ (rise edge)
                          0.00    0.00   clock network delay (ideal)
                          2.00    2.00 v input external delay
     1    0.00    0.01    0.00    2.00 v A[2] (in)
                                         A[2] (net)
                  0.01    0.00    2.00 v input3/A (sky130_fd_sc_hd__clkbuf_2)
     8    0.03    0.08    0.10    2.10 v input3/X (sky130_fd_sc_hd__clkbuf_2)
                                         net3 (net)
                  0.08    0.00    2.11 v _288_/A (sky130_fd_sc_hd__buf_2)
    10    0.04    0.07    0.13    2.24 v _288_/X (sky130_fd_sc_hd__buf_2)
                                         _217_ (net)
                  0.07    0.00    2.24 v _309_/A1_N (sky130_fd_sc_hd__o2bb2a_1)
     1    0.00    0.04    0.15    2.39 ^ _309_/X (sky130_fd_sc_hd__o2bb2a_1)
                                         net22 (net)
                  0.04    0.00    2.39 ^ output22/A (sky130_fd_sc_hd__buf_2)
     1    0.03    0.13    0.13    2.52 ^ output22/X (sky130_fd_sc_hd__buf_2)
                                         out[2] (net)
                  0.13    0.00    2.52 ^ out[2] (out)
                                  2.52   data arrival time

                  0.00    0.00    0.00   clock __VIRTUAL_CLK__ (rise edge)
                          0.00    0.00   clock network delay (ideal)
                          0.25    0.25   clock uncertainty
                          0.00    0.25   clock reconvergence pessimism
                         -2.00   -1.75   output external delay
                                 -1.75   data required time
-----------------------------------------------------------------------------
                                 -1.75   data required time
                                 -2.52   data arrival time
-----------------------------------------------------------------------------
                                  4.27   slack (MET)


Startpoint: A[1] (input port clocked by __VIRTUAL_CLK__)
Endpoint: out[1] (output port clocked by __VIRTUAL_CLK__)
Path Group: __VIRTUAL_CLK__
Path Type: min
Corner: Fastest

Fanout     Cap    Slew   Delay    Time   Description
-----------------------------------------------------------------------------
                  0.00    0.00    0.00   clock __VIRTUAL_CLK__ (rise edge)
                          0.00    0.00   clock network delay (ideal)
                          2.00    2.00 v input external delay
     1    0.00    0.00    0.00    2.00 v A[1] (in)
                                         A[1] (net)
                  0.00    0.00    2.00 v input2/A (sky130_fd_sc_hd__buf_2)
    10    0.04    0.07    0.10    2.11 v input2/X (sky130_fd_sc_hd__buf_2)
                                         net2 (net)
                  0.07    0.00    2.11 v _263_/A (sky130_fd_sc_hd__buf_2)
    10    0.03    0.06    0.12    2.23 v _263_/X (sky130_fd_sc_hd__buf_2)
                                         _193_ (net)
                  0.06    0.00    2.23 v _287_/A1_N (sky130_fd_sc_hd__o2bb2a_1)
     1    0.01    0.06    0.16    2.39 ^ _287_/X (sky130_fd_sc_hd__o2bb2a_1)
                                         net21 (net)
                  0.06    0.00    2.39 ^ output21/A (sky130_fd_sc_hd__buf_2)
     1    0.03    0.13    0.14    2.53 ^ output21/X (sky130_fd_sc_hd__buf_2)
                                         out[1] (net)
                  0.13    0.00    2.53 ^ out[1] (out)
                                  2.53   data arrival time

                  0.00    0.00    0.00   clock __VIRTUAL_CLK__ (rise edge)
                          0.00    0.00   clock network delay (ideal)
                          0.25    0.25   clock uncertainty
                          0.00    0.25   clock reconvergence pessimism
                         -2.00   -1.75   output external delay
                                 -1.75   data required time
-----------------------------------------------------------------------------
                                 -1.75   data required time
                                 -2.53   data arrival time
-----------------------------------------------------------------------------
                                  4.28   slack (MET)



worst slack corner Fastest: 4.0298
======================= Slowest Corner ===================================

Startpoint: A[7] (input port clocked by __VIRTUAL_CLK__)
Endpoint: out[7] (output port clocked by __VIRTUAL_CLK__)
Path Group: __VIRTUAL_CLK__
Path Type: min
Corner: Slowest

Fanout     Cap    Slew   Delay    Time   Description
-----------------------------------------------------------------------------
                  0.00    0.00    0.00   clock __VIRTUAL_CLK__ (rise edge)
                          0.00    0.00   clock network delay (ideal)
                          2.00    2.00 v input external delay
     1    0.00    0.02    0.01    2.01 v A[7] (in)
                                         A[7] (net)
                  0.02    0.00    2.01 v input8/A (sky130_fd_sc_hd__clkbuf_2)
     6    0.02    0.16    0.24    2.25 v input8/X (sky130_fd_sc_hd__clkbuf_2)
                                         net8 (net)
                  0.16    0.00    2.25 v _502_/A (sky130_fd_sc_hd__inv_2)
     1    0.00    0.05    0.09    2.34 ^ _502_/Y (sky130_fd_sc_hd__inv_2)
                                         _179_ (net)
                  0.05    0.00    2.34 ^ _503_/B2 (sky130_fd_sc_hd__o32a_1)
     1    0.01    0.12    0.25    2.59 ^ _503_/X (sky130_fd_sc_hd__o32a_1)
                                         net27 (net)
                  0.12    0.00    2.59 ^ output27/A (sky130_fd_sc_hd__buf_6)
     1    0.03    0.12    0.23    2.82 ^ output27/X (sky130_fd_sc_hd__buf_6)
                                         out[7] (net)
                  0.12    0.00    2.83 ^ out[7] (out)
                                  2.83   data arrival time

                  0.00    0.00    0.00   clock __VIRTUAL_CLK__ (rise edge)
                          0.00    0.00   clock network delay (ideal)
                          0.25    0.25   clock uncertainty
                          0.00    0.25   clock reconvergence pessimism
                         -2.00   -1.75   output external delay
                                 -1.75   data required time
-----------------------------------------------------------------------------
                                 -1.75   data required time
                                 -2.83   data arrival time
-----------------------------------------------------------------------------
                                  4.58   slack (MET)


Startpoint: A[6] (input port clocked by __VIRTUAL_CLK__)
Endpoint: out[6] (output port clocked by __VIRTUAL_CLK__)
Path Group: __VIRTUAL_CLK__
Path Type: min
Corner: Slowest

Fanout     Cap    Slew   Delay    Time   Description
-----------------------------------------------------------------------------
                  0.00    0.00    0.00   clock __VIRTUAL_CLK__ (rise edge)
                          0.00    0.00   clock network delay (ideal)
                          2.00    2.00 ^ input external delay
     1    0.00    0.03    0.02    2.02 ^ A[6] (in)
                                         A[6] (net)
                  0.03    0.00    2.02 ^ input7/A (sky130_fd_sc_hd__clkbuf_4)
    10    0.04    0.22    0.33    2.34 ^ input7/X (sky130_fd_sc_hd__clkbuf_4)
                                         net7 (net)
                  0.22    0.00    2.34 ^ _453_/A1 (sky130_fd_sc_hd__a22oi_1)
     1    0.00    0.13    0.23    2.57 v _453_/Y (sky130_fd_sc_hd__a22oi_1)
                                         net26 (net)
                  0.13    0.00    2.57 v output26/A (sky130_fd_sc_hd__buf_2)
     1    0.03    0.17    0.36    2.93 v output26/X (sky130_fd_sc_hd__buf_2)
                                         out[6] (net)
                  0.17    0.00    2.93 v out[6] (out)
                                  2.93   data arrival time

                  0.00    0.00    0.00   clock __VIRTUAL_CLK__ (rise edge)
                          0.00    0.00   clock network delay (ideal)
                          0.25    0.25   clock uncertainty
                          0.00    0.25   clock reconvergence pessimism
                         -2.00   -1.75   output external delay
                                 -1.75   data required time
-----------------------------------------------------------------------------
                                 -1.75   data required time
                                 -2.93   data arrival time
-----------------------------------------------------------------------------
                                  4.68   slack (MET)


Startpoint: A[5] (input port clocked by __VIRTUAL_CLK__)
Endpoint: out[5] (output port clocked by __VIRTUAL_CLK__)
Path Group: __VIRTUAL_CLK__
Path Type: min
Corner: Slowest

Fanout     Cap    Slew   Delay    Time   Description
-----------------------------------------------------------------------------
                  0.00    0.00    0.00   clock __VIRTUAL_CLK__ (rise edge)
                          0.00    0.00   clock network delay (ideal)
                          2.00    2.00 ^ input external delay
     1    0.00    0.03    0.02    2.02 ^ A[5] (in)
                                         A[5] (net)
                  0.03    0.00    2.02 ^ input6/A (sky130_fd_sc_hd__buf_1)
     3    0.01    0.22    0.23    2.25 ^ input6/X (sky130_fd_sc_hd__buf_1)
                                         net6 (net)
                  0.22    0.00    2.25 ^ _374_/A (sky130_fd_sc_hd__buf_2)
    10    0.04    0.30    0.42    2.66 ^ _374_/X (sky130_fd_sc_hd__buf_2)
                                         _052_ (net)
                  0.30    0.00    2.67 ^ _410_/A1 (sky130_fd_sc_hd__a21oi_1)
     1    0.00    0.07    0.22    2.89 v _410_/Y (sky130_fd_sc_hd__a21oi_1)
                                         net25 (net)
                  0.07    0.00    2.89 v output25/A (sky130_fd_sc_hd__buf_2)
     1    0.03    0.17    0.33    3.22 v output25/X (sky130_fd_sc_hd__buf_2)
                                         out[5] (net)
                  0.17    0.00    3.22 v out[5] (out)
                                  3.22   data arrival time

                  0.00    0.00    0.00   clock __VIRTUAL_CLK__ (rise edge)
                          0.00    0.00   clock network delay (ideal)
                          0.25    0.25   clock uncertainty
                          0.00    0.25   clock reconvergence pessimism
                         -2.00   -1.75   output external delay
                                 -1.75   data required time
-----------------------------------------------------------------------------
                                 -1.75   data required time
                                 -3.22   data arrival time
-----------------------------------------------------------------------------
                                  4.97   slack (MET)


Startpoint: A[4] (input port clocked by __VIRTUAL_CLK__)
Endpoint: out[4] (output port clocked by __VIRTUAL_CLK__)
Path Group: __VIRTUAL_CLK__
Path Type: min
Corner: Slowest

Fanout     Cap    Slew   Delay    Time   Description
-----------------------------------------------------------------------------
                  0.00    0.00    0.00   clock __VIRTUAL_CLK__ (rise edge)
                          0.00    0.00   clock network delay (ideal)
                          2.00    2.00 ^ input external delay
     1    0.01    0.06    0.03    2.03 ^ A[4] (in)
                                         A[4] (net)
                  0.06    0.00    2.03 ^ input5/A (sky130_fd_sc_hd__buf_6)
     4    0.02    0.07    0.17    2.20 ^ input5/X (sky130_fd_sc_hd__buf_6)
                                         net5 (net)
                  0.07    0.00    2.20 ^ _340_/A (sky130_fd_sc_hd__buf_6)
    10    0.04    0.13    0.22    2.42 ^ _340_/X (sky130_fd_sc_hd__buf_6)
                                         _019_ (net)
                  0.13    0.00    2.42 ^ _373_/A1_N (sky130_fd_sc_hd__o2bb2a_1)
     1    0.00    0.10    0.46    2.88 v _373_/X (sky130_fd_sc_hd__o2bb2a_1)
                                         net24 (net)
                  0.10    0.00    2.88 v output24/A (sky130_fd_sc_hd__buf_2)
     1    0.03    0.17    0.34    3.22 v output24/X (sky130_fd_sc_hd__buf_2)
                                         out[4] (net)
                  0.17    0.00    3.22 v out[4] (out)
                                  3.22   data arrival time

                  0.00    0.00    0.00   clock __VIRTUAL_CLK__ (rise edge)
                          0.00    0.00   clock network delay (ideal)
                          0.25    0.25   clock uncertainty
                          0.00    0.25   clock reconvergence pessimism
                         -2.00   -1.75   output external delay
                                 -1.75   data required time
-----------------------------------------------------------------------------
                                 -1.75   data required time
                                 -3.22   data arrival time
-----------------------------------------------------------------------------
                                  4.97   slack (MET)


Startpoint: opcode[0] (input port clocked by __VIRTUAL_CLK__)
Endpoint: out[0] (output port clocked by __VIRTUAL_CLK__)
Path Group: __VIRTUAL_CLK__
Path Type: min
Corner: Slowest

Fanout     Cap    Slew   Delay    Time   Description
-----------------------------------------------------------------------------
                  0.00    0.00    0.00   clock __VIRTUAL_CLK__ (rise edge)
                          0.00    0.00   clock network delay (ideal)
                          2.00    2.00 v input external delay
     1    0.00    0.02    0.01    2.01 v opcode[0] (in)
                                         opcode[0] (net)
                  0.02    0.00    2.01 v input17/A (sky130_fd_sc_hd__buf_1)
     5    0.01    0.17    0.22    2.23 v input17/X (sky130_fd_sc_hd__buf_1)
                                         net17 (net)
                  0.17    0.00    2.23 v _254_/A (sky130_fd_sc_hd__nand2_1)
     3    0.01    0.17    0.21    2.43 ^ _254_/Y (sky130_fd_sc_hd__nand2_1)
                                         _185_ (net)
                  0.17    0.00    2.44 ^ _261_/A2 (sky130_fd_sc_hd__a31o_1)
     1    0.00    0.06    0.30    2.73 ^ _261_/X (sky130_fd_sc_hd__a31o_1)
                                         _192_ (net)
                  0.06    0.00    2.73 ^ _262_/B2 (sky130_fd_sc_hd__a2bb2o_1)
     1    0.01    0.11    0.25    2.98 ^ _262_/X (sky130_fd_sc_hd__a2bb2o_1)
                                         net20 (net)
                  0.11    0.00    2.98 ^ output20/A (sky130_fd_sc_hd__buf_2)
     1    0.03    0.27    0.34    3.32 ^ output20/X (sky130_fd_sc_hd__buf_2)
                                         out[0] (net)
                  0.27    0.00    3.32 ^ out[0] (out)
                                  3.32   data arrival time

                  0.00    0.00    0.00   clock __VIRTUAL_CLK__ (rise edge)
                          0.00    0.00   clock network delay (ideal)
                          0.25    0.25   clock uncertainty
                          0.00    0.25   clock reconvergence pessimism
                         -2.00   -1.75   output external delay
                                 -1.75   data required time
-----------------------------------------------------------------------------
                                 -1.75   data required time
                                 -3.32   data arrival time
-----------------------------------------------------------------------------
                                  5.07   slack (MET)


Startpoint: A[3] (input port clocked by __VIRTUAL_CLK__)
Endpoint: out[3] (output port clocked by __VIRTUAL_CLK__)
Path Group: __VIRTUAL_CLK__
Path Type: min
Corner: Slowest

Fanout     Cap    Slew   Delay    Time   Description
-----------------------------------------------------------------------------
                  0.00    0.00    0.00   clock __VIRTUAL_CLK__ (rise edge)
                          0.00    0.00   clock network delay (ideal)
                          2.00    2.00 v input external delay
     1    0.00    0.02    0.01    2.01 v A[3] (in)
                                         A[3] (net)
                  0.02    0.00    2.01 v input4/A (sky130_fd_sc_hd__clkbuf_2)
     7    0.02    0.16    0.24    2.25 v input4/X (sky130_fd_sc_hd__clkbuf_2)
                                         net4 (net)
                  0.16    0.00    2.25 v _310_/A (sky130_fd_sc_hd__buf_2)
    10    0.03    0.16    0.37    2.62 v _310_/X (sky130_fd_sc_hd__buf_2)
                                         _238_ (net)
                  0.16    0.00    2.62 v _339_/A1_N (sky130_fd_sc_hd__o2bb2a_1)
     1    0.01    0.13    0.53    3.14 ^ _339_/X (sky130_fd_sc_hd__o2bb2a_1)
                                         net23 (net)
                  0.13    0.00    3.14 ^ output23/A (sky130_fd_sc_hd__buf_2)
     1    0.03    0.27    0.35    3.50 ^ output23/X (sky130_fd_sc_hd__buf_2)
                                         out[3] (net)
                  0.27    0.00    3.50 ^ out[3] (out)
                                  3.50   data arrival time

                  0.00    0.00    0.00   clock __VIRTUAL_CLK__ (rise edge)
                          0.00    0.00   clock network delay (ideal)
                          0.25    0.25   clock uncertainty
                          0.00    0.25   clock reconvergence pessimism
                         -2.00   -1.75   output external delay
                                 -1.75   data required time
-----------------------------------------------------------------------------
                                 -1.75   data required time
                                 -3.50   data arrival time
-----------------------------------------------------------------------------
                                  5.25   slack (MET)


Startpoint: A[2] (input port clocked by __VIRTUAL_CLK__)
Endpoint: out[2] (output port clocked by __VIRTUAL_CLK__)
Path Group: __VIRTUAL_CLK__
Path Type: min
Corner: Slowest

Fanout     Cap    Slew   Delay    Time   Description
-----------------------------------------------------------------------------
                  0.00    0.00    0.00   clock __VIRTUAL_CLK__ (rise edge)
                          0.00    0.00   clock network delay (ideal)
                          2.00    2.00 v input external delay
     1    0.00    0.02    0.01    2.01 v A[2] (in)
                                         A[2] (net)
                  0.02    0.00    2.01 v input3/A (sky130_fd_sc_hd__clkbuf_2)
     8    0.03    0.20    0.27    2.28 v input3/X (sky130_fd_sc_hd__clkbuf_2)
                                         net3 (net)
                  0.20    0.00    2.28 v _288_/A (sky130_fd_sc_hd__buf_2)
    10    0.04    0.17    0.39    2.68 v _288_/X (sky130_fd_sc_hd__buf_2)
                                         _217_ (net)
                  0.17    0.00    2.68 v _309_/A1_N (sky130_fd_sc_hd__o2bb2a_1)
     1    0.00    0.09    0.49    3.17 ^ _309_/X (sky130_fd_sc_hd__o2bb2a_1)
                                         net22 (net)
                  0.09    0.00    3.17 ^ output22/A (sky130_fd_sc_hd__buf_2)
     1    0.03    0.27    0.33    3.51 ^ output22/X (sky130_fd_sc_hd__buf_2)
                                         out[2] (net)
                  0.27    0.00    3.51 ^ out[2] (out)
                                  3.51   data arrival time

                  0.00    0.00    0.00   clock __VIRTUAL_CLK__ (rise edge)
                          0.00    0.00   clock network delay (ideal)
                          0.25    0.25   clock uncertainty
                          0.00    0.25   clock reconvergence pessimism
                         -2.00   -1.75   output external delay
                                 -1.75   data required time
-----------------------------------------------------------------------------
                                 -1.75   data required time
                                 -3.51   data arrival time
-----------------------------------------------------------------------------
                                  5.26   slack (MET)


Startpoint: A[1] (input port clocked by __VIRTUAL_CLK__)
Endpoint: out[1] (output port clocked by __VIRTUAL_CLK__)
Path Group: __VIRTUAL_CLK__
Path Type: min
Corner: Slowest

Fanout     Cap    Slew   Delay    Time   Description
-----------------------------------------------------------------------------
                  0.00    0.00    0.00   clock __VIRTUAL_CLK__ (rise edge)
                          0.00    0.00   clock network delay (ideal)
                          2.00    2.00 v input external delay
     1    0.00    0.02    0.01    2.01 v A[1] (in)
                                         A[1] (net)
                  0.02    0.00    2.01 v input2/A (sky130_fd_sc_hd__buf_2)
    10    0.04    0.17    0.31    2.31 v input2/X (sky130_fd_sc_hd__buf_2)
                                         net2 (net)
                  0.17    0.00    2.31 v _263_/A (sky130_fd_sc_hd__buf_2)
    10    0.03    0.16    0.37    2.68 v _263_/X (sky130_fd_sc_hd__buf_2)
                                         _193_ (net)
                  0.16    0.00    2.69 v _287_/A1_N (sky130_fd_sc_hd__o2bb2a_1)
     1    0.01    0.12    0.52    3.20 ^ _287_/X (sky130_fd_sc_hd__o2bb2a_1)
                                         net21 (net)
                  0.12    0.00    3.20 ^ output21/A (sky130_fd_sc_hd__buf_2)
     1    0.03    0.27    0.35    3.55 ^ output21/X (sky130_fd_sc_hd__buf_2)
                                         out[1] (net)
                  0.27    0.00    3.55 ^ out[1] (out)
                                  3.55   data arrival time

                  0.00    0.00    0.00   clock __VIRTUAL_CLK__ (rise edge)
                          0.00    0.00   clock network delay (ideal)
                          0.25    0.25   clock uncertainty
                          0.00    0.25   clock reconvergence pessimism
                         -2.00   -1.75   output external delay
                                 -1.75   data required time
-----------------------------------------------------------------------------
                                 -1.75   data required time
                                 -3.55   data arrival time
-----------------------------------------------------------------------------
                                  5.30   slack (MET)



worst slack corner Slowest: 4.5752
======================= Typical Corner ===================================

Startpoint: A[7] (input port clocked by __VIRTUAL_CLK__)
Endpoint: out[7] (output port clocked by __VIRTUAL_CLK__)
Path Group: __VIRTUAL_CLK__
Path Type: min
Corner: Typical

Fanout     Cap    Slew   Delay    Time   Description
-----------------------------------------------------------------------------
                  0.00    0.00    0.00   clock __VIRTUAL_CLK__ (rise edge)
                          0.00    0.00   clock network delay (ideal)
                          2.00    2.00 v input external delay
     1    0.00    0.01    0.00    2.00 v A[7] (in)
                                         A[7] (net)
                  0.01    0.00    2.00 v input8/A (sky130_fd_sc_hd__clkbuf_2)
     6    0.02    0.09    0.13    2.13 v input8/X (sky130_fd_sc_hd__clkbuf_2)
                                         net8 (net)
                  0.09    0.00    2.13 v _502_/A (sky130_fd_sc_hd__inv_2)
     1    0.00    0.03    0.05    2.19 ^ _502_/Y (sky130_fd_sc_hd__inv_2)
                                         _179_ (net)
                  0.03    0.00    2.19 ^ _503_/B2 (sky130_fd_sc_hd__o32a_1)
     1    0.01    0.07    0.13    2.31 ^ _503_/X (sky130_fd_sc_hd__o32a_1)
                                         net27 (net)
                  0.07    0.00    2.31 ^ output27/A (sky130_fd_sc_hd__buf_6)
     1    0.03    0.08    0.13    2.44 ^ output27/X (sky130_fd_sc_hd__buf_6)
                                         out[7] (net)
                  0.08    0.00    2.44 ^ out[7] (out)
                                  2.44   data arrival time

                  0.00    0.00    0.00   clock __VIRTUAL_CLK__ (rise edge)
                          0.00    0.00   clock network delay (ideal)
                          0.25    0.25   clock uncertainty
                          0.00    0.25   clock reconvergence pessimism
                         -2.00   -1.75   output external delay
                                 -1.75   data required time
-----------------------------------------------------------------------------
                                 -1.75   data required time
                                 -2.44   data arrival time
-----------------------------------------------------------------------------
                                  4.19   slack (MET)


Startpoint: A[6] (input port clocked by __VIRTUAL_CLK__)
Endpoint: out[6] (output port clocked by __VIRTUAL_CLK__)
Path Group: __VIRTUAL_CLK__
Path Type: min
Corner: Typical

Fanout     Cap    Slew   Delay    Time   Description
-----------------------------------------------------------------------------
                  0.00    0.00    0.00   clock __VIRTUAL_CLK__ (rise edge)
                          0.00    0.00   clock network delay (ideal)
                          2.00    2.00 ^ input external delay
     1    0.00    0.02    0.01    2.01 ^ A[6] (in)
                                         A[6] (net)
                  0.02    0.00    2.01 ^ input7/A (sky130_fd_sc_hd__clkbuf_4)
    10    0.04    0.14    0.19    2.20 ^ input7/X (sky130_fd_sc_hd__clkbuf_4)
                                         net7 (net)
                  0.14    0.00    2.20 ^ _453_/A1 (sky130_fd_sc_hd__a22oi_1)
     1    0.00    0.06    0.10    2.30 v _453_/Y (sky130_fd_sc_hd__a22oi_1)
                                         net26 (net)
                  0.06    0.00    2.30 v output26/A (sky130_fd_sc_hd__buf_2)
     1    0.03    0.09    0.18    2.48 v output26/X (sky130_fd_sc_hd__buf_2)
                                         out[6] (net)
                  0.09    0.00    2.48 v out[6] (out)
                                  2.48   data arrival time

                  0.00    0.00    0.00   clock __VIRTUAL_CLK__ (rise edge)
                          0.00    0.00   clock network delay (ideal)
                          0.25    0.25   clock uncertainty
                          0.00    0.25   clock reconvergence pessimism
                         -2.00   -1.75   output external delay
                                 -1.75   data required time
-----------------------------------------------------------------------------
                                 -1.75   data required time
                                 -2.48   data arrival time
-----------------------------------------------------------------------------
                                  4.23   slack (MET)


Startpoint: A[4] (input port clocked by __VIRTUAL_CLK__)
Endpoint: out[4] (output port clocked by __VIRTUAL_CLK__)
Path Group: __VIRTUAL_CLK__
Path Type: min
Corner: Typical

Fanout     Cap    Slew   Delay    Time   Description
-----------------------------------------------------------------------------
                  0.00    0.00    0.00   clock __VIRTUAL_CLK__ (rise edge)
                          0.00    0.00   clock network delay (ideal)
                          2.00    2.00 ^ input external delay
     1    0.01    0.03    0.02    2.02 ^ A[4] (in)
                                         A[4] (net)
                  0.03    0.00    2.02 ^ input5/A (sky130_fd_sc_hd__buf_6)
     4    0.02    0.05    0.09    2.11 ^ input5/X (sky130_fd_sc_hd__buf_6)
                                         net5 (net)
                  0.05    0.00    2.11 ^ _340_/A (sky130_fd_sc_hd__buf_6)
    10    0.04    0.08    0.12    2.24 ^ _340_/X (sky130_fd_sc_hd__buf_6)
                                         _019_ (net)
                  0.08    0.00    2.24 ^ _373_/A1_N (sky130_fd_sc_hd__o2bb2a_1)
     1    0.00    0.05    0.21    2.45 v _373_/X (sky130_fd_sc_hd__o2bb2a_1)
                                         net24 (net)
                  0.05    0.00    2.45 v output24/A (sky130_fd_sc_hd__buf_2)
     1    0.03    0.09    0.17    2.63 v output24/X (sky130_fd_sc_hd__buf_2)
                                         out[4] (net)
                  0.09    0.00    2.63 v out[4] (out)
                                  2.63   data arrival time

                  0.00    0.00    0.00   clock __VIRTUAL_CLK__ (rise edge)
                          0.00    0.00   clock network delay (ideal)
                          0.25    0.25   clock uncertainty
                          0.00    0.25   clock reconvergence pessimism
                         -2.00   -1.75   output external delay
                                 -1.75   data required time
-----------------------------------------------------------------------------
                                 -1.75   data required time
                                 -2.63   data arrival time
-----------------------------------------------------------------------------
                                  4.38   slack (MET)


Startpoint: A[5] (input port clocked by __VIRTUAL_CLK__)
Endpoint: out[5] (output port clocked by __VIRTUAL_CLK__)
Path Group: __VIRTUAL_CLK__
Path Type: min
Corner: Typical

Fanout     Cap    Slew   Delay    Time   Description
-----------------------------------------------------------------------------
                  0.00    0.00    0.00   clock __VIRTUAL_CLK__ (rise edge)
                          0.00    0.00   clock network delay (ideal)
                          2.00    2.00 ^ input external delay
     1    0.00    0.02    0.01    2.01 ^ A[5] (in)
                                         A[5] (net)
                  0.02    0.00    2.01 ^ input6/A (sky130_fd_sc_hd__buf_1)
     3    0.01    0.14    0.13    2.14 ^ input6/X (sky130_fd_sc_hd__buf_1)
                                         net6 (net)
                  0.14    0.00    2.14 ^ _374_/A (sky130_fd_sc_hd__buf_2)
    10    0.04    0.19    0.23    2.38 ^ _374_/X (sky130_fd_sc_hd__buf_2)
                                         _052_ (net)
                  0.19    0.00    2.38 ^ _410_/A1 (sky130_fd_sc_hd__a21oi_1)
     1    0.00    0.04    0.10    2.48 v _410_/Y (sky130_fd_sc_hd__a21oi_1)
                                         net25 (net)
                  0.04    0.00    2.48 v output25/A (sky130_fd_sc_hd__buf_2)
     1    0.03    0.09    0.17    2.65 v output25/X (sky130_fd_sc_hd__buf_2)
                                         out[5] (net)
                  0.09    0.00    2.65 v out[5] (out)
                                  2.65   data arrival time

                  0.00    0.00    0.00   clock __VIRTUAL_CLK__ (rise edge)
                          0.00    0.00   clock network delay (ideal)
                          0.25    0.25   clock uncertainty
                          0.00    0.25   clock reconvergence pessimism
                         -2.00   -1.75   output external delay
                                 -1.75   data required time
-----------------------------------------------------------------------------
                                 -1.75   data required time
                                 -2.65   data arrival time
-----------------------------------------------------------------------------
                                  4.40   slack (MET)


Startpoint: opcode[0] (input port clocked by __VIRTUAL_CLK__)
Endpoint: out[0] (output port clocked by __VIRTUAL_CLK__)
Path Group: __VIRTUAL_CLK__
Path Type: min
Corner: Typical

Fanout     Cap    Slew   Delay    Time   Description
-----------------------------------------------------------------------------
                  0.00    0.00    0.00   clock __VIRTUAL_CLK__ (rise edge)
                          0.00    0.00   clock network delay (ideal)
                          2.00    2.00 v input external delay
     1    0.00    0.01    0.00    2.00 v opcode[0] (in)
                                         opcode[0] (net)
                  0.01    0.00    2.00 v input17/A (sky130_fd_sc_hd__buf_1)
     5    0.01    0.09    0.12    2.12 v input17/X (sky130_fd_sc_hd__buf_1)
                                         net17 (net)
                  0.09    0.00    2.12 v _254_/A (sky130_fd_sc_hd__nand2_1)
     3    0.01    0.11    0.12    2.24 ^ _254_/Y (sky130_fd_sc_hd__nand2_1)
                                         _185_ (net)
                  0.11    0.00    2.24 ^ _261_/A2 (sky130_fd_sc_hd__a31o_1)
     1    0.00    0.04    0.14    2.37 ^ _261_/X (sky130_fd_sc_hd__a31o_1)
                                         _192_ (net)
                  0.04    0.00    2.37 ^ _262_/B2 (sky130_fd_sc_hd__a2bb2o_1)
     1    0.01    0.07    0.13    2.50 ^ _262_/X (sky130_fd_sc_hd__a2bb2o_1)
                                         net20 (net)
                  0.07    0.00    2.50 ^ output20/A (sky130_fd_sc_hd__buf_2)
     1    0.03    0.17    0.20    2.70 ^ output20/X (sky130_fd_sc_hd__buf_2)
                                         out[0] (net)
                  0.17    0.00    2.70 ^ out[0] (out)
                                  2.70   data arrival time

                  0.00    0.00    0.00   clock __VIRTUAL_CLK__ (rise edge)
                          0.00    0.00   clock network delay (ideal)
                          0.25    0.25   clock uncertainty
                          0.00    0.25   clock reconvergence pessimism
                         -2.00   -1.75   output external delay
                                 -1.75   data required time
-----------------------------------------------------------------------------
                                 -1.75   data required time
                                 -2.70   data arrival time
-----------------------------------------------------------------------------
                                  4.45   slack (MET)


Startpoint: A[3] (input port clocked by __VIRTUAL_CLK__)
Endpoint: out[3] (output port clocked by __VIRTUAL_CLK__)
Path Group: __VIRTUAL_CLK__
Path Type: min
Corner: Typical

Fanout     Cap    Slew   Delay    Time   Description
-----------------------------------------------------------------------------
                  0.00    0.00    0.00   clock __VIRTUAL_CLK__ (rise edge)
                          0.00    0.00   clock network delay (ideal)
                          2.00    2.00 v input external delay
     1    0.00    0.01    0.01    2.01 v A[3] (in)
                                         A[3] (net)
                  0.01    0.00    2.01 v input4/A (sky130_fd_sc_hd__clkbuf_2)
     7    0.02    0.09    0.13    2.14 v input4/X (sky130_fd_sc_hd__clkbuf_2)
                                         net4 (net)
                  0.09    0.00    2.14 v _310_/A (sky130_fd_sc_hd__buf_2)
    10    0.03    0.09    0.19    2.33 v _310_/X (sky130_fd_sc_hd__buf_2)
                                         _238_ (net)
                  0.09    0.00    2.33 v _339_/A1_N (sky130_fd_sc_hd__o2bb2a_1)
     1    0.01    0.08    0.27    2.60 ^ _339_/X (sky130_fd_sc_hd__o2bb2a_1)
                                         net23 (net)
                  0.08    0.00    2.60 ^ output23/A (sky130_fd_sc_hd__buf_2)
     1    0.03    0.17    0.20    2.80 ^ output23/X (sky130_fd_sc_hd__buf_2)
                                         out[3] (net)
                  0.17    0.00    2.80 ^ out[3] (out)
                                  2.80   data arrival time

                  0.00    0.00    0.00   clock __VIRTUAL_CLK__ (rise edge)
                          0.00    0.00   clock network delay (ideal)
                          0.25    0.25   clock uncertainty
                          0.00    0.25   clock reconvergence pessimism
                         -2.00   -1.75   output external delay
                                 -1.75   data required time
-----------------------------------------------------------------------------
                                 -1.75   data required time
                                 -2.80   data arrival time
-----------------------------------------------------------------------------
                                  4.55   slack (MET)


Startpoint: A[2] (input port clocked by __VIRTUAL_CLK__)
Endpoint: out[2] (output port clocked by __VIRTUAL_CLK__)
Path Group: __VIRTUAL_CLK__
Path Type: min
Corner: Typical

Fanout     Cap    Slew   Delay    Time   Description
-----------------------------------------------------------------------------
                  0.00    0.00    0.00   clock __VIRTUAL_CLK__ (rise edge)
                          0.00    0.00   clock network delay (ideal)
                          2.00    2.00 v input external delay
     1    0.00    0.01    0.01    2.01 v A[2] (in)
                                         A[2] (net)
                  0.01    0.00    2.01 v input3/A (sky130_fd_sc_hd__clkbuf_2)
     8    0.03    0.11    0.15    2.15 v input3/X (sky130_fd_sc_hd__clkbuf_2)
                                         net3 (net)
                  0.11    0.00    2.16 v _288_/A (sky130_fd_sc_hd__buf_2)
    10    0.04    0.09    0.20    2.36 v _288_/X (sky130_fd_sc_hd__buf_2)
                                         _217_ (net)
                  0.09    0.00    2.36 v _309_/A1_N (sky130_fd_sc_hd__o2bb2a_1)
     1    0.00    0.05    0.25    2.61 ^ _309_/X (sky130_fd_sc_hd__o2bb2a_1)
                                         net22 (net)
                  0.05    0.00    2.61 ^ output22/A (sky130_fd_sc_hd__buf_2)
     1    0.03    0.17    0.19    2.80 ^ output22/X (sky130_fd_sc_hd__buf_2)
                                         out[2] (net)
                  0.17    0.00    2.80 ^ out[2] (out)
                                  2.80   data arrival time

                  0.00    0.00    0.00   clock __VIRTUAL_CLK__ (rise edge)
                          0.00    0.00   clock network delay (ideal)
                          0.25    0.25   clock uncertainty
                          0.00    0.25   clock reconvergence pessimism
                         -2.00   -1.75   output external delay
                                 -1.75   data required time
-----------------------------------------------------------------------------
                                 -1.75   data required time
                                 -2.80   data arrival time
-----------------------------------------------------------------------------
                                  4.55   slack (MET)


Startpoint: A[1] (input port clocked by __VIRTUAL_CLK__)
Endpoint: out[1] (output port clocked by __VIRTUAL_CLK__)
Path Group: __VIRTUAL_CLK__
Path Type: min
Corner: Typical

Fanout     Cap    Slew   Delay    Time   Description
-----------------------------------------------------------------------------
                  0.00    0.00    0.00   clock __VIRTUAL_CLK__ (rise edge)
                          0.00    0.00   clock network delay (ideal)
                          2.00    2.00 v input external delay
     1    0.00    0.01    0.00    2.00 v A[1] (in)
                                         A[1] (net)
                  0.01    0.00    2.00 v input2/A (sky130_fd_sc_hd__buf_2)
    10    0.04    0.09    0.16    2.16 v input2/X (sky130_fd_sc_hd__buf_2)
                                         net2 (net)
                  0.09    0.00    2.16 v _263_/A (sky130_fd_sc_hd__buf_2)
    10    0.03    0.09    0.19    2.35 v _263_/X (sky130_fd_sc_hd__buf_2)
                                         _193_ (net)
                  0.09    0.00    2.35 v _287_/A1_N (sky130_fd_sc_hd__o2bb2a_1)
     1    0.01    0.08    0.26    2.61 ^ _287_/X (sky130_fd_sc_hd__o2bb2a_1)
                                         net21 (net)
                  0.08    0.00    2.61 ^ output21/A (sky130_fd_sc_hd__buf_2)
     1    0.03    0.17    0.20    2.81 ^ output21/X (sky130_fd_sc_hd__buf_2)
                                         out[1] (net)
                  0.17    0.00    2.81 ^ out[1] (out)
                                  2.81   data arrival time

                  0.00    0.00    0.00   clock __VIRTUAL_CLK__ (rise edge)
                          0.00    0.00   clock network delay (ideal)
                          0.25    0.25   clock uncertainty
                          0.00    0.25   clock reconvergence pessimism
                         -2.00   -1.75   output external delay
                                 -1.75   data required time
-----------------------------------------------------------------------------
                                 -1.75   data required time
                                 -2.81   data arrival time
-----------------------------------------------------------------------------
                                  4.56   slack (MET)



worst slack corner Typical: 4.1919
