
===========================================================================
 report_power
============================================================================
======================= Fastest Corner ===================================

Group                  Internal  Switching    Leakage      Total
                          Power      Power      Power      Power (Watts)
----------------------------------------------------------------
Sequential             0.00e+00   0.00e+00   0.00e+00   0.00e+00   0.0%
Combinational          6.87e-05   9.96e-05   1.81e-09   1.68e-04 100.0%
Clock                  0.00e+00   0.00e+00   1.16e-09   1.16e-09   0.0%
Macro                  0.00e+00   0.00e+00   0.00e+00   0.00e+00   0.0%
Pad                    0.00e+00   0.00e+00   0.00e+00   0.00e+00   0.0%
----------------------------------------------------------------
Total                  6.87e-05   9.96e-05   2.97e-09   1.68e-04 100.0%
                          40.8%      59.2%       0.0%

======================= Slowest Corner ===================================

Group                  Internal  Switching    Leakage      Total
                          Power      Power      Power      Power (Watts)
----------------------------------------------------------------
Sequential             0.00e+00   0.00e+00   0.00e+00   0.00e+00   0.0%
Combinational          5.18e-05   6.61e-05   1.27e-06   1.19e-04 100.0%
Clock                  0.00e+00   0.00e+00   1.16e-09   1.16e-09   0.0%
Macro                  0.00e+00   0.00e+00   0.00e+00   0.00e+00   0.0%
Pad                    0.00e+00   0.00e+00   0.00e+00   0.00e+00   0.0%
----------------------------------------------------------------
Total                  5.18e-05   6.61e-05   1.27e-06   1.19e-04 100.0%
                          43.5%      55.5%       1.1%

======================= Typical Corner ===================================

Group                  Internal  Switching    Leakage      Total
                          Power      Power      Power      Power (Watts)
----------------------------------------------------------------
Sequential             0.00e+00   0.00e+00   0.00e+00   0.00e+00   0.0%
Combinational          6.30e-05   8.42e-05   1.03e-09   1.47e-04 100.0%
Clock                  0.00e+00   0.00e+00   1.16e-09   1.16e-09   0.0%
Macro                  0.00e+00   0.00e+00   0.00e+00   0.00e+00   0.0%
Pad                    0.00e+00   0.00e+00   0.00e+00   0.00e+00   0.0%
----------------------------------------------------------------
Total                  6.30e-05   8.42e-05   2.19e-09   1.47e-04 100.0%
                          42.8%      57.2%       0.0%

