
===========================================================================
report_checks -path_delay max (Setup)
============================================================================
======================= Fastest Corner ===================================

Startpoint: B[1] (input port clocked by __VIRTUAL_CLK__)
Endpoint: out[7] (output port clocked by __VIRTUAL_CLK__)
Path Group: __VIRTUAL_CLK__
Path Type: max
Corner: Fastest

Fanout     Cap    Slew   Delay    Time   Description
-----------------------------------------------------------------------------
                  0.00    0.00    0.00   clock __VIRTUAL_CLK__ (rise edge)
                          0.00    0.00   clock network delay (ideal)
                          2.00    2.00 v input external delay
     1    0.01    0.01    0.01    2.01 v B[1] (in)
                                         B[1] (net)
                  0.01    0.00    2.01 v input10/A (sky130_fd_sc_hd__buf_6)
     4    0.02    0.02    0.07    2.08 v input10/X (sky130_fd_sc_hd__buf_6)
                                         net10 (net)
                  0.02    0.00    2.08 v _266_/A (sky130_fd_sc_hd__buf_6)
     7    0.03    0.03    0.09    2.17 v _266_/X (sky130_fd_sc_hd__buf_6)
                                         _196_ (net)
                  0.03    0.00    2.17 v rebuffer1/A (sky130_fd_sc_hd__clkbuf_2)
     4    0.02    0.05    0.10    2.27 v rebuffer1/X (sky130_fd_sc_hd__clkbuf_2)
                                         net28 (net)
                  0.05    0.00    2.27 v _267_/A (sky130_fd_sc_hd__buf_4)
    10    0.03    0.04    0.12    2.39 v _267_/X (sky130_fd_sc_hd__buf_4)
                                         _197_ (net)
                  0.04    0.00    2.39 v _277_/B (sky130_fd_sc_hd__and3_1)
     2    0.00    0.03    0.12    2.51 v _277_/X (sky130_fd_sc_hd__and3_1)
                                         _207_ (net)
                  0.03    0.00    2.51 v _279_/C (sky130_fd_sc_hd__or3_1)
     2    0.00    0.05    0.19    2.70 v _279_/X (sky130_fd_sc_hd__or3_1)
                                         _209_ (net)
                  0.05    0.00    2.70 v _301_/A2 (sky130_fd_sc_hd__a21o_1)
     3    0.01    0.04    0.14    2.84 v _301_/X (sky130_fd_sc_hd__a21o_1)
                                         _230_ (net)
                  0.04    0.00    2.84 v _312_/A2 (sky130_fd_sc_hd__a21o_1)
     3    0.01    0.04    0.14    2.98 v _312_/X (sky130_fd_sc_hd__a21o_1)
                                         _240_ (net)
                  0.04    0.00    2.98 v _366_/A1 (sky130_fd_sc_hd__a21bo_1)
     3    0.01    0.04    0.13    3.11 v _366_/X (sky130_fd_sc_hd__a21bo_1)
                                         _045_ (net)
                  0.04    0.00    3.11 v _375_/A2 (sky130_fd_sc_hd__a21o_1)
     2    0.01    0.04    0.14    3.25 v _375_/X (sky130_fd_sc_hd__a21o_1)
                                         _053_ (net)
                  0.04    0.00    3.25 v _442_/A1 (sky130_fd_sc_hd__a21o_1)
     4    0.01    0.05    0.14    3.39 v _442_/X (sky130_fd_sc_hd__a21o_1)
                                         _119_ (net)
                  0.05    0.00    3.39 v _463_/A1 (sky130_fd_sc_hd__a211o_1)
     1    0.00    0.03    0.17    3.55 v _463_/X (sky130_fd_sc_hd__a211o_1)
                                         _139_ (net)
                  0.03    0.00    3.55 v _464_/B1 (sky130_fd_sc_hd__o311a_1)
     1    0.01    0.05    0.09    3.64 v _464_/X (sky130_fd_sc_hd__o311a_1)
                                         _140_ (net)
                  0.05    0.00    3.64 v _503_/A1 (sky130_fd_sc_hd__o32a_1)
     1    0.01    0.05    0.22    3.86 v _503_/X (sky130_fd_sc_hd__o32a_1)
                                         net27 (net)
                  0.05    0.00    3.86 v output27/A (sky130_fd_sc_hd__buf_6)
     1    0.03    0.03    0.10    3.96 v output27/X (sky130_fd_sc_hd__buf_6)
                                         out[7] (net)
                  0.03    0.00    3.96 v out[7] (out)
                                  3.96   data arrival time

                  0.00   10.00   10.00   clock __VIRTUAL_CLK__ (rise edge)
                          0.00   10.00   clock network delay (ideal)
                         -0.25    9.75   clock uncertainty
                          0.00    9.75   clock reconvergence pessimism
                         -2.00    7.75   output external delay
                                  7.75   data required time
-----------------------------------------------------------------------------
                                  7.75   data required time
                                 -3.96   data arrival time
-----------------------------------------------------------------------------
                                  3.79   slack (MET)


Startpoint: B[4] (input port clocked by __VIRTUAL_CLK__)
Endpoint: out[6] (output port clocked by __VIRTUAL_CLK__)
Path Group: __VIRTUAL_CLK__
Path Type: max
Corner: Fastest

Fanout     Cap    Slew   Delay    Time   Description
-----------------------------------------------------------------------------
                  0.00    0.00    0.00   clock __VIRTUAL_CLK__ (rise edge)
                          0.00    0.00   clock network delay (ideal)
                          2.00    2.00 ^ input external delay
     1    0.00    0.02    0.01    2.01 ^ B[4] (in)
                                         B[4] (net)
                  0.02    0.00    2.01 ^ input13/A (sky130_fd_sc_hd__buf_1)
     5    0.02    0.15    0.13    2.14 ^ input13/X (sky130_fd_sc_hd__buf_1)
                                         net13 (net)
                  0.15    0.00    2.14 ^ _342_/A (sky130_fd_sc_hd__buf_2)
    10    0.04    0.13    0.17    2.32 ^ _342_/X (sky130_fd_sc_hd__buf_2)
                                         _021_ (net)
                  0.13    0.00    2.32 ^ _426_/B1 (sky130_fd_sc_hd__a22o_1)
     2    0.01    0.05    0.10    2.42 ^ _426_/X (sky130_fd_sc_hd__a22o_1)
                                         _103_ (net)
                  0.05    0.00    2.42 ^ _427_/B1_N (sky130_fd_sc_hd__a21bo_1)
     1    0.01    0.04    0.12    2.54 v _427_/X (sky130_fd_sc_hd__a21bo_1)
                                         _104_ (net)
                  0.04    0.00    2.54 v _428_/B (sky130_fd_sc_hd__xor2_2)
     2    0.01    0.16    0.15    2.69 ^ _428_/X (sky130_fd_sc_hd__xor2_2)
                                         _105_ (net)
                  0.16    0.00    2.69 ^ _430_/A (sky130_fd_sc_hd__nand3_1)
     3    0.01    0.07    0.08    2.77 v _430_/Y (sky130_fd_sc_hd__nand3_1)
                                         _107_ (net)
                  0.07    0.00    2.77 v _433_/A2 (sky130_fd_sc_hd__a21o_1)
     3    0.01    0.04    0.15    2.92 v _433_/X (sky130_fd_sc_hd__a21o_1)
                                         _110_ (net)
                  0.04    0.00    2.92 v _434_/C (sky130_fd_sc_hd__and3_1)
     3    0.01    0.05    0.15    3.07 v _434_/X (sky130_fd_sc_hd__and3_1)
                                         _111_ (net)
                  0.05    0.00    3.07 v _437_/A1 (sky130_fd_sc_hd__o211a_1)
     2    0.01    0.06    0.18    3.25 v _437_/X (sky130_fd_sc_hd__o211a_1)
                                         _114_ (net)
                  0.06    0.00    3.25 v _439_/B (sky130_fd_sc_hd__or2_1)
     1    0.00    0.04    0.14    3.39 v _439_/X (sky130_fd_sc_hd__or2_1)
                                         _116_ (net)
                  0.04    0.00    3.39 v _440_/A2 (sky130_fd_sc_hd__a21bo_1)
     1    0.00    0.02    0.12    3.51 v _440_/X (sky130_fd_sc_hd__a21bo_1)
                                         _117_ (net)
                  0.02    0.00    3.51 v _441_/B (sky130_fd_sc_hd__or2_1)
     1    0.01    0.04    0.13    3.64 v _441_/X (sky130_fd_sc_hd__or2_1)
                                         _118_ (net)
                  0.04    0.00    3.64 v _453_/B1 (sky130_fd_sc_hd__a22oi_1)
     1    0.00    0.10    0.09    3.73 ^ _453_/Y (sky130_fd_sc_hd__a22oi_1)
                                         net26 (net)
                  0.10    0.00    3.73 ^ output26/A (sky130_fd_sc_hd__buf_2)
     1    0.03    0.13    0.16    3.89 ^ output26/X (sky130_fd_sc_hd__buf_2)
                                         out[6] (net)
                  0.13    0.00    3.89 ^ out[6] (out)
                                  3.89   data arrival time

                  0.00   10.00   10.00   clock __VIRTUAL_CLK__ (rise edge)
                          0.00   10.00   clock network delay (ideal)
                         -0.25    9.75   clock uncertainty
                          0.00    9.75   clock reconvergence pessimism
                         -2.00    7.75   output external delay
                                  7.75   data required time
-----------------------------------------------------------------------------
                                  7.75   data required time
                                 -3.89   data arrival time
-----------------------------------------------------------------------------
                                  3.86   slack (MET)


Startpoint: B[1] (input port clocked by __VIRTUAL_CLK__)
Endpoint: out[4] (output port clocked by __VIRTUAL_CLK__)
Path Group: __VIRTUAL_CLK__
Path Type: max
Corner: Fastest

Fanout     Cap    Slew   Delay    Time   Description
-----------------------------------------------------------------------------
                  0.00    0.00    0.00   clock __VIRTUAL_CLK__ (rise edge)
                          0.00    0.00   clock network delay (ideal)
                          2.00    2.00 v input external delay
     1    0.01    0.01    0.01    2.01 v B[1] (in)
                                         B[1] (net)
                  0.01    0.00    2.01 v input10/A (sky130_fd_sc_hd__buf_6)
     4    0.02    0.02    0.07    2.08 v input10/X (sky130_fd_sc_hd__buf_6)
                                         net10 (net)
                  0.02    0.00    2.08 v _266_/A (sky130_fd_sc_hd__buf_6)
     7    0.03    0.03    0.09    2.17 v _266_/X (sky130_fd_sc_hd__buf_6)
                                         _196_ (net)
                  0.03    0.00    2.17 v rebuffer1/A (sky130_fd_sc_hd__clkbuf_2)
     4    0.02    0.05    0.10    2.27 v rebuffer1/X (sky130_fd_sc_hd__clkbuf_2)
                                         net28 (net)
                  0.05    0.00    2.27 v _267_/A (sky130_fd_sc_hd__buf_4)
    10    0.03    0.04    0.12    2.39 v _267_/X (sky130_fd_sc_hd__buf_4)
                                         _197_ (net)
                  0.04    0.00    2.39 v _277_/B (sky130_fd_sc_hd__and3_1)
     2    0.00    0.03    0.12    2.51 v _277_/X (sky130_fd_sc_hd__and3_1)
                                         _207_ (net)
                  0.03    0.00    2.51 v _279_/C (sky130_fd_sc_hd__or3_1)
     2    0.00    0.05    0.19    2.70 v _279_/X (sky130_fd_sc_hd__or3_1)
                                         _209_ (net)
                  0.05    0.00    2.70 v _301_/A2 (sky130_fd_sc_hd__a21o_1)
     3    0.01    0.04    0.14    2.84 v _301_/X (sky130_fd_sc_hd__a21o_1)
                                         _230_ (net)
                  0.04    0.00    2.84 v _312_/A2 (sky130_fd_sc_hd__a21o_1)
     3    0.01    0.04    0.14    2.98 v _312_/X (sky130_fd_sc_hd__a21o_1)
                                         _240_ (net)
                  0.04    0.00    2.98 v _366_/A1 (sky130_fd_sc_hd__a21bo_1)
     3    0.01    0.04    0.13    3.11 v _366_/X (sky130_fd_sc_hd__a21bo_1)
                                         _045_ (net)
                  0.04    0.00    3.11 v _368_/B (sky130_fd_sc_hd__or2_1)
     1    0.00    0.03    0.13    3.24 v _368_/X (sky130_fd_sc_hd__or2_1)
                                         _047_ (net)
                  0.03    0.00    3.24 v _372_/A3 (sky130_fd_sc_hd__a31o_1)
     1    0.00    0.03    0.14    3.38 v _372_/X (sky130_fd_sc_hd__a31o_1)
                                         _051_ (net)
                  0.03    0.00    3.38 v _373_/B2 (sky130_fd_sc_hd__o2bb2a_1)
     1    0.00    0.04    0.18    3.56 v _373_/X (sky130_fd_sc_hd__o2bb2a_1)
                                         net24 (net)
                  0.04    0.00    3.56 v output24/A (sky130_fd_sc_hd__buf_2)
     1    0.03    0.06    0.13    3.68 v output24/X (sky130_fd_sc_hd__buf_2)
                                         out[4] (net)
                  0.06    0.00    3.69 v out[4] (out)
                                  3.69   data arrival time

                  0.00   10.00   10.00   clock __VIRTUAL_CLK__ (rise edge)
                          0.00   10.00   clock network delay (ideal)
                         -0.25    9.75   clock uncertainty
                          0.00    9.75   clock reconvergence pessimism
                         -2.00    7.75   output external delay
                                  7.75   data required time
-----------------------------------------------------------------------------
                                  7.75   data required time
                                 -3.69   data arrival time
-----------------------------------------------------------------------------
                                  4.06   slack (MET)


Startpoint: B[1] (input port clocked by __VIRTUAL_CLK__)
Endpoint: out[5] (output port clocked by __VIRTUAL_CLK__)
Path Group: __VIRTUAL_CLK__
Path Type: max
Corner: Fastest

Fanout     Cap    Slew   Delay    Time   Description
-----------------------------------------------------------------------------
                  0.00    0.00    0.00   clock __VIRTUAL_CLK__ (rise edge)
                          0.00    0.00   clock network delay (ideal)
                          2.00    2.00 v input external delay
     1    0.01    0.01    0.01    2.01 v B[1] (in)
                                         B[1] (net)
                  0.01    0.00    2.01 v input10/A (sky130_fd_sc_hd__buf_6)
     4    0.02    0.02    0.07    2.08 v input10/X (sky130_fd_sc_hd__buf_6)
                                         net10 (net)
                  0.02    0.00    2.08 v _266_/A (sky130_fd_sc_hd__buf_6)
     7    0.03    0.03    0.09    2.17 v _266_/X (sky130_fd_sc_hd__buf_6)
                                         _196_ (net)
                  0.03    0.00    2.17 v rebuffer1/A (sky130_fd_sc_hd__clkbuf_2)
     4    0.02    0.05    0.10    2.27 v rebuffer1/X (sky130_fd_sc_hd__clkbuf_2)
                                         net28 (net)
                  0.05    0.00    2.27 v _292_/A2 (sky130_fd_sc_hd__a22o_1)
     2    0.01    0.03    0.14    2.41 v _292_/X (sky130_fd_sc_hd__a22o_1)
                                         _221_ (net)
                  0.03    0.00    2.41 v _328_/A3 (sky130_fd_sc_hd__a31o_1)
     2    0.01    0.03    0.15    2.56 v _328_/X (sky130_fd_sc_hd__a31o_1)
                                         _008_ (net)
                  0.03    0.00    2.56 v _329_/C (sky130_fd_sc_hd__and3_1)
     2    0.00    0.03    0.13    2.68 v _329_/X (sky130_fd_sc_hd__and3_1)
                                         _009_ (net)
                  0.03    0.00    2.68 v _331_/A_N (sky130_fd_sc_hd__and2b_1)
     1    0.01    0.05    0.14    2.82 ^ _331_/X (sky130_fd_sc_hd__and2b_1)
                                         _011_ (net)
                  0.05    0.00    2.82 ^ _332_/B (sky130_fd_sc_hd__xnor2_1)
     2    0.01    0.12    0.09    2.91 ^ _332_/Y (sky130_fd_sc_hd__xnor2_1)
                                         _012_ (net)
                  0.12    0.00    2.91 ^ _333_/B (sky130_fd_sc_hd__nand2_1)
     3    0.01    0.05    0.06    2.97 v _333_/Y (sky130_fd_sc_hd__nand2_1)
                                         _013_ (net)
                  0.05    0.00    2.97 v _359_/A_N (sky130_fd_sc_hd__nand3b_2)
     4    0.02    0.09    0.18    3.16 v _359_/Y (sky130_fd_sc_hd__nand3b_2)
                                         _038_ (net)
                  0.09    0.00    3.16 v _403_/A2 (sky130_fd_sc_hd__a21o_1)
     2    0.01    0.03    0.15    3.31 v _403_/X (sky130_fd_sc_hd__a21o_1)
                                         _081_ (net)
                  0.03    0.00    3.31 v _408_/A2 (sky130_fd_sc_hd__a31o_1)
     1    0.01    0.04    0.15    3.45 v _408_/X (sky130_fd_sc_hd__a31o_1)
                                         _086_ (net)
                  0.04    0.00    3.45 v _409_/B1 (sky130_fd_sc_hd__a21oi_1)
     1    0.00    0.08    0.06    3.51 ^ _409_/Y (sky130_fd_sc_hd__a21oi_1)
                                         _087_ (net)
                  0.08    0.00    3.51 ^ _410_/B1 (sky130_fd_sc_hd__a21oi_1)
     1    0.00    0.05    0.04    3.55 v _410_/Y (sky130_fd_sc_hd__a21oi_1)
                                         net25 (net)
                  0.05    0.00    3.55 v output25/A (sky130_fd_sc_hd__buf_2)
     1    0.03    0.06    0.13    3.68 v output25/X (sky130_fd_sc_hd__buf_2)
                                         out[5] (net)
                  0.06    0.00    3.68 v out[5] (out)
                                  3.68   data arrival time

                  0.00   10.00   10.00   clock __VIRTUAL_CLK__ (rise edge)
                          0.00   10.00   clock network delay (ideal)
                         -0.25    9.75   clock uncertainty
                          0.00    9.75   clock reconvergence pessimism
                         -2.00    7.75   output external delay
                                  7.75   data required time
-----------------------------------------------------------------------------
                                  7.75   data required time
                                 -3.68   data arrival time
-----------------------------------------------------------------------------
                                  4.07   slack (MET)


Startpoint: B[1] (input port clocked by __VIRTUAL_CLK__)
Endpoint: out[3] (output port clocked by __VIRTUAL_CLK__)
Path Group: __VIRTUAL_CLK__
Path Type: max
Corner: Fastest

Fanout     Cap    Slew   Delay    Time   Description
-----------------------------------------------------------------------------
                  0.00    0.00    0.00   clock __VIRTUAL_CLK__ (rise edge)
                          0.00    0.00   clock network delay (ideal)
                          2.00    2.00 v input external delay
     1    0.01    0.01    0.01    2.01 v B[1] (in)
                                         B[1] (net)
                  0.01    0.00    2.01 v input10/A (sky130_fd_sc_hd__buf_6)
     4    0.02    0.02    0.07    2.08 v input10/X (sky130_fd_sc_hd__buf_6)
                                         net10 (net)
                  0.02    0.00    2.08 v _266_/A (sky130_fd_sc_hd__buf_6)
     7    0.03    0.03    0.09    2.17 v _266_/X (sky130_fd_sc_hd__buf_6)
                                         _196_ (net)
                  0.03    0.00    2.17 v rebuffer1/A (sky130_fd_sc_hd__clkbuf_2)
     4    0.02    0.05    0.10    2.27 v rebuffer1/X (sky130_fd_sc_hd__clkbuf_2)
                                         net28 (net)
                  0.05    0.00    2.27 v _267_/A (sky130_fd_sc_hd__buf_4)
    10    0.03    0.04    0.12    2.39 v _267_/X (sky130_fd_sc_hd__buf_4)
                                         _197_ (net)
                  0.04    0.00    2.39 v _277_/B (sky130_fd_sc_hd__and3_1)
     2    0.00    0.03    0.12    2.51 v _277_/X (sky130_fd_sc_hd__and3_1)
                                         _207_ (net)
                  0.03    0.00    2.51 v _279_/C (sky130_fd_sc_hd__or3_1)
     2    0.00    0.05    0.19    2.70 v _279_/X (sky130_fd_sc_hd__or3_1)
                                         _209_ (net)
                  0.05    0.00    2.70 v _301_/A2 (sky130_fd_sc_hd__a21o_1)
     3    0.01    0.04    0.14    2.84 v _301_/X (sky130_fd_sc_hd__a21o_1)
                                         _230_ (net)
                  0.04    0.00    2.84 v _312_/A2 (sky130_fd_sc_hd__a21o_1)
     3    0.01    0.04    0.14    2.98 v _312_/X (sky130_fd_sc_hd__a21o_1)
                                         _240_ (net)
                  0.04    0.00    2.98 v _319_/B1 (sky130_fd_sc_hd__a21o_1)
     1    0.00    0.02    0.07    3.06 v _319_/X (sky130_fd_sc_hd__a21o_1)
                                         _247_ (net)
                  0.02    0.00    3.06 v _320_/B (sky130_fd_sc_hd__and3b_1)
     1    0.00    0.03    0.10    3.16 v _320_/X (sky130_fd_sc_hd__and3b_1)
                                         _000_ (net)
                  0.03    0.00    3.16 v _339_/B1 (sky130_fd_sc_hd__o2bb2a_1)
     1    0.01    0.05    0.20    3.36 v _339_/X (sky130_fd_sc_hd__o2bb2a_1)
                                         net23 (net)
                  0.05    0.00    3.36 v output23/A (sky130_fd_sc_hd__buf_2)
     1    0.03    0.06    0.13    3.49 v output23/X (sky130_fd_sc_hd__buf_2)
                                         out[3] (net)
                  0.06    0.00    3.49 v out[3] (out)
                                  3.49   data arrival time

                  0.00   10.00   10.00   clock __VIRTUAL_CLK__ (rise edge)
                          0.00   10.00   clock network delay (ideal)
                         -0.25    9.75   clock uncertainty
                          0.00    9.75   clock reconvergence pessimism
                         -2.00    7.75   output external delay
                                  7.75   data required time
-----------------------------------------------------------------------------
                                  7.75   data required time
                                 -3.49   data arrival time
-----------------------------------------------------------------------------
                                  4.26   slack (MET)


Startpoint: B[1] (input port clocked by __VIRTUAL_CLK__)
Endpoint: out[2] (output port clocked by __VIRTUAL_CLK__)
Path Group: __VIRTUAL_CLK__
Path Type: max
Corner: Fastest

Fanout     Cap    Slew   Delay    Time   Description
-----------------------------------------------------------------------------
                  0.00    0.00    0.00   clock __VIRTUAL_CLK__ (rise edge)
                          0.00    0.00   clock network delay (ideal)
                          2.00    2.00 v input external delay
     1    0.01    0.01    0.01    2.01 v B[1] (in)
                                         B[1] (net)
                  0.01    0.00    2.01 v input10/A (sky130_fd_sc_hd__buf_6)
     4    0.02    0.02    0.07    2.08 v input10/X (sky130_fd_sc_hd__buf_6)
                                         net10 (net)
                  0.02    0.00    2.08 v _266_/A (sky130_fd_sc_hd__buf_6)
     7    0.03    0.03    0.09    2.17 v _266_/X (sky130_fd_sc_hd__buf_6)
                                         _196_ (net)
                  0.03    0.00    2.17 v rebuffer1/A (sky130_fd_sc_hd__clkbuf_2)
     4    0.02    0.05    0.10    2.27 v rebuffer1/X (sky130_fd_sc_hd__clkbuf_2)
                                         net28 (net)
                  0.05    0.00    2.27 v _267_/A (sky130_fd_sc_hd__buf_4)
    10    0.03    0.04    0.12    2.39 v _267_/X (sky130_fd_sc_hd__buf_4)
                                         _197_ (net)
                  0.04    0.00    2.39 v _277_/B (sky130_fd_sc_hd__and3_1)
     2    0.00    0.03    0.12    2.51 v _277_/X (sky130_fd_sc_hd__and3_1)
                                         _207_ (net)
                  0.03    0.00    2.51 v _279_/C (sky130_fd_sc_hd__or3_1)
     2    0.00    0.05    0.19    2.70 v _279_/X (sky130_fd_sc_hd__or3_1)
                                         _209_ (net)
                  0.05    0.00    2.70 v _301_/A2 (sky130_fd_sc_hd__a21o_1)
     3    0.01    0.04    0.14    2.84 v _301_/X (sky130_fd_sc_hd__a21o_1)
                                         _230_ (net)
                  0.04    0.00    2.84 v _303_/A2 (sky130_fd_sc_hd__o21a_1)
     1    0.00    0.02    0.11    2.95 v _303_/X (sky130_fd_sc_hd__o21a_1)
                                         _232_ (net)
                  0.02    0.00    2.95 v _308_/A2 (sky130_fd_sc_hd__a211o_1)
     1    0.00    0.03    0.18    3.13 v _308_/X (sky130_fd_sc_hd__a211o_1)
                                         _237_ (net)
                  0.03    0.00    3.13 v _309_/B2 (sky130_fd_sc_hd__o2bb2a_1)
     1    0.00    0.04    0.17    3.31 v _309_/X (sky130_fd_sc_hd__o2bb2a_1)
                                         net22 (net)
                  0.04    0.00    3.31 v output22/A (sky130_fd_sc_hd__buf_2)
     1    0.03    0.06    0.13    3.43 v output22/X (sky130_fd_sc_hd__buf_2)
                                         out[2] (net)
                  0.06    0.00    3.43 v out[2] (out)
                                  3.43   data arrival time

                  0.00   10.00   10.00   clock __VIRTUAL_CLK__ (rise edge)
                          0.00   10.00   clock network delay (ideal)
                         -0.25    9.75   clock uncertainty
                          0.00    9.75   clock reconvergence pessimism
                         -2.00    7.75   output external delay
                                  7.75   data required time
-----------------------------------------------------------------------------
                                  7.75   data required time
                                 -3.43   data arrival time
-----------------------------------------------------------------------------
                                  4.32   slack (MET)


Startpoint: B[1] (input port clocked by __VIRTUAL_CLK__)
Endpoint: out[1] (output port clocked by __VIRTUAL_CLK__)
Path Group: __VIRTUAL_CLK__
Path Type: max
Corner: Fastest

Fanout     Cap    Slew   Delay    Time   Description
-----------------------------------------------------------------------------
                  0.00    0.00    0.00   clock __VIRTUAL_CLK__ (rise edge)
                          0.00    0.00   clock network delay (ideal)
                          2.00    2.00 v input external delay
     1    0.01    0.01    0.01    2.01 v B[1] (in)
                                         B[1] (net)
                  0.01    0.00    2.01 v input10/A (sky130_fd_sc_hd__buf_6)
     4    0.02    0.02    0.07    2.08 v input10/X (sky130_fd_sc_hd__buf_6)
                                         net10 (net)
                  0.02    0.00    2.08 v _266_/A (sky130_fd_sc_hd__buf_6)
     7    0.03    0.03    0.09    2.17 v _266_/X (sky130_fd_sc_hd__buf_6)
                                         _196_ (net)
                  0.03    0.00    2.17 v rebuffer1/A (sky130_fd_sc_hd__clkbuf_2)
     4    0.02    0.05    0.10    2.27 v rebuffer1/X (sky130_fd_sc_hd__clkbuf_2)
                                         net28 (net)
                  0.05    0.00    2.27 v _267_/A (sky130_fd_sc_hd__buf_4)
    10    0.03    0.04    0.12    2.39 v _267_/X (sky130_fd_sc_hd__buf_4)
                                         _197_ (net)
                  0.04    0.00    2.39 v _277_/B (sky130_fd_sc_hd__and3_1)
     2    0.00    0.03    0.12    2.51 v _277_/X (sky130_fd_sc_hd__and3_1)
                                         _207_ (net)
                  0.03    0.00    2.51 v _279_/C (sky130_fd_sc_hd__or3_1)
     2    0.00    0.05    0.19    2.70 v _279_/X (sky130_fd_sc_hd__or3_1)
                                         _209_ (net)
                  0.05    0.00    2.70 v _280_/B_N (sky130_fd_sc_hd__or2b_1)
     1    0.00    0.04    0.12    2.81 ^ _280_/X (sky130_fd_sc_hd__or2b_1)
                                         _210_ (net)
                  0.04    0.00    2.81 ^ _281_/B (sky130_fd_sc_hd__xnor2_1)
     1    0.00    0.04    0.04    2.86 v _281_/Y (sky130_fd_sc_hd__xnor2_1)
                                         _211_ (net)
                  0.04    0.00    2.86 v _286_/A2 (sky130_fd_sc_hd__a211o_1)
     1    0.00    0.03    0.18    3.04 v _286_/X (sky130_fd_sc_hd__a211o_1)
                                         _216_ (net)
                  0.03    0.00    3.04 v _287_/B2 (sky130_fd_sc_hd__o2bb2a_1)
     1    0.01    0.05    0.19    3.23 v _287_/X (sky130_fd_sc_hd__o2bb2a_1)
                                         net21 (net)
                  0.05    0.00    3.23 v output21/A (sky130_fd_sc_hd__buf_2)
     1    0.03    0.06    0.13    3.36 v output21/X (sky130_fd_sc_hd__buf_2)
                                         out[1] (net)
                  0.06    0.00    3.36 v out[1] (out)
                                  3.36   data arrival time

                  0.00   10.00   10.00   clock __VIRTUAL_CLK__ (rise edge)
                          0.00   10.00   clock network delay (ideal)
                         -0.25    9.75   clock uncertainty
                          0.00    9.75   clock reconvergence pessimism
                         -2.00    7.75   output external delay
                                  7.75   data required time
-----------------------------------------------------------------------------
                                  7.75   data required time
                                 -3.36   data arrival time
-----------------------------------------------------------------------------
                                  4.39   slack (MET)


Startpoint: opcode[0] (input port clocked by __VIRTUAL_CLK__)
Endpoint: out[0] (output port clocked by __VIRTUAL_CLK__)
Path Group: __VIRTUAL_CLK__
Path Type: max
Corner: Fastest

Fanout     Cap    Slew   Delay    Time   Description
-----------------------------------------------------------------------------
                  0.00    0.00    0.00   clock __VIRTUAL_CLK__ (rise edge)
                          0.00    0.00   clock network delay (ideal)
                          2.00    2.00 v input external delay
     1    0.00    0.00    0.00    2.00 v opcode[0] (in)
                                         opcode[0] (net)
                  0.00    0.00    2.00 v input17/A (sky130_fd_sc_hd__buf_1)
     5    0.01    0.06    0.09    2.09 v input17/X (sky130_fd_sc_hd__buf_1)
                                         net17 (net)
                  0.06    0.00    2.09 v _249_/A (sky130_fd_sc_hd__or2_2)
     5    0.02    0.06    0.23    2.31 v _249_/X (sky130_fd_sc_hd__or2_2)
                                         _180_ (net)
                  0.06    0.00    2.31 v _258_/B (sky130_fd_sc_hd__nor2_2)
     8    0.03    0.26    0.23    2.54 ^ _258_/Y (sky130_fd_sc_hd__nor2_2)
                                         _189_ (net)
                  0.26    0.00    2.54 ^ _260_/A1 (sky130_fd_sc_hd__o211a_1)
     1    0.00    0.03    0.11    2.66 ^ _260_/X (sky130_fd_sc_hd__o211a_1)
                                         _191_ (net)
                  0.03    0.00    2.66 ^ _261_/B1 (sky130_fd_sc_hd__a31o_1)
     1    0.00    0.03    0.05    2.71 ^ _261_/X (sky130_fd_sc_hd__a31o_1)
                                         _192_ (net)
                  0.03    0.00    2.71 ^ _262_/B2 (sky130_fd_sc_hd__a2bb2o_1)
     1    0.01    0.05    0.09    2.80 ^ _262_/X (sky130_fd_sc_hd__a2bb2o_1)
                                         net20 (net)
                  0.05    0.00    2.80 ^ output20/A (sky130_fd_sc_hd__buf_2)
     1    0.03    0.13    0.15    2.95 ^ output20/X (sky130_fd_sc_hd__buf_2)
                                         out[0] (net)
                  0.13    0.00    2.95 ^ out[0] (out)
                                  2.95   data arrival time

                  0.00   10.00   10.00   clock __VIRTUAL_CLK__ (rise edge)
                          0.00   10.00   clock network delay (ideal)
                         -0.25    9.75   clock uncertainty
                          0.00    9.75   clock reconvergence pessimism
                         -2.00    7.75   output external delay
                                  7.75   data required time
-----------------------------------------------------------------------------
                                  7.75   data required time
                                 -2.95   data arrival time
-----------------------------------------------------------------------------
                                  4.80   slack (MET)



worst slack corner Fastest: 3.7851
======================= Slowest Corner ===================================

Startpoint: B[1] (input port clocked by __VIRTUAL_CLK__)
Endpoint: out[7] (output port clocked by __VIRTUAL_CLK__)
Path Group: __VIRTUAL_CLK__
Path Type: max
Corner: Slowest

Fanout     Cap    Slew   Delay    Time   Description
-----------------------------------------------------------------------------
                  0.00    0.00    0.00   clock __VIRTUAL_CLK__ (rise edge)
                          0.00    0.00   clock network delay (ideal)
                          2.00    2.00 v input external delay
     1    0.01    0.03    0.02    2.02 v B[1] (in)
                                         B[1] (net)
                  0.03    0.00    2.02 v input10/A (sky130_fd_sc_hd__buf_6)
     4    0.02    0.05    0.21    2.23 v input10/X (sky130_fd_sc_hd__buf_6)
                                         net10 (net)
                  0.05    0.00    2.23 v _266_/A (sky130_fd_sc_hd__buf_6)
     7    0.03    0.07    0.24    2.47 v _266_/X (sky130_fd_sc_hd__buf_6)
                                         _196_ (net)
                  0.07    0.00    2.47 v rebuffer1/A (sky130_fd_sc_hd__clkbuf_2)
     4    0.02    0.13    0.27    2.74 v rebuffer1/X (sky130_fd_sc_hd__clkbuf_2)
                                         net28 (net)
                  0.13    0.00    2.74 v _324_/A1 (sky130_fd_sc_hd__a22oi_2)
     3    0.01    0.27    0.35    3.09 ^ _324_/Y (sky130_fd_sc_hd__a22oi_2)
                                         _004_ (net)
                  0.27    0.00    3.09 ^ _351_/A2 (sky130_fd_sc_hd__o21bai_1)
     2    0.01    0.16    0.25    3.34 v _351_/Y (sky130_fd_sc_hd__o21bai_1)
                                         _030_ (net)
                  0.16    0.00    3.34 v _352_/C (sky130_fd_sc_hd__and3_1)
     2    0.00    0.09    0.44    3.78 v _352_/X (sky130_fd_sc_hd__and3_1)
                                         _031_ (net)
                  0.09    0.00    3.78 v _397_/B1 (sky130_fd_sc_hd__a21o_1)
     3    0.01    0.13    0.37    4.16 v _397_/X (sky130_fd_sc_hd__a21o_1)
                                         _075_ (net)
                  0.13    0.00    4.16 v _398_/A (sky130_fd_sc_hd__and3_1)
     2    0.01    0.10    0.37    4.52 v _398_/X (sky130_fd_sc_hd__and3_1)
                                         _076_ (net)
                  0.10    0.00    4.52 v _401_/C (sky130_fd_sc_hd__or3_4)
     4    0.01    0.14    0.74    5.26 v _401_/X (sky130_fd_sc_hd__or3_4)
                                         _079_ (net)
                  0.14    0.00    5.26 v _465_/A1 (sky130_fd_sc_hd__a211o_1)
     2    0.01    0.12    0.59    5.85 v _465_/X (sky130_fd_sc_hd__a211o_1)
                                         _141_ (net)
                  0.12    0.00    5.85 v _494_/C (sky130_fd_sc_hd__or3_4)
     2    0.00    0.12    0.70    6.55 v _494_/X (sky130_fd_sc_hd__or3_4)
                                         _170_ (net)
                  0.12    0.00    6.55 v _496_/A (sky130_fd_sc_hd__and3_1)
     1    0.00    0.07    0.33    6.88 v _496_/X (sky130_fd_sc_hd__and3_1)
                                         _172_ (net)
                  0.07    0.00    6.88 v _498_/A2 (sky130_fd_sc_hd__o21a_1)
     1    0.00    0.07    0.33    7.21 v _498_/X (sky130_fd_sc_hd__o21a_1)
                                         _174_ (net)
                  0.07    0.00    7.21 v _503_/A3 (sky130_fd_sc_hd__o32a_1)
     1    0.01    0.15    0.59    7.80 v _503_/X (sky130_fd_sc_hd__o32a_1)
                                         net27 (net)
                  0.15    0.00    7.80 v output27/A (sky130_fd_sc_hd__buf_6)
     1    0.03    0.08    0.30    8.10 v output27/X (sky130_fd_sc_hd__buf_6)
                                         out[7] (net)
                  0.08    0.00    8.10 v out[7] (out)
                                  8.10   data arrival time

                  0.00   10.00   10.00   clock __VIRTUAL_CLK__ (rise edge)
                          0.00   10.00   clock network delay (ideal)
                         -0.25    9.75   clock uncertainty
                          0.00    9.75   clock reconvergence pessimism
                         -2.00    7.75   output external delay
                                  7.75   data required time
-----------------------------------------------------------------------------
                                  7.75   data required time
                                 -8.10   data arrival time
-----------------------------------------------------------------------------
                                 -0.35   slack (VIOLATED)


Startpoint: B[4] (input port clocked by __VIRTUAL_CLK__)
Endpoint: out[6] (output port clocked by __VIRTUAL_CLK__)
Path Group: __VIRTUAL_CLK__
Path Type: max
Corner: Slowest

Fanout     Cap    Slew   Delay    Time   Description
-----------------------------------------------------------------------------
                  0.00    0.00    0.00   clock __VIRTUAL_CLK__ (rise edge)
                          0.00    0.00   clock network delay (ideal)
                          2.00    2.00 ^ input external delay
     1    0.00    0.03    0.02    2.02 ^ B[4] (in)
                                         B[4] (net)
                  0.03    0.00    2.02 ^ input13/A (sky130_fd_sc_hd__buf_1)
     5    0.02    0.30    0.31    2.33 ^ input13/X (sky130_fd_sc_hd__buf_1)
                                         net13 (net)
                  0.30    0.00    2.33 ^ _342_/A (sky130_fd_sc_hd__buf_2)
    10    0.04    0.28    0.47    2.81 ^ _342_/X (sky130_fd_sc_hd__buf_2)
                                         _021_ (net)
                  0.28    0.00    2.81 ^ _426_/B1 (sky130_fd_sc_hd__a22o_1)
     2    0.01    0.12    0.37    3.18 ^ _426_/X (sky130_fd_sc_hd__a22o_1)
                                         _103_ (net)
                  0.12    0.00    3.18 ^ _427_/B1_N (sky130_fd_sc_hd__a21bo_1)
     1    0.01    0.11    0.45    3.63 v _427_/X (sky130_fd_sc_hd__a21bo_1)
                                         _104_ (net)
                  0.11    0.00    3.63 v _428_/B (sky130_fd_sc_hd__xor2_2)
     2    0.01    0.33    0.36    3.99 ^ _428_/X (sky130_fd_sc_hd__xor2_2)
                                         _105_ (net)
                  0.33    0.00    3.99 ^ _430_/A (sky130_fd_sc_hd__nand3_1)
     3    0.01    0.25    0.34    4.33 v _430_/Y (sky130_fd_sc_hd__nand3_1)
                                         _107_ (net)
                  0.25    0.00    4.33 v _433_/A2 (sky130_fd_sc_hd__a21o_1)
     3    0.01    0.10    0.46    4.79 v _433_/X (sky130_fd_sc_hd__a21o_1)
                                         _110_ (net)
                  0.10    0.00    4.79 v _434_/C (sky130_fd_sc_hd__and3_1)
     3    0.01    0.13    0.46    5.25 v _434_/X (sky130_fd_sc_hd__and3_1)
                                         _111_ (net)
                  0.13    0.00    5.25 v _437_/A1 (sky130_fd_sc_hd__o211a_1)
     2    0.01    0.15    0.54    5.79 v _437_/X (sky130_fd_sc_hd__o211a_1)
                                         _114_ (net)
                  0.15    0.00    5.79 v _439_/B (sky130_fd_sc_hd__or2_1)
     1    0.00    0.10    0.53    6.32 v _439_/X (sky130_fd_sc_hd__or2_1)
                                         _116_ (net)
                  0.10    0.00    6.32 v _440_/A2 (sky130_fd_sc_hd__a21bo_1)
     1    0.00    0.05    0.35    6.67 v _440_/X (sky130_fd_sc_hd__a21bo_1)
                                         _117_ (net)
                  0.05    0.00    6.67 v _441_/B (sky130_fd_sc_hd__or2_1)
     1    0.01    0.12    0.51    7.18 v _441_/X (sky130_fd_sc_hd__or2_1)
                                         _118_ (net)
                  0.12    0.00    7.18 v _453_/B1 (sky130_fd_sc_hd__a22oi_1)
     1    0.00    0.27    0.28    7.47 ^ _453_/Y (sky130_fd_sc_hd__a22oi_1)
                                         net26 (net)
                  0.27    0.00    7.47 ^ output26/A (sky130_fd_sc_hd__buf_2)
     1    0.03    0.27    0.46    7.92 ^ output26/X (sky130_fd_sc_hd__buf_2)
                                         out[6] (net)
                  0.27    0.00    7.92 ^ out[6] (out)
                                  7.92   data arrival time

                  0.00   10.00   10.00   clock __VIRTUAL_CLK__ (rise edge)
                          0.00   10.00   clock network delay (ideal)
                         -0.25    9.75   clock uncertainty
                          0.00    9.75   clock reconvergence pessimism
                         -2.00    7.75   output external delay
                                  7.75   data required time
-----------------------------------------------------------------------------
                                  7.75   data required time
                                 -7.92   data arrival time
-----------------------------------------------------------------------------
                                 -0.17   slack (VIOLATED)


Startpoint: B[2] (input port clocked by __VIRTUAL_CLK__)
Endpoint: out[5] (output port clocked by __VIRTUAL_CLK__)
Path Group: __VIRTUAL_CLK__
Path Type: max
Corner: Slowest

Fanout     Cap    Slew   Delay    Time   Description
-----------------------------------------------------------------------------
                  0.00    0.00    0.00   clock __VIRTUAL_CLK__ (rise edge)
                          0.00    0.00   clock network delay (ideal)
                          2.00    2.00 ^ input external delay
     1    0.00    0.04    0.02    2.02 ^ B[2] (in)
                                         B[2] (net)
                  0.04    0.00    2.02 ^ input11/A (sky130_fd_sc_hd__clkbuf_2)
     5    0.02    0.18    0.27    2.29 ^ input11/X (sky130_fd_sc_hd__clkbuf_2)
                                         net11 (net)
                  0.18    0.00    2.29 ^ _289_/A (sky130_fd_sc_hd__buf_4)
    10    0.04    0.20    0.38    2.67 ^ _289_/X (sky130_fd_sc_hd__buf_4)
                                         _218_ (net)
                  0.20    0.00    2.67 ^ _322_/B (sky130_fd_sc_hd__nand2_1)
     3    0.01    0.15    0.21    2.88 v _322_/Y (sky130_fd_sc_hd__nand2_1)
                                         _002_ (net)
                  0.15    0.00    2.88 v _325_/A (sky130_fd_sc_hd__or3_1)
     2    0.01    0.16    0.95    3.84 v _325_/X (sky130_fd_sc_hd__or3_1)
                                         _005_ (net)
                  0.16    0.00    3.84 v _329_/A (sky130_fd_sc_hd__and3_1)
     2    0.00    0.09    0.37    4.21 v _329_/X (sky130_fd_sc_hd__and3_1)
                                         _009_ (net)
                  0.09    0.00    4.21 v _331_/A_N (sky130_fd_sc_hd__and2b_1)
     1    0.01    0.10    0.42    4.63 ^ _331_/X (sky130_fd_sc_hd__and2b_1)
                                         _011_ (net)
                  0.10    0.00    4.63 ^ _332_/B (sky130_fd_sc_hd__xnor2_1)
     2    0.01    0.28    0.25    4.88 ^ _332_/Y (sky130_fd_sc_hd__xnor2_1)
                                         _012_ (net)
                  0.28    0.00    4.88 ^ _333_/B (sky130_fd_sc_hd__nand2_1)
     3    0.01    0.15    0.25    5.13 v _333_/Y (sky130_fd_sc_hd__nand2_1)
                                         _013_ (net)
                  0.15    0.00    5.13 v _359_/A_N (sky130_fd_sc_hd__nand3b_2)
     4    0.02    0.30    0.65    5.78 v _359_/Y (sky130_fd_sc_hd__nand3b_2)
                                         _038_ (net)
                  0.30    0.00    5.78 v _403_/A2 (sky130_fd_sc_hd__a21o_1)
     2    0.01    0.09    0.46    6.24 v _403_/X (sky130_fd_sc_hd__a21o_1)
                                         _081_ (net)
                  0.09    0.00    6.24 v _408_/A2 (sky130_fd_sc_hd__a31o_1)
     1    0.01    0.09    0.42    6.66 v _408_/X (sky130_fd_sc_hd__a31o_1)
                                         _086_ (net)
                  0.09    0.00    6.66 v _409_/B1 (sky130_fd_sc_hd__a21oi_1)
     1    0.00    0.18    0.21    6.87 ^ _409_/Y (sky130_fd_sc_hd__a21oi_1)
                                         _087_ (net)
                  0.18    0.00    6.87 ^ _410_/B1 (sky130_fd_sc_hd__a21oi_1)
     1    0.00    0.14    0.14    7.01 v _410_/Y (sky130_fd_sc_hd__a21oi_1)
                                         net25 (net)
                  0.14    0.00    7.01 v output25/A (sky130_fd_sc_hd__buf_2)
     1    0.03    0.17    0.40    7.40 v output25/X (sky130_fd_sc_hd__buf_2)
                                         out[5] (net)
                  0.17    0.00    7.41 v out[5] (out)
                                  7.41   data arrival time

                  0.00   10.00   10.00   clock __VIRTUAL_CLK__ (rise edge)
                          0.00   10.00   clock network delay (ideal)
                         -0.25    9.75   clock uncertainty
                          0.00    9.75   clock reconvergence pessimism
                         -2.00    7.75   output external delay
                                  7.75   data required time
-----------------------------------------------------------------------------
                                  7.75   data required time
                                 -7.41   data arrival time
-----------------------------------------------------------------------------
                                  0.34   slack (MET)


Startpoint: B[1] (input port clocked by __VIRTUAL_CLK__)
Endpoint: out[4] (output port clocked by __VIRTUAL_CLK__)
Path Group: __VIRTUAL_CLK__
Path Type: max
Corner: Slowest

Fanout     Cap    Slew   Delay    Time   Description
-----------------------------------------------------------------------------
                  0.00    0.00    0.00   clock __VIRTUAL_CLK__ (rise edge)
                          0.00    0.00   clock network delay (ideal)
                          2.00    2.00 v input external delay
     1    0.01    0.03    0.02    2.02 v B[1] (in)
                                         B[1] (net)
                  0.03    0.00    2.02 v input10/A (sky130_fd_sc_hd__buf_6)
     4    0.02    0.05    0.21    2.23 v input10/X (sky130_fd_sc_hd__buf_6)
                                         net10 (net)
                  0.05    0.00    2.23 v _266_/A (sky130_fd_sc_hd__buf_6)
     7    0.03    0.07    0.24    2.47 v _266_/X (sky130_fd_sc_hd__buf_6)
                                         _196_ (net)
                  0.07    0.00    2.47 v rebuffer1/A (sky130_fd_sc_hd__clkbuf_2)
     4    0.02    0.13    0.27    2.74 v rebuffer1/X (sky130_fd_sc_hd__clkbuf_2)
                                         net28 (net)
                  0.13    0.00    2.74 v _267_/A (sky130_fd_sc_hd__buf_4)
    10    0.03    0.10    0.34    3.09 v _267_/X (sky130_fd_sc_hd__buf_4)
                                         _197_ (net)
                  0.10    0.00    3.09 v _277_/B (sky130_fd_sc_hd__and3_1)
     2    0.00    0.09    0.38    3.47 v _277_/X (sky130_fd_sc_hd__and3_1)
                                         _207_ (net)
                  0.09    0.00    3.47 v _279_/C (sky130_fd_sc_hd__or3_1)
     2    0.00    0.16    0.78    4.25 v _279_/X (sky130_fd_sc_hd__or3_1)
                                         _209_ (net)
                  0.16    0.00    4.25 v _301_/A2 (sky130_fd_sc_hd__a21o_1)
     3    0.01    0.11    0.42    4.67 v _301_/X (sky130_fd_sc_hd__a21o_1)
                                         _230_ (net)
                  0.11    0.00    4.67 v _312_/A2 (sky130_fd_sc_hd__a21o_1)
     3    0.01    0.11    0.40    5.07 v _312_/X (sky130_fd_sc_hd__a21o_1)
                                         _240_ (net)
                  0.11    0.00    5.07 v _366_/A1 (sky130_fd_sc_hd__a21bo_1)
     3    0.01    0.10    0.38    5.45 v _366_/X (sky130_fd_sc_hd__a21bo_1)
                                         _045_ (net)
                  0.10    0.00    5.45 v _368_/B (sky130_fd_sc_hd__or2_1)
     1    0.00    0.10    0.49    5.94 v _368_/X (sky130_fd_sc_hd__or2_1)
                                         _047_ (net)
                  0.10    0.00    5.94 v _372_/A3 (sky130_fd_sc_hd__a31o_1)
     1    0.00    0.06    0.41    6.35 v _372_/X (sky130_fd_sc_hd__a31o_1)
                                         _051_ (net)
                  0.06    0.00    6.35 v _373_/B2 (sky130_fd_sc_hd__o2bb2a_1)
     1    0.00    0.12    0.66    7.01 v _373_/X (sky130_fd_sc_hd__o2bb2a_1)
                                         net24 (net)
                  0.12    0.00    7.01 v output24/A (sky130_fd_sc_hd__buf_2)
     1    0.03    0.17    0.39    7.40 v output24/X (sky130_fd_sc_hd__buf_2)
                                         out[4] (net)
                  0.17    0.00    7.40 v out[4] (out)
                                  7.40   data arrival time

                  0.00   10.00   10.00   clock __VIRTUAL_CLK__ (rise edge)
                          0.00   10.00   clock network delay (ideal)
                         -0.25    9.75   clock uncertainty
                          0.00    9.75   clock reconvergence pessimism
                         -2.00    7.75   output external delay
                                  7.75   data required time
-----------------------------------------------------------------------------
                                  7.75   data required time
                                 -7.40   data arrival time
-----------------------------------------------------------------------------
                                  0.35   slack (MET)


Startpoint: B[2] (input port clocked by __VIRTUAL_CLK__)
Endpoint: out[3] (output port clocked by __VIRTUAL_CLK__)
Path Group: __VIRTUAL_CLK__
Path Type: max
Corner: Slowest

Fanout     Cap    Slew   Delay    Time   Description
-----------------------------------------------------------------------------
                  0.00    0.00    0.00   clock __VIRTUAL_CLK__ (rise edge)
                          0.00    0.00   clock network delay (ideal)
                          2.00    2.00 ^ input external delay
     1    0.00    0.04    0.02    2.02 ^ B[2] (in)
                                         B[2] (net)
                  0.04    0.00    2.02 ^ input11/A (sky130_fd_sc_hd__clkbuf_2)
     5    0.02    0.18    0.27    2.29 ^ input11/X (sky130_fd_sc_hd__clkbuf_2)
                                         net11 (net)
                  0.18    0.00    2.29 ^ _289_/A (sky130_fd_sc_hd__buf_4)
    10    0.04    0.20    0.38    2.67 ^ _289_/X (sky130_fd_sc_hd__buf_4)
                                         _218_ (net)
                  0.20    0.00    2.67 ^ _322_/B (sky130_fd_sc_hd__nand2_1)
     3    0.01    0.15    0.21    2.88 v _322_/Y (sky130_fd_sc_hd__nand2_1)
                                         _002_ (net)
                  0.15    0.00    2.88 v _325_/A (sky130_fd_sc_hd__or3_1)
     2    0.01    0.16    0.95    3.84 v _325_/X (sky130_fd_sc_hd__or3_1)
                                         _005_ (net)
                  0.16    0.00    3.84 v _330_/A1 (sky130_fd_sc_hd__a21o_1)
     2    0.00    0.08    0.36    4.20 v _330_/X (sky130_fd_sc_hd__a21o_1)
                                         _010_ (net)
                  0.08    0.00    4.20 v _331_/B (sky130_fd_sc_hd__and2b_1)
     1    0.01    0.09    0.36    4.56 v _331_/X (sky130_fd_sc_hd__and2b_1)
                                         _011_ (net)
                  0.09    0.00    4.56 v _332_/B (sky130_fd_sc_hd__xnor2_1)
     2    0.01    0.12    0.25    4.80 v _332_/Y (sky130_fd_sc_hd__xnor2_1)
                                         _012_ (net)
                  0.12    0.00    4.80 v _334_/B (sky130_fd_sc_hd__or2_1)
     1    0.00    0.10    0.51    5.32 v _334_/X (sky130_fd_sc_hd__or2_1)
                                         _014_ (net)
                  0.10    0.00    5.32 v _338_/A3 (sky130_fd_sc_hd__a31o_1)
     1    0.00    0.07    0.42    5.74 v _338_/X (sky130_fd_sc_hd__a31o_1)
                                         _018_ (net)
                  0.07    0.00    5.74 v _339_/B2 (sky130_fd_sc_hd__o2bb2a_1)
     1    0.01    0.14    0.69    6.43 v _339_/X (sky130_fd_sc_hd__o2bb2a_1)
                                         net23 (net)
                  0.14    0.00    6.43 v output23/A (sky130_fd_sc_hd__buf_2)
     1    0.03    0.17    0.40    6.83 v output23/X (sky130_fd_sc_hd__buf_2)
                                         out[3] (net)
                  0.17    0.00    6.83 v out[3] (out)
                                  6.83   data arrival time

                  0.00   10.00   10.00   clock __VIRTUAL_CLK__ (rise edge)
                          0.00   10.00   clock network delay (ideal)
                         -0.25    9.75   clock uncertainty
                          0.00    9.75   clock reconvergence pessimism
                         -2.00    7.75   output external delay
                                  7.75   data required time
-----------------------------------------------------------------------------
                                  7.75   data required time
                                 -6.83   data arrival time
-----------------------------------------------------------------------------
                                  0.92   slack (MET)


Startpoint: B[1] (input port clocked by __VIRTUAL_CLK__)
Endpoint: out[2] (output port clocked by __VIRTUAL_CLK__)
Path Group: __VIRTUAL_CLK__
Path Type: max
Corner: Slowest

Fanout     Cap    Slew   Delay    Time   Description
-----------------------------------------------------------------------------
                  0.00    0.00    0.00   clock __VIRTUAL_CLK__ (rise edge)
                          0.00    0.00   clock network delay (ideal)
                          2.00    2.00 v input external delay
     1    0.01    0.03    0.02    2.02 v B[1] (in)
                                         B[1] (net)
                  0.03    0.00    2.02 v input10/A (sky130_fd_sc_hd__buf_6)
     4    0.02    0.05    0.21    2.23 v input10/X (sky130_fd_sc_hd__buf_6)
                                         net10 (net)
                  0.05    0.00    2.23 v _266_/A (sky130_fd_sc_hd__buf_6)
     7    0.03    0.07    0.24    2.47 v _266_/X (sky130_fd_sc_hd__buf_6)
                                         _196_ (net)
                  0.07    0.00    2.47 v rebuffer1/A (sky130_fd_sc_hd__clkbuf_2)
     4    0.02    0.13    0.27    2.74 v rebuffer1/X (sky130_fd_sc_hd__clkbuf_2)
                                         net28 (net)
                  0.13    0.00    2.74 v _267_/A (sky130_fd_sc_hd__buf_4)
    10    0.03    0.10    0.34    3.09 v _267_/X (sky130_fd_sc_hd__buf_4)
                                         _197_ (net)
                  0.10    0.00    3.09 v _277_/B (sky130_fd_sc_hd__and3_1)
     2    0.00    0.09    0.38    3.47 v _277_/X (sky130_fd_sc_hd__and3_1)
                                         _207_ (net)
                  0.09    0.00    3.47 v _279_/C (sky130_fd_sc_hd__or3_1)
     2    0.00    0.16    0.78    4.25 v _279_/X (sky130_fd_sc_hd__or3_1)
                                         _209_ (net)
                  0.16    0.00    4.25 v _301_/A2 (sky130_fd_sc_hd__a21o_1)
     3    0.01    0.11    0.42    4.67 v _301_/X (sky130_fd_sc_hd__a21o_1)
                                         _230_ (net)
                  0.11    0.00    4.67 v _303_/A2 (sky130_fd_sc_hd__o21a_1)
     1    0.00    0.07    0.34    5.01 v _303_/X (sky130_fd_sc_hd__o21a_1)
                                         _232_ (net)
                  0.07    0.00    5.01 v _308_/A2 (sky130_fd_sc_hd__a211o_1)
     1    0.00    0.08    0.55    5.56 v _308_/X (sky130_fd_sc_hd__a211o_1)
                                         _237_ (net)
                  0.08    0.00    5.56 v _309_/B2 (sky130_fd_sc_hd__o2bb2a_1)
     1    0.00    0.11    0.65    6.21 v _309_/X (sky130_fd_sc_hd__o2bb2a_1)
                                         net22 (net)
                  0.11    0.00    6.21 v output22/A (sky130_fd_sc_hd__buf_2)
     1    0.03    0.16    0.38    6.59 v output22/X (sky130_fd_sc_hd__buf_2)
                                         out[2] (net)
                  0.16    0.00    6.59 v out[2] (out)
                                  6.59   data arrival time

                  0.00   10.00   10.00   clock __VIRTUAL_CLK__ (rise edge)
                          0.00   10.00   clock network delay (ideal)
                         -0.25    9.75   clock uncertainty
                          0.00    9.75   clock reconvergence pessimism
                         -2.00    7.75   output external delay
                                  7.75   data required time
-----------------------------------------------------------------------------
                                  7.75   data required time
                                 -6.59   data arrival time
-----------------------------------------------------------------------------
                                  1.16   slack (MET)


Startpoint: B[1] (input port clocked by __VIRTUAL_CLK__)
Endpoint: out[1] (output port clocked by __VIRTUAL_CLK__)
Path Group: __VIRTUAL_CLK__
Path Type: max
Corner: Slowest

Fanout     Cap    Slew   Delay    Time   Description
-----------------------------------------------------------------------------
                  0.00    0.00    0.00   clock __VIRTUAL_CLK__ (rise edge)
                          0.00    0.00   clock network delay (ideal)
                          2.00    2.00 v input external delay
     1    0.01    0.03    0.02    2.02 v B[1] (in)
                                         B[1] (net)
                  0.03    0.00    2.02 v input10/A (sky130_fd_sc_hd__buf_6)
     4    0.02    0.05    0.21    2.23 v input10/X (sky130_fd_sc_hd__buf_6)
                                         net10 (net)
                  0.05    0.00    2.23 v _266_/A (sky130_fd_sc_hd__buf_6)
     7    0.03    0.07    0.24    2.47 v _266_/X (sky130_fd_sc_hd__buf_6)
                                         _196_ (net)
                  0.07    0.00    2.47 v rebuffer1/A (sky130_fd_sc_hd__clkbuf_2)
     4    0.02    0.13    0.27    2.74 v rebuffer1/X (sky130_fd_sc_hd__clkbuf_2)
                                         net28 (net)
                  0.13    0.00    2.74 v _267_/A (sky130_fd_sc_hd__buf_4)
    10    0.03    0.10    0.34    3.09 v _267_/X (sky130_fd_sc_hd__buf_4)
                                         _197_ (net)
                  0.10    0.00    3.09 v _277_/B (sky130_fd_sc_hd__and3_1)
     2    0.00    0.09    0.38    3.47 v _277_/X (sky130_fd_sc_hd__and3_1)
                                         _207_ (net)
                  0.09    0.00    3.47 v _279_/C (sky130_fd_sc_hd__or3_1)
     2    0.00    0.16    0.78    4.25 v _279_/X (sky130_fd_sc_hd__or3_1)
                                         _209_ (net)
                  0.16    0.00    4.25 v _280_/B_N (sky130_fd_sc_hd__or2b_1)
     1    0.00    0.09    0.35    4.60 ^ _280_/X (sky130_fd_sc_hd__or2b_1)
                                         _210_ (net)
                  0.09    0.00    4.60 ^ _281_/B (sky130_fd_sc_hd__xnor2_1)
     1    0.00    0.12    0.15    4.76 v _281_/Y (sky130_fd_sc_hd__xnor2_1)
                                         _211_ (net)
                  0.12    0.00    4.76 v _286_/A2 (sky130_fd_sc_hd__a211o_1)
     1    0.00    0.08    0.57    5.32 v _286_/X (sky130_fd_sc_hd__a211o_1)
                                         _216_ (net)
                  0.08    0.00    5.32 v _287_/B2 (sky130_fd_sc_hd__o2bb2a_1)
     1    0.01    0.14    0.68    6.01 v _287_/X (sky130_fd_sc_hd__o2bb2a_1)
                                         net21 (net)
                  0.14    0.00    6.01 v output21/A (sky130_fd_sc_hd__buf_2)
     1    0.03    0.16    0.39    6.40 v output21/X (sky130_fd_sc_hd__buf_2)
                                         out[1] (net)
                  0.16    0.00    6.40 v out[1] (out)
                                  6.40   data arrival time

                  0.00   10.00   10.00   clock __VIRTUAL_CLK__ (rise edge)
                          0.00   10.00   clock network delay (ideal)
                         -0.25    9.75   clock uncertainty
                          0.00    9.75   clock reconvergence pessimism
                         -2.00    7.75   output external delay
                                  7.75   data required time
-----------------------------------------------------------------------------
                                  7.75   data required time
                                 -6.40   data arrival time
-----------------------------------------------------------------------------
                                  1.35   slack (MET)


Startpoint: opcode[0] (input port clocked by __VIRTUAL_CLK__)
Endpoint: out[0] (output port clocked by __VIRTUAL_CLK__)
Path Group: __VIRTUAL_CLK__
Path Type: max
Corner: Slowest

Fanout     Cap    Slew   Delay    Time   Description
-----------------------------------------------------------------------------
                  0.00    0.00    0.00   clock __VIRTUAL_CLK__ (rise edge)
                          0.00    0.00   clock network delay (ideal)
                          2.00    2.00 v input external delay
     1    0.00    0.02    0.01    2.01 v opcode[0] (in)
                                         opcode[0] (net)
                  0.02    0.00    2.01 v input17/A (sky130_fd_sc_hd__buf_1)
     5    0.01    0.17    0.24    2.25 v input17/X (sky130_fd_sc_hd__buf_1)
                                         net17 (net)
                  0.17    0.00    2.25 v _249_/A (sky130_fd_sc_hd__or2_2)
     5    0.02    0.19    0.85    3.11 v _249_/X (sky130_fd_sc_hd__or2_2)
                                         _180_ (net)
                  0.19    0.00    3.11 v _258_/B (sky130_fd_sc_hd__nor2_2)
     8    0.03    0.57    0.54    3.65 ^ _258_/Y (sky130_fd_sc_hd__nor2_2)
                                         _189_ (net)
                  0.57    0.00    3.65 ^ _260_/A1 (sky130_fd_sc_hd__o211a_1)
     1    0.00    0.08    0.50    4.16 ^ _260_/X (sky130_fd_sc_hd__o211a_1)
                                         _191_ (net)
                  0.08    0.00    4.16 ^ _261_/B1 (sky130_fd_sc_hd__a31o_1)
     1    0.00    0.07    0.16    4.32 ^ _261_/X (sky130_fd_sc_hd__a31o_1)
                                         _192_ (net)
                  0.07    0.00    4.32 ^ _262_/B2 (sky130_fd_sc_hd__a2bb2o_1)
     1    0.01    0.11    0.28    4.60 ^ _262_/X (sky130_fd_sc_hd__a2bb2o_1)
                                         net20 (net)
                  0.11    0.00    4.60 ^ output20/A (sky130_fd_sc_hd__buf_2)
     1    0.03    0.27    0.38    4.98 ^ output20/X (sky130_fd_sc_hd__buf_2)
                                         out[0] (net)
                  0.27    0.00    4.98 ^ out[0] (out)
                                  4.98   data arrival time

                  0.00   10.00   10.00   clock __VIRTUAL_CLK__ (rise edge)
                          0.00   10.00   clock network delay (ideal)
                         -0.25    9.75   clock uncertainty
                          0.00    9.75   clock reconvergence pessimism
                         -2.00    7.75   output external delay
                                  7.75   data required time
-----------------------------------------------------------------------------
                                  7.75   data required time
                                 -4.98   data arrival time
-----------------------------------------------------------------------------
                                  2.77   slack (MET)



worst slack corner Slowest: -0.3503
======================= Typical Corner ===================================

Startpoint: B[4] (input port clocked by __VIRTUAL_CLK__)
Endpoint: out[7] (output port clocked by __VIRTUAL_CLK__)
Path Group: __VIRTUAL_CLK__
Path Type: max
Corner: Typical

Fanout     Cap    Slew   Delay    Time   Description
-----------------------------------------------------------------------------
                  0.00    0.00    0.00   clock __VIRTUAL_CLK__ (rise edge)
                          0.00    0.00   clock network delay (ideal)
                          2.00    2.00 ^ input external delay
     1    0.00    0.02    0.01    2.01 ^ B[4] (in)
                                         B[4] (net)
                  0.02    0.00    2.01 ^ input13/A (sky130_fd_sc_hd__buf_1)
     5    0.02    0.19    0.18    2.20 ^ input13/X (sky130_fd_sc_hd__buf_1)
                                         net13 (net)
                  0.19    0.00    2.20 ^ _342_/A (sky130_fd_sc_hd__buf_2)
    10    0.04    0.18    0.26    2.46 ^ _342_/X (sky130_fd_sc_hd__buf_2)
                                         _021_ (net)
                  0.18    0.00    2.46 ^ _426_/B1 (sky130_fd_sc_hd__a22o_1)
     2    0.01    0.07    0.18    2.64 ^ _426_/X (sky130_fd_sc_hd__a22o_1)
                                         _103_ (net)
                  0.07    0.00    2.64 ^ _427_/B1_N (sky130_fd_sc_hd__a21bo_1)
     1    0.01    0.06    0.24    2.88 v _427_/X (sky130_fd_sc_hd__a21bo_1)
                                         _104_ (net)
                  0.06    0.00    2.88 v _428_/B (sky130_fd_sc_hd__xor2_2)
     2    0.01    0.21    0.22    3.09 ^ _428_/X (sky130_fd_sc_hd__xor2_2)
                                         _105_ (net)
                  0.21    0.00    3.09 ^ _430_/A (sky130_fd_sc_hd__nand3_1)
     3    0.01    0.11    0.15    3.24 v _430_/Y (sky130_fd_sc_hd__nand3_1)
                                         _107_ (net)
                  0.11    0.00    3.24 v _433_/A2 (sky130_fd_sc_hd__a21o_1)
     3    0.01    0.06    0.24    3.48 v _433_/X (sky130_fd_sc_hd__a21o_1)
                                         _110_ (net)
                  0.06    0.00    3.48 v _434_/C (sky130_fd_sc_hd__and3_1)
     3    0.01    0.07    0.22    3.70 v _434_/X (sky130_fd_sc_hd__and3_1)
                                         _111_ (net)
                  0.07    0.00    3.70 v _465_/B1 (sky130_fd_sc_hd__a211o_1)
     2    0.01    0.07    0.31    4.01 v _465_/X (sky130_fd_sc_hd__a211o_1)
                                         _141_ (net)
                  0.07    0.00    4.01 v _494_/C (sky130_fd_sc_hd__or3_4)
     2    0.00    0.07    0.35    4.36 v _494_/X (sky130_fd_sc_hd__or3_4)
                                         _170_ (net)
                  0.07    0.00    4.36 v _496_/A (sky130_fd_sc_hd__and3_1)
     1    0.00    0.04    0.15    4.52 v _496_/X (sky130_fd_sc_hd__and3_1)
                                         _172_ (net)
                  0.04    0.00    4.52 v _498_/A2 (sky130_fd_sc_hd__o21a_1)
     1    0.00    0.04    0.17    4.69 v _498_/X (sky130_fd_sc_hd__o21a_1)
                                         _174_ (net)
                  0.04    0.00    4.69 v _503_/A3 (sky130_fd_sc_hd__o32a_1)
     1    0.01    0.06    0.31    5.00 v _503_/X (sky130_fd_sc_hd__o32a_1)
                                         net27 (net)
                  0.06    0.00    5.00 v output27/A (sky130_fd_sc_hd__buf_6)
     1    0.03    0.04    0.15    5.15 v output27/X (sky130_fd_sc_hd__buf_6)
                                         out[7] (net)
                  0.04    0.00    5.15 v out[7] (out)
                                  5.15   data arrival time

                  0.00   10.00   10.00   clock __VIRTUAL_CLK__ (rise edge)
                          0.00   10.00   clock network delay (ideal)
                         -0.25    9.75   clock uncertainty
                          0.00    9.75   clock reconvergence pessimism
                         -2.00    7.75   output external delay
                                  7.75   data required time
-----------------------------------------------------------------------------
                                  7.75   data required time
                                 -5.15   data arrival time
-----------------------------------------------------------------------------
                                  2.60   slack (MET)


Startpoint: B[4] (input port clocked by __VIRTUAL_CLK__)
Endpoint: out[6] (output port clocked by __VIRTUAL_CLK__)
Path Group: __VIRTUAL_CLK__
Path Type: max
Corner: Typical

Fanout     Cap    Slew   Delay    Time   Description
-----------------------------------------------------------------------------
                  0.00    0.00    0.00   clock __VIRTUAL_CLK__ (rise edge)
                          0.00    0.00   clock network delay (ideal)
                          2.00    2.00 ^ input external delay
     1    0.00    0.02    0.01    2.01 ^ B[4] (in)
                                         B[4] (net)
                  0.02    0.00    2.01 ^ input13/A (sky130_fd_sc_hd__buf_1)
     5    0.02    0.19    0.18    2.20 ^ input13/X (sky130_fd_sc_hd__buf_1)
                                         net13 (net)
                  0.19    0.00    2.20 ^ _342_/A (sky130_fd_sc_hd__buf_2)
    10    0.04    0.18    0.26    2.46 ^ _342_/X (sky130_fd_sc_hd__buf_2)
                                         _021_ (net)
                  0.18    0.00    2.46 ^ _426_/B1 (sky130_fd_sc_hd__a22o_1)
     2    0.01    0.07    0.18    2.64 ^ _426_/X (sky130_fd_sc_hd__a22o_1)
                                         _103_ (net)
                  0.07    0.00    2.64 ^ _427_/B1_N (sky130_fd_sc_hd__a21bo_1)
     1    0.01    0.06    0.24    2.88 v _427_/X (sky130_fd_sc_hd__a21bo_1)
                                         _104_ (net)
                  0.06    0.00    2.88 v _428_/B (sky130_fd_sc_hd__xor2_2)
     2    0.01    0.21    0.22    3.09 ^ _428_/X (sky130_fd_sc_hd__xor2_2)
                                         _105_ (net)
                  0.21    0.00    3.09 ^ _430_/A (sky130_fd_sc_hd__nand3_1)
     3    0.01    0.11    0.15    3.24 v _430_/Y (sky130_fd_sc_hd__nand3_1)
                                         _107_ (net)
                  0.11    0.00    3.24 v _433_/A2 (sky130_fd_sc_hd__a21o_1)
     3    0.01    0.06    0.24    3.48 v _433_/X (sky130_fd_sc_hd__a21o_1)
                                         _110_ (net)
                  0.06    0.00    3.48 v _434_/C (sky130_fd_sc_hd__and3_1)
     3    0.01    0.07    0.22    3.70 v _434_/X (sky130_fd_sc_hd__and3_1)
                                         _111_ (net)
                  0.07    0.00    3.70 v _437_/A1 (sky130_fd_sc_hd__o211a_1)
     2    0.01    0.08    0.28    3.99 v _437_/X (sky130_fd_sc_hd__o211a_1)
                                         _114_ (net)
                  0.08    0.00    3.99 v _439_/B (sky130_fd_sc_hd__or2_1)
     1    0.00    0.05    0.23    4.22 v _439_/X (sky130_fd_sc_hd__or2_1)
                                         _116_ (net)
                  0.05    0.00    4.22 v _440_/A2 (sky130_fd_sc_hd__a21bo_1)
     1    0.00    0.03    0.19    4.41 v _440_/X (sky130_fd_sc_hd__a21bo_1)
                                         _117_ (net)
                  0.03    0.00    4.41 v _441_/B (sky130_fd_sc_hd__or2_1)
     1    0.01    0.06    0.23    4.63 v _441_/X (sky130_fd_sc_hd__or2_1)
                                         _118_ (net)
                  0.06    0.00    4.63 v _453_/B1 (sky130_fd_sc_hd__a22oi_1)
     1    0.00    0.17    0.16    4.80 ^ _453_/Y (sky130_fd_sc_hd__a22oi_1)
                                         net26 (net)
                  0.17    0.00    4.80 ^ output26/A (sky130_fd_sc_hd__buf_2)
     1    0.03    0.17    0.25    5.05 ^ output26/X (sky130_fd_sc_hd__buf_2)
                                         out[6] (net)
                  0.17    0.00    5.05 ^ out[6] (out)
                                  5.05   data arrival time

                  0.00   10.00   10.00   clock __VIRTUAL_CLK__ (rise edge)
                          0.00   10.00   clock network delay (ideal)
                         -0.25    9.75   clock uncertainty
                          0.00    9.75   clock reconvergence pessimism
                         -2.00    7.75   output external delay
                                  7.75   data required time
-----------------------------------------------------------------------------
                                  7.75   data required time
                                 -5.05   data arrival time
-----------------------------------------------------------------------------
                                  2.70   slack (MET)


Startpoint: B[1] (input port clocked by __VIRTUAL_CLK__)
Endpoint: out[5] (output port clocked by __VIRTUAL_CLK__)
Path Group: __VIRTUAL_CLK__
Path Type: max
Corner: Typical

Fanout     Cap    Slew   Delay    Time   Description
-----------------------------------------------------------------------------
                  0.00    0.00    0.00   clock __VIRTUAL_CLK__ (rise edge)
                          0.00    0.00   clock network delay (ideal)
                          2.00    2.00 v input external delay
     1    0.01    0.02    0.01    2.01 v B[1] (in)
                                         B[1] (net)
                  0.02    0.00    2.01 v input10/A (sky130_fd_sc_hd__buf_6)
     4    0.02    0.03    0.11    2.12 v input10/X (sky130_fd_sc_hd__buf_6)
                                         net10 (net)
                  0.03    0.00    2.12 v _266_/A (sky130_fd_sc_hd__buf_6)
     7    0.03    0.04    0.13    2.26 v _266_/X (sky130_fd_sc_hd__buf_6)
                                         _196_ (net)
                  0.04    0.00    2.26 v rebuffer1/A (sky130_fd_sc_hd__clkbuf_2)
     4    0.02    0.07    0.15    2.40 v rebuffer1/X (sky130_fd_sc_hd__clkbuf_2)
                                         net28 (net)
                  0.07    0.00    2.40 v _292_/A2 (sky130_fd_sc_hd__a22o_1)
     2    0.01    0.05    0.26    2.66 v _292_/X (sky130_fd_sc_hd__a22o_1)
                                         _221_ (net)
                  0.05    0.00    2.66 v _328_/A3 (sky130_fd_sc_hd__a31o_1)
     2    0.00    0.05    0.23    2.90 v _328_/X (sky130_fd_sc_hd__a31o_1)
                                         _008_ (net)
                  0.05    0.00    2.90 v _329_/C (sky130_fd_sc_hd__and3_1)
     2    0.00    0.04    0.19    3.09 v _329_/X (sky130_fd_sc_hd__and3_1)
                                         _009_ (net)
                  0.04    0.00    3.09 v _331_/A_N (sky130_fd_sc_hd__and2b_1)
     1    0.01    0.06    0.21    3.30 ^ _331_/X (sky130_fd_sc_hd__and2b_1)
                                         _011_ (net)
                  0.06    0.00    3.30 ^ _332_/B (sky130_fd_sc_hd__xnor2_1)
     2    0.01    0.17    0.14    3.44 ^ _332_/Y (sky130_fd_sc_hd__xnor2_1)
                                         _012_ (net)
                  0.17    0.00    3.44 ^ _333_/B (sky130_fd_sc_hd__nand2_1)
     3    0.01    0.07    0.11    3.55 v _333_/Y (sky130_fd_sc_hd__nand2_1)
                                         _013_ (net)
                  0.07    0.00    3.55 v _359_/A_N (sky130_fd_sc_hd__nand3b_2)
     4    0.02    0.14    0.29    3.84 v _359_/Y (sky130_fd_sc_hd__nand3b_2)
                                         _038_ (net)
                  0.14    0.00    3.84 v _403_/A2 (sky130_fd_sc_hd__a21o_1)
     2    0.01    0.05    0.24    4.08 v _403_/X (sky130_fd_sc_hd__a21o_1)
                                         _081_ (net)
                  0.05    0.00    4.08 v _408_/A2 (sky130_fd_sc_hd__a31o_1)
     1    0.01    0.05    0.23    4.31 v _408_/X (sky130_fd_sc_hd__a31o_1)
                                         _086_ (net)
                  0.05    0.00    4.31 v _409_/B1 (sky130_fd_sc_hd__a21oi_1)
     1    0.00    0.11    0.12    4.43 ^ _409_/Y (sky130_fd_sc_hd__a21oi_1)
                                         _087_ (net)
                  0.11    0.00    4.43 ^ _410_/B1 (sky130_fd_sc_hd__a21oi_1)
     1    0.00    0.07    0.07    4.49 v _410_/Y (sky130_fd_sc_hd__a21oi_1)
                                         net25 (net)
                  0.07    0.00    4.49 v output25/A (sky130_fd_sc_hd__buf_2)
     1    0.03    0.09    0.20    4.70 v output25/X (sky130_fd_sc_hd__buf_2)
                                         out[5] (net)
                  0.09    0.00    4.70 v out[5] (out)
                                  4.70   data arrival time

                  0.00   10.00   10.00   clock __VIRTUAL_CLK__ (rise edge)
                          0.00   10.00   clock network delay (ideal)
                         -0.25    9.75   clock uncertainty
                          0.00    9.75   clock reconvergence pessimism
                         -2.00    7.75   output external delay
                                  7.75   data required time
-----------------------------------------------------------------------------
                                  7.75   data required time
                                 -4.70   data arrival time
-----------------------------------------------------------------------------
                                  3.05   slack (MET)


Startpoint: B[1] (input port clocked by __VIRTUAL_CLK__)
Endpoint: out[4] (output port clocked by __VIRTUAL_CLK__)
Path Group: __VIRTUAL_CLK__
Path Type: max
Corner: Typical

Fanout     Cap    Slew   Delay    Time   Description
-----------------------------------------------------------------------------
                  0.00    0.00    0.00   clock __VIRTUAL_CLK__ (rise edge)
                          0.00    0.00   clock network delay (ideal)
                          2.00    2.00 v input external delay
     1    0.01    0.02    0.01    2.01 v B[1] (in)
                                         B[1] (net)
                  0.02    0.00    2.01 v input10/A (sky130_fd_sc_hd__buf_6)
     4    0.02    0.03    0.11    2.12 v input10/X (sky130_fd_sc_hd__buf_6)
                                         net10 (net)
                  0.03    0.00    2.12 v _266_/A (sky130_fd_sc_hd__buf_6)
     7    0.03    0.04    0.13    2.26 v _266_/X (sky130_fd_sc_hd__buf_6)
                                         _196_ (net)
                  0.04    0.00    2.26 v rebuffer1/A (sky130_fd_sc_hd__clkbuf_2)
     4    0.02    0.07    0.15    2.40 v rebuffer1/X (sky130_fd_sc_hd__clkbuf_2)
                                         net28 (net)
                  0.07    0.00    2.40 v _267_/A (sky130_fd_sc_hd__buf_4)
    10    0.03    0.05    0.19    2.59 v _267_/X (sky130_fd_sc_hd__buf_4)
                                         _197_ (net)
                  0.05    0.00    2.59 v _277_/B (sky130_fd_sc_hd__and3_1)
     2    0.00    0.04    0.18    2.77 v _277_/X (sky130_fd_sc_hd__and3_1)
                                         _207_ (net)
                  0.04    0.00    2.77 v _279_/C (sky130_fd_sc_hd__or3_1)
     2    0.00    0.07    0.33    3.10 v _279_/X (sky130_fd_sc_hd__or3_1)
                                         _209_ (net)
                  0.07    0.00    3.10 v _301_/A2 (sky130_fd_sc_hd__a21o_1)
     3    0.01    0.06    0.22    3.32 v _301_/X (sky130_fd_sc_hd__a21o_1)
                                         _230_ (net)
                  0.06    0.00    3.32 v _312_/A2 (sky130_fd_sc_hd__a21o_1)
     3    0.01    0.06    0.22    3.54 v _312_/X (sky130_fd_sc_hd__a21o_1)
                                         _240_ (net)
                  0.06    0.00    3.54 v _366_/A1 (sky130_fd_sc_hd__a21bo_1)
     3    0.01    0.05    0.20    3.74 v _366_/X (sky130_fd_sc_hd__a21bo_1)
                                         _045_ (net)
                  0.05    0.00    3.74 v _368_/B (sky130_fd_sc_hd__or2_1)
     1    0.00    0.05    0.21    3.95 v _368_/X (sky130_fd_sc_hd__or2_1)
                                         _047_ (net)
                  0.05    0.00    3.95 v _372_/A3 (sky130_fd_sc_hd__a31o_1)
     1    0.00    0.04    0.22    4.17 v _372_/X (sky130_fd_sc_hd__a31o_1)
                                         _051_ (net)
                  0.04    0.00    4.17 v _373_/B2 (sky130_fd_sc_hd__o2bb2a_1)
     1    0.00    0.06    0.30    4.47 v _373_/X (sky130_fd_sc_hd__o2bb2a_1)
                                         net24 (net)
                  0.06    0.00    4.47 v output24/A (sky130_fd_sc_hd__buf_2)
     1    0.03    0.09    0.20    4.66 v output24/X (sky130_fd_sc_hd__buf_2)
                                         out[4] (net)
                  0.09    0.00    4.66 v out[4] (out)
                                  4.66   data arrival time

                  0.00   10.00   10.00   clock __VIRTUAL_CLK__ (rise edge)
                          0.00   10.00   clock network delay (ideal)
                         -0.25    9.75   clock uncertainty
                          0.00    9.75   clock reconvergence pessimism
                         -2.00    7.75   output external delay
                                  7.75   data required time
-----------------------------------------------------------------------------
                                  7.75   data required time
                                 -4.66   data arrival time
-----------------------------------------------------------------------------
                                  3.09   slack (MET)


Startpoint: B[1] (input port clocked by __VIRTUAL_CLK__)
Endpoint: out[3] (output port clocked by __VIRTUAL_CLK__)
Path Group: __VIRTUAL_CLK__
Path Type: max
Corner: Typical

Fanout     Cap    Slew   Delay    Time   Description
-----------------------------------------------------------------------------
                  0.00    0.00    0.00   clock __VIRTUAL_CLK__ (rise edge)
                          0.00    0.00   clock network delay (ideal)
                          2.00    2.00 v input external delay
     1    0.01    0.02    0.01    2.01 v B[1] (in)
                                         B[1] (net)
                  0.02    0.00    2.01 v input10/A (sky130_fd_sc_hd__buf_6)
     4    0.02    0.03    0.11    2.12 v input10/X (sky130_fd_sc_hd__buf_6)
                                         net10 (net)
                  0.03    0.00    2.12 v _266_/A (sky130_fd_sc_hd__buf_6)
     7    0.03    0.04    0.13    2.26 v _266_/X (sky130_fd_sc_hd__buf_6)
                                         _196_ (net)
                  0.04    0.00    2.26 v rebuffer1/A (sky130_fd_sc_hd__clkbuf_2)
     4    0.02    0.07    0.15    2.40 v rebuffer1/X (sky130_fd_sc_hd__clkbuf_2)
                                         net28 (net)
                  0.07    0.00    2.40 v _267_/A (sky130_fd_sc_hd__buf_4)
    10    0.03    0.05    0.19    2.59 v _267_/X (sky130_fd_sc_hd__buf_4)
                                         _197_ (net)
                  0.05    0.00    2.59 v _277_/B (sky130_fd_sc_hd__and3_1)
     2    0.00    0.04    0.18    2.77 v _277_/X (sky130_fd_sc_hd__and3_1)
                                         _207_ (net)
                  0.04    0.00    2.77 v _279_/C (sky130_fd_sc_hd__or3_1)
     2    0.00    0.07    0.33    3.10 v _279_/X (sky130_fd_sc_hd__or3_1)
                                         _209_ (net)
                  0.07    0.00    3.10 v _301_/A2 (sky130_fd_sc_hd__a21o_1)
     3    0.01    0.06    0.22    3.32 v _301_/X (sky130_fd_sc_hd__a21o_1)
                                         _230_ (net)
                  0.06    0.00    3.32 v _312_/A2 (sky130_fd_sc_hd__a21o_1)
     3    0.01    0.06    0.22    3.54 v _312_/X (sky130_fd_sc_hd__a21o_1)
                                         _240_ (net)
                  0.06    0.00    3.54 v _319_/B1 (sky130_fd_sc_hd__a21o_1)
     1    0.00    0.03    0.16    3.70 v _319_/X (sky130_fd_sc_hd__a21o_1)
                                         _247_ (net)
                  0.03    0.00    3.70 v _320_/B (sky130_fd_sc_hd__and3b_1)
     1    0.00    0.04    0.16    3.86 v _320_/X (sky130_fd_sc_hd__and3b_1)
                                         _000_ (net)
                  0.04    0.00    3.86 v _339_/B1 (sky130_fd_sc_hd__o2bb2a_1)
     1    0.01    0.07    0.32    4.18 v _339_/X (sky130_fd_sc_hd__o2bb2a_1)
                                         net23 (net)
                  0.07    0.00    4.18 v output23/A (sky130_fd_sc_hd__buf_2)
     1    0.03    0.09    0.20    4.38 v output23/X (sky130_fd_sc_hd__buf_2)
                                         out[3] (net)
                  0.09    0.00    4.39 v out[3] (out)
                                  4.39   data arrival time

                  0.00   10.00   10.00   clock __VIRTUAL_CLK__ (rise edge)
                          0.00   10.00   clock network delay (ideal)
                         -0.25    9.75   clock uncertainty
                          0.00    9.75   clock reconvergence pessimism
                         -2.00    7.75   output external delay
                                  7.75   data required time
-----------------------------------------------------------------------------
                                  7.75   data required time
                                 -4.39   data arrival time
-----------------------------------------------------------------------------
                                  3.36   slack (MET)


Startpoint: B[1] (input port clocked by __VIRTUAL_CLK__)
Endpoint: out[2] (output port clocked by __VIRTUAL_CLK__)
Path Group: __VIRTUAL_CLK__
Path Type: max
Corner: Typical

Fanout     Cap    Slew   Delay    Time   Description
-----------------------------------------------------------------------------
                  0.00    0.00    0.00   clock __VIRTUAL_CLK__ (rise edge)
                          0.00    0.00   clock network delay (ideal)
                          2.00    2.00 v input external delay
     1    0.01    0.02    0.01    2.01 v B[1] (in)
                                         B[1] (net)
                  0.02    0.00    2.01 v input10/A (sky130_fd_sc_hd__buf_6)
     4    0.02    0.03    0.11    2.12 v input10/X (sky130_fd_sc_hd__buf_6)
                                         net10 (net)
                  0.03    0.00    2.12 v _266_/A (sky130_fd_sc_hd__buf_6)
     7    0.03    0.04    0.13    2.26 v _266_/X (sky130_fd_sc_hd__buf_6)
                                         _196_ (net)
                  0.04    0.00    2.26 v rebuffer1/A (sky130_fd_sc_hd__clkbuf_2)
     4    0.02    0.07    0.15    2.40 v rebuffer1/X (sky130_fd_sc_hd__clkbuf_2)
                                         net28 (net)
                  0.07    0.00    2.40 v _267_/A (sky130_fd_sc_hd__buf_4)
    10    0.03    0.05    0.19    2.59 v _267_/X (sky130_fd_sc_hd__buf_4)
                                         _197_ (net)
                  0.05    0.00    2.59 v _277_/B (sky130_fd_sc_hd__and3_1)
     2    0.00    0.04    0.18    2.77 v _277_/X (sky130_fd_sc_hd__and3_1)
                                         _207_ (net)
                  0.04    0.00    2.77 v _279_/C (sky130_fd_sc_hd__or3_1)
     2    0.00    0.07    0.33    3.10 v _279_/X (sky130_fd_sc_hd__or3_1)
                                         _209_ (net)
                  0.07    0.00    3.10 v _301_/A2 (sky130_fd_sc_hd__a21o_1)
     3    0.01    0.06    0.22    3.32 v _301_/X (sky130_fd_sc_hd__a21o_1)
                                         _230_ (net)
                  0.06    0.00    3.32 v _303_/A2 (sky130_fd_sc_hd__o21a_1)
     1    0.00    0.03    0.18    3.50 v _303_/X (sky130_fd_sc_hd__o21a_1)
                                         _232_ (net)
                  0.03    0.00    3.50 v _308_/A2 (sky130_fd_sc_hd__a211o_1)
     1    0.00    0.04    0.29    3.79 v _308_/X (sky130_fd_sc_hd__a211o_1)
                                         _237_ (net)
                  0.04    0.00    3.79 v _309_/B2 (sky130_fd_sc_hd__o2bb2a_1)
     1    0.00    0.06    0.29    4.08 v _309_/X (sky130_fd_sc_hd__o2bb2a_1)
                                         net22 (net)
                  0.06    0.00    4.08 v output22/A (sky130_fd_sc_hd__buf_2)
     1    0.03    0.09    0.19    4.27 v output22/X (sky130_fd_sc_hd__buf_2)
                                         out[2] (net)
                  0.09    0.00    4.27 v out[2] (out)
                                  4.27   data arrival time

                  0.00   10.00   10.00   clock __VIRTUAL_CLK__ (rise edge)
                          0.00   10.00   clock network delay (ideal)
                         -0.25    9.75   clock uncertainty
                          0.00    9.75   clock reconvergence pessimism
                         -2.00    7.75   output external delay
                                  7.75   data required time
-----------------------------------------------------------------------------
                                  7.75   data required time
                                 -4.27   data arrival time
-----------------------------------------------------------------------------
                                  3.48   slack (MET)


Startpoint: B[1] (input port clocked by __VIRTUAL_CLK__)
Endpoint: out[1] (output port clocked by __VIRTUAL_CLK__)
Path Group: __VIRTUAL_CLK__
Path Type: max
Corner: Typical

Fanout     Cap    Slew   Delay    Time   Description
-----------------------------------------------------------------------------
                  0.00    0.00    0.00   clock __VIRTUAL_CLK__ (rise edge)
                          0.00    0.00   clock network delay (ideal)
                          2.00    2.00 v input external delay
     1    0.01    0.02    0.01    2.01 v B[1] (in)
                                         B[1] (net)
                  0.02    0.00    2.01 v input10/A (sky130_fd_sc_hd__buf_6)
     4    0.02    0.03    0.11    2.12 v input10/X (sky130_fd_sc_hd__buf_6)
                                         net10 (net)
                  0.03    0.00    2.12 v _266_/A (sky130_fd_sc_hd__buf_6)
     7    0.03    0.04    0.13    2.26 v _266_/X (sky130_fd_sc_hd__buf_6)
                                         _196_ (net)
                  0.04    0.00    2.26 v rebuffer1/A (sky130_fd_sc_hd__clkbuf_2)
     4    0.02    0.07    0.15    2.40 v rebuffer1/X (sky130_fd_sc_hd__clkbuf_2)
                                         net28 (net)
                  0.07    0.00    2.40 v _267_/A (sky130_fd_sc_hd__buf_4)
    10    0.03    0.05    0.19    2.59 v _267_/X (sky130_fd_sc_hd__buf_4)
                                         _197_ (net)
                  0.05    0.00    2.59 v _277_/B (sky130_fd_sc_hd__and3_1)
     2    0.00    0.04    0.18    2.77 v _277_/X (sky130_fd_sc_hd__and3_1)
                                         _207_ (net)
                  0.04    0.00    2.77 v _279_/C (sky130_fd_sc_hd__or3_1)
     2    0.00    0.07    0.33    3.10 v _279_/X (sky130_fd_sc_hd__or3_1)
                                         _209_ (net)
                  0.07    0.00    3.10 v _280_/B_N (sky130_fd_sc_hd__or2b_1)
     1    0.00    0.05    0.18    3.28 ^ _280_/X (sky130_fd_sc_hd__or2b_1)
                                         _210_ (net)
                  0.05    0.00    3.28 ^ _281_/B (sky130_fd_sc_hd__xnor2_1)
     1    0.00    0.06    0.07    3.35 v _281_/Y (sky130_fd_sc_hd__xnor2_1)
                                         _211_ (net)
                  0.06    0.00    3.35 v _286_/A2 (sky130_fd_sc_hd__a211o_1)
     1    0.00    0.04    0.30    3.65 v _286_/X (sky130_fd_sc_hd__a211o_1)
                                         _216_ (net)
                  0.04    0.00    3.65 v _287_/B2 (sky130_fd_sc_hd__o2bb2a_1)
     1    0.01    0.07    0.31    3.96 v _287_/X (sky130_fd_sc_hd__o2bb2a_1)
                                         net21 (net)
                  0.07    0.00    3.96 v output21/A (sky130_fd_sc_hd__buf_2)
     1    0.03    0.09    0.20    4.16 v output21/X (sky130_fd_sc_hd__buf_2)
                                         out[1] (net)
                  0.09    0.00    4.16 v out[1] (out)
                                  4.16   data arrival time

                  0.00   10.00   10.00   clock __VIRTUAL_CLK__ (rise edge)
                          0.00   10.00   clock network delay (ideal)
                         -0.25    9.75   clock uncertainty
                          0.00    9.75   clock reconvergence pessimism
                         -2.00    7.75   output external delay
                                  7.75   data required time
-----------------------------------------------------------------------------
                                  7.75   data required time
                                 -4.16   data arrival time
-----------------------------------------------------------------------------
                                  3.59   slack (MET)


Startpoint: opcode[0] (input port clocked by __VIRTUAL_CLK__)
Endpoint: out[0] (output port clocked by __VIRTUAL_CLK__)
Path Group: __VIRTUAL_CLK__
Path Type: max
Corner: Typical

Fanout     Cap    Slew   Delay    Time   Description
-----------------------------------------------------------------------------
                  0.00    0.00    0.00   clock __VIRTUAL_CLK__ (rise edge)
                          0.00    0.00   clock network delay (ideal)
                          2.00    2.00 v input external delay
     1    0.00    0.01    0.00    2.00 v opcode[0] (in)
                                         opcode[0] (net)
                  0.01    0.00    2.00 v input17/A (sky130_fd_sc_hd__buf_1)
     5    0.01    0.09    0.13    2.13 v input17/X (sky130_fd_sc_hd__buf_1)
                                         net17 (net)
                  0.09    0.00    2.13 v _249_/A (sky130_fd_sc_hd__or2_2)
     5    0.02    0.09    0.38    2.51 v _249_/X (sky130_fd_sc_hd__or2_2)
                                         _180_ (net)
                  0.09    0.00    2.51 v _258_/B (sky130_fd_sc_hd__nor2_2)
     8    0.03    0.35    0.32    2.83 ^ _258_/Y (sky130_fd_sc_hd__nor2_2)
                                         _189_ (net)
                  0.35    0.00    2.83 ^ _260_/A1 (sky130_fd_sc_hd__o211a_1)
     1    0.00    0.05    0.22    3.05 ^ _260_/X (sky130_fd_sc_hd__o211a_1)
                                         _191_ (net)
                  0.05    0.00    3.05 ^ _261_/B1 (sky130_fd_sc_hd__a31o_1)
     1    0.00    0.04    0.09    3.13 ^ _261_/X (sky130_fd_sc_hd__a31o_1)
                                         _192_ (net)
                  0.04    0.00    3.13 ^ _262_/B2 (sky130_fd_sc_hd__a2bb2o_1)
     1    0.01    0.07    0.14    3.28 ^ _262_/X (sky130_fd_sc_hd__a2bb2o_1)
                                         net20 (net)
                  0.07    0.00    3.28 ^ output20/A (sky130_fd_sc_hd__buf_2)
     1    0.03    0.17    0.22    3.49 ^ output20/X (sky130_fd_sc_hd__buf_2)
                                         out[0] (net)
                  0.17    0.00    3.49 ^ out[0] (out)
                                  3.49   data arrival time

                  0.00   10.00   10.00   clock __VIRTUAL_CLK__ (rise edge)
                          0.00   10.00   clock network delay (ideal)
                         -0.25    9.75   clock uncertainty
                          0.00    9.75   clock reconvergence pessimism
                         -2.00    7.75   output external delay
                                  7.75   data required time
-----------------------------------------------------------------------------
                                  7.75   data required time
                                 -3.49   data arrival time
-----------------------------------------------------------------------------
                                  4.26   slack (MET)



worst slack corner Typical: 2.6022
