OpenROAD b16bda7e82721d10566ff7e2b68f1ff0be9f9e38 
Features included (+) or not (-): +Charts +GPU +GUI +Python
This program is licensed under the BSD-3 license. See the LICENSE file for details.
Components of this program may be licensed under more restrictive licenses which must be honored.
Top-level design name: TopModule
Block boundaries: 0 0 456785 467505
Horizontal Tracks Origin: 340, Count: 687, Step: 680
Vertical Tracks Origin: 230, Count: 993, Step: 460
Placement details for the #E side
Virtual pin count:  0
Actual pin count:  96
Total pin count:  96
Tracks count:  344
Tracks per pin:  3
Used tracks count:  286
Unused track count:  58
Starting track index:  29
Placement Map:
[340, 1700, 3060, 4420, 5780, 7140, 8500, 9860, 11220, 12580, 13940, 15300, 16660, 18020, 19380, 20740, 22100, 23460, 24820, 26180, 27540, 28900, 30260, 31620, 32980, 34340, 35700, 37060, 38420, [91m39780[0m, 41140, 42500, [91m43860[0m, 45220, 46580, [91m47940[0m, 49300, 50660, [91m52020[0m, 53380, 54740, [91m56100[0m, 57460, 58820, [91m60180[0m, 61540, 62900, [91m64260[0m, 65620, 66980, [91m68340[0m, 69700, 71060, [91m72420[0m, 73780, 75140, [91m76500[0m, 77860, 79220, [91m80580[0m, 81940, 83300, [91m84660[0m, 86020, 87380, [91m88740[0m, 90100, 91460, [91m92820[0m, 94180, 95540, [91m96900[0m, 98260, 99620, [91m100980[0m, 102340, 103700, [91m105060[0m, 106420, 107780, [91m109140[0m, 110500, 111860, [91m113220[0m, 114580, 115940, [91m117300[0m, 118660, 120020, [91m121380[0m, 122740, 124100, [91m125460[0m, 126820, 128180, [91m129540[0m, 130900, 132260, [91m133620[0m, 134980, 136340, [91m137700[0m, 139060, 140420, [91m141780[0m, 143140, 144500, [91m145860[0m, 147220, 148580, [91m149940[0m, 151300, 152660, [91m154020[0m, 155380, 156740, [91m158100[0m, 159460, 160820, [91m162180[0m, 163540, 164900, [91m166260[0m, 167620, 168980, [91m170340[0m, 171700, 173060, [91m174420[0m, 175780, 177140, [91m178500[0m, 179860, 181220, [91m182580[0m, 183940, 185300, [91m186660[0m, 188020, 189380, [91m190740[0m, 192100, 193460, [91m194820[0m, 196180, 197540, [91m198900[0m, 200260, 201620, [91m202980[0m, 204340, 205700, [91m207060[0m, 208420, 209780, [91m211140[0m, 212500, 213860, [91m215220[0m, 216580, 217940, [91m219300[0m, 220660, 222020, [91m223380[0m, 224740, 226100, [91m227460[0m, 228820, 230180, [91m231540[0m, 232900, 234260, [91m235620[0m, 236980, 238340, [91m239700[0m, 241060, 242420, [91m243780[0m, 245140, 246500, [91m247860[0m, 249220, 250580, [91m251940[0m, 253300, 254660, [91m256020[0m, 257380, 258740, [91m260100[0m, 261460, 262820, [91m264180[0m, 265540, 266900, [91m268260[0m, 269620, 270980, [91m272340[0m, 273700, 275060, [91m276420[0m, 277780, 279140, [91m280500[0m, 281860, 283220, [91m284580[0m, 285940, 287300, [91m288660[0m, 290020, 291380, [91m292740[0m, 294100, 295460, [91m296820[0m, 298180, 299540, [91m300900[0m, 302260, 303620, [91m304980[0m, 306340, 307700, [91m309060[0m, 310420, 311780, [91m313140[0m, 314500, 315860, [91m317220[0m, 318580, 319940, [91m321300[0m, 322660, 324020, [91m325380[0m, 326740, 328100, [91m329460[0m, 330820, 332180, [91m333540[0m, 334900, 336260, [91m337620[0m, 338980, 340340, [91m341700[0m, 343060, 344420, [91m345780[0m, 347140, 348500, [91m349860[0m, 351220, 352580, [91m353940[0m, 355300, 356660, [91m358020[0m, 359380, 360740, [91m362100[0m, 363460, 364820, [91m366180[0m, 367540, 368900, [91m370260[0m, 371620, 372980, [91m374340[0m, 375700, 377060, [91m378420[0m, 379780, 381140, [91m382500[0m, 383860, 385220, [91m386580[0m, 387940, 389300, [91m390660[0m, 392020, 393380, [91m394740[0m, 396100, 397460, [91m398820[0m, 400180, 401540, [91m402900[0m, 404260, 405620, [91m406980[0m, 408340, 409700, [91m411060[0m, 412420, 413780, [91m415140[0m, 416500, 417860, [91m419220[0m, 420580, 421940, [91m423300[0m, 424660, 426020, [91m427380[0m, 428740, 430100, 431460, 432820, 434180, 435540, 436900, 438260, 439620, 440980, 442340, 443700, 445060, 446420, 447780, 449140, 450500, 451860, 453220, 454580, 455940, 457300, 458660, 460020, 461380, 462740, 464100, 465460, 466820, ]
Indices of used tracks: [29, 32, 35, 38, 41, 44, 47, 50, 53, 56, 59, 62, 65, 68, 71, 74, 77, 80, 83, 86, 89, 92, 95, 98, 101, 104, 107, 110, 113, 116, 119, 122, 125, 128, 131, 134, 137, 140, 143, 146, 149, 152, 155, 158, 161, 164, 167, 170, 173, 176, 179, 182, 185, 188, 191, 194, 197, 200, 203, 206, 209, 212, 215, 218, 221, 224, 227, 230, 233, 236, 239, 242, 245, 248, 251, 254, 257, 260, 263, 266, 269, 272, 275, 278, 281, 284, 287, 290, 293, 296, 299, 302, 305, 308, 311, 314]
---
Placement details for the #W side
Virtual pin count:  0
Actual pin count:  115
Total pin count:  115
Tracks count:  344
Tracks per pin:  2
Used tracks count:  229
Unused track count:  115
Starting track index:  57
Placement Map:
[340, 1700, 3060, 4420, 5780, 7140, 8500, 9860, 11220, 12580, 13940, 15300, 16660, 18020, 19380, 20740, 22100, 23460, 24820, 26180, 27540, 28900, 30260, 31620, 32980, 34340, 35700, 37060, 38420, 39780, 41140, 42500, 43860, 45220, 46580, 47940, 49300, 50660, 52020, 53380, 54740, 56100, 57460, 58820, 60180, 61540, 62900, 64260, 65620, 66980, 68340, 69700, 71060, 72420, 73780, 75140, 76500, [91m77860[0m, 79220, [91m80580[0m, 81940, [91m83300[0m, 84660, [91m86020[0m, 87380, [91m88740[0m, 90100, [91m91460[0m, 92820, [91m94180[0m, 95540, [91m96900[0m, 98260, [91m99620[0m, 100980, [91m102340[0m, 103700, [91m105060[0m, 106420, [91m107780[0m, 109140, [91m110500[0m, 111860, [91m113220[0m, 114580, [91m115940[0m, 117300, [91m118660[0m, 120020, [91m121380[0m, 122740, [91m124100[0m, 125460, [91m126820[0m, 128180, [91m129540[0m, 130900, [91m132260[0m, 133620, [91m134980[0m, 136340, [91m137700[0m, 139060, [91m140420[0m, 141780, [91m143140[0m, 144500, [91m145860[0m, 147220, [91m148580[0m, 149940, [91m151300[0m, 152660, [91m154020[0m, 155380, [91m156740[0m, 158100, [91m159460[0m, 160820, [91m162180[0m, 163540, [91m164900[0m, 166260, [91m167620[0m, 168980, [91m170340[0m, 171700, [91m173060[0m, 174420, [91m175780[0m, 177140, [91m178500[0m, 179860, [91m181220[0m, 182580, [91m183940[0m, 185300, [91m186660[0m, 188020, [91m189380[0m, 190740, [91m192100[0m, 193460, [91m194820[0m, 196180, [91m197540[0m, 198900, [91m200260[0m, 201620, [91m202980[0m, 204340, [91m205700[0m, 207060, [91m208420[0m, 209780, [91m211140[0m, 212500, [91m213860[0m, 215220, [91m216580[0m, 217940, [91m219300[0m, 220660, [91m222020[0m, 223380, [91m224740[0m, 226100, [91m227460[0m, 228820, [91m230180[0m, 231540, [91m232900[0m, 234260, [91m235620[0m, 236980, [91m238340[0m, 239700, [91m241060[0m, 242420, [91m243780[0m, 245140, [91m246500[0m, 247860, [91m249220[0m, 250580, [91m251940[0m, 253300, [91m254660[0m, 256020, [91m257380[0m, 258740, [91m260100[0m, 261460, [91m262820[0m, 264180, [91m265540[0m, 266900, [91m268260[0m, 269620, [91m270980[0m, 272340, [91m273700[0m, 275060, [91m276420[0m, 277780, [91m279140[0m, 280500, [91m281860[0m, 283220, [91m284580[0m, 285940, [91m287300[0m, 288660, [91m290020[0m, 291380, [91m292740[0m, 294100, [91m295460[0m, 296820, [91m298180[0m, 299540, [91m300900[0m, 302260, [91m303620[0m, 304980, [91m306340[0m, 307700, [91m309060[0m, 310420, [91m311780[0m, 313140, [91m314500[0m, 315860, [91m317220[0m, 318580, [91m319940[0m, 321300, [91m322660[0m, 324020, [91m325380[0m, 326740, [91m328100[0m, 329460, [91m330820[0m, 332180, [91m333540[0m, 334900, [91m336260[0m, 337620, [91m338980[0m, 340340, [91m341700[0m, 343060, [91m344420[0m, 345780, [91m347140[0m, 348500, [91m349860[0m, 351220, [91m352580[0m, 353940, [91m355300[0m, 356660, [91m358020[0m, 359380, [91m360740[0m, 362100, [91m363460[0m, 364820, [91m366180[0m, 367540, [91m368900[0m, 370260, [91m371620[0m, 372980, [91m374340[0m, 375700, [91m377060[0m, 378420, [91m379780[0m, 381140, [91m382500[0m, 383860, [91m385220[0m, 386580, [91m387940[0m, 389300, 390660, 392020, 393380, 394740, 396100, 397460, 398820, 400180, 401540, 402900, 404260, 405620, 406980, 408340, 409700, 411060, 412420, 413780, 415140, 416500, 417860, 419220, 420580, 421940, 423300, 424660, 426020, 427380, 428740, 430100, 431460, 432820, 434180, 435540, 436900, 438260, 439620, 440980, 442340, 443700, 445060, 446420, 447780, 449140, 450500, 451860, 453220, 454580, 455940, 457300, 458660, 460020, 461380, 462740, 464100, 465460, 466820, ]
Indices of used tracks: [57, 59, 61, 63, 65, 67, 69, 71, 73, 75, 77, 79, 81, 83, 85, 87, 89, 91, 93, 95, 97, 99, 101, 103, 105, 107, 109, 111, 113, 115, 117, 119, 121, 123, 125, 127, 129, 131, 133, 135, 137, 139, 141, 143, 145, 147, 149, 151, 153, 155, 157, 159, 161, 163, 165, 167, 169, 171, 173, 175, 177, 179, 181, 183, 185, 187, 189, 191, 193, 195, 197, 199, 201, 203, 205, 207, 209, 211, 213, 215, 217, 219, 221, 223, 225, 227, 229, 231, 233, 235, 237, 239, 241, 243, 245, 247, 249, 251, 253, 255, 257, 259, 261, 263, 265, 267, 269, 271, 273, 275, 277, 279, 281, 283, 285]
---
